Marginal likelihood with initialization (1) = -0.4802205935
Marginal likelihood with initialization (2) = -0.4805945817
Marginal likelihood with initialization (3) = -0.5165403405
Marginal likelihood with initialization (4) = -0.5200874719
Marginal likelihood with initialization (5) = -0.5179221316
Iteration Marginal_Likelihood delta_Marginal_Likelihood Iteration_Time (secs)
0 -0.4802205935 -- 74687.535
10 -0.4800461831 0.0001744104 11.169
20 -0.4799963454 0.0000498377 18.665
30 -0.4799762360 0.0000201094 4119.692
40 -0.4799680527 0.0000081832 4231.755
50 -0.4799627169 0.0000053358 4330.335
60 -0.4799582585 0.0000044585 4331.491
70 -0.4799547071 0.0000035514 4159.965
80 -0.4799520772 0.0000026299 4100.431
90 -0.4799489081 0.0000031690 4099.072
100 -0.4799457842 0.0000031240 4099.004
110 -0.4799417420 0.0000040422 4099.278
120 -0.4799379425 0.0000037995 4099.496
130 -0.4799336293 0.0000043132 4099.476
140 -0.4799303303 0.0000032989 4100.368
150 -0.4799251314 0.0000051990 4127.518
160 -0.4799198477 0.0000052837 4133.864
170 -0.4799145345 0.0000053132 4096.994
180 -0.4799074706 0.0000070639 4095.875
190 -0.4798980493 0.0000094213 4094.962
200 -0.4798872067 0.0000108426 4094.691
210 -0.4798743413 0.0000128654 4102.418
220 -0.4798556590 0.0000186823 4099.902
230 -0.4798350142 0.0000206448 4100.970
240 -0.4798028982 0.0000321160 4099.534
250 -0.4797656409 0.0000372573 4099.541
260 -0.4797182925 0.0000473484 4095.453
270 -0.4796574627 0.0000608298 4094.061
280 -0.4795886387 0.0000688240 4094.358
290 -0.4795123984 0.0000762403 4093.619
300 -0.4794360835 0.0000763149 4093.854
310 -0.4793564126 0.0000796709 4095.827
320 -0.4792872174 0.0000691952 4095.256
330 -0.4792262405 0.0000609769 4094.896
340 -0.4791738331 0.0000524074 4098.744
350 -0.4791290340 0.0000447991 4089.551
360 -0.4790928785 0.0000361555 4089.036
370 -0.4790625252 0.0000303533 4088.760
380 -0.4790361268 0.0000263984 4088.477
390 -0.4790149249 0.0000212019 4087.783
400 -0.4789964095 0.0000185155 4086.219
410 -0.4789809120 0.0000154975 4085.792
420 -0.4789673693 0.0000135426 4084.340
430 -0.4789556596 0.0000117097 4082.969
440 -0.4789453936 0.0000102660 4082.972
450 -0.4789363921 0.0000090015 4082.879
460 -0.4789284731 0.0000079190 4082.595
470 -0.4789214345 0.0000070386 4089.981
480 -0.4789151480 0.0000062864 4087.740
490 -0.4789097393 0.0000054087 4087.732
500 -0.4789044501 0.0000052892 4088.099
510 -0.4788998108 0.0000046393 4088.724
520 -0.4788955471 0.0000042637 4089.002
530 -0.4788918036 0.0000037435 4087.001
540 -0.4788881678 0.0000036358 4084.339
550 -0.4788849219 0.0000032459 4083.231
560 -0.4788819263 0.0000029956 4083.199
570 -0.4788791556 0.0000027706 4082.851
580 -0.4788765919 0.0000025637 4083.006
590 -0.4788741970 0.0000023949 4083.286
600 -0.4788719718 0.0000022252 4113.909
610 -0.4788700487 0.0000019230 4176.466
620 -0.4788679494 0.0000020993 4207.570
630 -0.4788661069 0.0000018425 4156.160
640 -0.4788643886 0.0000017183 4097.691
650 -0.4788629324 0.0000014562 4148.654
660 -0.4788614245 0.0000015078 4105.177
670 -0.4788598283 0.0000015962 4065.025
680 -0.4788584368 0.0000013915 4006.602
690 -0.4788571437 0.0000012931 4006.574
700 -0.4788559437 0.0000011999 4006.781
710 -0.4788547501 0.0000011937 4006.744
720 -0.4788536412 0.0000011089 4006.939
730 -0.4788525844 0.0000010568 4007.076
740 -0.4788515773 0.0000010072 4007.048
750 -0.4788506161 0.0000009612 4006.490
Marginal Likelihood = -0.4788506161
Total time = 373865.0201 seconds
Total iterations = 750 
