Marginal likelihood with initialization (1) = -0.5276137047
Marginal likelihood with initialization (2) = -0.4889914237
Marginal likelihood with initialization (3) = -0.5297163630
Marginal likelihood with initialization (4) = -0.5286837814
Marginal likelihood with initialization (5) = -0.5343111966
Iteration Marginal_Likelihood delta_Marginal_Likelihood Iteration_Time (secs)
0 -0.4889914237 -- 8789.805
10 -0.4887747472 0.0002166765 8.739
20 -0.4886518744 0.0001228728 10.470
30 -0.4885738106 0.0000780638 10.868
40 -0.4884730074 0.0001008032 11.735
50 -0.4883905549 0.0000824525 12.776
60 -0.4883184653 0.0000720896 18.063
70 -0.4882439206 0.0000745446 3516.637
80 -0.4881943378 0.0000495828 3503.162
90 -0.4881513596 0.0000429782 3417.518
100 -0.4881093098 0.0000420498 3410.539
110 -0.4880612093 0.0000481004 3426.797
120 -0.4880057499 0.0000554594 3410.429
130 -0.4879367576 0.0000689923 3407.173
140 -0.4878508184 0.0000859392 3404.238
150 -0.4877476492 0.0001031693 3404.349
160 -0.4876299504 0.0001176988 3404.525
170 -0.4875089412 0.0001210091 3403.430
180 -0.4873942726 0.0001146687 3405.577
190 -0.4872923899 0.0001018827 3412.680
200 -0.4872078031 0.0000845867 3403.832
210 -0.4871393414 0.0000684618 3402.911
220 -0.4870830724 0.0000562690 3401.783
230 -0.4870377757 0.0000452967 3401.417
240 -0.4870051378 0.0000326380 3401.205
250 -0.4869721761 0.0000329617 3400.868
260 -0.4869473198 0.0000248563 3398.646
270 -0.4869264608 0.0000208590 3398.613
280 -0.4869094758 0.0000169850 3398.429
290 -0.4868941228 0.0000153529 3396.817
300 -0.4868815075 0.0000126153 3396.854
310 -0.4868705642 0.0000109433 3396.403
320 -0.4868609615 0.0000096027 3396.537
330 -0.4868522601 0.0000087013 3396.870
340 -0.4868447451 0.0000075151 3396.903
350 -0.4868381025 0.0000066426 3397.016
360 -0.4868321242 0.0000059782 3397.643
370 -0.4868264216 0.0000057026 3397.107
380 -0.4868215465 0.0000048752 3397.114
390 -0.4868171452 0.0000044013 3396.875
400 -0.4868131204 0.0000040248 3396.827
410 -0.4868094284 0.0000036920 3396.622
420 -0.4868056322 0.0000037962 3396.980
430 -0.4868025147 0.0000031175 3396.620
440 -0.4867996360 0.0000028786 3396.476
450 -0.4867969784 0.0000026577 3396.609
460 -0.4867944884 0.0000024900 3400.084
470 -0.4867921772 0.0000023112 3396.358
480 -0.4867902370 0.0000019402 3395.865
490 -0.4867880024 0.0000022346 3395.640
500 -0.4867860957 0.0000019067 3395.570
510 -0.4867843307 0.0000017650 3395.749
520 -0.4867826354 0.0000016953 3395.581
530 -0.4867810488 0.0000015866 3395.794
540 -0.4867795530 0.0000014958 3428.679
550 -0.4867781351 0.0000014179 3397.351
560 -0.4867767924 0.0000013427 3395.083
570 -0.4867755188 0.0000012736 3393.689
580 -0.4867743071 0.0000012118 3393.746
590 -0.4867731547 0.0000011523 3393.001
600 -0.4867720568 0.0000010979 3393.191
610 -0.4867710102 0.0000010466 3393.200
620 -0.4867700094 0.0000010008 3392.592
630 -0.4867690542 0.0000009552 3392.617
Marginal Likelihood = -0.4867690542
Total time = 202887.6730 seconds
Total iterations = 630 
