Marginal likelihood with initialization (1) = -0.6464028615
Marginal likelihood with initialization (2) = -0.6478218082
Marginal likelihood with initialization (3) = -0.6445534327
Marginal likelihood with initialization (4) = -0.6491706249
Marginal likelihood with initialization (5) = -0.5358438989
Iteration Marginal_Likelihood delta_Marginal_Likelihood Iteration_Time (secs)
0 -0.5358438989 -- 101.028
10 -0.5356492813 0.0001946176 3.579
20 -0.5356144228 0.0000348586 3.421
30 -0.5355664348 0.0000479880 3.400
40 -0.5354384971 0.0001279377 3.646
50 -0.5351185552 0.0003199419 3.667
60 -0.5345205102 0.0005980450 3.751
70 -0.5338756312 0.0006448790 3.570
80 -0.5334370283 0.0004386030 3.475
90 -0.5331682650 0.0002687632 3.425
100 -0.5329982326 0.0001700324 3.474
110 -0.5328850866 0.0001131460 3.379
120 -0.5328060743 0.0000790124 3.283
130 -0.5327485634 0.0000575109 3.238
140 -0.5327051938 0.0000433696 3.246
150 -0.5326715162 0.0000336776 3.232
160 -0.5326446986 0.0000268176 3.222
170 -0.5326228879 0.0000218107 3.240
180 -0.5326048317 0.0000180562 3.240
190 -0.5325896539 0.0000151778 3.252
200 -0.5325767198 0.0000129341 3.214
210 -0.5325655740 0.0000111458 3.243
220 -0.5325558703 0.0000097037 3.217
230 -0.5325473446 0.0000085257 3.394
240 -0.5325397950 0.0000075495 3.461
250 -0.5325330619 0.0000067332 3.586
260 -0.5325270185 0.0000060434 3.451
270 -0.5325215627 0.0000054558 3.378
280 -0.5325166116 0.0000049511 3.307
290 -0.5325120969 0.0000045146 3.271
300 -0.5325079626 0.0000041343 3.294
310 -0.5325041614 0.0000038012 3.271
320 -0.5325006536 0.0000035078 3.292
330 -0.5324974057 0.0000032479 3.412
340 -0.5324943890 0.0000030167 3.510
350 -0.5324915789 0.0000028101 3.459
360 -0.5324889541 0.0000026247 3.392
370 -0.5324864965 0.0000024577 3.404
380 -0.5324841899 0.0000023066 3.368
390 -0.5324820200 0.0000021699 3.375
400 -0.5324799749 0.0000020451 3.344
410 -0.5324780436 0.0000019314 3.381
420 -0.5324762163 0.0000018273 3.391
430 -0.5324744845 0.0000017317 3.373
440 -0.5324728407 0.0000016439 3.389
450 -0.5324712778 0.0000015629 3.325
460 -0.5324697898 0.0000014880 3.358
470 -0.5324683712 0.0000014186 3.322
480 -0.5324670169 0.0000013543 3.345
490 -0.5324657224 0.0000012945 3.290
500 -0.5324644837 0.0000012388 3.301
510 -0.5324632969 0.0000011868 3.404
520 -0.5324621587 0.0000011382 3.363
530 -0.5324610660 0.0000010927 3.343
540 -0.5324600159 0.0000010501 3.409
550 -0.5324590059 0.0000010100 3.389
560 -0.5324580335 0.0000009724 3.355
Marginal Likelihood = -0.5324580335
Total time = 290.3271 seconds
Total iterations = 560 
