Marginal likelihood with initialization (1) = -0.5847339047
Marginal likelihood with initialization (2) = -0.5779162572
Marginal likelihood with initialization (3) = -0.5798261659
Marginal likelihood with initialization (4) = -0.5138848870
Marginal likelihood with initialization (5) = -0.5829364405
Iteration Marginal_Likelihood delta_Marginal_Likelihood Iteration_Time (secs)
0 -0.5138848870 -- 196.150
10 -0.5137124117 0.0001724754 6.457
20 -0.5136893082 0.0000231035 6.719
30 -0.5136710969 0.0000182112 6.534
40 -0.5136499519 0.0000211450 6.477
50 -0.5136203297 0.0000296222 6.433
60 -0.5135741511 0.0000461786 6.525
70 -0.5134965901 0.0000775610 6.182
80 -0.5133619664 0.0001346237 6.061
90 -0.5131389286 0.0002230379 6.024
100 -0.5128189540 0.0003199746 6.024
110 -0.5124607284 0.0003582256 5.892
120 -0.5121497887 0.0003109397 5.756
130 -0.5119174851 0.0002323036 5.420
140 -0.5117524614 0.0001650237 5.250
150 -0.5116353139 0.0001171475 5.113
160 -0.5115506338 0.0000846801 4.869
170 -0.5114879686 0.0000626652 4.685
180 -0.5114404039 0.0000475647 4.660
190 -0.5114034363 0.0000369675 4.661
200 -0.5113740850 0.0000293514 4.673
210 -0.5113503330 0.0000237520 4.563
220 -0.5113307870 0.0000195459 4.567
230 -0.5113144633 0.0000163237 4.591
240 -0.5113006521 0.0000138112 4.618
250 -0.5112888319 0.0000118202 4.714
260 -0.5112786159 0.0000102160 4.510
270 -0.5112696987 0.0000089171 4.664
280 -0.5112618558 0.0000078429 4.691
290 -0.5112549058 0.0000069501 4.585
300 -0.5112487068 0.0000061989 4.662
310 -0.5112431455 0.0000055613 4.658
320 -0.5112381280 0.0000050175 4.720
330 -0.5112335798 0.0000045482 4.577
340 -0.5112294372 0.0000041426 4.492
350 -0.5112256499 0.0000037874 4.523
360 -0.5112221777 0.0000034721 4.620
370 -0.5112189725 0.0000032052 4.558
380 -0.5112160126 0.0000029599 4.690
390 -0.5112132682 0.0000027444 4.730
400 -0.5112107180 0.0000025502 4.635
410 -0.5112083400 0.0000023780 4.544
420 -0.5112061232 0.0000022168 4.536
430 -0.5112040383 0.0000020849 4.777
440 -0.5112020871 0.0000019512 4.548
450 -0.5112002541 0.0000018330 4.543
460 -0.5111985225 0.0000017316 4.412
470 -0.5111968884 0.0000016341 4.559
480 -0.5111953436 0.0000015448 4.457
490 -0.5111938806 0.0000014630 4.605
500 -0.5111924929 0.0000013877 4.632
510 -0.5111911747 0.0000013182 4.580
520 -0.5111899208 0.0000012539 4.565
530 -0.5111887264 0.0000011944 4.558
540 -0.5111875874 0.0000011390 4.533
550 -0.5111864998 0.0000010876 4.493
560 -0.5111854602 0.0000010396 4.597
570 -0.5111844654 0.0000009948 4.480
Marginal Likelihood = -0.5111844654
Total time = 480.6229 seconds
Total iterations = 570 
