Marginal likelihood with initialization (1) = -0.4730598148
Marginal likelihood with initialization (2) = -0.4736939642
Marginal likelihood with initialization (3) = -0.4724515916
Marginal likelihood with initialization (4) = -0.4728025057
Marginal likelihood with initialization (5) = -0.5013309256
Iteration Marginal_Likelihood delta_Marginal_Likelihood Iteration_Time (secs)
0 -0.4724515916 -- 89438.651
10 -0.4721688478 0.0002827438 11.299
20 -0.4720512755 0.0001175723 16.151
30 -0.4719949746 0.0000563008 20.776
40 -0.4719597588 0.0000352158 2718.791
50 -0.4719397453 0.0000200135 4780.695
60 -0.4719219730 0.0000177722 4780.862
70 -0.4719028154 0.0000191576 4780.983
80 -0.4718801852 0.0000226302 4780.019
90 -0.4718554684 0.0000247168 4781.805
100 -0.4718262653 0.0000292031 4778.145
110 -0.4717931095 0.0000331558 4779.728
120 -0.4717546942 0.0000384152 4777.474
130 -0.4717121994 0.0000424948 4774.898
140 -0.4716659388 0.0000462606 4774.657
150 -0.4716171614 0.0000487775 4773.903
160 -0.4715695775 0.0000475839 4775.513
170 -0.4715214455 0.0000481320 4776.310
180 -0.4714775192 0.0000439263 4775.620
190 -0.4714358251 0.0000416941 4774.102
200 -0.4714014192 0.0000344059 4773.195
210 -0.4713711570 0.0000302622 4772.305
220 -0.4713442751 0.0000268819 4771.189
230 -0.4713219664 0.0000223087 4770.759
240 -0.4713020521 0.0000199142 4770.703
250 -0.4712852678 0.0000167844 4770.446
260 -0.4712703028 0.0000149650 4770.295
270 -0.4712574123 0.0000128904 4789.988
280 -0.4712460890 0.0000113233 4768.120
290 -0.4712361231 0.0000099659 4767.880
300 -0.4712274267 0.0000086964 4768.191
310 -0.4712194423 0.0000079844 4767.398
320 -0.4712128746 0.0000065677 4765.784
330 -0.4712061195 0.0000067551 4765.355
340 -0.4712004461 0.0000056734 4765.517
350 -0.4711953122 0.0000051339 4765.489
360 -0.4711906428 0.0000046694 4765.934
370 -0.4711864319 0.0000042109 4765.192
380 -0.4711824920 0.0000039399 4765.348
390 -0.4711789158 0.0000035762 4765.441
400 -0.4711756263 0.0000032895 4765.365
410 -0.4711725963 0.0000030300 4746.674
420 -0.4711697851 0.0000028112 4675.689
430 -0.4711671811 0.0000026040 4675.608
440 -0.4711647591 0.0000024221 4675.982
450 -0.4711625019 0.0000022571 4675.948
460 -0.4711603940 0.0000021079 4676.067
470 -0.4711584212 0.0000019729 4676.316
480 -0.4711565713 0.0000018499 4676.267
490 -0.4711548331 0.0000017382 4676.400
500 -0.4711531979 0.0000016351 4676.590
510 -0.4711516558 0.0000015421 4676.113
520 -0.4711502004 0.0000014554 4676.034
530 -0.4711488242 0.0000013762 4676.024
540 -0.4711475205 0.0000013037 4676.176
550 -0.4711463197 0.0000012008 4675.962
560 -0.4711451179 0.0000012018 4676.283
570 -0.4711439970 0.0000011209 4674.181
580 -0.4711429344 0.0000010626 4674.198
590 -0.4711419228 0.0000010116 4674.526
600 -0.4711409580 0.0000009648 4674.433
Marginal Likelihood = -0.4711409580
Total time = 357606.3724 seconds
Total iterations = 600 
