Marginal likelihood with initialization (1) = nan
Marginal likelihood with initialization (2) = nan
Marginal likelihood with initialization (3) = nan
Marginal likelihood with initialization (4) = nan
Marginal likelihood with initialization (5) = -0.4543309008
Iteration Marginal_Likelihood delta_Marginal_Likelihood Iteration_Time (secs)
0 -0.4543309008 -- 20817.148
10 -0.4480944385 0.0062364623 5.045
20 -0.4463094884 0.0017849502 4.982
30 -0.4451705668 0.0011389215 4.973
40 -0.4443395227 0.0008310441 5.032
50 -0.4436964824 0.0006430404 5.074
60 -0.4431760646 0.0005204178 4.979
70 -0.4427425315 0.0004335331 4.808
80 -0.4423754379 0.0003670936 4.879
90 -0.4420585212 0.0003169167 4.908
100 -0.4417812341 0.0002772870 4.852
110 -0.4415359062 0.0002453279 4.653
120 -0.4413168083 0.0002190979 4.792
130 -0.4411193554 0.0001974529 4.746
140 -0.4409405398 0.0001788155 4.455
150 -0.4407774808 0.0001630590 4.791
160 -0.4406279870 0.0001494938 4.547
170 -0.4404902774 0.0001377096 4.357
180 -0.4403628844 0.0001273930 4.400
190 -0.4402445842 0.0001183001 4.413
200 -0.4401343470 0.0001102373 4.407
210 -0.4400312984 0.0001030486 4.360
220 -0.4399346907 0.0000966077 4.354
230 -0.4398438835 0.0000908072 4.635
240 -0.4397583148 0.0000855687 4.716
250 -0.4396775346 0.0000807802 4.658
260 -0.4396011023 0.0000764324 4.588
270 -0.4395285695 0.0000725327 4.336
280 -0.4394596280 0.0000689415 4.411
290 -0.4393939853 0.0000656427 4.339
300 -0.4393313117 0.0000626737 4.437
310 -0.4392716406 0.0000596711 4.485
320 -0.4392146092 0.0000570314 4.315
330 -0.4391600241 0.0000545851 4.812
340 -0.4391077131 0.0000523110 4.298
350 -0.4390575203 0.0000501928 4.495
360 -0.4390093040 0.0000482163 4.555
370 -0.4389629346 0.0000463694 4.584
380 -0.4389182928 0.0000446418 4.503
390 -0.4388752666 0.0000430262 4.480
400 -0.4388337373 0.0000415293 4.894
410 -0.4387935596 0.0000401777 4.664
420 -0.4387548656 0.0000386940 4.314
430 -0.4387173988 0.0000374668 4.289
440 -0.4386810785 0.0000363204 4.330
450 -0.4386459938 0.0000350847 4.341
460 -0.4386121043 0.0000338895 4.297
470 -0.4385792529 0.0000328514 4.285
480 -0.4385473696 0.0000318833 4.274
490 -0.4385164043 0.0000309653 4.744
500 -0.4384863770 0.0000300273 5.444
510 -0.4384570686 0.0000293084 4.511
520 -0.4384287424 0.0000283263 4.412
530 -0.4384011887 0.0000275537 4.435
540 -0.4383742800 0.0000269088 4.331
550 -0.4383482782 0.0000260018 4.374
560 -0.4383229673 0.0000253109 4.561
570 -0.4382982882 0.0000246791 4.590
580 -0.4382742189 0.0000240693 4.574
590 -0.4382509112 0.0000233078 4.383
600 -0.4382281925 0.0000227186 4.487
610 -0.4382060580 0.0000221345 4.387
620 -0.4381844692 0.0000215888 4.433
630 -0.4381634144 0.0000210548 4.393
640 -0.4381428580 0.0000205565 4.266
650 -0.4381227998 0.0000200581 4.379
660 -0.4381031754 0.0000196244 4.349
670 -0.4380841120 0.0000190634 4.323
680 -0.4380653605 0.0000187515 4.386
690 -0.4380468749 0.0000184856 4.453
700 -0.4380287992 0.0000180757 4.380
710 -0.4380111603 0.0000176389 4.495
720 -0.4379940157 0.0000171445 4.356
730 -0.4379773438 0.0000166720 4.329
740 -0.4379610976 0.0000162462 4.421
750 -0.4379450690 0.0000160286 4.480
760 -0.4379294448 0.0000156242 4.336
770 -0.4379141781 0.0000152667 4.451
780 -0.4378991595 0.0000150186 4.552
790 -0.4378845009 0.0000146586 4.457
800 -0.4378700915 0.0000144094 4.589
810 -0.4378559883 0.0000141031 4.462
820 -0.4378421624 0.0000138259 4.347
830 -0.4378285992 0.0000135632 4.561
840 -0.4378153248 0.0000132745 4.904
850 -0.4378022379 0.0000130869 4.714
860 -0.4377894520 0.0000127859 4.490
870 -0.4377768456 0.0000126064 4.433
880 -0.4377645331 0.0000123125 4.359
890 -0.4377523642 0.0000121689 4.601
900 -0.4377404493 0.0000119149 4.968
910 -0.4377287377 0.0000117116 4.757
920 -0.4377172339 0.0000115038 4.403
930 -0.4377059199 0.0000113140 4.765
940 -0.4376948028 0.0000111170 4.942
950 -0.4376838646 0.0000109382 4.530
960 -0.4376731328 0.0000107318 4.247
970 -0.4376625308 0.0000106021 4.252
980 -0.4376521219 0.0000104088 4.379
990 -0.4376418794 0.0000102425 4.342
1000 -0.4376318014 0.0000100781 4.220
1010 -0.4376218745 0.0000099268 4.428
1020 -0.4376121078 0.0000097667 4.838
1030 -0.4376024833 0.0000096244 4.444
1040 -0.4375930125 0.0000094708 4.612
1050 -0.4375836746 0.0000093379 4.949
1060 -0.4375744799 0.0000091947 4.617
1070 -0.4375654218 0.0000090582 4.338
1080 -0.4375564921 0.0000089297 4.339
1090 -0.4375476927 0.0000087994 4.400
1100 -0.4375390204 0.0000086723 4.335
1110 -0.4375304674 0.0000085531 4.352
1120 -0.4375220357 0.0000084317 4.184
1130 -0.4375137214 0.0000083143 4.175
1140 -0.4375055201 0.0000082013 4.198
1150 -0.4374974310 0.0000080891 4.227
1160 -0.4374894510 0.0000079800 4.151
1170 -0.4374815780 0.0000078730 4.177
1180 -0.4374738084 0.0000077696 4.345
1190 -0.4374661414 0.0000076670 4.325
1200 -0.4374585734 0.0000075680 4.488
1210 -0.4374511035 0.0000074699 4.385
1220 -0.4374437311 0.0000073725 4.385
1230 -0.4374364477 0.0000072833 4.394
1240 -0.4374292582 0.0000071895 4.154
1250 -0.4374221599 0.0000070983 4.185
1260 -0.4374151456 0.0000070144 4.145
1270 -0.4374082191 0.0000069265 4.138
1280 -0.4374013775 0.0000068415 4.132
1290 -0.4373946165 0.0000067610 4.161
1300 -0.4373879374 0.0000066791 4.168
1310 -0.4373813389 0.0000065985 4.163
1320 -0.4373748147 0.0000065242 4.138
1330 -0.4373683683 0.0000064464 4.148
1340 -0.4373619973 0.0000063710 4.148
1350 -0.4373556976 0.0000062997 4.167
1360 -0.4373494706 0.0000062270 4.147
1370 -0.4373433140 0.0000061566 4.161
1380 -0.4373372267 0.0000060873 4.193
1390 -0.4373312065 0.0000060201 4.230
1400 -0.4373252536 0.0000059529 4.168
1410 -0.4373193651 0.0000058885 4.165
1420 -0.4373135428 0.0000058223 4.176
1430 -0.4373077800 0.0000057628 4.116
1440 -0.4373020852 0.0000056948 4.167
1450 -0.4372964419 0.0000056433 4.147
1460 -0.4372908639 0.0000055780 4.097
1470 -0.4372853423 0.0000055217 4.133
1480 -0.4372798828 0.0000054594 4.160
1490 -0.4372744723 0.0000054105 4.156
1500 -0.4372691258 0.0000053465 4.175
1510 -0.4372638246 0.0000053013 4.164
1520 -0.4372585856 0.0000052390 4.155
1530 -0.4372533913 0.0000051943 4.157
1540 -0.4372482540 0.0000051373 4.158
1550 -0.4372431663 0.0000050877 4.166
1560 -0.4372381280 0.0000050383 4.200
1570 -0.4372331409 0.0000049871 4.152
1580 -0.4372282003 0.0000049405 4.188
1590 -0.4372233087 0.0000048916 4.132
1600 -0.4372184633 0.0000048454 4.174
1610 -0.4372136644 0.0000047989 4.128
1620 -0.4372089117 0.0000047527 4.135
1630 -0.4372042021 0.0000047096 4.162
1640 -0.4371995373 0.0000046648 4.158
1650 -0.4371949158 0.0000046215 4.194
1660 -0.4371903373 0.0000045785 4.174
1670 -0.4371858000 0.0000045373 4.119
1680 -0.4371813043 0.0000044956 4.156
1690 -0.4371768494 0.0000044549 4.132
1700 -0.4371724345 0.0000044149 4.181
1710 -0.4371680591 0.0000043754 4.143
1720 -0.4371637225 0.0000043366 4.195
1730 -0.4371594265 0.0000042960 4.156
1740 -0.4371551641 0.0000042624 4.162
1750 -0.4371509403 0.0000042238 4.178
1760 -0.4371467535 0.0000041868 4.111
1770 -0.4371426028 0.0000041507 4.078
1780 -0.4371384886 0.0000041141 4.152
1790 -0.4371344074 0.0000040812 4.161
1800 -0.4371303618 0.0000040456 4.161
1810 -0.4371263502 0.0000040116 4.180
1820 -0.4371223719 0.0000039783 4.159
1830 -0.4371184249 0.0000039470 4.165
1840 -0.4371145123 0.0000039126 4.174
1850 -0.4371106319 0.0000038804 4.175
1860 -0.4371067836 0.0000038483 4.110
1870 -0.4371029658 0.0000038177 4.200
1880 -0.4370991793 0.0000037865 4.168
1890 -0.4370954233 0.0000037560 4.132
1900 -0.4370916976 0.0000037257 4.202
1910 -0.4370880009 0.0000036967 4.152
1920 -0.4370843337 0.0000036672 4.141
1930 -0.4370806954 0.0000036383 4.131
1940 -0.4370770858 0.0000036097 4.161
1950 -0.4370735038 0.0000035820 4.148
1960 -0.4370699497 0.0000035541 4.192
1970 -0.4370664230 0.0000035267 4.164
1980 -0.4370629235 0.0000034996 4.174
1990 -0.4370594502 0.0000034732 4.180
2000 -0.4370560035 0.0000034468 4.185
2010 -0.4370525827 0.0000034208 4.188
2020 -0.4370491877 0.0000033949 4.151
2030 -0.4370458177 0.0000033701 4.143
2040 -0.4370424728 0.0000033448 4.132
2050 -0.4370391527 0.0000033201 4.187
2060 -0.4370358570 0.0000032957 4.091
2070 -0.4370325851 0.0000032719 4.123
2080 -0.4370293387 0.0000032465 4.172
2090 -0.4370261128 0.0000032259 4.146
2100 -0.4370229139 0.0000031989 4.155
2110 -0.4370197331 0.0000031808 4.130
2120 -0.4370165776 0.0000031556 4.159
2130 -0.4370134442 0.0000031333 4.182
2140 -0.4370103328 0.0000031114 4.125
2150 -0.4370072436 0.0000030893 4.139
2160 -0.4370041756 0.0000030679 4.194
2170 -0.4370011292 0.0000030464 4.167
2180 -0.4369981036 0.0000030256 4.177
2190 -0.4369950990 0.0000030046 4.171
2200 -0.4369921153 0.0000029837 4.166
2210 -0.4369891513 0.0000029640 4.125
2220 -0.4369862075 0.0000029438 4.160
2230 -0.4369832839 0.0000029235 4.157
2240 -0.4369803796 0.0000029043 4.170
2250 -0.4369774953 0.0000028843 4.148
2260 -0.4369746296 0.0000028657 4.138
2270 -0.4369717830 0.0000028466 4.145
2280 -0.4369689557 0.0000028273 4.152
2290 -0.4369661463 0.0000028093 4.131
2300 -0.4369633553 0.0000027910 4.192
2310 -0.4369605836 0.0000027717 4.150
2320 -0.4369578282 0.0000027554 4.130
2330 -0.4369550910 0.0000027372 4.157
2340 -0.4369523723 0.0000027187 4.163
2350 -0.4369496699 0.0000027025 4.234
2360 -0.4369469848 0.0000026851 4.102
2370 -0.4369443173 0.0000026675 4.137
2380 -0.4369416659 0.0000026513 4.165
2390 -0.4369390324 0.0000026335 4.169
2400 -0.4369364140 0.0000026183 4.137
2410 -0.4369338120 0.0000026021 4.176
2420 -0.4369312265 0.0000025855 4.168
2430 -0.4369286573 0.0000025692 4.158
2440 -0.4369261030 0.0000025543 4.175
2450 -0.4369235648 0.0000025382 4.143
2460 -0.4369210420 0.0000025228 4.160
2470 -0.4369185345 0.0000025075 4.228
2480 -0.4369160440 0.0000024905 4.147
2490 -0.4369135663 0.0000024777 4.182
2500 -0.4369111022 0.0000024642 4.147
2510 -0.4369086543 0.0000024479 4.136
2520 -0.4369062209 0.0000024334 4.130
2530 -0.4369038018 0.0000024191 4.127
2540 -0.4369013970 0.0000024048 4.172
2550 -0.4368990071 0.0000023899 4.188
2560 -0.4368966311 0.0000023760 4.153
2570 -0.4368942663 0.0000023648 4.127
2580 -0.4368919169 0.0000023494 4.176
2590 -0.4368895810 0.0000023359 4.190
2600 -0.4368872586 0.0000023225 4.144
2610 -0.4368849492 0.0000023094 4.180
2620 -0.4368826530 0.0000022962 4.139
2630 -0.4368803698 0.0000022832 4.192
2640 -0.4368780993 0.0000022705 4.201
2650 -0.4368758407 0.0000022586 4.137
2660 -0.4368735971 0.0000022436 4.147
2670 -0.4368713650 0.0000022321 4.084
2680 -0.4368691515 0.0000022135 4.137
2690 -0.4368669390 0.0000022125 4.133
2700 -0.4368646883 0.0000022507 4.205
2710 -0.4368623591 0.0000023292 4.178
2720 -0.4368601878 0.0000021712 4.167
2730 -0.4368580285 0.0000021594 4.176
2740 -0.4368558808 0.0000021476 4.177
2750 -0.4368537449 0.0000021360 4.142
2760 -0.4368516204 0.0000021245 4.173
2770 -0.4368495073 0.0000021130 4.145
2780 -0.4368474058 0.0000021015 4.148
2790 -0.4368453149 0.0000020909 4.156
2800 -0.4368429998 0.0000023151 4.170
2810 -0.4368409313 0.0000020685 4.151
2820 -0.4368388736 0.0000020577 4.105
2830 -0.4368368278 0.0000020458 4.161
2840 -0.4368347903 0.0000020375 4.175
2850 -0.4368327647 0.0000020256 4.141
2860 -0.4368307496 0.0000020151 4.169
2870 -0.4368287449 0.0000020047 4.104
2880 -0.4368267506 0.0000019944 4.196
2890 -0.4368247664 0.0000019842 4.161
2900 -0.4368227924 0.0000019740 4.211
2910 -0.4368208283 0.0000019641 4.148
2920 -0.4368188742 0.0000019541 4.177
2930 -0.4368169299 0.0000019443 4.173
2940 -0.4368149953 0.0000019346 4.181
2950 -0.4368130703 0.0000019250 4.187
2960 -0.4368111547 0.0000019156 4.156
2970 -0.4368092486 0.0000019061 4.159
2980 -0.4368073517 0.0000018969 4.215
2990 -0.4368054645 0.0000018872 4.172
3000 -0.4368035839 0.0000018805 4.168
3010 -0.4368017116 0.0000018724 4.175
3020 -0.4367998458 0.0000018658 4.154
3030 -0.4367979770 0.0000018688 4.173
3040 -0.4367960244 0.0000019526 4.177
3050 -0.4367941431 0.0000018813 4.174
3060 -0.4367923204 0.0000018228 4.182
3070 -0.4367905064 0.0000018140 4.193
3080 -0.4367887011 0.0000018053 4.186
3090 -0.4367869045 0.0000017966 4.167
3100 -0.4367851164 0.0000017880 4.160
3110 -0.4367833369 0.0000017795 4.120
3120 -0.4367815658 0.0000017711 4.201
3130 -0.4367798031 0.0000017627 4.156
3140 -0.4367780487 0.0000017544 4.168
3150 -0.4367763025 0.0000017462 4.171
3160 -0.4367745645 0.0000017380 4.200
3170 -0.4367728346 0.0000017299 4.182
3180 -0.4367711127 0.0000017219 4.153
3190 -0.4367693988 0.0000017139 4.200
3200 -0.4367676929 0.0000017060 4.183
3210 -0.4367659947 0.0000016981 4.168
3220 -0.4367643044 0.0000016903 4.159
3230 -0.4367626218 0.0000016826 4.170
3240 -0.4367609469 0.0000016749 4.170
3250 -0.4367592795 0.0000016673 4.088
3260 -0.4367576197 0.0000016598 4.133
3270 -0.4367559675 0.0000016523 4.185
3280 -0.4367543226 0.0000016449 4.170
3290 -0.4367526851 0.0000016375 4.169
3300 -0.4367510550 0.0000016302 4.168
3310 -0.4367494321 0.0000016229 4.198
3320 -0.4367478164 0.0000016157 4.204
3330 -0.4367462079 0.0000016085 4.154
3340 -0.4367446064 0.0000016014 4.262
3350 -0.4367430120 0.0000015944 4.168
3360 -0.4367414246 0.0000015874 4.153
3370 -0.4367398442 0.0000015805 4.141
3380 -0.4367382706 0.0000015736 4.131
3390 -0.4367367039 0.0000015667 4.147
3400 -0.4367351439 0.0000015599 4.102
3410 -0.4367335907 0.0000015532 4.109
3420 -0.4367320442 0.0000015465 4.147
3430 -0.4367305043 0.0000015399 4.295
3440 -0.4367289711 0.0000015333 4.159
3450 -0.4367274443 0.0000015268 4.114
3460 -0.4367259240 0.0000015203 4.248
3470 -0.4367244104 0.0000015136 4.146
3480 -0.4367229028 0.0000015076 4.193
3490 -0.4367214017 0.0000015011 4.142
3500 -0.4367199070 0.0000014948 4.170
3510 -0.4367184185 0.0000014885 4.174
3520 -0.4367169362 0.0000014823 4.183
3530 -0.4367154601 0.0000014761 4.161
3540 -0.4367139901 0.0000014700 4.153
3550 -0.4367125262 0.0000014639 4.151
3560 -0.4367110683 0.0000014579 4.153
3570 -0.4367096165 0.0000014519 4.153
3580 -0.4367081706 0.0000014459 4.204
3590 -0.4367067306 0.0000014400 4.160
3600 -0.4367052965 0.0000014341 4.150
3610 -0.4367038682 0.0000014283 4.197
3620 -0.4367024457 0.0000014225 4.147
3630 -0.4367010289 0.0000014167 4.144
3640 -0.4366996179 0.0000014110 4.146
3650 -0.4366982125 0.0000014054 4.158
3660 -0.4366968128 0.0000013997 4.143
3670 -0.4366954187 0.0000013941 4.167
3680 -0.4366940301 0.0000013886 4.146
3690 -0.4366926470 0.0000013831 4.115
3700 -0.4366912695 0.0000013776 4.088
3710 -0.4366898973 0.0000013721 4.146
3720 -0.4366885307 0.0000013666 4.167
3730 -0.4366871692 0.0000013615 4.155
3740 -0.4366858132 0.0000013560 4.193
3750 -0.4366844625 0.0000013507 4.167
3760 -0.4366831170 0.0000013455 4.181
3770 -0.4366817768 0.0000013402 4.156
3780 -0.4366804417 0.0000013350 4.134
3790 -0.4366791118 0.0000013299 4.175
3800 -0.4366777875 0.0000013243 4.178
3810 -0.4366764674 0.0000013201 4.132
3820 -0.4366751528 0.0000013146 4.182
3830 -0.4366738432 0.0000013096 4.210
3840 -0.4366725385 0.0000013046 4.192
3850 -0.4366712389 0.0000012997 4.097
3860 -0.4366699442 0.0000012947 4.105
3870 -0.4366686543 0.0000012898 4.162
3880 -0.4366673694 0.0000012850 4.141
3890 -0.4366660892 0.0000012801 4.175
3900 -0.4366648139 0.0000012753 4.142
3910 -0.4366635433 0.0000012706 4.138
3920 -0.4366622775 0.0000012658 4.184
3930 -0.4366610163 0.0000012611 4.085
3940 -0.4366597599 0.0000012565 4.102
3950 -0.4366585081 0.0000012518 4.185
3960 -0.4366572609 0.0000012472 4.169
3970 -0.4366560183 0.0000012426 4.147
3980 -0.4366547803 0.0000012380 4.148
3990 -0.4366535468 0.0000012335 4.140
4000 -0.4366523178 0.0000012290 4.189
4010 -0.4366510932 0.0000012245 4.182
4020 -0.4366498731 0.0000012201 4.142
4030 -0.4366486575 0.0000012157 4.218
4040 -0.4366474462 0.0000012113 4.167
4050 -0.4366462393 0.0000012069 4.168
4060 -0.4366450367 0.0000012026 4.179
4070 -0.4366438384 0.0000011983 4.162
4080 -0.4366426445 0.0000011940 4.168
4090 -0.4366414549 0.0000011896 4.186
4100 -0.4366402693 0.0000011857 4.166
4110 -0.4366390880 0.0000011813 4.157
4120 -0.4366379109 0.0000011771 4.167
4130 -0.4366367379 0.0000011730 4.194
4140 -0.4366355693 0.0000011686 4.187
4150 -0.4366344044 0.0000011649 4.121
4160 -0.4366332439 0.0000011605 4.126
4170 -0.4366320872 0.0000011567 4.180
4180 -0.4366309346 0.0000011525 4.188
4190 -0.4366297861 0.0000011486 4.174
4200 -0.4366286415 0.0000011446 4.170
4210 -0.4366275009 0.0000011406 4.122
4220 -0.4366263642 0.0000011367 4.151
4230 -0.4366252315 0.0000011328 4.157
4240 -0.4366241026 0.0000011289 4.138
4250 -0.4366229776 0.0000011250 4.176
4260 -0.4366218564 0.0000011212 4.145
4270 -0.4366207391 0.0000011173 4.135
4280 -0.4366196256 0.0000011135 4.136
4290 -0.4366185158 0.0000011098 4.153
4300 -0.4366174098 0.0000011060 4.156
4310 -0.4366163075 0.0000011023 4.143
4320 -0.4366152089 0.0000010986 4.170
4330 -0.4366141141 0.0000010949 4.159
4340 -0.4366130229 0.0000010912 4.187
4350 -0.4366119353 0.0000010875 4.173
4360 -0.4366108514 0.0000010840 4.202
4370 -0.4366097710 0.0000010803 4.183
4380 -0.4366086943 0.0000010767 4.158
4390 -0.4366076211 0.0000010732 4.180
4400 -0.4366065515 0.0000010696 4.143
4410 -0.4366054853 0.0000010661 4.159
4420 -0.4366044227 0.0000010626 4.149
4430 -0.4366033636 0.0000010591 4.181
4440 -0.4366023079 0.0000010557 4.100
4450 -0.4366012557 0.0000010522 4.131
4460 -0.4366002069 0.0000010488 4.178
4470 -0.4365991615 0.0000010454 4.167
4480 -0.4365981195 0.0000010420 4.218
4490 -0.4365970809 0.0000010386 4.157
4500 -0.4365960456 0.0000010353 4.158
4510 -0.4365950137 0.0000010320 4.146
4520 -0.4365939850 0.0000010286 4.167
4530 -0.4365929597 0.0000010253 4.166
4540 -0.4365919376 0.0000010221 4.172
4550 -0.4365909191 0.0000010185 4.177
4560 -0.4365899032 0.0000010159 4.130
4570 -0.4365888909 0.0000010123 4.157
4580 -0.4365878818 0.0000010091 4.171
4590 -0.4365868759 0.0000010059 4.126
4600 -0.4365858730 0.0000010029 4.116
4610 -0.4365848734 0.0000009996 4.152
Marginal Likelihood = -0.4365848734
Total time = 22778.5927 seconds
Total iterations = 4610 
