Marginal likelihood with initialization (1) = nan
Marginal likelihood with initialization (2) = -0.2420004175
Marginal likelihood with initialization (3) = -0.2341633225
Marginal likelihood with initialization (4) = -0.2297260207
Marginal likelihood with initialization (5) = -0.2418929711
Iteration Marginal_Likelihood delta_Marginal_Likelihood Iteration_Time (secs)
0 -0.2297260207 -- 79036.999
10 -0.2287542376 0.0009717831 14.786
20 -0.2279687257 0.0007855119 16.956
30 -0.2275006282 0.0004680975 16.683
40 -0.2271719767 0.0003286515 17.040
50 -0.2269218975 0.0002500791 16.693
60 -0.2267142550 0.0002076425 17.146
70 -0.2265199089 0.0001943460 17.507
80 -0.2263573907 0.0001625182 17.465
90 -0.2262298430 0.0001275477 17.591
100 -0.2261007842 0.0001290588 18.255
110 -0.2259991996 0.0001015846 17.943
120 -0.2259027375 0.0000964621 19.054
130 -0.2258221578 0.0000805797 18.879
140 -0.2257405602 0.0000815976 19.514
150 -0.2256780571 0.0000625031 19.085
160 -0.2256236584 0.0000543988 19.218
170 -0.2255726776 0.0000509808 20.151
180 -0.2255289416 0.0000437360 20.490
190 -0.2254876299 0.0000413117 21.549
200 -0.2254442782 0.0000433516 19.495
210 -0.2253798827 0.0000643955 20.922
220 -0.2253525884 0.0000272944 20.499
230 -0.2253259032 0.0000266851 22.350
240 -0.2253022629 0.0000236404 24.603
250 -0.2253445519 -0.0000422890 4776.347
260 -0.2253520162 -0.0000074643 4780.220
270 -0.2253697453 -0.0000177291 4781.729
280 -0.2253945648 -0.0000248196 4782.890
290 -0.2254200782 -0.0000255134 4784.252
300 -0.2254453326 -0.0000252544 4783.475
310 -0.2254720672 -0.0000267347 4781.952
320 -0.2255060080 -0.0000339408 4782.498
330 -0.2254989870 0.0000070210 4782.938
340 -0.2255393399 -0.0000403530 4783.357
350 -0.2255836352 -0.0000442953 4784.144
360 -0.2256318186 -0.0000481833 4786.770
370 -0.2256842099 -0.0000523913 4786.218
380 -0.2257400180 -0.0000558082 4786.207
390 -0.2257993140 -0.0000592960 4786.599
400 -0.2258612568 -0.0000619427 4787.049
410 -0.2259256524 -0.0000643956 4787.424
420 -0.2259916597 -0.0000660073 4787.542
430 -0.2260591756 -0.0000675159 4786.967
440 -0.2261282088 -0.0000690332 4787.682
450 -0.2261990607 -0.0000708519 4811.403
460 -0.2262716300 -0.0000725693 4791.909
470 -0.2263459701 -0.0000743401 4792.027
480 -0.2264237224 -0.0000777523 4789.680
490 -0.2265037433 -0.0000800208 4790.638
500 -0.2265862365 -0.0000824932 4793.167
510 -0.2266715281 -0.0000852916 4792.804
520 -0.2267593709 -0.0000878428 4793.631
530 -0.2268494252 -0.0000900543 4794.692
540 -0.2269417129 -0.0000922877 4796.007
550 -0.2270363899 -0.0000946770 4795.593
560 -0.2271336586 -0.0000972687 4796.664
570 -0.2272329775 -0.0000993189 4796.943
580 -0.2273353305 -0.0001023530 4796.140
590 nan nan 4796.000
Marginal Likelihood = nan
Total time = 247105.1567 seconds
Total iterations = 590 
