Marginal likelihood with initialization (1) = -0.2388898882
Marginal likelihood with initialization (2) = -0.2464680495
Marginal likelihood with initialization (3) = nan
Marginal likelihood with initialization (4) = -0.2400515116
Marginal likelihood with initialization (5) = nan
Iteration Marginal_Likelihood delta_Marginal_Likelihood Iteration_Time (secs)
0 -0.2388898882 -- 27941.476
10 26510377178692352669487601583240775334452607965919651769968375151506275568061763388912036746178497826250620250239261962817836306816844271244998936911343210505834921590778623873838809706704160620871878859366703156284676292429405859220750588461656164343851529331551825552805487287189565652218108968960.0000000000 26510377178692352669487601583240775334452607965919651769968375151506275568061763388912036746178497826250620250239261962817836306816844271244998936911343210505834921590778623873838809706704160620871878859366703156284676292429405859220750588461656164343851529331551825552805487287189565652218108968960.0000000000 112.731
20 -0.2360849989 -26510377178692352669487601583240775334452607965919651769968375151506275568061763388912036746178497826250620250239261962817836306816844271244998936911343210505834921590778623873838809706704160620871878859366703156284676292429405859220750588461656164343851529331551825552805487287189565652218108968960.0000000000 47.813
30 -0.2357275353 0.0003574637 45.289
40 -0.2354610049 0.0002665304 42.709
50 -0.2352461022 0.0002149026 39.964
60 -0.2350649321 0.0001811701 37.014
70 -0.2349080258 0.0001569063 34.893
80 -0.2347716028 0.0001364230 32.708
90 -0.2346486646 0.0001229382 30.306
100 -0.2345262902 0.0001223744 28.672
110 -0.2344261009 0.0001001893 26.513
120 -0.2343324358 0.0000936651 24.705
130 -0.2342449143 0.0000875216 23.167
140 -0.2341632205 0.0000816938 21.682
150 -0.2340878274 0.0000753931 20.573
160 -0.2340151668 0.0000726605 19.456
170 -0.2339472013 0.0000679656 18.300
180 -0.2338826040 0.0000645972 17.280
190 -0.2338194366 0.0000631674 16.263
200 -0.2337598021 0.0000596346 15.473
210 -0.2337010286 0.0000587734 14.683
220 -0.2336453469 0.0000556818 14.120
230 -0.2335907298 0.0000546171 13.431
240 -0.2335378169 0.0000529129 12.887
250 -0.2334862201 0.0000515968 12.426
260 -0.2334369415 0.0000492786 11.957
270 -0.2333894557 0.0000474857 11.527
280 -0.2333429484 0.0000465073 11.029
290 -0.2332985111 0.0000444374 10.715
300 -0.2332553625 0.0000431486 10.365
310 -0.2332141205 0.0000412420 10.152
320 -0.2331735106 0.0000406099 9.927
330 -0.2331353394 0.0000381713 9.579
340 -0.2331003932 0.0000349461 9.375
350 -0.2330643183 0.0000360749 9.116
360 -0.2330315412 0.0000327771 9.003
370 -0.2330010137 0.0000305275 8.839
380 -0.2329716411 0.0000293726 8.727
390 -0.2329445982 0.0000270429 8.479
400 -0.2329184877 0.0000261105 8.354
410 -0.2328936202 0.0000248675 8.228
420 -0.2328704526 0.0000231677 8.118
430 -0.2328502132 0.0000202393 8.003
440 -0.2328312264 0.0000189868 7.902
450 -0.2328140997 0.0000171267 7.787
460 -0.2327971585 0.0000169412 7.789
470 -0.2327817065 0.0000154520 7.680
480 -0.2327678770 0.0000138296 7.578
490 -0.2327545719 0.0000133051 7.586
500 -0.2327434866 0.0000110853 7.438
510 -0.2327330812 0.0000104053 7.330
520 -0.2327231079 0.0000099733 7.340
530 -0.2327149826 0.0000081254 7.208
540 -0.2327069917 0.0000079909 7.209
550 -0.2326998296 0.0000071621 7.110
560 -0.2326934089 0.0000064206 7.095
570 -0.2326872774 0.0000061315 6.986
580 -0.2326799049 0.0000073726 7.003
590 -0.2326739800 0.0000059248 6.890
600 -0.2326687073 0.0000052728 6.898
610 -0.2326642335 0.0000044738 6.780
620 -0.2326596224 0.0000046111 6.761
630 -0.2326555158 0.0000041067 6.768
640 -0.2326518615 0.0000036543 6.665
650 -0.2326468542 0.0000050072 6.647
660 -0.2326429547 0.0000038995 6.548
670 -0.2326390350 0.0000039197 6.531
680 -0.2326356733 0.0000033617 6.529
690 -0.2326318064 0.0000038670 6.571
700 -0.2326285902 0.0000032162 6.545
710 -0.2326247302 0.0000038600 6.556
720 -0.2326215271 0.0000032031 6.547
730 -0.2326183160 0.0000032111 6.542
740 -0.2326149848 0.0000033312 6.542
750 -0.2326119835 0.0000030013 6.567
760 -0.2326091268 0.0000028567 6.434
770 -0.2326063982 0.0000027286 6.440
780 -0.2326034897 0.0000029084 6.418
790 -0.2326005802 0.0000029096 6.455
800 -0.2325979007 0.0000026794 6.434
810 -0.2325951478 0.0000027529 6.457
820 -0.2325921366 0.0000030112 6.440
830 -0.2325895524 0.0000025842 6.431
840 -0.2325872314 0.0000023211 6.469
850 -0.2325845076 0.0000027238 6.430
860 -0.2325815927 0.0000029149 6.430
870 -0.2325792771 0.0000023156 6.440
880 -0.2325763867 0.0000028904 6.448
890 -0.2325736804 0.0000027062 6.456
900 -0.2325712604 0.0000024200 6.424
910 -0.2325690082 0.0000022522 6.426
920 -0.2325668159 0.0000021923 6.423
930 -0.2325645455 0.0000022704 6.433
940 -0.2325623951 0.0000021504 6.451
950 -0.2325603774 0.0000020177 6.455
960 -0.2325581364 0.0000022410 6.460
970 -0.2325560444 0.0000020919 6.426
980 -0.2325540111 0.0000020333 6.435
990 -0.2325519750 0.0000020361 6.443
1000 -0.2325503586 0.0000016164 6.432
1010 -0.2325480164 0.0000023421 6.449
1020 -0.2325460768 0.0000019396 6.466
1030 -0.2325441628 0.0000019140 6.450
1040 -0.2325423134 0.0000018494 6.455
1050 -0.2325405096 0.0000018039 6.446
1060 -0.2325386947 0.0000018149 6.447
1070 -0.2325367573 0.0000019373 6.448
1080 -0.2325349829 0.0000017745 6.457
1090 -0.2325331878 0.0000017951 6.451
1100 -0.2325314218 0.0000017660 6.419
1110 -0.2325296718 0.0000017500 6.423
1120 -0.2325279190 0.0000017529 6.419
1130 -0.2325258219 0.0000020971 6.429
1140 -0.2325242239 0.0000015981 6.418
1150 -0.2325225049 0.0000017190 6.407
1160 -0.2325210217 0.0000014832 6.416
1170 -0.2325193441 0.0000016776 6.455
1180 -0.2325176727 0.0000016714 6.447
1190 -0.2325160961 0.0000015766 6.414
1200 -0.2325146401 0.0000014560 6.448
1210 -0.2325130003 0.0000016398 6.478
1220 -0.2325114739 0.0000015263 6.415
1230 -0.2325099673 0.0000015066 6.444
1240 -0.2325084769 0.0000014903 6.422
1250 -0.2325070416 0.0000014353 6.445
1260 -0.2325062975 0.0000007441 6.413
Marginal Likelihood = -0.2325062975
Total time = 29388.7069 seconds
Total iterations = 1260 
