Marginal likelihood with initialization (1) = -0.2452544305
Marginal likelihood with initialization (2) = -0.2515636836
Marginal likelihood with initialization (3) = -0.2508729422
Marginal likelihood with initialization (4) = -0.2478115767
Marginal likelihood with initialization (5) = nan
Iteration Marginal_Likelihood delta_Marginal_Likelihood Iteration_Time (secs)
0 -0.2452544305 -- 5786.037
10 -0.2438894331 0.0013649974 6.388
20 -0.2423623342 0.0015270988 6.410
30 -0.2416278938 0.0007344404 6.344
40 -0.2411745961 0.0004532977 6.351
50 -0.2408593339 0.0003152622 6.236
60 -0.2406228388 0.0002364950 6.125
70 -0.2404358024 0.0001870364 6.136
80 -0.2402819712 0.0001538312 6.054
90 -0.2401534712 0.0001285000 6.038
100 -0.2400430713 0.0001104000 5.961
110 -0.2399467247 0.0000963466 5.864
120 -0.2398614955 0.0000852292 5.846
130 -0.2397849803 0.0000765152 5.779
140 -0.2397162635 0.0000687168 5.676
150 -0.2396538553 0.0000624082 5.668
160 -0.2395967526 0.0000571026 5.666
170 -0.2395443753 0.0000523773 5.555
180 -0.2394958824 0.0000484929 5.477
190 -0.2394508747 0.0000450078 5.486
200 -0.2394089417 0.0000419330 5.499
210 -0.2393697394 0.0000392023 5.447
220 -0.2393328578 0.0000368816 5.512
230 -0.2392982721 0.0000345857 5.508
240 -0.2392656593 0.0000326128 5.490
250 -0.2392348375 0.0000308219 5.524
260 -0.2392056455 0.0000291919 5.484
270 -0.2391779422 0.0000277034 5.485
280 -0.2391516027 0.0000263395 5.542
290 -0.2391266080 0.0000249946 5.532
300 -0.2391025799 0.0000240281 5.508
310 -0.2390798401 0.0000227398 5.492
320 -0.2390574725 0.0000223676 5.488
330 -0.2390365110 0.0000209616 5.556
340 -0.2390164055 0.0000201055 5.529
350 -0.2389970977 0.0000193078 5.495
360 -0.2389785344 0.0000185632 5.512
370 -0.2389606681 0.0000178664 5.563
380 -0.2389434551 0.0000172130 5.551
390 -0.2389268556 0.0000165994 5.487
400 -0.2389108333 0.0000160224 5.518
410 -0.2388954471 0.0000153861 5.497
420 -0.2388804481 0.0000149990 5.478
430 -0.2388659713 0.0000144768 5.513
440 -0.2388519517 0.0000140197 5.497
450 -0.2388383660 0.0000135856 5.459
460 -0.2388251920 0.0000131741 5.520
470 -0.2388124086 0.0000127834 5.478
480 -0.2387999964 0.0000124122 5.470
490 -0.2387879371 0.0000120593 5.508
500 -0.2387764953 0.0000114418 5.499
510 -0.2387651415 0.0000113538 5.488
520 -0.2387537521 0.0000113895 5.482
530 -0.2387433025 0.0000104495 5.529
540 -0.2387324162 0.0000108863 5.487
550 -0.2387225324 0.0000098838 5.515
560 -0.2387121461 0.0000103864 5.484
570 -0.2387027558 0.0000093903 5.505
580 -0.2386931072 0.0000096486 5.487
590 -0.2386839862 0.0000091210 5.528
600 -0.2386749170 0.0000090692 5.516
610 -0.2386660485 0.0000088686 5.493
620 -0.2386573827 0.0000086658 5.472
630 -0.2386485187 0.0000088640 5.546
640 -0.2386406263 0.0000078924 5.532
650 -0.2386321233 0.0000085030 5.480
660 -0.2386242223 0.0000079010 5.486
670 -0.2386168151 0.0000074072 5.474
680 -0.2386091997 0.0000076154 5.472
690 -0.2386013610 0.0000078386 5.507
700 -0.2385944167 0.0000069443 5.529
710 -0.2385868891 0.0000075276 5.489
720 -0.2385801670 0.0000067221 5.509
730 -0.2385730466 0.0000071204 5.460
740 -0.2385662228 0.0000068238 5.513
750 -0.2385597920 0.0000064308 5.476
760 -0.2385530854 0.0000067065 5.499
770 -0.2385467649 0.0000063206 5.509
780 -0.2385405279 0.0000062370 5.502
790 -0.2385346349 0.0000058930 5.471
800 -0.2385281965 0.0000064384 5.476
810 -0.2385222536 0.0000059429 5.464
820 -0.2385167580 0.0000054956 5.531
830 -0.2385107584 0.0000059996 5.533
840 -0.2385049856 0.0000057728 5.495
850 -0.2384994230 0.0000055626 5.496
860 -0.2384941012 0.0000053219 5.483
870 -0.2384885669 0.0000055343 5.519
880 -0.2384832697 0.0000052972 5.528
890 -0.2384780538 0.0000052159 5.472
900 -0.2384732907 0.0000047631 5.506
910 -0.2384678687 0.0000054220 5.458
920 -0.2384628959 0.0000049728 5.487
930 -0.2384579851 0.0000049108 5.457
940 -0.2384531549 0.0000048302 5.507
950 -0.2384483983 0.0000047566 5.514
960 -0.2384437068 0.0000046915 5.532
970 -0.2384390867 0.0000046202 5.473
980 -0.2384349034 0.0000041833 5.513
990 -0.2384301493 0.0000047541 5.473
1000 -0.2384257164 0.0000044330 5.482
1010 -0.2384212422 0.0000044741 5.488
1020 -0.2384169960 0.0000042463 5.516
1030 -0.2384128701 0.0000041259 5.524
1040 -0.2384084924 0.0000043777 5.444
1050 -0.2384043555 0.0000041369 5.509
1060 -0.2384002735 0.0000040820 5.497
1070 -0.2383965410 0.0000037325 5.492
1080 -0.2383922735 0.0000042675 5.491
1090 -0.2383883442 0.0000039293 5.508
1100 -0.2383844680 0.0000038762 5.504
1110 -0.2383808687 0.0000035994 5.495
1120 -0.2383770472 0.0000038215 5.492
1130 -0.2383731291 0.0000039181 5.502
1140 -0.2383694421 0.0000036871 5.493
1150 -0.2383657997 0.0000036424 5.480
1160 -0.2383622010 0.0000035987 5.503
1170 -0.2383586455 0.0000035555 5.487
1180 -0.2383551323 0.0000035132 5.483
1190 -0.2383516602 0.0000034721 5.486
1200 -0.2383482281 0.0000034321 5.487
1210 -0.2383448359 0.0000033922 5.474
1220 -0.2383414835 0.0000033524 5.527
1230 -0.2383381670 0.0000033164 5.498
1240 -0.2383348904 0.0000032766 5.504
1250 -0.2383320276 0.0000028629 5.469
1260 -0.2383286468 0.0000033808 5.471
1270 -0.2383252706 0.0000033761 5.511
1280 -0.2383221341 0.0000031365 5.487
1290 -0.2383190320 0.0000031021 5.498
1300 -0.2383159626 0.0000030694 5.488
1310 -0.2383129277 0.0000030350 5.479
1320 -0.2383099218 0.0000030058 5.494
1330 -0.2383069506 0.0000029712 5.515
1340 -0.2383040067 0.0000029439 5.484
1350 -0.2383013270 0.0000026797 5.489
1360 -0.2382982136 0.0000031134 5.485
1370 -0.2382953597 0.0000028539 5.534
1380 -0.2382925420 0.0000028177 5.511
1390 -0.2382897406 0.0000028014 5.472
1400 -0.2382869718 0.0000027688 5.523
1410 -0.2382842330 0.0000027388 5.504
1420 -0.2382815603 0.0000026727 5.512
1430 -0.2382788295 0.0000027308 5.507
1440 -0.2382764497 0.0000023798 5.479
1450 -0.2382737551 0.0000026946 5.497
1460 -0.2382709442 0.0000028110 5.493
1470 -0.2382683587 0.0000025854 5.488
1480 -0.2382657717 0.0000025871 5.483
1490 -0.2382632337 0.0000025379 5.504
1500 -0.2382607184 0.0000025153 5.462
1510 -0.2382582300 0.0000024884 5.484
1520 -0.2382557625 0.0000024675 5.508
1530 -0.2382533110 0.0000024515 5.486
1540 -0.2382508864 0.0000024246 5.454
1550 -0.2382484835 0.0000024029 5.494
1560 -0.2382461019 0.0000023816 5.499
1570 -0.2382437414 0.0000023605 5.461
1580 -0.2382414023 0.0000023391 5.485
1590 -0.2382390824 0.0000023199 5.476
1600 -0.2382369105 0.0000021719 5.493
1610 -0.2382345036 0.0000024069 5.512
1620 -0.2382322527 0.0000022508 5.477
1630 -0.2382300036 0.0000022492 5.510
1640 -0.2382277809 0.0000022227 5.477
1650 -0.2382255778 0.0000022030 5.528
1660 -0.2382233935 0.0000021843 5.510
1670 -0.2382212261 0.0000021674 5.468
1680 -0.2382190773 0.0000021488 5.492
1690 -0.2382169463 0.0000021310 5.514
1700 -0.2382148332 0.0000021131 5.468
1710 -0.2382127354 0.0000020978 5.495
1720 -0.2382106556 0.0000020798 5.504
1730 -0.2382085922 0.0000020634 5.499
1740 -0.2382065461 0.0000020462 5.511
1750 -0.2382045144 0.0000020317 5.500
1760 -0.2382025000 0.0000020144 5.542
1770 -0.2382007589 0.0000017411 5.456
1780 -0.2381985169 0.0000022420 5.492
1790 -0.2381965486 0.0000019683 5.484
1800 -0.2381945954 0.0000019532 5.521
1810 -0.2381926571 0.0000019383 5.466
1820 -0.2381907340 0.0000019231 5.502
1830 -0.2381888245 0.0000019095 5.473
1840 -0.2381869299 0.0000018946 5.488
1850 -0.2381850495 0.0000018804 5.528
1860 -0.2381831828 0.0000018667 5.483
1870 -0.2381813300 0.0000018528 5.492
1880 -0.2381794907 0.0000018393 5.492
1890 -0.2381776649 0.0000018258 5.528
1900 -0.2381758533 0.0000018116 5.498
1910 -0.2381740692 0.0000017841 5.504
1920 -0.2381722720 0.0000017972 5.505
1930 -0.2381704927 0.0000017793 5.533
1940 -0.2381687314 0.0000017613 5.533
1950 -0.2381669826 0.0000017488 5.536
1960 -0.2381652463 0.0000017364 5.494
1970 -0.2381635221 0.0000017242 5.471
1980 -0.2381618103 0.0000017118 5.506
1990 -0.2381601094 0.0000017009 5.534
2000 -0.2381584207 0.0000016887 5.524
2010 -0.2381567436 0.0000016771 5.502
2020 -0.2381550785 0.0000016651 5.494
2030 -0.2381534234 0.0000016551 5.533
2040 -0.2381517801 0.0000016433 5.511
2050 -0.2381501479 0.0000016322 5.494
2060 -0.2381485272 0.0000016206 5.510
2070 -0.2381469161 0.0000016111 5.493
2080 -0.2381453161 0.0000016000 5.489
2090 -0.2381437585 0.0000015576 5.506
2100 -0.2381421485 0.0000016100 5.503
2110 -0.2381405790 0.0000015694 5.509
2120 -0.2381390206 0.0000015584 5.513
2130 -0.2381374721 0.0000015484 5.512
2140 -0.2381359338 0.0000015384 5.507
2150 -0.2381344051 0.0000015287 5.472
2160 -0.2381328863 0.0000015188 5.493
2170 -0.2381313769 0.0000015094 5.506
2180 -0.2381298773 0.0000014996 5.504
2190 -0.2381283868 0.0000014905 5.542
2200 -0.2381269209 0.0000014659 5.501
2210 -0.2381254338 0.0000014871 5.499
2220 -0.2381239710 0.0000014627 5.482
2230 -0.2381225173 0.0000014538 5.496
2240 -0.2381211340 0.0000013833 5.506
2250 -0.2381196471 0.0000014869 5.493
2260 -0.2381182092 0.0000014379 5.522
2270 -0.2381167905 0.0000014187 5.551
2280 -0.2381153821 0.0000014084 5.475
2290 -0.2381139788 0.0000014033 5.516
2300 -0.2381125854 0.0000013934 5.493
2310 -0.2381112007 0.0000013847 5.515
2320 -0.2381098235 0.0000013771 5.462
2330 -0.2381084557 0.0000013678 5.527
2340 -0.2381070939 0.0000013618 5.505
2350 -0.2381057415 0.0000013524 5.525
2360 -0.2381043961 0.0000013454 5.517
2370 -0.2381030589 0.0000013372 5.460
2380 -0.2381017298 0.0000013292 5.481
2390 -0.2381004076 0.0000013222 5.486
2400 -0.2380990932 0.0000013144 5.465
2410 -0.2380977863 0.0000013068 5.495
2420 -0.2380964869 0.0000012994 5.498
2430 -0.2380951957 0.0000012912 5.522
2440 -0.2380939100 0.0000012857 5.515
2450 -0.2380926323 0.0000012777 5.503
2460 -0.2380913617 0.0000012707 5.493
2470 -0.2380900987 0.0000012629 5.552
2480 -0.2380888873 0.0000012114 5.511
2490 -0.2380875926 0.0000012947 5.496
2500 -0.2380863493 0.0000012434 5.476
2510 -0.2380851130 0.0000012362 5.467
2520 -0.2380838850 0.0000012281 5.475
2530 -0.2380826607 0.0000012242 5.479
2540 -0.2380814502 0.0000012105 5.505
2550 -0.2380802350 0.0000012152 5.508
2560 -0.2380790808 0.0000011542 5.537
2570 -0.2380778657 0.0000012151 5.496
2580 -0.2380766800 0.0000011857 5.490
2590 -0.2380754812 0.0000011988 5.545
2600 -0.2380742827 0.0000011985 5.499
2610 -0.2380731109 0.0000011718 5.528
2620 -0.2380719453 0.0000011656 5.505
2630 -0.2380707857 0.0000011596 5.482
2640 -0.2380696321 0.0000011535 5.488
2650 -0.2380684844 0.0000011477 5.490
2660 -0.2380673428 0.0000011416 5.517
2670 -0.2380663385 0.0000010043 5.523
2680 -0.2380650767 0.0000012618 5.485
2690 -0.2380639530 0.0000011237 5.519
2700 -0.2380628335 0.0000011195 5.513
2710 -0.2380617207 0.0000011128 5.490
2720 -0.2380606131 0.0000011076 5.489
2730 -0.2380595109 0.0000011021 5.487
2740 -0.2380584150 0.0000010959 5.571
2750 -0.2380573235 0.0000010915 5.496
2760 -0.2380562379 0.0000010856 5.461
2770 -0.2380551575 0.0000010804 5.482
2780 -0.2380540833 0.0000010742 5.516
2790 -0.2380530211 0.0000010622 5.512
2800 -0.2380519482 0.0000010729 5.485
2810 -0.2380508887 0.0000010596 5.499
2820 -0.2380498345 0.0000010542 5.516
2830 -0.2380487926 0.0000010418 5.543
2840 -0.2380477432 0.0000010494 5.489
2850 -0.2380467019 0.0000010413 5.509
2860 -0.2380456677 0.0000010343 5.487
2870 -0.2380446383 0.0000010293 5.486
2880 -0.2380436139 0.0000010244 5.516
2890 -0.2380426483 0.0000009656 5.540
Marginal Likelihood = -0.2380426483
Total time = 7384.3401 seconds
Total iterations = 2890 
