Marginal likelihood with initialization (1) = -0.6420259442
Marginal likelihood with initialization (2) = -0.6270688766
Marginal likelihood with initialization (3) = -0.5711506993
Marginal likelihood with initialization (4) = -0.6228168500
Marginal likelihood with initialization (5) = -0.6288613126
Iteration Marginal_Likelihood delta_Marginal_Likelihood Iteration_Time (secs)
0 -0.5711506993 -- 1508.350
10 -0.5709804169 0.0001702823 3.722
20 -0.5524425438 0.0185378732 3.868
30 -0.5393658796 0.0130766642 3.821
40 -0.5296068874 0.0097589922 3.704
50 -0.5220165966 0.0075902908 3.795
60 -0.5159250344 0.0060915622 3.691
70 -0.5109146281 0.0050104063 3.583
80 -0.5067112247 0.0042034034 3.602
90 -0.5031271529 0.0035840718 3.332
100 -0.5000294594 0.0030976934 3.396
110 -0.4973212169 0.0027082426 3.465
120 -0.4949300233 0.0023911936 3.364
130 -0.4928006561 0.0021293672 3.514
140 -0.4908902259 0.0019104302 3.429
150 -0.4891648892 0.0017253367 3.470
160 -0.4875975636 0.0015673256 3.495
170 -0.4861663052 0.0014312584 3.436
180 -0.4848528642 0.0013134410 3.519
190 -0.4836428990 0.0012099652 3.424
200 -0.4825237129 0.0011191861 3.375
210 -0.4814848395 0.0010388734 3.469
220 -0.4805173980 0.0009674415 3.394
230 -0.4796138005 0.0009035976 3.469
240 -0.4787675222 0.0008462783 3.315
250 -0.4779729196 0.0007946026 3.385
260 -0.4772250847 0.0007478349 3.432
270 -0.4765197275 0.0007053572 3.397
280 -0.4758530805 0.0006666470 3.404
290 -0.4752218206 0.0006312600 3.446
300 -0.4746230042 0.0005988164 3.419
310 -0.4740540144 0.0005689898 3.398
320 -0.4735125159 0.0005414985 3.422
330 -0.4729964178 0.0005160982 3.481
340 -0.4725038417 0.0004925761 3.436
350 -0.4720330953 0.0004707463 3.405
360 -0.4715826496 0.0004504457 3.280
370 -0.4711511191 0.0004315305 3.273
380 -0.4707372454 0.0004138738 3.347
390 -0.4703398824 0.0003973630 3.364
400 -0.4699579842 0.0003818982 3.372
410 -0.4695905941 0.0003673901 3.410
420 -0.4692368350 0.0003537590 3.427
430 -0.4688959015 0.0003409335 3.382
440 -0.4685670521 0.0003288494 3.364
450 -0.4682496034 0.0003174487 3.402
460 -0.4679429240 0.0003066793 3.432
470 -0.4676464300 0.0002964940 3.366
480 -0.4673595801 0.0002868499 3.488
490 -0.4670818721 0.0002777080 3.382
500 -0.4668128390 0.0002690331 3.413
510 -0.4665520464 0.0002607927 3.387
520 -0.4662990890 0.0002529573 3.481
530 -0.4660535890 0.0002455001 3.378
540 -0.4658151928 0.0002383961 3.359
550 -0.4655835701 0.0002316228 3.274
560 -0.4653584109 0.0002251591 3.367
570 -0.4651394250 0.0002189859 3.337
580 -0.4649263395 0.0002130855 3.399
590 -0.4647188982 0.0002074413 3.410
600 -0.4645168597 0.0002020384 3.370
610 -0.4643199971 0.0001968626 3.409
620 -0.4641280961 0.0001919010 3.396
630 -0.4639409547 0.0001871415 3.364
640 -0.4637583819 0.0001825728 3.409
650 -0.4635801973 0.0001781846 3.429
660 -0.4634062302 0.0001739671 3.354
670 -0.4632363190 0.0001699112 3.399
680 -0.4630703103 0.0001660086 3.414
690 -0.4629080590 0.0001622513 3.314
700 -0.4627494271 0.0001586319 3.370
710 -0.4625942836 0.0001551435 3.309
720 -0.4624425039 0.0001517797 3.354
730 -0.4622939697 0.0001485343 3.283
740 -0.4621485681 0.0001454016 3.294
750 -0.4620061917 0.0001423764 3.275
760 -0.4618667383 0.0001394535 3.286
770 -0.4617301101 0.0001366282 3.349
780 -0.4615962140 0.0001338961 3.317
790 -0.4614649611 0.0001312529 3.343
800 -0.4613362664 0.0001286947 3.431
810 -0.4612100486 0.0001262178 3.360
820 -0.4610862301 0.0001238186 3.314
830 -0.4609647364 0.0001214937 3.358
840 -0.4608454963 0.0001192401 3.394
850 -0.4607284416 0.0001170546 3.379
860 -0.4606135070 0.0001149346 3.379
870 -0.4605006297 0.0001128773 3.398
880 -0.4603897496 0.0001108801 3.309
890 -0.4602808089 0.0001089407 3.438
900 -0.4601737522 0.0001070567 3.328
910 -0.4600685262 0.0001052260 3.315
920 -0.4599650797 0.0001034465 3.278
930 -0.4598633634 0.0001017163 3.238
940 -0.4597633299 0.0001000334 3.305
950 -0.4596649338 0.0000983961 3.398
960 -0.4595681311 0.0000968027 3.422
970 -0.4594728794 0.0000952516 3.326
980 -0.4593791382 0.0000937412 3.361
990 -0.4592868681 0.0000922701 3.360
1000 -0.4591960312 0.0000908369 3.327
1010 -0.4591065911 0.0000894401 3.323
1020 -0.4590185123 0.0000880788 3.331
1030 -0.4589317504 0.0000867619 3.323
1040 -0.4588407528 0.0000909976 3.395
1050 -0.4587565518 0.0000842010 3.345
1060 -0.4586735849 0.0000829669 3.353
1070 -0.4585918219 0.0000817630 3.382
1080 -0.4585112338 0.0000805881 3.288
1090 -0.4584317927 0.0000794411 3.311
1100 -0.4583534716 0.0000783211 3.295
1110 -0.4582762444 0.0000772272 3.213
1120 -0.4582000858 0.0000761586 3.224
1130 -0.4581249715 0.0000751143 3.280
1140 -0.4580508780 0.0000740936 3.347
1150 -0.4579777822 0.0000730958 3.338
1160 -0.4579056621 0.0000721201 3.421
1170 -0.4578344962 0.0000711659 3.377
1180 -0.4577642637 0.0000702325 3.339
1190 -0.4576949445 0.0000693192 3.362
1200 -0.4576265189 0.0000684256 3.329
1210 -0.4575589680 0.0000675509 3.281
1220 -0.4574922732 0.0000666947 3.351
1230 -0.4574264168 0.0000658564 3.316
1240 -0.4573613813 0.0000650355 3.360
1250 -0.4572971499 0.0000642314 3.307
1260 -0.4572337061 0.0000634438 3.381
1270 -0.4571710340 0.0000626721 3.314
1280 -0.4571091181 0.0000619159 3.389
1290 -0.4570479434 0.0000611747 3.361
1300 -0.4569874951 0.0000604483 3.302
1310 -0.4569277591 0.0000597360 3.301
1320 -0.4568687215 0.0000590377 3.343
1330 -0.4568103687 0.0000583528 3.347
1340 -0.4567526876 0.0000576810 3.363
1350 -0.4566956655 0.0000570221 3.267
1360 -0.4566392900 0.0000563756 3.321
1370 -0.4565835488 0.0000557412 3.433
1380 -0.4565284302 0.0000551186 3.431
1390 -0.4564739227 0.0000545075 3.281
1400 -0.4564200150 0.0000539077 3.317
1410 -0.4563666963 0.0000533187 3.262
1420 -0.4563139558 0.0000527404 3.230
1430 -0.4562617833 0.0000521725 3.279
1440 -0.4562101685 0.0000516148 3.317
1450 -0.4561591017 0.0000510669 3.253
1460 -0.4561085731 0.0000505286 3.334
1470 -0.4560585733 0.0000499997 3.346
1480 -0.4560090933 0.0000494800 3.294
1490 -0.4559601240 0.0000489693 3.302
1500 -0.4559116567 0.0000484673 3.312
1510 -0.4558636829 0.0000479738 3.286
1520 -0.4558161942 0.0000474887 3.308
1530 -0.4557691826 0.0000470117 3.317
1540 -0.4557226400 0.0000465426 3.270
1550 -0.4556765586 0.0000460813 3.318
1560 -0.4556309310 0.0000456276 3.304
1570 -0.4555857497 0.0000451813 3.344
1580 -0.4555410074 0.0000447423 3.322
1590 -0.4554966971 0.0000443103 3.317
1600 -0.4554528118 0.0000438853 3.357
1610 -0.4554093448 0.0000434670 3.281
1620 -0.4553662894 0.0000430554 3.277
1630 -0.4553236392 0.0000426502 3.374
1640 -0.4552813879 0.0000422513 3.365
1650 -0.4552395292 0.0000418587 3.290
1660 -0.4551980571 0.0000414721 3.324
1670 -0.4551569656 0.0000410915 3.351
1680 -0.4551162490 0.0000407166 3.376
1690 -0.4550759015 0.0000403475 3.339
1700 -0.4550359176 0.0000399839 3.394
1710 -0.4549962918 0.0000396258 3.367
1720 -0.4549570189 0.0000392730 3.308
1730 -0.4549180935 0.0000389254 3.350
1740 -0.4548795106 0.0000385829 3.331
1750 -0.4548412651 0.0000382455 3.325
1760 -0.4548033522 0.0000379129 3.364
1770 -0.4547657670 0.0000375852 3.386
1780 -0.4547285048 0.0000372622 3.332
1790 -0.4546915610 0.0000369438 3.403
1800 -0.4546549311 0.0000366299 3.349
1810 -0.4546186106 0.0000363205 3.234
1820 -0.4545825951 0.0000360155 3.294
1830 -0.4545468804 0.0000357147 3.378
1840 -0.4545114624 0.0000354180 3.282
1850 -0.4544763369 0.0000351255 3.244
1860 -0.4544414998 0.0000348371 3.306
1870 -0.4544069473 0.0000345525 3.281
1880 -0.4543726754 0.0000342719 3.312
1890 -0.4543386804 0.0000339950 3.253
1900 -0.4543049586 0.0000337219 3.262
1910 -0.4542715062 0.0000334524 3.353
1920 -0.4542383197 0.0000331865 3.277
1930 -0.4542053955 0.0000329241 3.288
1940 -0.4541727303 0.0000326652 3.357
1950 -0.4541403205 0.0000324097 3.367
1960 -0.4541081630 0.0000321576 3.409
1970 -0.4540762543 0.0000319087 3.356
1980 -0.4540445913 0.0000316630 3.275
1990 -0.4540131708 0.0000314205 3.270
2000 -0.4539819897 0.0000311811 3.379
2010 -0.4539510451 0.0000309447 3.324
2020 -0.4539203338 0.0000307113 3.343
2030 -0.4538898529 0.0000304808 3.376
2040 -0.4538595997 0.0000302533 3.318
2050 -0.4538295711 0.0000300286 3.265
2060 -0.4537997645 0.0000298066 3.311
2070 -0.4537701770 0.0000295874 3.334
2080 -0.4537408061 0.0000293709 3.312
2090 -0.4537116490 0.0000291571 3.350
2100 -0.4536827032 0.0000289458 3.369
2110 -0.4536539661 0.0000287371 3.351
2120 -0.4536254352 0.0000285309 3.366
2130 -0.4535971079 0.0000283272 3.361
2140 -0.4535689820 0.0000281260 3.263
2150 -0.4535410549 0.0000279271 3.425
2160 -0.4535133243 0.0000277305 3.332
2170 -0.4534857880 0.0000275363 3.343
2180 -0.4534584436 0.0000273444 3.379
2190 -0.4534312890 0.0000271547 3.348
2200 -0.4534043218 0.0000269672 3.309
2210 -0.4533775400 0.0000267818 3.364
2220 -0.4533509414 0.0000265986 3.297
2230 -0.4533245239 0.0000264175 3.331
2240 -0.4532982854 0.0000262385 3.239
2250 -0.4532722240 0.0000260614 3.262
2260 -0.4532463376 0.0000258864 3.252
2270 -0.4532206242 0.0000257134 3.297
2280 -0.4531950819 0.0000255423 3.378
2290 -0.4531697089 0.0000253730 3.352
2300 -0.4531445032 0.0000252057 3.317
2310 -0.4531194629 0.0000250402 3.309
2320 -0.4530945864 0.0000248766 3.260
2330 -0.4530698717 0.0000247147 3.343
2340 -0.4530453171 0.0000245546 3.305
2350 -0.4530209208 0.0000243962 3.228
2360 -0.4529966813 0.0000242396 3.306
2370 -0.4529725967 0.0000240846 3.316
2380 -0.4529486654 0.0000239313 3.331
2390 -0.4529248858 0.0000237796 3.304
2400 -0.4529012562 0.0000236295 3.321
2410 -0.4528777752 0.0000234811 3.352
2420 -0.4528544410 0.0000233342 3.319
2430 -0.4528312522 0.0000231888 3.339
2440 -0.4528082073 0.0000230449 3.329
2450 -0.4527853047 0.0000229026 3.388
2460 -0.4527625430 0.0000227617 3.348
2470 -0.4527399207 0.0000226223 3.308
2480 -0.4527174365 0.0000224843 3.424
2490 -0.4526950888 0.0000223477 3.323
2500 -0.4526728763 0.0000222125 3.428
2510 -0.4526507976 0.0000220787 3.355
2520 -0.4526288513 0.0000219462 3.380
2530 -0.4526070362 0.0000218151 3.417
2540 -0.4525853510 0.0000216853 3.331
2550 -0.4525637942 0.0000215568 3.291
2560 -0.4525423647 0.0000214295 3.328
2570 -0.4525210611 0.0000213036 3.337
2580 -0.4524998823 0.0000211788 3.245
2590 -0.4524788270 0.0000210554 3.297
2600 -0.4524578939 0.0000209330 3.339
2610 -0.4524370820 0.0000208119 3.274
2620 -0.4524163900 0.0000206920 3.278
2630 -0.4523958168 0.0000205732 3.412
2640 -0.4523753611 0.0000204556 3.248
2650 -0.4523550220 0.0000203391 3.365
2660 -0.4523347984 0.0000202236 3.381
2670 -0.4523146887 0.0000201097 3.332
2680 -0.4522946924 0.0000199963 3.329
2690 -0.4522748082 0.0000198842 3.326
2700 -0.4522550350 0.0000197732 3.386
2710 -0.4522353735 0.0000196615 3.350
2720 -0.4522158177 0.0000195559 3.311
2730 -0.4521963715 0.0000194462 3.385
2740 -0.4521770322 0.0000193393 3.433
2750 -0.4521577989 0.0000192333 3.366
2760 -0.4521386711 0.0000191278 3.312
2770 -0.4521196463 0.0000190248 3.266
2780 -0.4521007251 0.0000189212 3.276
2790 -0.4520819060 0.0000188191 3.289
2800 -0.4520631881 0.0000187179 3.312
2810 -0.4520445706 0.0000186175 3.341
2820 -0.4520260523 0.0000185183 3.268
2830 -0.4520076326 0.0000184197 3.349
2840 -0.4519893105 0.0000183221 3.345
2850 -0.4519710851 0.0000182254 3.381
2860 -0.4519529556 0.0000181295 3.354
2870 -0.4519349211 0.0000180345 3.342
2880 -0.4519169808 0.0000179403 3.338
2890 -0.4518991339 0.0000178469 3.325
2900 -0.4518813795 0.0000177544 3.286
2910 -0.4518637169 0.0000176627 3.435
2920 -0.4518461451 0.0000175717 3.308
2930 -0.4518286635 0.0000174816 3.303
2940 -0.4518112713 0.0000173922 3.368
2950 -0.4517939677 0.0000173036 3.360
2960 -0.4517767519 0.0000172158 3.348
2970 -0.4517596232 0.0000171287 3.276
2980 -0.4517425808 0.0000170424 3.289
2990 -0.4517256240 0.0000169568 3.283
3000 -0.4517087521 0.0000168719 3.300
3010 -0.4516919644 0.0000167877 3.283
3020 -0.4516752601 0.0000167043 3.366
3030 -0.4516586386 0.0000166215 3.291
3040 -0.4516420992 0.0000165394 3.217
3050 -0.4516256411 0.0000164581 3.295
3060 -0.4516092636 0.0000163774 3.269
3070 -0.4515929663 0.0000162974 3.282
3080 -0.4515767483 0.0000162180 3.280
3090 -0.4515606091 0.0000161392 3.306
3100 -0.4515445480 0.0000160612 3.380
3110 -0.4515285641 0.0000159839 3.263
3120 -0.4515126571 0.0000159070 3.310
3130 -0.4514968264 0.0000158308 3.380
3140 -0.4514810713 0.0000157551 3.333
3150 -0.4514653910 0.0000156803 3.332
3160 -0.4514497851 0.0000156059 3.394
3170 -0.4514342529 0.0000155322 3.365
3180 -0.4514187940 0.0000154590 3.346
3190 -0.4514034076 0.0000153864 3.362
3200 -0.4513880933 0.0000153143 3.317
3210 -0.4513728503 0.0000152429 3.381
3220 -0.4513576783 0.0000151720 3.381
3230 -0.4513425766 0.0000151017 3.348
3240 -0.4513275447 0.0000150319 3.303
3250 -0.4513125820 0.0000149627 3.351
3260 -0.4512976880 0.0000148940 3.395
3270 -0.4512828644 0.0000148236 3.379
3280 -0.4512681039 0.0000147605 3.352
3290 -0.4512534127 0.0000146911 3.279
3300 -0.4512387882 0.0000146245 3.381
3310 -0.4512242298 0.0000145585 3.298
3320 -0.4512097369 0.0000144929 3.369
3330 -0.4511953091 0.0000144278 3.321
3340 -0.4511809458 0.0000143632 3.281
3350 -0.4511666467 0.0000142991 3.253
3360 -0.4511524124 0.0000142343 3.281
3370 -0.4511382388 0.0000141736 3.197
3380 -0.4511241290 0.0000141098 3.322
3390 -0.4511100814 0.0000140476 3.274
3400 -0.4510960956 0.0000139858 3.346
3410 -0.4510821710 0.0000139246 3.287
3420 -0.4510683073 0.0000138638 3.360
3430 -0.4510545038 0.0000138034 3.326
3440 -0.4510407603 0.0000137435 3.391
3450 -0.4510270763 0.0000136840 3.409
3460 -0.4510134513 0.0000136250 3.358
3470 -0.4509998849 0.0000135664 3.294
3480 -0.4509863767 0.0000135082 3.334
3490 -0.4509729263 0.0000134505 3.322
3500 -0.4509595333 0.0000133929 3.375
3510 -0.4509461970 0.0000133364 3.378
3520 -0.4509329173 0.0000132797 3.311
3530 -0.4509196937 0.0000132236 3.361
3540 -0.4509065259 0.0000131679 3.297
3550 -0.4508934133 0.0000131126 3.275
3560 -0.4508803557 0.0000130576 3.332
3570 -0.4508673526 0.0000130031 3.265
3580 -0.4508544036 0.0000129490 3.254
3590 -0.4508415084 0.0000128952 3.287
3600 -0.4508286666 0.0000128418 3.366
3610 -0.4508158777 0.0000127888 3.346
3620 -0.4508031415 0.0000127362 3.335
3630 -0.4507904577 0.0000126839 3.359
3640 -0.4507778256 0.0000126320 3.332
3650 -0.4507652452 0.0000125805 3.463
3660 -0.4507527159 0.0000125293 3.335
3670 -0.4507402375 0.0000124784 3.363
3680 -0.4507278095 0.0000124279 3.383
3690 -0.4507154325 0.0000123771 3.369
3700 -0.4507031037 0.0000123287 3.317
3710 -0.4506908252 0.0000122785 3.266
3720 -0.4506785958 0.0000122294 3.432
3730 -0.4506664151 0.0000121806 3.413
3740 -0.4506542830 0.0000121321 3.379
3750 -0.4506421989 0.0000120841 3.255
3760 -0.4506301627 0.0000120362 3.280
3770 -0.4506181740 0.0000119887 3.261
3780 -0.4506062324 0.0000119416 3.375
3790 -0.4505943388 0.0000118936 3.311
3800 -0.4505824896 0.0000118492 3.335
3810 -0.4505706876 0.0000118020 3.329
3820 -0.4505589316 0.0000117560 3.404
3830 -0.4505472212 0.0000117104 3.382
3840 -0.4505355561 0.0000116651 3.223
3850 -0.4505239361 0.0000116200 3.361
3860 -0.4505123608 0.0000115753 3.336
3870 -0.4505008300 0.0000115309 3.313
3880 -0.4504893433 0.0000114867 3.315
3890 -0.4504779004 0.0000114428 3.373
3900 -0.4504665012 0.0000113993 3.339
3910 -0.4504551452 0.0000113560 3.325
3920 -0.4504438323 0.0000113129 3.351
3930 -0.4504325621 0.0000112702 3.266
3940 -0.4504213343 0.0000112277 3.222
3950 -0.4504101488 0.0000111855 3.290
3960 -0.4503990052 0.0000111436 3.249
3970 -0.4503879032 0.0000111019 3.295
3980 -0.4503768427 0.0000110606 3.339
3990 -0.4503658233 0.0000110194 3.379
4000 -0.4503548447 0.0000109785 3.304
4010 -0.4503439068 0.0000109379 3.391
4020 -0.4503330092 0.0000108976 3.315
4030 -0.4503221518 0.0000108575 3.314
4040 -0.4503113342 0.0000108176 3.344
4050 -0.4503005562 0.0000107780 3.278
4060 -0.4502898175 0.0000107386 3.291
4070 -0.4502791180 0.0000106995 3.407
4080 -0.4502684574 0.0000106606 3.277
4090 -0.4502578354 0.0000106220 3.269
4100 -0.4502472518 0.0000105836 3.337
4110 -0.4502367063 0.0000105454 3.302
4120 -0.4502261988 0.0000105075 3.414
4130 -0.4502157290 0.0000104698 3.307
4140 -0.4502052967 0.0000104323 3.183
4150 -0.4501949015 0.0000103951 3.261
4160 -0.4501845434 0.0000103581 3.234
4170 -0.4501742221 0.0000103213 3.331
4180 -0.4501639374 0.0000102847 3.354
4190 -0.4501536894 0.0000102479 3.356
4200 -0.4501434767 0.0000102127 3.305
4210 -0.4501333004 0.0000101764 3.328
4220 -0.4501231603 0.0000101401 3.327
4230 -0.4501130545 0.0000101057 3.342
4240 -0.4501029846 0.0000100699 3.343
4250 -0.4500929498 0.0000100348 3.411
4260 -0.4500829498 0.0000100000 3.427
4270 -0.4500729845 0.0000099653 3.372
4280 -0.4500630536 0.0000099309 3.397
4290 -0.4500531570 0.0000098966 3.341
4300 -0.4500432944 0.0000098626 3.282
4310 -0.4500334656 0.0000098287 3.331
4320 -0.4500236706 0.0000097951 3.359
4330 -0.4500139089 0.0000097616 3.270
4340 -0.4500041805 0.0000097284 3.365
4350 -0.4499944852 0.0000096953 3.290
4360 -0.4499848227 0.0000096625 3.294
4370 -0.4499751930 0.0000096298 3.269
4380 -0.4499655957 0.0000095973 3.390
4390 -0.4499560307 0.0000095650 3.367
4400 -0.4499464979 0.0000095328 3.361
4410 -0.4499369970 0.0000095009 3.421
4420 -0.4499275279 0.0000094691 3.352
4430 -0.4499180903 0.0000094376 3.275
4440 -0.4499086842 0.0000094062 3.289
4450 -0.4498993093 0.0000093749 3.318
4460 -0.4498899654 0.0000093439 3.326
4470 -0.4498806524 0.0000093130 3.371
4480 -0.4498713704 0.0000092820 3.396
4490 -0.4498621183 0.0000092521 3.413
4500 -0.4498528968 0.0000092214 3.346
4510 -0.4498437056 0.0000091912 3.320
4520 -0.4498345443 0.0000091612 3.258
4530 -0.4498254130 0.0000091314 3.307
4540 -0.4498163113 0.0000091017 3.247
4550 -0.4498072391 0.0000090722 3.288
4560 -0.4497981963 0.0000090428 3.250
4570 -0.4497891827 0.0000090136 3.295
4580 -0.4497801983 0.0000089844 3.343
4590 -0.4497712426 0.0000089557 3.308
4600 -0.4497623155 0.0000089272 3.276
4610 -0.4497534170 0.0000088984 3.345
4620 -0.4497445470 0.0000088700 3.339
4630 -0.4497357052 0.0000088418 3.310
4640 -0.4497268916 0.0000088137 3.370
4650 -0.4497181061 0.0000087855 3.381
4660 -0.4497093481 0.0000087579 3.347
4670 -0.4497006178 0.0000087303 3.341
4680 -0.4496919149 0.0000087029 3.374
4690 -0.4496832395 0.0000086754 3.305
4700 -0.4496745913 0.0000086482 3.383
4710 -0.4496659702 0.0000086211 3.299
4720 -0.4496573759 0.0000085943 3.302
4730 -0.4496488084 0.0000085675 3.287
4740 -0.4496402677 0.0000085407 3.311
4750 -0.4496317532 0.0000085145 3.308
4760 -0.4496232653 0.0000084879 3.322
4770 -0.4496148034 0.0000084619 3.333
4780 -0.4496063677 0.0000084357 3.341
4790 -0.4495979579 0.0000084098 3.364
4800 -0.4495895741 0.0000083839 3.318
4810 -0.4495812156 0.0000083584 3.291
4820 -0.4495728829 0.0000083327 3.313
4830 -0.4495645754 0.0000083075 3.362
4840 -0.4495562934 0.0000082820 3.360
4850 -0.4495480363 0.0000082570 3.399
4860 -0.4495398043 0.0000082321 3.308
4870 -0.4495315972 0.0000082071 3.387
4880 -0.4495234148 0.0000081824 3.281
4890 -0.4495152570 0.0000081578 3.469
4900 -0.4495071238 0.0000081333 3.326
4910 -0.4494990149 0.0000081089 3.325
4920 -0.4494909302 0.0000080847 3.350
4930 -0.4494828697 0.0000080605 3.337
4940 -0.4494748331 0.0000080365 3.355
4950 -0.4494668205 0.0000080127 3.357
4960 -0.4494588315 0.0000079889 3.373
4970 -0.4494508663 0.0000079653 3.331
4980 -0.4494429245 0.0000079418 3.301
4990 -0.4494350062 0.0000079183 3.311
5000 -0.4494271110 0.0000078952 3.384
5010 -0.4494192391 0.0000078719 3.334
5020 -0.4494113902 0.0000078489 3.315
5030 -0.4494035642 0.0000078260 3.325
5040 -0.4493957611 0.0000078032 3.355
5050 -0.4493879806 0.0000077804 3.357
5060 -0.4493802229 0.0000077577 3.401
5070 -0.4493724876 0.0000077353 3.327
5080 -0.4493647743 0.0000077133 3.267
5090 -0.4493570836 0.0000076908 3.256
5100 -0.4493494150 0.0000076685 3.328
5110 -0.4493417684 0.0000076467 3.307
5120 -0.4493341437 0.0000076247 3.250
5130 -0.4493265410 0.0000076027 3.250
5140 -0.4493189598 0.0000075812 3.370
5150 -0.4493114005 0.0000075593 3.314
5160 -0.4493038625 0.0000075380 3.364
5170 -0.4492963456 0.0000075169 3.288
5180 -0.4492888503 0.0000074953 3.391
5190 -0.4492813762 0.0000074741 3.330
5200 -0.4492739232 0.0000074530 3.372
5210 -0.4492664911 0.0000074320 3.427
5220 -0.4492590800 0.0000074112 3.376
5230 -0.4492516896 0.0000073904 3.385
5240 -0.4492443199 0.0000073697 3.320
5250 -0.4492369709 0.0000073491 3.390
5260 -0.4492296423 0.0000073286 3.370
5270 -0.4492223341 0.0000073082 3.341
5280 -0.4492150461 0.0000072879 3.295
5290 -0.4492077784 0.0000072677 3.284
5300 -0.4492005308 0.0000072476 3.253
5310 -0.4491933032 0.0000072276 3.315
5320 -0.4491860956 0.0000072077 3.284
5330 -0.4491789077 0.0000071879 3.357
5340 -0.4491717396 0.0000071681 3.304
5350 -0.4491645911 0.0000071485 3.344
5360 -0.4491574622 0.0000071289 3.357
5370 -0.4491503527 0.0000071095 3.374
5380 -0.4491432625 0.0000070901 3.344
5390 -0.4491361917 0.0000070709 3.296
5400 -0.4491291400 0.0000070517 3.336
5410 -0.4491221074 0.0000070326 3.363
5420 -0.4491150939 0.0000070136 3.346
5430 -0.4491080992 0.0000069947 3.421
5440 -0.4491011234 0.0000069758 3.321
5450 -0.4490941663 0.0000069571 3.317
5460 -0.4490872279 0.0000069384 3.283
5470 -0.4490803080 0.0000069198 3.274
5480 -0.4490734067 0.0000069014 3.303
5490 -0.4490665237 0.0000068830 3.236
5500 -0.4490596591 0.0000068646 3.336
5510 -0.4490528127 0.0000068464 3.380
5520 -0.4490459845 0.0000068282 3.339
5530 -0.4490391743 0.0000068102 3.346
5540 -0.4490323821 0.0000067922 3.322
5550 -0.4490256078 0.0000067743 3.350
5560 -0.4490188514 0.0000067564 3.308
5570 -0.4490121127 0.0000067387 3.383
5580 -0.4490053917 0.0000067210 3.337
5590 -0.4489986882 0.0000067034 3.362
5600 -0.4489920023 0.0000066859 3.378
5610 -0.4489853338 0.0000066685 3.330
5620 -0.4489786826 0.0000066511 3.370
5630 -0.4489720488 0.0000066339 3.367
5640 -0.4489654322 0.0000066166 3.291
5650 -0.4489588326 0.0000065996 3.314
5660 -0.4489522501 0.0000065825 3.301
5670 -0.4489456846 0.0000065655 3.211
5680 -0.4489391359 0.0000065486 3.283
5690 -0.4489326041 0.0000065318 3.349
5700 -0.4489260891 0.0000065150 3.333
5710 -0.4489195907 0.0000064984 3.389
5720 -0.4489131090 0.0000064818 3.313
5730 -0.4489066437 0.0000064652 3.328
5740 -0.4489001950 0.0000064488 3.365
5750 -0.4488937626 0.0000064324 3.314
5760 -0.4488873465 0.0000064161 3.304
5770 -0.4488809467 0.0000063998 3.388
5780 -0.4488745630 0.0000063837 3.338
5790 -0.4488681955 0.0000063675 3.342
5800 -0.4488618440 0.0000063515 3.365
5810 -0.4488555084 0.0000063355 3.349
5820 -0.4488491888 0.0000063196 3.417
5830 -0.4488428850 0.0000063038 3.314
5840 -0.4488365969 0.0000062880 3.261
5850 -0.4488303245 0.0000062724 3.301
5860 -0.4488240678 0.0000062567 3.231
5870 -0.4488178266 0.0000062412 3.294
5880 -0.4488116010 0.0000062257 3.249
5890 -0.4488053908 0.0000062101 3.300
5900 -0.4487991958 0.0000061950 3.373
5910 -0.4487930162 0.0000061796 3.318
5920 -0.4487868519 0.0000061644 3.380
5930 -0.4487807027 0.0000061492 3.414
5940 -0.4487745686 0.0000061341 3.320
5950 -0.4487684497 0.0000061189 3.311
5960 -0.4487623455 0.0000061042 3.308
5970 -0.4487562564 0.0000060891 3.344
5980 -0.4487501821 0.0000060743 3.352
5990 -0.4487441227 0.0000060594 3.405
6000 -0.4487380778 0.0000060448 3.291
6010 -0.4487320477 0.0000060301 3.389
6020 -0.4487260323 0.0000060155 3.327
6030 -0.4487200313 0.0000060009 3.296
6040 -0.4487140449 0.0000059865 3.330
6050 -0.4487080728 0.0000059720 3.200
6060 -0.4487021152 0.0000059577 3.277
6070 -0.4486961718 0.0000059433 3.258
6080 -0.4486902427 0.0000059291 3.332
6090 -0.4486843278 0.0000059149 3.251
6100 -0.4486784271 0.0000059008 3.354
6110 -0.4486725404 0.0000058867 3.365
6120 -0.4486666677 0.0000058727 3.340
6130 -0.4486608090 0.0000058587 3.373
6140 -0.4486549642 0.0000058448 3.278
6150 -0.4486491332 0.0000058310 3.330
6160 -0.4486433160 0.0000058172 3.342
6170 -0.4486375126 0.0000058034 3.403
6180 -0.4486317228 0.0000057898 3.284
6190 -0.4486259467 0.0000057761 3.392
6200 -0.4486201841 0.0000057626 3.351
6210 -0.4486144351 0.0000057490 3.335
6220 -0.4486086995 0.0000057356 3.366
6230 -0.4486029773 0.0000057222 3.344
6240 -0.4485972685 0.0000057088 3.277
6250 -0.4485915730 0.0000056955 3.312
6260 -0.4485858907 0.0000056823 3.271
6270 -0.4485802217 0.0000056691 3.295
6280 -0.4485745657 0.0000056559 3.249
6290 -0.4485689229 0.0000056428 3.331
6300 -0.4485632931 0.0000056298 3.376
6310 -0.4485576762 0.0000056168 3.345
6320 -0.4485520724 0.0000056039 3.298
6330 -0.4485464813 0.0000055910 3.362
6340 -0.4485409032 0.0000055782 3.360
6350 -0.4485353378 0.0000055654 3.253
6360 -0.4485297851 0.0000055527 3.357
6370 -0.4485242452 0.0000055400 3.343
6380 -0.4485187178 0.0000055273 3.372
6390 -0.4485132031 0.0000055148 3.388
6400 -0.4485077009 0.0000055022 3.374
6410 -0.4485022111 0.0000054897 3.354
6420 -0.4484967338 0.0000054773 3.313
6430 -0.4484912689 0.0000054649 3.293
6440 -0.4484858164 0.0000054526 3.286
6450 -0.4484803761 0.0000054403 3.318
6460 -0.4484749481 0.0000054280 3.293
6470 -0.4484695322 0.0000054158 3.283
6480 -0.4484641286 0.0000054037 3.310
6490 -0.4484587370 0.0000053916 3.372
6500 -0.4484533575 0.0000053795 3.237
6510 -0.4484479900 0.0000053675 3.455
6520 -0.4484426345 0.0000053555 3.352
6530 -0.4484372908 0.0000053436 3.412
6540 -0.4484319591 0.0000053317 3.266
6550 -0.4484266392 0.0000053199 3.317
6560 -0.4484213310 0.0000053082 3.272
6570 -0.4484160340 0.0000052970 3.349
6580 -0.4484084991 0.0000075350 3.323
6590 -0.4483988807 0.0000096183 3.295
6600 -0.4483936121 0.0000052687 3.236
6610 -0.4483883566 0.0000052554 3.377
6620 -0.4483831144 0.0000052422 3.245
6630 -0.4483778848 0.0000052297 3.307
6640 -0.4483726673 0.0000052175 3.305
6650 -0.4483674618 0.0000052055 3.299
6660 -0.4483622680 0.0000051938 3.254
6670 -0.4483570858 0.0000051822 3.321
6680 -0.4483519150 0.0000051707 3.204
6690 -0.4483467557 0.0000051594 3.312
6700 -0.4483416076 0.0000051481 3.418
6710 -0.4483364707 0.0000051369 3.433
6720 -0.4483313449 0.0000051257 3.346
6730 -0.4483262302 0.0000051147 3.358
6740 -0.4483211266 0.0000051036 3.304
6750 -0.4483160340 0.0000050926 3.402
6760 -0.4483109523 0.0000050817 3.337
6770 -0.4483058816 0.0000050708 3.375
6780 -0.4483008217 0.0000050599 3.312
6790 -0.4482957726 0.0000050491 3.298
6800 -0.4482907343 0.0000050383 3.376
6810 -0.4482857067 0.0000050276 3.358
6820 -0.4482806898 0.0000050169 3.246
6830 -0.4482756836 0.0000050062 3.236
6840 -0.4482706880 0.0000049956 3.256
6850 -0.4482657030 0.0000049850 3.265
6860 -0.4482607285 0.0000049745 3.310
6870 -0.4482557645 0.0000049640 3.276
6880 -0.4482508110 0.0000049535 3.330
6890 -0.4482458679 0.0000049431 3.298
6900 -0.4482409352 0.0000049327 3.317
6910 -0.4482360129 0.0000049223 3.363
6920 -0.4482311009 0.0000049120 3.348
6930 -0.4482261991 0.0000049017 3.366
6940 -0.4482213076 0.0000048915 3.347
6950 -0.4482164263 0.0000048813 3.311
6960 -0.4482115552 0.0000048711 3.342
6970 -0.4482066942 0.0000048610 3.384
6980 -0.4482018433 0.0000048509 3.298
6990 -0.4481970025 0.0000048408 3.281
7000 -0.4481921716 0.0000048308 3.289
7010 -0.4481873508 0.0000048208 3.330
7020 -0.4481825399 0.0000048109 3.339
7030 -0.4481777390 0.0000048010 3.344
7040 -0.4481729479 0.0000047911 3.271
7050 -0.4481681667 0.0000047812 3.256
7060 -0.4481633952 0.0000047714 3.241
7070 -0.4481586336 0.0000047616 3.268
7080 -0.4481538817 0.0000047519 3.257
7090 -0.4481491395 0.0000047422 3.321
7100 -0.4481444070 0.0000047325 3.317
7110 -0.4481396841 0.0000047229 3.334
7120 -0.4481349709 0.0000047133 3.326
7130 -0.4481302672 0.0000047037 3.304
7140 -0.4481255730 0.0000046941 3.311
7150 -0.4481208884 0.0000046846 3.400
7160 -0.4481162132 0.0000046752 3.310
7170 -0.4481115475 0.0000046657 3.360
7180 -0.4481068912 0.0000046563 3.367
7190 -0.4481022443 0.0000046469 3.423
7200 -0.4480976067 0.0000046376 3.351
7210 -0.4480929784 0.0000046283 3.325
7220 -0.4480883594 0.0000046190 3.374
7230 -0.4480837497 0.0000046097 3.268
7240 -0.4480791491 0.0000046005 3.314
7250 -0.4480745578 0.0000045913 3.281
7260 -0.4480699756 0.0000045822 3.287
7270 -0.4480654025 0.0000045731 3.235
7280 -0.4480608385 0.0000045640 3.233
7290 -0.4480562836 0.0000045549 3.369
7300 -0.4480517377 0.0000045459 3.358
7310 -0.4480472008 0.0000045369 3.364
7320 -0.4480426729 0.0000045279 3.292
7330 -0.4480381539 0.0000045190 3.378
7340 -0.4480336438 0.0000045101 3.316
7350 -0.4480291426 0.0000045012 3.411
7360 -0.4480246503 0.0000044924 3.314
7370 -0.4480201667 0.0000044835 3.316
7380 -0.4480156920 0.0000044747 3.330
7390 -0.4480112260 0.0000044660 3.329
7400 -0.4480067687 0.0000044573 3.316
7410 -0.4480023202 0.0000044486 3.341
7420 -0.4479978803 0.0000044399 3.296
7430 -0.4479934490 0.0000044313 3.325
7440 -0.4479890264 0.0000044226 3.234
7450 -0.4479846123 0.0000044141 3.177
7460 -0.4479802068 0.0000044055 3.241
7470 -0.4479758099 0.0000043970 3.233
7480 -0.4479714214 0.0000043885 3.312
7490 -0.4479670414 0.0000043800 3.271
7500 -0.4479626698 0.0000043716 3.365
7510 -0.4479583067 0.0000043631 3.330
7520 -0.4479539519 0.0000043548 3.313
7530 -0.4479496055 0.0000043464 3.261
7540 -0.4479452674 0.0000043381 3.410
7550 -0.4479409377 0.0000043298 3.401
7560 -0.4479366162 0.0000043215 3.329
7570 -0.4479323029 0.0000043132 3.367
7580 -0.4479279979 0.0000043050 3.360
7590 -0.4479237011 0.0000042968 3.370
7600 -0.4479194124 0.0000042887 3.318
7610 -0.4479151319 0.0000042805 3.366
7620 -0.4479108595 0.0000042724 3.266
7630 -0.4479065952 0.0000042643 3.282
7640 -0.4479023389 0.0000042562 3.273
7650 -0.4478980907 0.0000042482 3.287
7660 -0.4478938505 0.0000042402 3.270
7670 -0.4478896183 0.0000042322 3.322
7680 -0.4478853941 0.0000042243 3.316
7690 -0.4478811777 0.0000042163 3.400
7700 -0.4478769693 0.0000042084 3.369
7710 -0.4478727688 0.0000042005 3.324
7720 -0.4478685761 0.0000041927 3.353
7730 -0.4478643912 0.0000041848 3.316
7740 -0.4478602142 0.0000041770 3.408
7750 -0.4478560449 0.0000041693 3.374
7760 -0.4478518834 0.0000041615 3.354
7770 -0.4478477297 0.0000041538 3.341
7780 -0.4478435836 0.0000041461 3.352
7790 -0.4478394452 0.0000041384 3.259
7800 -0.4478353145 0.0000041307 3.390
7810 -0.4478311914 0.0000041231 3.340
7820 -0.4478270759 0.0000041155 3.252
7830 -0.4478229680 0.0000041079 3.245
7840 -0.4478188677 0.0000041003 3.243
7850 -0.4478147749 0.0000040928 3.341
7860 -0.4478106896 0.0000040853 3.365
7870 -0.4478066118 0.0000040778 3.229
7880 -0.4478025415 0.0000040703 3.391
7890 -0.4477984786 0.0000040629 3.373
7900 -0.4477944232 0.0000040555 3.364
7910 -0.4477903751 0.0000040481 3.329
7920 -0.4477863344 0.0000040407 3.388
7930 -0.4477823010 0.0000040333 3.392
7940 -0.4477782750 0.0000040260 3.281
7950 -0.4477742563 0.0000040187 3.299
7960 -0.4477702449 0.0000040114 3.285
7970 -0.4477662407 0.0000040042 3.304
7980 -0.4477622438 0.0000039969 3.325
7990 -0.4477582540 0.0000039897 3.347
8000 -0.4477542715 0.0000039825 3.349
8010 -0.4477502961 0.0000039754 3.394
8020 -0.4477463279 0.0000039682 3.293
8030 -0.4477423668 0.0000039611 3.323
8040 -0.4477384128 0.0000039540 3.323
8050 -0.4477344659 0.0000039469 3.366
8060 -0.4477305261 0.0000039399 3.297
8070 -0.4477265933 0.0000039328 3.239
8080 -0.4477226675 0.0000039258 3.349
8090 -0.4477187487 0.0000039188 3.405
8100 -0.4477148368 0.0000039118 3.340
8110 -0.4477109320 0.0000039049 3.352
8120 -0.4477070340 0.0000038979 3.360
8130 -0.4477031430 0.0000038910 3.295
8140 -0.4476992588 0.0000038841 3.326
8150 -0.4476953815 0.0000038773 3.337
8160 -0.4476915111 0.0000038704 3.395
8170 -0.4476876475 0.0000038636 3.400
8180 -0.4476837907 0.0000038568 3.267
8190 -0.4476799407 0.0000038500 3.389
8200 -0.4476760974 0.0000038433 3.398
8210 -0.4476722609 0.0000038365 3.322
8220 -0.4476684311 0.0000038298 3.303
8230 -0.4476646080 0.0000038231 3.239
8240 -0.4476607916 0.0000038164 3.219
8250 -0.4476569819 0.0000038097 3.285
8260 -0.4476531788 0.0000038031 3.286
8270 -0.4476493823 0.0000037965 3.292
8280 -0.4476455924 0.0000037899 3.263
8290 -0.4476418091 0.0000037833 3.356
8300 -0.4476380324 0.0000037767 3.315
8310 -0.4476342622 0.0000037702 3.331
8320 -0.4476304985 0.0000037637 3.354
8330 -0.4476267414 0.0000037572 3.343
8340 -0.4476229907 0.0000037507 3.352
8350 -0.4476192465 0.0000037442 3.306
8360 -0.4476155087 0.0000037378 3.423
8370 -0.4476117774 0.0000037313 3.333
8380 -0.4476080525 0.0000037249 3.326
8390 -0.4476043340 0.0000037185 3.455
8400 -0.4476006218 0.0000037122 3.427
8410 -0.4475969160 0.0000037058 3.348
8420 -0.4475932165 0.0000036995 3.276
8430 -0.4475895234 0.0000036932 3.301
8440 -0.4475858365 0.0000036869 3.229
8450 -0.4475821559 0.0000036806 3.272
8460 -0.4475784816 0.0000036743 3.309
8470 -0.4475748135 0.0000036681 3.334
8480 -0.4475711517 0.0000036619 3.306
8490 -0.4475674960 0.0000036557 3.353
8500 -0.4475638466 0.0000036495 3.343
8510 -0.4475602033 0.0000036433 3.367
8520 -0.4475565661 0.0000036371 3.308
8530 -0.4475529351 0.0000036310 3.376
8540 -0.4475493102 0.0000036249 3.367
8550 -0.4475456914 0.0000036188 3.280
8560 -0.4475420787 0.0000036127 3.215
8570 -0.4475384720 0.0000036067 3.309
8580 -0.4475348714 0.0000036006 3.327
8590 -0.4475312769 0.0000035946 3.375
8600 -0.4475276883 0.0000035886 3.255
8610 -0.4475241057 0.0000035826 3.270
8620 -0.4475205291 0.0000035766 3.393
8630 -0.4475169585 0.0000035706 3.280
8640 -0.4475133937 0.0000035647 3.296
8650 -0.4475098350 0.0000035588 3.333
8660 -0.4475062821 0.0000035529 3.328
8670 -0.4475027351 0.0000035470 3.369
8680 -0.4474991940 0.0000035411 3.397
8690 -0.4474956588 0.0000035352 3.345
8700 -0.4474921294 0.0000035294 3.349
8710 -0.4474886058 0.0000035236 3.417
8720 -0.4474850880 0.0000035178 3.342
8730 -0.4474815760 0.0000035120 3.346
8740 -0.4474780698 0.0000035062 3.252
8750 -0.4474745693 0.0000035005 3.351
8760 -0.4474710746 0.0000034947 3.405
8770 -0.4474675856 0.0000034890 3.308
8780 -0.4474641024 0.0000034833 3.293
8790 -0.4474606248 0.0000034776 3.339
8800 -0.4474571529 0.0000034719 3.227
8810 -0.4474536866 0.0000034662 3.206
8820 -0.4474502260 0.0000034606 3.322
8830 -0.4474467711 0.0000034550 3.287
8840 -0.4474433217 0.0000034494 3.254
8850 -0.4474398780 0.0000034438 3.324
8860 -0.4474364398 0.0000034382 3.353
8870 -0.4474330072 0.0000034326 3.365
8880 -0.4474295801 0.0000034271 3.295
8890 -0.4474261586 0.0000034215 3.336
8900 -0.4474227426 0.0000034160 3.333
8910 -0.4474193321 0.0000034105 3.379
8920 -0.4474159271 0.0000034050 3.345
8930 -0.4474125276 0.0000033995 3.278
8940 -0.4474091335 0.0000033941 3.355
8950 -0.4474057449 0.0000033886 3.294
8960 -0.4474023617 0.0000033832 3.329
8970 -0.4473989840 0.0000033778 3.324
8980 -0.4473956116 0.0000033724 3.313
8990 -0.4473922446 0.0000033670 3.218
9000 -0.4473888830 0.0000033616 3.319
9010 -0.4473855267 0.0000033563 3.251
9020 -0.4473821758 0.0000033509 3.316
9030 -0.4473788302 0.0000033456 3.247
9040 -0.4473754899 0.0000033403 3.274
9050 -0.4473721549 0.0000033350 3.205
9060 -0.4473688252 0.0000033297 3.314
9070 -0.4473655008 0.0000033244 3.398
9080 -0.4473621816 0.0000033192 3.349
9090 -0.4473588676 0.0000033139 3.331
9100 -0.4473555589 0.0000033087 3.317
9110 -0.4473522554 0.0000033035 3.300
9120 -0.4473489571 0.0000032983 3.323
9130 -0.4473456639 0.0000032931 3.352
9140 -0.4473423760 0.0000032880 3.355
9150 -0.4473390932 0.0000032828 3.336
9160 -0.4473358155 0.0000032777 3.333
9170 -0.4473325430 0.0000032725 3.364
9180 -0.4473292756 0.0000032674 3.399
9190 -0.4473260132 0.0000032623 3.375
9200 -0.4473227560 0.0000032572 3.332
9210 -0.4473195038 0.0000032522 3.287
9220 -0.4473162567 0.0000032471 3.296
9230 -0.4473130146 0.0000032421 3.300
9240 -0.4473097776 0.0000032370 3.371
9250 -0.4473065456 0.0000032320 3.291
9260 -0.4473033186 0.0000032270 3.346
9270 -0.4473000966 0.0000032220 3.397
9280 -0.4472968795 0.0000032170 3.290
9290 -0.4472936675 0.0000032121 3.333
9300 -0.4472904603 0.0000032071 3.442
9310 -0.4472872582 0.0000032022 3.383
9320 -0.4472840609 0.0000031973 3.379
9330 -0.4472808686 0.0000031923 3.337
9340 -0.4472776811 0.0000031874 3.412
9350 -0.4472744985 0.0000031826 3.260
9360 -0.4472713209 0.0000031777 3.319
9370 -0.4472681480 0.0000031728 3.289
9380 -0.4472649801 0.0000031680 3.319
9390 -0.4472618169 0.0000031631 3.279
9400 -0.4472586586 0.0000031583 3.263
9410 -0.4472555051 0.0000031535 3.284
9420 -0.4472523564 0.0000031487 3.275
9430 -0.4472492124 0.0000031439 3.442
9440 -0.4472460733 0.0000031392 3.372
9450 -0.4472429389 0.0000031344 3.257
9460 -0.4472398092 0.0000031297 3.352
9470 -0.4472366843 0.0000031249 3.361
9480 -0.4472335641 0.0000031202 3.345
9490 -0.4472304486 0.0000031155 3.364
9500 -0.4472273378 0.0000031108 3.270
9510 -0.4472242317 0.0000031061 3.361
9520 -0.4472211303 0.0000031014 3.403
9530 -0.4472180335 0.0000030968 3.297
9540 -0.4472149414 0.0000030921 3.378
9550 -0.4472118540 0.0000030875 3.325
9560 -0.4472087711 0.0000030829 3.316
9570 -0.4472056929 0.0000030782 3.306
9580 -0.4472026192 0.0000030736 3.299
9590 -0.4471995502 0.0000030690 3.330
9600 -0.4471964857 0.0000030645 3.246
9610 -0.4471934258 0.0000030599 3.282
9620 -0.4471903704 0.0000030554 3.313
9630 -0.4471873196 0.0000030508 3.371
9640 -0.4471842733 0.0000030463 3.370
9650 -0.4471812316 0.0000030418 3.350
9660 -0.4471781943 0.0000030373 3.320
9670 -0.4471751616 0.0000030328 3.351
9680 -0.4471721333 0.0000030283 3.312
9690 -0.4471691095 0.0000030238 3.403
9700 -0.4471660902 0.0000030193 3.291
9710 -0.4471630753 0.0000030149 3.370
9720 -0.4471600649 0.0000030104 3.366
9730 -0.4471570588 0.0000030060 3.409
9740 -0.4471540572 0.0000030016 3.367
9750 -0.4471510600 0.0000029972 3.347
9760 -0.4471480672 0.0000029928 3.317
9770 -0.4471450788 0.0000029884 3.279
9780 -0.4471420948 0.0000029840 3.278
9790 -0.4471391151 0.0000029797 3.242
9800 -0.4471361398 0.0000029753 3.235
9810 -0.4471331688 0.0000029710 3.202
9820 -0.4471302021 0.0000029667 3.247
9830 -0.4471272398 0.0000029623 3.338
9840 -0.4471242817 0.0000029580 3.343
9850 -0.4471213280 0.0000029537 3.384
9860 -0.4471183785 0.0000029495 3.327
9870 -0.4471154333 0.0000029452 3.287
9880 -0.4471124924 0.0000029409 3.399
9890 -0.4471095558 0.0000029367 3.319
9900 -0.4471066233 0.0000029324 3.321
9910 -0.4471036951 0.0000029282 3.315
9920 -0.4471007712 0.0000029240 3.359
9930 -0.4470978514 0.0000029198 3.320
9940 -0.4470949359 0.0000029156 3.293
9950 -0.4470920245 0.0000029114 3.321
9960 -0.4470891173 0.0000029072 3.341
9970 -0.4470862143 0.0000029030 3.288
9980 -0.4470833154 0.0000028989 3.241
9990 -0.4470804207 0.0000028947 3.268
10000 -0.4470775301 0.0000028906 3.242
10010 -0.4470746437 0.0000028864 3.195
10020 -0.4470717614 0.0000028823 3.294
10030 -0.4470688831 0.0000028782 3.322
10040 -0.4470660090 0.0000028741 3.339
10050 -0.4470631390 0.0000028700 3.418
10060 -0.4470602730 0.0000028660 3.263
10070 -0.4470574112 0.0000028619 3.397
10080 -0.4470545533 0.0000028578 3.339
10090 -0.4470516995 0.0000028538 3.351
10100 -0.4470488498 0.0000028497 3.383
10110 -0.4470460041 0.0000028457 3.321
10120 -0.4470431624 0.0000028417 3.364
10130 -0.4470403247 0.0000028377 3.313
10140 -0.4470374910 0.0000028337 3.306
10150 -0.4470346613 0.0000028297 3.316
10160 -0.4470318356 0.0000028257 3.333
10170 -0.4470290139 0.0000028217 3.312
10180 -0.4470261961 0.0000028178 3.310
10190 -0.4470233822 0.0000028138 3.262
10200 -0.4470205723 0.0000028099 3.253
10210 -0.4470177664 0.0000028060 3.233
10220 -0.4470149643 0.0000028020 3.378
10230 -0.4470121662 0.0000027981 3.372
10240 -0.4470093720 0.0000027942 3.325
10250 -0.4470065816 0.0000027903 3.382
10260 -0.4470037952 0.0000027864 3.352
10270 -0.4470010126 0.0000027826 3.384
10280 -0.4469982339 0.0000027787 3.263
10290 -0.4469954590 0.0000027749 3.331
10300 -0.4469926880 0.0000027710 3.349
10310 -0.4469899209 0.0000027672 3.333
10320 -0.4469871575 0.0000027633 3.258
10330 -0.4469843980 0.0000027595 3.332
10340 -0.4469816423 0.0000027557 3.277
10350 -0.4469788904 0.0000027519 3.407
10360 -0.4469761423 0.0000027481 3.284
10370 -0.4469733980 0.0000027443 3.310
10380 -0.4469706574 0.0000027406 3.318
10390 -0.4469679206 0.0000027368 3.371
10400 -0.4469651876 0.0000027330 3.282
10410 -0.4469624583 0.0000027293 3.339
10420 -0.4469597328 0.0000027255 3.331
10430 -0.4469570110 0.0000027218 3.349
10440 -0.4469542929 0.0000027181 3.292
10450 -0.4469515785 0.0000027144 3.411
10460 -0.4469488678 0.0000027107 3.362
10470 -0.4469461608 0.0000027070 3.361
10480 -0.4469434575 0.0000027033 3.436
10490 -0.4469407579 0.0000026996 3.411
10500 -0.4469380620 0.0000026959 3.245
10510 -0.4469353697 0.0000026923 3.288
10520 -0.4469326810 0.0000026886 3.364
10530 -0.4469299961 0.0000026850 3.374
10540 -0.4469273147 0.0000026814 3.261
10550 -0.4469246370 0.0000026777 3.361
10560 -0.4469219629 0.0000026741 3.294
10570 -0.4469192923 0.0000026705 3.311
10580 -0.4469166254 0.0000026669 3.259
10590 -0.4469139621 0.0000026633 3.306
10600 -0.4469113024 0.0000026597 3.354
10610 -0.4469086463 0.0000026562 3.320
10620 -0.4469059937 0.0000026526 3.321
10630 -0.4469033447 0.0000026490 3.326
10640 -0.4469006992 0.0000026455 3.365
10650 -0.4468980573 0.0000026419 3.351
10660 -0.4468954189 0.0000026384 3.290
10670 -0.4468927840 0.0000026349 3.275
10680 -0.4468901526 0.0000026313 3.367
10690 -0.4468875248 0.0000026278 3.395
10700 -0.4468849005 0.0000026243 3.348
10710 -0.4468822796 0.0000026208 3.429
10720 -0.4468796623 0.0000026174 3.322
10730 -0.4468770484 0.0000026139 3.339
10740 -0.4468744380 0.0000026104 3.352
10750 -0.4468718310 0.0000026069 3.290
10760 -0.4468692275 0.0000026035 3.307
10770 -0.4468666275 0.0000026000 3.288
10780 -0.4468640309 0.0000025966 3.303
10790 -0.4468614377 0.0000025932 3.417
10800 -0.4468588480 0.0000025898 3.354
10810 -0.4468562616 0.0000025863 3.353
10820 -0.4468536787 0.0000025829 3.329
10830 -0.4468510992 0.0000025795 3.246
10840 -0.4468485230 0.0000025761 3.354
10850 -0.4468459503 0.0000025728 3.380
10860 -0.4468433809 0.0000025694 3.350
10870 -0.4468408149 0.0000025660 3.338
10880 -0.4468382522 0.0000025626 3.291
10890 -0.4468356930 0.0000025593 3.342
10900 -0.4468331370 0.0000025559 3.359
10910 -0.4468305844 0.0000025526 3.375
10920 -0.4468280351 0.0000025493 3.367
10930 -0.4468254892 0.0000025460 3.412
10940 -0.4468229465 0.0000025426 3.252
10950 -0.4468204072 0.0000025393 3.323
10960 -0.4468178712 0.0000025360 3.293
10970 -0.4468153384 0.0000025327 3.287
10980 -0.4468128090 0.0000025295 3.307
10990 -0.4468102828 0.0000025262 3.377
11000 -0.4468077599 0.0000025229 3.315
11010 -0.4468052403 0.0000025196 3.334
11020 -0.4468027239 0.0000025164 3.371
11030 -0.4468002108 0.0000025131 3.325
11040 -0.4467977009 0.0000025099 3.360
11050 -0.4467951942 0.0000025067 3.349
11060 -0.4467926908 0.0000025034 3.322
11070 -0.4467901906 0.0000025002 3.326
11080 -0.4467876936 0.0000024970 3.310
11090 -0.4467851998 0.0000024938 3.331
11100 -0.4467827092 0.0000024906 3.340
11110 -0.4467802218 0.0000024874 3.287
11120 -0.4467777376 0.0000024842 3.303
11130 -0.4467752566 0.0000024810 3.288
11140 -0.4467727788 0.0000024779 3.336
11150 -0.4467703041 0.0000024747 3.321
11160 -0.4467678325 0.0000024715 3.317
11170 -0.4467653642 0.0000024684 3.293
11180 -0.4467628989 0.0000024652 3.248
11190 -0.4467604368 0.0000024621 3.320
11200 -0.4467579778 0.0000024590 3.381
11210 -0.4467555220 0.0000024559 3.348
11220 -0.4467530692 0.0000024527 3.345
11230 -0.4467506196 0.0000024496 3.319
11240 -0.4467481731 0.0000024465 3.359
11250 -0.4467457297 0.0000024434 3.354
11260 -0.4467432893 0.0000024403 3.365
11270 -0.4467408521 0.0000024373 3.389
11280 -0.4467384179 0.0000024342 3.316
11290 -0.4467359868 0.0000024311 3.301
11300 -0.4467335587 0.0000024281 3.356
11310 -0.4467311337 0.0000024250 3.357
11320 -0.4467287118 0.0000024220 3.311
11330 -0.4467262928 0.0000024189 3.266
11340 -0.4467238770 0.0000024159 3.303
11350 -0.4467214641 0.0000024128 3.282
11360 -0.4467190543 0.0000024098 3.291
11370 -0.4467166475 0.0000024068 3.322
11380 -0.4467142437 0.0000024038 3.349
11390 -0.4467118429 0.0000024008 3.306
11400 -0.4467094451 0.0000023978 3.381
11410 -0.4467070503 0.0000023948 3.327
11420 -0.4467046585 0.0000023918 3.300
11430 -0.4467022696 0.0000023888 3.436
11440 -0.4466998837 0.0000023859 3.362
11450 -0.4466975008 0.0000023829 3.331
11460 -0.4466951209 0.0000023800 3.273
11470 -0.4466927439 0.0000023770 3.333
11480 -0.4466903698 0.0000023741 3.376
11490 -0.4466879987 0.0000023711 3.339
11500 -0.4466856305 0.0000023682 3.242
11510 -0.4466832652 0.0000023653 3.298
11520 -0.4466809029 0.0000023623 3.323
11530 -0.4466785434 0.0000023594 3.246
11540 -0.4466761869 0.0000023565 3.243
11550 -0.4466738333 0.0000023536 3.300
11560 -0.4466714826 0.0000023507 3.267
11570 -0.4466691347 0.0000023478 3.408
11580 -0.4466667898 0.0000023450 3.344
11590 -0.4466644477 0.0000023421 3.321
11600 -0.4466621085 0.0000023392 3.295
11610 -0.4466597721 0.0000023363 3.361
11620 -0.4466574387 0.0000023335 3.326
11630 -0.4466551080 0.0000023306 3.291
11640 -0.4466527802 0.0000023278 3.363
11650 -0.4466504553 0.0000023249 3.343
11660 -0.4466481332 0.0000023221 3.344
11670 -0.4466458139 0.0000023193 3.407
11680 -0.4466434974 0.0000023165 3.332
11690 -0.4466411838 0.0000023136 3.280
11700 -0.4466388729 0.0000023108 3.250
11710 -0.4466365649 0.0000023080 3.237
11720 -0.4466342597 0.0000023052 3.301
11730 -0.4466319572 0.0000023024 3.245
11740 -0.4466296576 0.0000022997 3.284
11750 -0.4466273607 0.0000022969 3.209
11760 -0.4466250666 0.0000022941 3.267
11770 -0.4466227753 0.0000022913 3.308
11780 -0.4466204867 0.0000022886 3.323
11790 -0.4466182009 0.0000022858 3.328
11800 -0.4466159179 0.0000022831 3.316
11810 -0.4466136376 0.0000022803 3.378
11820 -0.4466113600 0.0000022776 3.386
11830 -0.4466090852 0.0000022748 3.344
11840 -0.4466068131 0.0000022721 3.305
11850 -0.4466045437 0.0000022694 3.387
11860 -0.4466022770 0.0000022667 3.232
11870 -0.4466000131 0.0000022639 3.476
11880 -0.4465977519 0.0000022612 3.288
11890 -0.4465954933 0.0000022585 3.379
11900 -0.4465932375 0.0000022558 3.291
11910 -0.4465909843 0.0000022532 3.313
11920 -0.4465887339 0.0000022505 3.298
11930 -0.4465864861 0.0000022478 3.278
11940 -0.4465842410 0.0000022451 3.328
11950 -0.4465819985 0.0000022424 3.322
11960 -0.4465797587 0.0000022398 3.319
11970 -0.4465775216 0.0000022371 3.325
11980 -0.4465752871 0.0000022345 3.379
11990 -0.4465730553 0.0000022318 3.356
12000 -0.4465708261 0.0000022292 3.380
12010 -0.4465685996 0.0000022266 3.364
12020 -0.4465663757 0.0000022239 3.296
12030 -0.4465641544 0.0000022213 3.311
12040 -0.4465619357 0.0000022187 3.408
12050 -0.4465597196 0.0000022161 3.359
12060 -0.4465575062 0.0000022135 3.353
12070 -0.4465552953 0.0000022109 3.363
12080 -0.4465530871 0.0000022083 3.306
12090 -0.4465508814 0.0000022057 3.251
12100 -0.4465486783 0.0000022031 3.320
12110 -0.4465464778 0.0000022005 3.226
12120 -0.4465442799 0.0000021979 3.275
12130 -0.4465420846 0.0000021953 3.274
12140 -0.4465398918 0.0000021928 3.285
12150 -0.4465377016 0.0000021902 3.353
12160 -0.4465355139 0.0000021877 3.301
12170 -0.4465333288 0.0000021851 3.410
12180 -0.4465311463 0.0000021826 3.317
12190 -0.4465289662 0.0000021800 3.343
12200 -0.4465267888 0.0000021775 3.327
12210 -0.4465246138 0.0000021750 3.298
12220 -0.4465224414 0.0000021724 3.377
12230 -0.4465202715 0.0000021699 3.354
12240 -0.4465181041 0.0000021674 3.310
12250 -0.4465159392 0.0000021649 3.363
12260 -0.4465137768 0.0000021624 3.353
12270 -0.4465116169 0.0000021599 3.288
12280 -0.4465094596 0.0000021574 3.365
12290 -0.4465073047 0.0000021549 3.317
12300 -0.4465051523 0.0000021524 3.306
12310 -0.4465030023 0.0000021499 3.255
12320 -0.4465008549 0.0000021474 3.293
12330 -0.4464987099 0.0000021450 3.325
12340 -0.4464965674 0.0000021425 3.364
12350 -0.4464944274 0.0000021401 3.298
12360 -0.4464922898 0.0000021376 3.351
12370 -0.4464901546 0.0000021351 3.383
12380 -0.4464880219 0.0000021327 3.314
12390 -0.4464858917 0.0000021303 3.308
12400 -0.4464837638 0.0000021278 3.339
12410 -0.4464816384 0.0000021254 3.322
12420 -0.4464795155 0.0000021230 3.282
12430 -0.4464773949 0.0000021205 3.284
12440 -0.4464752768 0.0000021181 3.308
12450 -0.4464731611 0.0000021157 3.342
12460 -0.4464710478 0.0000021133 3.288
12470 -0.4464689369 0.0000021109 3.237
12480 -0.4464668284 0.0000021085 3.259
12490 -0.4464647223 0.0000021061 3.302
12500 -0.4464626186 0.0000021037 3.400
12510 -0.4464605172 0.0000021013 3.242
12520 -0.4464584183 0.0000020990 3.350
12530 -0.4464563217 0.0000020966 3.401
12540 -0.4464542275 0.0000020942 3.335
12550 -0.4464521356 0.0000020918 3.326
12560 -0.4464500461 0.0000020895 3.323
12570 -0.4464479590 0.0000020871 3.330
12580 -0.4464458742 0.0000020848 3.354
12590 -0.4464437918 0.0000020824 3.350
12600 -0.4464417117 0.0000020801 3.314
12610 -0.4464396339 0.0000020778 3.314
12620 -0.4464375585 0.0000020754 3.319
12630 -0.4464354854 0.0000020731 3.370
12640 -0.4464334147 0.0000020708 3.358
12650 -0.4464313462 0.0000020684 3.263
12660 -0.4464292801 0.0000020661 3.187
12670 -0.4464272163 0.0000020638 3.239
12680 -0.4464251548 0.0000020615 3.307
12690 -0.4464230956 0.0000020592 3.305
12700 -0.4464210386 0.0000020569 3.358
12710 -0.4464189840 0.0000020546 3.328
12720 -0.4464169317 0.0000020523 3.378
12730 -0.4464148816 0.0000020500 3.274
12740 -0.4464128339 0.0000020478 3.431
12750 -0.4464107884 0.0000020455 3.359
12760 -0.4464087452 0.0000020432 3.371
12770 -0.4464067042 0.0000020410 3.312
12780 -0.4464046655 0.0000020387 3.315
12790 -0.4464026291 0.0000020364 3.332
12800 -0.4464005949 0.0000020342 3.370
12810 -0.4463985630 0.0000020319 3.325
12820 -0.4463965333 0.0000020297 3.254
12830 -0.4463945058 0.0000020274 3.383
12840 -0.4463924806 0.0000020252 3.327
12850 -0.4463904577 0.0000020230 3.301
12860 -0.4463884369 0.0000020207 3.207
12870 -0.4463864184 0.0000020185 3.242
12880 -0.4463844021 0.0000020163 3.270
12890 -0.4463823880 0.0000020141 3.304
12900 -0.4463803761 0.0000020119 3.267
12910 -0.4463783664 0.0000020097 3.355
12920 -0.4463763590 0.0000020075 3.308
12930 -0.4463743537 0.0000020053 3.342
12940 -0.4463723506 0.0000020031 3.310
12950 -0.4463703497 0.0000020009 3.307
12960 -0.4463683510 0.0000019987 3.336
12970 -0.4463663545 0.0000019965 3.307
12980 -0.4463643602 0.0000019943 3.345
12990 -0.4463623680 0.0000019922 3.325
13000 -0.4463603780 0.0000019900 3.306
13010 -0.4463583901 0.0000019878 3.387
13020 -0.4463564045 0.0000019857 3.321
13030 -0.4463544210 0.0000019835 3.381
13040 -0.4463524396 0.0000019814 3.273
13050 -0.4463504604 0.0000019792 3.259
13060 -0.4463484833 0.0000019771 3.329
13070 -0.4463465084 0.0000019749 3.259
13080 -0.4463445356 0.0000019728 3.314
13090 -0.4463425649 0.0000019707 3.271
13100 -0.4463405964 0.0000019685 3.253
13110 -0.4463386300 0.0000019664 3.374
13120 -0.4463366657 0.0000019643 3.333
13130 -0.4463347036 0.0000019622 3.327
13140 -0.4463327435 0.0000019601 3.352
13150 -0.4463307856 0.0000019579 3.311
13160 -0.4463288297 0.0000019558 3.316
13170 -0.4463268760 0.0000019537 3.354
13180 -0.4463249244 0.0000019516 3.355
13190 -0.4463229748 0.0000019495 3.367
13200 -0.4463210274 0.0000019475 3.326
13210 -0.4463190820 0.0000019454 3.349
13220 -0.4463171387 0.0000019433 3.416
13230 -0.4463151975 0.0000019412 3.355
13240 -0.4463132584 0.0000019391 3.347
13250 -0.4463113213 0.0000019371 3.269
13260 -0.4463093863 0.0000019350 3.241
13270 -0.4463074534 0.0000019329 3.337
13280 -0.4463055225 0.0000019309 3.230
13290 -0.4463035937 0.0000019288 3.315
13300 -0.4463016669 0.0000019268 3.322
13310 -0.4462997422 0.0000019247 3.341
13320 -0.4462978195 0.0000019227 3.329
13330 -0.4462958989 0.0000019206 3.302
13340 -0.4462939803 0.0000019186 3.334
13350 -0.4462920637 0.0000019166 3.366
13360 -0.4462901491 0.0000019145 3.301
13370 -0.4462882366 0.0000019125 3.349
13380 -0.4462863261 0.0000019105 3.357
13390 -0.4462844177 0.0000019085 3.383
13400 -0.4462825112 0.0000019065 3.357
13410 -0.4462806067 0.0000019045 3.317
13420 -0.4462787043 0.0000019024 3.376
13430 -0.4462768039 0.0000019004 3.345
13440 -0.4462749054 0.0000018984 3.269
13450 -0.4462730090 0.0000018964 3.311
13460 -0.4462711145 0.0000018945 3.350
13470 -0.4462692220 0.0000018925 3.259
13480 -0.4462673316 0.0000018905 3.370
13490 -0.4462654431 0.0000018885 3.272
13500 -0.4462635565 0.0000018865 3.352
13510 -0.4462616720 0.0000018845 3.336
13520 -0.4462597894 0.0000018826 3.356
13530 -0.4462579088 0.0000018806 3.347
13540 -0.4462560302 0.0000018786 3.283
13550 -0.4462541535 0.0000018767 3.379
13560 -0.4462522787 0.0000018747 3.357
13570 -0.4462504060 0.0000018728 3.302
13580 -0.4462485351 0.0000018708 3.371
13590 -0.4462466662 0.0000018689 3.281
13600 -0.4462447993 0.0000018669 3.264
13610 -0.4462429343 0.0000018650 3.415
13620 -0.4462410712 0.0000018631 3.291
13630 -0.4462392101 0.0000018611 3.251
13640 -0.4462373509 0.0000018592 3.291
13650 -0.4462354936 0.0000018573 3.320
13660 -0.4462336382 0.0000018554 3.210
13670 -0.4462317848 0.0000018534 3.400
13680 -0.4462299333 0.0000018515 3.369
13690 -0.4462280836 0.0000018496 3.383
13700 -0.4462262359 0.0000018477 3.286
13710 -0.4462243901 0.0000018458 3.436
13720 -0.4462225462 0.0000018439 3.378
13730 -0.4462207042 0.0000018420 3.361
13740 -0.4462188641 0.0000018401 3.334
13750 -0.4462170259 0.0000018382 3.454
13760 -0.4462151895 0.0000018363 3.285
13770 -0.4462133551 0.0000018345 3.351
13780 -0.4462115225 0.0000018326 3.343
13790 -0.4462096918 0.0000018307 3.327
13800 -0.4462078630 0.0000018288 3.405
13810 -0.4462060360 0.0000018270 3.340
13820 -0.4462042110 0.0000018251 3.255
13830 -0.4462023877 0.0000018232 3.305
13840 -0.4462005664 0.0000018214 3.238
13850 -0.4461987469 0.0000018195 3.297
13860 -0.4461969292 0.0000018176 3.333
13870 -0.4461951134 0.0000018158 3.286
13880 -0.4461932995 0.0000018139 3.318
13890 -0.4461914874 0.0000018121 3.287
13900 -0.4461896771 0.0000018103 3.276
13910 -0.4461878687 0.0000018084 3.285
13920 -0.4461860621 0.0000018066 3.323
13930 -0.4461842573 0.0000018048 3.303
13940 -0.4461824544 0.0000018029 3.260
13950 -0.4461806533 0.0000018011 3.387
13960 -0.4461788540 0.0000017993 3.330
13970 -0.4461770565 0.0000017975 3.350
13980 -0.4461752609 0.0000017957 3.239
13990 -0.4461734671 0.0000017938 3.346
14000 -0.4461716750 0.0000017920 3.297
14010 -0.4461698848 0.0000017902 3.310
14020 -0.4461680964 0.0000017884 3.277
14030 -0.4461663098 0.0000017866 3.244
14040 -0.4461645249 0.0000017848 3.327
14050 -0.4461627419 0.0000017830 3.213
14060 -0.4461609607 0.0000017812 3.293
14070 -0.4461591812 0.0000017795 3.365
14080 -0.4461574035 0.0000017777 3.322
14090 -0.4461556276 0.0000017759 3.372
14100 -0.4461538535 0.0000017741 3.335
14110 -0.4461520812 0.0000017723 3.340
14120 -0.4461503106 0.0000017706 3.365
14130 -0.4461485418 0.0000017688 3.306
14140 -0.4461467748 0.0000017670 3.326
14150 -0.4461450095 0.0000017653 3.259
14160 -0.4461432460 0.0000017635 3.408
14170 -0.4461414842 0.0000017618 3.256
14180 -0.4461397242 0.0000017600 3.461
14190 -0.4461379660 0.0000017583 3.271
14200 -0.4461362095 0.0000017565 3.268
14210 -0.4461344547 0.0000017548 3.318
14220 -0.4461327017 0.0000017530 3.260
14230 -0.4461309504 0.0000017513 3.228
14240 -0.4461292009 0.0000017495 3.281
14250 -0.4461274531 0.0000017478 3.299
14260 -0.4461257070 0.0000017461 3.339
14270 -0.4461239626 0.0000017444 3.381
14280 -0.4461222200 0.0000017426 3.415
14290 -0.4461204791 0.0000017409 3.335
14300 -0.4461187399 0.0000017392 3.327
14310 -0.4461170024 0.0000017375 3.360
14320 -0.4461152666 0.0000017358 3.285
14330 -0.4461135326 0.0000017341 3.346
14340 -0.4461118002 0.0000017324 3.344
14350 -0.4461100696 0.0000017307 3.399
14360 -0.4461083406 0.0000017290 3.309
14370 -0.4461066133 0.0000017273 3.326
14380 -0.4461048878 0.0000017256 3.302
14390 -0.4461031639 0.0000017239 3.307
14400 -0.4461014417 0.0000017222 3.304
14410 -0.4460997212 0.0000017205 3.275
14420 -0.4460980024 0.0000017188 3.222
14430 -0.4460962853 0.0000017171 3.325
14440 -0.4460945698 0.0000017155 3.272
14450 -0.4460928560 0.0000017138 3.256
14460 -0.4460911439 0.0000017121 3.374
14470 -0.4460894335 0.0000017104 3.325
14480 -0.4460877247 0.0000017088 3.397
14490 -0.4460860176 0.0000017071 3.346
14500 -0.4460843121 0.0000017055 3.340
14510 -0.4460826083 0.0000017038 3.384
14520 -0.4460809062 0.0000017021 3.323
14530 -0.4460792057 0.0000017005 3.313
14540 -0.4460775069 0.0000016988 3.376
14550 -0.4460758097 0.0000016972 3.315
14560 -0.4460741141 0.0000016956 3.377
14570 -0.4460724202 0.0000016939 3.336
14580 -0.4460707279 0.0000016923 3.336
14590 -0.4460690373 0.0000016906 3.276
14600 -0.4460673483 0.0000016890 3.286
14610 -0.4460656609 0.0000016874 3.262
14620 -0.4460639751 0.0000016858 3.312
14630 -0.4460622910 0.0000016841 3.252
14640 -0.4460606085 0.0000016825 3.277
14650 -0.4460589276 0.0000016809 3.294
14660 -0.4460572484 0.0000016793 3.324
14670 -0.4460555707 0.0000016777 3.332
14680 -0.4460538946 0.0000016760 3.285
14690 -0.4460522202 0.0000016744 3.353
14700 -0.4460505474 0.0000016728 3.294
14710 -0.4460488761 0.0000016712 3.299
14720 -0.4460472065 0.0000016696 3.341
14730 -0.4460455385 0.0000016680 3.371
14740 -0.4460438720 0.0000016664 3.355
14750 -0.4460422072 0.0000016648 3.315
14760 -0.4460405439 0.0000016633 3.337
14770 -0.4460388823 0.0000016617 3.355
14780 -0.4460372222 0.0000016601 3.301
14790 -0.4460355637 0.0000016585 3.306
14800 -0.4460339067 0.0000016569 3.294
14810 -0.4460322514 0.0000016554 3.277
14820 -0.4460305976 0.0000016538 3.227
14830 -0.4460289454 0.0000016522 3.307
14840 -0.4460272948 0.0000016506 3.375
14850 -0.4460256457 0.0000016491 3.388
14860 -0.4460239982 0.0000016475 3.325
14870 -0.4460223522 0.0000016459 3.349
14880 -0.4460207078 0.0000016444 3.331
14890 -0.4460190650 0.0000016428 3.296
14900 -0.4460174237 0.0000016413 3.368
14910 -0.4460157840 0.0000016397 3.275
14920 -0.4460141458 0.0000016382 3.410
14930 -0.4460125092 0.0000016366 3.403
14940 -0.4460108741 0.0000016351 3.414
14950 -0.4460092405 0.0000016336 3.323
14960 -0.4460076085 0.0000016320 3.354
14970 -0.4460059780 0.0000016305 3.247
14980 -0.4460043491 0.0000016289 3.303
14990 -0.4460027217 0.0000016274 3.297
15000 -0.4460010958 0.0000016259 3.241
15010 -0.4459994714 0.0000016244 3.306
15020 -0.4459978486 0.0000016228 3.354
15030 -0.4459962273 0.0000016213 3.323
15040 -0.4459946075 0.0000016198 3.348
15050 -0.4459929892 0.0000016183 3.313
15060 -0.4459913724 0.0000016168 3.299
15070 -0.4459897571 0.0000016153 3.317
15080 -0.4459881434 0.0000016138 3.388
15090 -0.4459865311 0.0000016122 3.346
15100 -0.4459849204 0.0000016107 3.393
15110 -0.4459833111 0.0000016092 3.340
15120 -0.4459817034 0.0000016077 3.348
15130 -0.4459800971 0.0000016063 3.342
15140 -0.4459784924 0.0000016048 3.273
15150 -0.4459768891 0.0000016033 3.293
15160 -0.4459752873 0.0000016018 3.293
15170 -0.4459736870 0.0000016003 3.277
15180 -0.4459720882 0.0000015988 3.255
15190 -0.4459704909 0.0000015973 3.199
15200 -0.4459688951 0.0000015958 3.258
15210 -0.4459673007 0.0000015944 3.334
15220 -0.4459657078 0.0000015929 3.247
15230 -0.4459641164 0.0000015914 3.371
15240 -0.4459625264 0.0000015900 3.344
15250 -0.4459609379 0.0000015885 3.362
15260 -0.4459593509 0.0000015870 3.315
15270 -0.4459577654 0.0000015856 3.373
15280 -0.4459561813 0.0000015841 3.332
15290 -0.4459545986 0.0000015826 3.358
15300 -0.4459530174 0.0000015812 3.326
15310 -0.4459514377 0.0000015797 3.356
15320 -0.4459498594 0.0000015783 3.343
15330 -0.4459482826 0.0000015768 3.305
15340 -0.4459467072 0.0000015754 3.227
15350 -0.4459451333 0.0000015739 3.343
15360 -0.4459435608 0.0000015725 3.278
15370 -0.4459419897 0.0000015711 3.344
15380 -0.4459404201 0.0000015696 3.257
15390 -0.4459388519 0.0000015682 3.271
15400 -0.4459372851 0.0000015668 3.298
15410 -0.4459357198 0.0000015653 3.285
15420 -0.4459341559 0.0000015639 3.374
15430 -0.4459325934 0.0000015625 3.320
15440 -0.4459310324 0.0000015610 3.390
15450 -0.4459294728 0.0000015596 3.256
15460 -0.4459279146 0.0000015582 3.402
15470 -0.4459263578 0.0000015568 3.396
15480 -0.4459248024 0.0000015554 3.399
15490 -0.4459232484 0.0000015540 3.336
15500 -0.4459216959 0.0000015526 3.384
15510 -0.4459201447 0.0000015511 3.325
15520 -0.4459185950 0.0000015497 3.343
15530 -0.4459170467 0.0000015483 3.382
15540 -0.4459154997 0.0000015469 3.264
15550 -0.4459139542 0.0000015455 3.246
15560 -0.4459124101 0.0000015441 3.285
15570 -0.4459108673 0.0000015427 3.266
15580 -0.4459093260 0.0000015414 3.302
15590 -0.4459077860 0.0000015400 3.313
15600 -0.4459062474 0.0000015386 3.287
15610 -0.4459047102 0.0000015372 3.383
15620 -0.4459031744 0.0000015358 3.376
15630 -0.4459016400 0.0000015344 3.410
15640 -0.4459001070 0.0000015330 3.292
15650 -0.4458985753 0.0000015317 3.316
15660 -0.4458970450 0.0000015303 3.314
15670 -0.4458955161 0.0000015289 3.346
15680 -0.4458939886 0.0000015275 3.294
15690 -0.4458924624 0.0000015262 3.281
15700 -0.4458909376 0.0000015248 3.356
15710 -0.4458894141 0.0000015234 3.416
15720 -0.4458878920 0.0000015221 3.347
15730 -0.4458863713 0.0000015207 3.351
15740 -0.4458848519 0.0000015194 3.384
15750 -0.4458833339 0.0000015180 3.325
15760 -0.4458818173 0.0000015167 3.318
15770 -0.4458803020 0.0000015153 3.354
15780 -0.4458787880 0.0000015140 3.279
15790 -0.4458772754 0.0000015126 3.294
15800 -0.4458757642 0.0000015113 3.302
15810 -0.4458742542 0.0000015099 3.314
15820 -0.4458727457 0.0000015086 3.378
15830 -0.4458712384 0.0000015072 3.373
15840 -0.4458697325 0.0000015059 3.329
15850 -0.4458682280 0.0000015046 3.283
15860 -0.4458667247 0.0000015032 3.321
15870 -0.4458652228 0.0000015019 3.456
15880 -0.4458637223 0.0000015006 3.322
15890 -0.4458622230 0.0000014992 3.390
15900 -0.4458607251 0.0000014979 3.356
15910 -0.4458592285 0.0000014966 3.364
15920 -0.4458577333 0.0000014953 3.325
15930 -0.4458562393 0.0000014940 3.319
15940 -0.4458547467 0.0000014926 3.310
15950 -0.4458532553 0.0000014913 3.194
15960 -0.4458517653 0.0000014900 3.257
15970 -0.4458502766 0.0000014887 3.249
15980 -0.4458487892 0.0000014874 3.312
15990 -0.4458473032 0.0000014861 3.281
16000 -0.4458458184 0.0000014848 3.353
16010 -0.4458443349 0.0000014835 3.404
16020 -0.4458428527 0.0000014822 3.240
16030 -0.4458413719 0.0000014809 3.384
16040 -0.4458398923 0.0000014796 3.358
16050 -0.4458384140 0.0000014783 3.402
16060 -0.4458369370 0.0000014770 3.419
16070 -0.4458354613 0.0000014757 3.356
16080 -0.4458339869 0.0000014744 3.352
16090 -0.4458325138 0.0000014731 3.291
16100 -0.4458310419 0.0000014718 3.390
16110 -0.4458295714 0.0000014706 3.250
16120 -0.4458281021 0.0000014693 3.341
16130 -0.4458266341 0.0000014680 3.326
16140 -0.4458251674 0.0000014667 3.319
16150 -0.4458237020 0.0000014654 3.332
16160 -0.4458222378 0.0000014642 3.230
16170 -0.4458207749 0.0000014629 3.260
16180 -0.4458193133 0.0000014616 3.309
16190 -0.4458178529 0.0000014604 3.377
16200 -0.4458163938 0.0000014591 3.408
16210 -0.4458149360 0.0000014578 3.294
16220 -0.4458134794 0.0000014566 3.380
16230 -0.4458120241 0.0000014553 3.340
16240 -0.4458105701 0.0000014540 3.362
16250 -0.4458091173 0.0000014528 3.315
16260 -0.4458076658 0.0000014515 3.385
16270 -0.4458062155 0.0000014503 3.327
16280 -0.4458047664 0.0000014490 3.312
16290 -0.4458033187 0.0000014478 3.339
16300 -0.4458018721 0.0000014465 3.310
16310 -0.4458004268 0.0000014453 3.334
16320 -0.4457989828 0.0000014440 3.323
16330 -0.4457975400 0.0000014428 3.302
16340 -0.4457960984 0.0000014416 3.286
16350 -0.4457946581 0.0000014403 3.278
16360 -0.4457932190 0.0000014391 3.297
16370 -0.4457917811 0.0000014379 3.353
16380 -0.4457903445 0.0000014366 3.323
16390 -0.4457889091 0.0000014354 3.315
16400 -0.4457874749 0.0000014342 3.357
16410 -0.4457860420 0.0000014329 3.226
16420 -0.4457846103 0.0000014317 3.305
16430 -0.4457831798 0.0000014305 3.347
16440 -0.4457817505 0.0000014293 3.343
16450 -0.4457803224 0.0000014281 3.394
16460 -0.4457788956 0.0000014268 3.303
16470 -0.4457774700 0.0000014256 3.466
16480 -0.4457760456 0.0000014244 3.366
16490 -0.4457746224 0.0000014232 3.376
16500 -0.4457732004 0.0000014220 3.292
16510 -0.4457717796 0.0000014208 3.279
16520 -0.4457703601 0.0000014196 3.313
16530 -0.4457689417 0.0000014184 3.283
16540 -0.4457675245 0.0000014172 3.212
16550 -0.4457661086 0.0000014160 3.275
16560 -0.4457646938 0.0000014148 3.311
16570 -0.4457632803 0.0000014136 3.317
16580 -0.4457618679 0.0000014124 3.361
16590 -0.4457604567 0.0000014112 3.304
16600 -0.4457590468 0.0000014100 3.380
16610 -0.4457576380 0.0000014088 3.360
16620 -0.4457562304 0.0000014076 3.347
16630 -0.4457548240 0.0000014064 3.286
16640 -0.4457534188 0.0000014052 3.370
16650 -0.4457520147 0.0000014040 3.311
16660 -0.4457506119 0.0000014029 3.352
16670 -0.4457492102 0.0000014017 3.230
16680 -0.4457478097 0.0000014005 3.393
16690 -0.4457464104 0.0000013993 3.315
16700 -0.4457450122 0.0000013981 3.316
16710 -0.4457436152 0.0000013970 3.409
16720 -0.4457422194 0.0000013958 3.339
16730 -0.4457408248 0.0000013946 3.289
16740 -0.4457394314 0.0000013935 3.309
16750 -0.4457380391 0.0000013923 3.275
16760 -0.4457366479 0.0000013911 3.244
16770 -0.4457352580 0.0000013900 3.281
16780 -0.4457338692 0.0000013888 3.360
16790 -0.4457324815 0.0000013876 3.380
16800 -0.4457310950 0.0000013865 3.409
16810 -0.4457297097 0.0000013853 3.369
16820 -0.4457283255 0.0000013842 3.292
16830 -0.4457269425 0.0000013830 3.482
16840 -0.4457255607 0.0000013819 3.363
16850 -0.4457241799 0.0000013807 3.297
16860 -0.4457228004 0.0000013796 3.301
16870 -0.4457214219 0.0000013784 3.354
16880 -0.4457200447 0.0000013773 3.400
16890 -0.4457186685 0.0000013761 3.282
16900 -0.4457172935 0.0000013750 3.239
16910 -0.4457159197 0.0000013739 3.345
16920 -0.4457145470 0.0000013727 3.331
16930 -0.4457131754 0.0000013716 3.315
16940 -0.4457118050 0.0000013704 3.241
16950 -0.4457104357 0.0000013693 3.255
16960 -0.4457090675 0.0000013682 3.340
16970 -0.4457077004 0.0000013670 3.296
16980 -0.4457063345 0.0000013659 3.299
16990 -0.4457049697 0.0000013648 3.346
17000 -0.4457036061 0.0000013637 3.263
17010 -0.4457022435 0.0000013625 3.345
17020 -0.4457008821 0.0000013614 3.364
17030 -0.4456995218 0.0000013603 3.353
17040 -0.4456981626 0.0000013592 3.386
17050 -0.4456968046 0.0000013581 3.324
17060 -0.4456954476 0.0000013569 3.347
17070 -0.4456940918 0.0000013558 3.287
17080 -0.4456927371 0.0000013547 3.306
17090 -0.4456913834 0.0000013536 3.339
17100 -0.4456900309 0.0000013525 3.338
17110 -0.4456886796 0.0000013514 3.452
17120 -0.4456873293 0.0000013503 3.310
17130 -0.4456859801 0.0000013492 3.294
17140 -0.4456846320 0.0000013481 3.236
17150 -0.4456832850 0.0000013470 3.319
17160 -0.4456819392 0.0000013459 3.239
17170 -0.4456805944 0.0000013448 3.299
17180 -0.4456792507 0.0000013437 3.304
17190 -0.4456779081 0.0000013426 3.332
17200 -0.4456765666 0.0000013415 3.372
17210 -0.4456752262 0.0000013404 3.284
17220 -0.4456738869 0.0000013393 3.377
17230 -0.4456725487 0.0000013382 3.345
17240 -0.4456712116 0.0000013371 3.264
17250 -0.4456698755 0.0000013360 3.352
17260 -0.4456685406 0.0000013350 3.389
17270 -0.4456672067 0.0000013339 3.364
17280 -0.4456658739 0.0000013328 3.413
17290 -0.4456645422 0.0000013317 3.360
17300 -0.4456632115 0.0000013306 3.252
17310 -0.4456618820 0.0000013296 3.276
17320 -0.4456605535 0.0000013285 3.293
17330 -0.4456592261 0.0000013274 3.308
17340 -0.4456578997 0.0000013263 3.291
17350 -0.4456565745 0.0000013253 3.250
17360 -0.4456552503 0.0000013242 3.294
17370 -0.4456539271 0.0000013231 3.394
17380 -0.4456526051 0.0000013221 3.297
17390 -0.4456512841 0.0000013210 3.349
17400 -0.4456499641 0.0000013199 3.311
17410 -0.4456486453 0.0000013189 3.309
17420 -0.4456473275 0.0000013178 3.362
17430 -0.4456460107 0.0000013168 3.413
17440 -0.4456446950 0.0000013157 3.332
17450 -0.4456433804 0.0000013146 3.331
17460 -0.4456420668 0.0000013136 3.323
17470 -0.4456407542 0.0000013125 3.355
17480 -0.4456394428 0.0000013115 3.372
17490 -0.4456381323 0.0000013104 3.294
17500 -0.4456368229 0.0000013094 3.304
17510 -0.4456355146 0.0000013083 3.302
17520 -0.4456342073 0.0000013073 3.202
17530 -0.4456329011 0.0000013062 3.282
17540 -0.4456315959 0.0000013052 3.396
17550 -0.4456302917 0.0000013042 3.355
17560 -0.4456289886 0.0000013031 3.366
17570 -0.4456276865 0.0000013021 3.371
17580 -0.4456263854 0.0000013010 3.332
17590 -0.4456250854 0.0000013000 3.303
17600 -0.4456237865 0.0000012990 3.317
17610 -0.4456224885 0.0000012979 3.272
17620 -0.4456211916 0.0000012969 3.391
17630 -0.4456198957 0.0000012959 3.324
17640 -0.4456186009 0.0000012949 3.317
17650 -0.4456173070 0.0000012938 3.321
17660 -0.4456160142 0.0000012928 3.322
17670 -0.4456147224 0.0000012918 3.268
17680 -0.4456134317 0.0000012908 3.321
17690 -0.4456121420 0.0000012897 3.256
17700 -0.4456108532 0.0000012887 3.269
17710 -0.4456095655 0.0000012877 3.285
17720 -0.4456082789 0.0000012867 3.263
17730 -0.4456069932 0.0000012857 3.294
17740 -0.4456057086 0.0000012846 3.275
17750 -0.4456044249 0.0000012836 3.276
17760 -0.4456031423 0.0000012826 3.304
17770 -0.4456018607 0.0000012816 3.303
17780 -0.4456005801 0.0000012806 3.324
17790 -0.4455993005 0.0000012796 3.369
17800 -0.4455980219 0.0000012786 3.317
17810 -0.4455967443 0.0000012776 3.336
17820 -0.4455954677 0.0000012766 3.318
17830 -0.4455941921 0.0000012756 3.398
17840 -0.4455929176 0.0000012746 3.301
17850 -0.4455916440 0.0000012736 3.307
17860 -0.4455903714 0.0000012726 3.302
17870 -0.4455890998 0.0000012716 3.291
17880 -0.4455878292 0.0000012706 3.297
17890 -0.4455865596 0.0000012696 3.251
17900 -0.4455852910 0.0000012686 3.266
17910 -0.4455840234 0.0000012676 3.266
17920 -0.4455827568 0.0000012666 3.207
17930 -0.4455814911 0.0000012656 3.336
17940 -0.4455802265 0.0000012646 3.488
17950 -0.4455789628 0.0000012637 3.379
17960 -0.4455777001 0.0000012627 3.280
17970 -0.4455764384 0.0000012617 3.255
17980 -0.4455751777 0.0000012607 3.410
17990 -0.4455739180 0.0000012597 3.324
18000 -0.4455726592 0.0000012588 3.387
18010 -0.4455714015 0.0000012578 3.340
18020 -0.4455701447 0.0000012568 3.365
18030 -0.4455688888 0.0000012558 3.286
18040 -0.4455676340 0.0000012549 3.420
18050 -0.4455663801 0.0000012539 3.234
18060 -0.4455651272 0.0000012529 3.340
18070 -0.4455638753 0.0000012519 3.251
18080 -0.4455626243 0.0000012510 3.257
18090 -0.4455613743 0.0000012500 3.265
18100 -0.4455601253 0.0000012490 3.301
18110 -0.4455588772 0.0000012481 3.307
18120 -0.4455576301 0.0000012471 3.320
18130 -0.4455563839 0.0000012461 3.329
18140 -0.4455551387 0.0000012452 3.320
18150 -0.4455538945 0.0000012442 3.392
18160 -0.4455526512 0.0000012433 3.337
18170 -0.4455514089 0.0000012423 3.359
18180 -0.4455501676 0.0000012414 3.301
18190 -0.4455489272 0.0000012404 3.319
18200 -0.4455476877 0.0000012394 3.380
18210 -0.4455464492 0.0000012385 3.369
18220 -0.4455452117 0.0000012375 3.337
18230 -0.4455439751 0.0000012366 3.297
18240 -0.4455427394 0.0000012356 3.395
18250 -0.4455415047 0.0000012347 3.368
18260 -0.4455402710 0.0000012338 3.311
18270 -0.4455390382 0.0000012328 3.314
18280 -0.4455378063 0.0000012319 3.279
18290 -0.4455365754 0.0000012309 3.256
18300 -0.4455353454 0.0000012300 3.345
18310 -0.4455341163 0.0000012290 3.265
18320 -0.4455328882 0.0000012281 3.238
18330 -0.4455316611 0.0000012272 3.276
18340 -0.4455304348 0.0000012262 3.308
18350 -0.4455292095 0.0000012253 3.391
18360 -0.4455279851 0.0000012244 3.334
18370 -0.4455267617 0.0000012234 3.339
18380 -0.4455255392 0.0000012225 3.357
18390 -0.4455243176 0.0000012216 3.312
18400 -0.4455230970 0.0000012207 3.314
18410 -0.4455218772 0.0000012197 3.284
18420 -0.4455206584 0.0000012188 3.293
18430 -0.4455194406 0.0000012179 3.296
18440 -0.4455182236 0.0000012170 3.300
18450 -0.4455170076 0.0000012160 3.305
18460 -0.4455157925 0.0000012151 3.285
18470 -0.4455145783 0.0000012142 3.314
18480 -0.4455133650 0.0000012133 3.275
18490 -0.4455121527 0.0000012124 3.251
18500 -0.4455109412 0.0000012114 3.282
18510 -0.4455097307 0.0000012105 3.280
18520 -0.4455085211 0.0000012096 3.292
18530 -0.4455073124 0.0000012087 3.300
18540 -0.4455061046 0.0000012078 3.417
18550 -0.4455048977 0.0000012069 3.322
18560 -0.4455036918 0.0000012060 3.454
18570 -0.4455024867 0.0000012051 3.362
18580 -0.4455012825 0.0000012042 3.350
18590 -0.4455000793 0.0000012032 3.377
18600 -0.4454988770 0.0000012023 3.319
18610 -0.4454976755 0.0000012014 3.370
18620 -0.4454964750 0.0000012005 3.408
18630 -0.4454952753 0.0000011996 3.350
18640 -0.4454940766 0.0000011987 3.401
18650 -0.4454928787 0.0000011978 3.297
18660 -0.4454916818 0.0000011969 3.317
18670 -0.4454904857 0.0000011961 3.281
18680 -0.4454892906 0.0000011952 3.312
18690 -0.4454880963 0.0000011943 3.313
18700 -0.4454869030 0.0000011934 3.211
18710 -0.4454857105 0.0000011925 3.308
18720 -0.4454845189 0.0000011916 3.250
18730 -0.4454833282 0.0000011907 3.334
18740 -0.4454821384 0.0000011898 3.347
18750 -0.4454809494 0.0000011889 3.302
18760 -0.4454797614 0.0000011880 3.297
18770 -0.4454785742 0.0000011872 3.354
18780 -0.4454773880 0.0000011863 3.359
18790 -0.4454762026 0.0000011854 3.295
18800 -0.4454750181 0.0000011845 3.313
18810 -0.4454738344 0.0000011836 3.349
18820 -0.4454726517 0.0000011828 3.326
18830 -0.4454714698 0.0000011819 3.347
18840 -0.4454702888 0.0000011810 3.295
18850 -0.4454691087 0.0000011801 3.335
18860 -0.4454679294 0.0000011793 3.289
18870 -0.4454667511 0.0000011784 3.301
18880 -0.4454655735 0.0000011775 3.345
18890 -0.4454643969 0.0000011766 3.283
18900 -0.4454632211 0.0000011758 3.250
18910 -0.4454620462 0.0000011749 3.210
18920 -0.4454608722 0.0000011740 3.276
18930 -0.4454596990 0.0000011732 3.328
18940 -0.4454585267 0.0000011723 3.363
18950 -0.4454573553 0.0000011714 3.302
18960 -0.4454561847 0.0000011706 3.350
18970 -0.4454550150 0.0000011697 3.367
18980 -0.4454538462 0.0000011689 3.280
18990 -0.4454526782 0.0000011680 3.328
19000 -0.4454515110 0.0000011671 3.348
19010 -0.4454503448 0.0000011663 3.342
19020 -0.4454491793 0.0000011654 3.327
19030 -0.4454480148 0.0000011646 3.308
19040 -0.4454468511 0.0000011637 3.331
19050 -0.4454456882 0.0000011629 3.346
19060 -0.4454445262 0.0000011620 3.441
19070 -0.4454433650 0.0000011612 3.306
19080 -0.4454422047 0.0000011603 3.321
19090 -0.4454410453 0.0000011595 3.226
19100 -0.4454398867 0.0000011586 3.227
19110 -0.4454387289 0.0000011578 3.357
19120 -0.4454375720 0.0000011569 3.483
19130 -0.4454364159 0.0000011561 3.295
19140 -0.4454352607 0.0000011552 3.380
19150 -0.4454341063 0.0000011544 3.386
19160 -0.4454329527 0.0000011535 3.244
19170 -0.4454318000 0.0000011527 3.322
19180 -0.4454306482 0.0000011519 3.329
19190 -0.4454294971 0.0000011510 3.326
19200 -0.4454283469 0.0000011502 3.333
19210 -0.4454271976 0.0000011494 3.311
19220 -0.4454260490 0.0000011485 3.390
19230 -0.4454249014 0.0000011477 3.406
19240 -0.4454237545 0.0000011469 3.312
19250 -0.4454226085 0.0000011460 3.301
19260 -0.4454214633 0.0000011452 3.292
19270 -0.4454203189 0.0000011444 3.235
19280 -0.4454191754 0.0000011435 3.275
19290 -0.4454180327 0.0000011427 3.264
19300 -0.4454168908 0.0000011419 3.324
19310 -0.4454157497 0.0000011411 3.303
19320 -0.4454146095 0.0000011402 3.332
19330 -0.4454134701 0.0000011394 3.347
19340 -0.4454123315 0.0000011386 3.377
19350 -0.4454111937 0.0000011378 3.355
19360 -0.4454100567 0.0000011370 3.364
19370 -0.4454089206 0.0000011361 3.300
19380 -0.4454077853 0.0000011353 3.283
19390 -0.4454066508 0.0000011345 3.335
19400 -0.4454055171 0.0000011337 3.277
19410 -0.4454043843 0.0000011329 3.364
19420 -0.4454032522 0.0000011321 3.379
19430 -0.4454021210 0.0000011312 3.363
19440 -0.4454009905 0.0000011304 3.252
19450 -0.4453998609 0.0000011296 3.397
19460 -0.4453987321 0.0000011288 3.300
19470 -0.4453976041 0.0000011280 3.283
19480 -0.4453964769 0.0000011272 3.223
19490 -0.4453953505 0.0000011264 3.264
19500 -0.4453942250 0.0000011256 3.324
19510 -0.4453931002 0.0000011248 3.288
19520 -0.4453919762 0.0000011240 3.313
19530 -0.4453908531 0.0000011232 3.351
19540 -0.4453897307 0.0000011224 3.350
19550 -0.4453886091 0.0000011216 3.343
19560 -0.4453874884 0.0000011208 3.364
19570 -0.4453863684 0.0000011200 3.341
19580 -0.4453852492 0.0000011192 3.416
19590 -0.4453841309 0.0000011184 3.385
19600 -0.4453830133 0.0000011176 3.337
19610 -0.4453818965 0.0000011168 3.344
19620 -0.4453807805 0.0000011160 3.281
19630 -0.4453796653 0.0000011152 3.321
19640 -0.4453785509 0.0000011144 3.327
19650 -0.4453774373 0.0000011136 3.336
19660 -0.4453763245 0.0000011128 3.283
19670 -0.4453752125 0.0000011120 3.347
19680 -0.4453741012 0.0000011112 3.303
19690 -0.4453729908 0.0000011105 3.213
19700 -0.4453718811 0.0000011097 3.266
19710 -0.4453707722 0.0000011089 3.175
19720 -0.4453696641 0.0000011081 3.338
19730 -0.4453685568 0.0000011073 3.359
19740 -0.4453674502 0.0000011065 3.294
19750 -0.4453663445 0.0000011058 3.371
19760 -0.4453652395 0.0000011050 3.341
19770 -0.4453641353 0.0000011042 3.294
19780 -0.4453630319 0.0000011034 3.312
19790 -0.4453619293 0.0000011026 3.357
19800 -0.4453608274 0.0000011019 3.316
19810 -0.4453597263 0.0000011011 3.319
19820 -0.4453586260 0.0000011003 3.376
19830 -0.4453575265 0.0000010995 3.265
19840 -0.4453564277 0.0000010988 3.320
19850 -0.4453553297 0.0000010980 3.319
19860 -0.4453542325 0.0000010972 3.291
19870 -0.4453531360 0.0000010965 3.245
19880 -0.4453520403 0.0000010957 3.301
19890 -0.4453509454 0.0000010949 3.296
19900 -0.4453498513 0.0000010942 3.317
19910 -0.4453487579 0.0000010934 3.215
19920 -0.4453476653 0.0000010926 3.379
19930 -0.4453465734 0.0000010919 3.375
19940 -0.4453454823 0.0000010911 3.315
19950 -0.4453443920 0.0000010903 3.385
19960 -0.4453433024 0.0000010896 3.336
19970 -0.4453422136 0.0000010888 3.289
19980 -0.4453411255 0.0000010880 3.362
19990 -0.4453400383 0.0000010873 3.327
20000 -0.4453389517 0.0000010865 3.343
20010 -0.4453378659 0.0000010858 3.291
20020 -0.4453367809 0.0000010850 3.400
20030 -0.4453356967 0.0000010843 3.334
20040 -0.4453346131 0.0000010835 3.282
20050 -0.4453335304 0.0000010828 3.322
20060 -0.4453324484 0.0000010820 3.292
20070 -0.4453313671 0.0000010813 3.317
20080 -0.4453302866 0.0000010805 3.347
20090 -0.4453292069 0.0000010798 3.367
20100 -0.4453281279 0.0000010790 3.268
20110 -0.4453270496 0.0000010783 3.378
20120 -0.4453259721 0.0000010775 3.328
20130 -0.4453248953 0.0000010768 3.336
20140 -0.4453238193 0.0000010760 3.336
20150 -0.4453227440 0.0000010753 3.441
20160 -0.4453216695 0.0000010745 3.364
20170 -0.4453205957 0.0000010738 3.283
20180 -0.4453195226 0.0000010731 3.326
20190 -0.4453184503 0.0000010723 3.329
20200 -0.4453173788 0.0000010716 3.352
20210 -0.4453163079 0.0000010708 3.287
20220 -0.4453152378 0.0000010701 3.315
20230 -0.4453141685 0.0000010694 3.415
20240 -0.4453130999 0.0000010686 3.320
20250 -0.4453120320 0.0000010679 3.297
20260 -0.4453109648 0.0000010672 3.302
20270 -0.4453098984 0.0000010664 3.236
20280 -0.4453088327 0.0000010657 3.295
20290 -0.4453077678 0.0000010650 3.313
20300 -0.4453067035 0.0000010642 3.321
20310 -0.4453056401 0.0000010635 3.304
20320 -0.4453045773 0.0000010628 3.334
20330 -0.4453035152 0.0000010620 3.265
20340 -0.4453024539 0.0000010613 3.293
20350 -0.4453013934 0.0000010606 3.339
20360 -0.4453003335 0.0000010599 3.280
20370 -0.4452992744 0.0000010591 3.282
20380 -0.4452982160 0.0000010584 3.400
20390 -0.4452971583 0.0000010577 3.237
20400 -0.4452961013 0.0000010570 3.319
20410 -0.4452950451 0.0000010562 3.338
20420 -0.4452939895 0.0000010555 3.353
20430 -0.4452929347 0.0000010548 3.300
20440 -0.4452918807 0.0000010541 3.239
20450 -0.4452908273 0.0000010534 3.311
20460 -0.4452897746 0.0000010526 3.282
20470 -0.4452887227 0.0000010519 3.238
20480 -0.4452876715 0.0000010512 3.276
20490 -0.4452866210 0.0000010505 3.421
20500 -0.4452855712 0.0000010498 3.331
20510 -0.4452845221 0.0000010491 3.288
20520 -0.4452834738 0.0000010484 3.318
20530 -0.4452824261 0.0000010477 3.297
20540 -0.4452813792 0.0000010469 3.367
20550 -0.4452803329 0.0000010462 3.369
20560 -0.4452792874 0.0000010455 3.340
20570 -0.4452782426 0.0000010448 3.364
20580 -0.4452771985 0.0000010441 3.368
20590 -0.4452761551 0.0000010434 3.341
20600 -0.4452751124 0.0000010427 3.381
20610 -0.4452740704 0.0000010420 3.347
20620 -0.4452730291 0.0000010413 3.293
20630 -0.4452719885 0.0000010406 3.229
20640 -0.4452709486 0.0000010399 3.282
20650 -0.4452699094 0.0000010392 3.311
20660 -0.4452688709 0.0000010385 3.263
20670 -0.4452678331 0.0000010378 3.297
20680 -0.4452667960 0.0000010371 3.294
20690 -0.4452657597 0.0000010364 3.284
20700 -0.4452647240 0.0000010357 3.369
20710 -0.4452636890 0.0000010350 3.380
20720 -0.4452626547 0.0000010343 3.354
20730 -0.4452616211 0.0000010336 3.432
20740 -0.4452605881 0.0000010329 3.387
20750 -0.4452595559 0.0000010322 3.334
20760 -0.4452585244 0.0000010315 3.378
20770 -0.4452574936 0.0000010308 3.365
20780 -0.4452564634 0.0000010301 3.309
20790 -0.4452554339 0.0000010295 3.316
20800 -0.4452544052 0.0000010288 3.261
20810 -0.4452533771 0.0000010281 3.274
20820 -0.4452523497 0.0000010274 3.310
20830 -0.4452513230 0.0000010267 3.250
20840 -0.4452502970 0.0000010260 3.303
20850 -0.4452492716 0.0000010253 3.292
20860 -0.4452482470 0.0000010247 3.245
20870 -0.4452472230 0.0000010240 3.227
20880 -0.4452461997 0.0000010233 3.356
20890 -0.4452451771 0.0000010226 3.346
20900 -0.4452441552 0.0000010219 3.324
20910 -0.4452431339 0.0000010212 3.306
20920 -0.4452421134 0.0000010206 3.277
20930 -0.4452410935 0.0000010199 3.396
20940 -0.4452400743 0.0000010192 3.299
20950 -0.4452390558 0.0000010185 3.386
20960 -0.4452380379 0.0000010179 3.368
20970 -0.4452370207 0.0000010172 3.395
20980 -0.4452360042 0.0000010165 3.451
20990 -0.4452349884 0.0000010158 3.366
21000 -0.4452339732 0.0000010152 3.255
21010 -0.4452329587 0.0000010145 3.315
21020 -0.4452319449 0.0000010138 3.391
21030 -0.4452309318 0.0000010131 3.265
21040 -0.4452299193 0.0000010125 3.270
21050 -0.4452289075 0.0000010118 3.273
21060 -0.4452278963 0.0000010111 3.288
21070 -0.4452268859 0.0000010105 3.264
21080 -0.4452258761 0.0000010098 3.347
21090 -0.4452248669 0.0000010091 3.373
21100 -0.4452238585 0.0000010085 3.318
21110 -0.4452228507 0.0000010078 3.401
21120 -0.4452218435 0.0000010071 3.341
21130 -0.4452208370 0.0000010065 3.321
21140 -0.4452198312 0.0000010058 3.335
21150 -0.4452188261 0.0000010052 3.330
21160 -0.4452178216 0.0000010045 3.362
21170 -0.4452168177 0.0000010038 3.362
21180 -0.4452158145 0.0000010032 3.270
21190 -0.4452148120 0.0000010025 3.352
21200 -0.4452138102 0.0000010019 3.296
21210 -0.4452128090 0.0000010012 3.307
21220 -0.4452118084 0.0000010005 3.300
21230 -0.4452108085 0.0000009999 3.322
Marginal Likelihood = -0.4452108085
Total time = 8575.2624 seconds
Total iterations = 21230 
