Marginal likelihood with initialization (1) = -0.2362500666
Marginal likelihood with initialization (2) = nan
Marginal likelihood with initialization (3) = -0.2367033568
Marginal likelihood with initialization (4) = -0.2401552386
Marginal likelihood with initialization (5) = nan
Iteration Marginal_Likelihood delta_Marginal_Likelihood Iteration_Time (secs)
0 -0.2362500666 -- 43820.862
10 63826033768943564343423201365252280650162611658299761650515129010904864717085214998450794936764524371383021601859400408632882786899685529430617818998819423849290162620593247192228229931912101364199370477956342970206149708351566890360727928084015624281046555826495748600679324696619517342399579815936.0000000000 63826033768943564343423201365252280650162611658299761650515129010904864717085214998450794936764524371383021601859400408632882786899685529430617818998819423849290162620593247192228229931912101364199370477956342970206149708351566890360727928084015624281046555826495748600679324696619517342399579815936.0000000000 39.196
20 -0.2349467029 -63826033768943564343423201365252280650162611658299761650515129010904864717085214998450794936764524371383021601859400408632882786899685529430617818998819423849290162620593247192228229931912101364199370477956342970206149708351566890360727928084015624281046555826495748600679324696619517342399579815936.0000000000 44.379
30 -0.2346128609 0.0003338419 41.438
40 -0.2343760776 0.0002367833 38.863
50 -0.2341995790 0.0001764986 37.220
60 -0.2340594219 0.0001401571 35.345
70 -0.2339351070 0.0001243149 33.282
80 -0.2338326729 0.0001024341 31.260
90 -0.2337451827 0.0000874902 29.862
100 -0.2336673360 0.0000778467 28.212
110 -0.2335939097 0.0000734263 26.741
120 -0.2335257651 0.0000681445 25.110
130 -0.2334618834 0.0000638817 23.723
140 -0.2334032793 0.0000586041 22.570
150 -0.2333470439 0.0000562354 21.565
160 -0.2332937906 0.0000532533 20.471
170 -0.2332436287 0.0000501619 19.385
180 -0.2331946858 0.0000489429 18.582
190 -0.2331476435 0.0000470423 17.741
200 -0.2330982501 0.0000493934 16.945
210 -0.2330551578 0.0000430923 16.260
220 -0.2330151363 0.0000400215 15.725
230 -0.2329764014 0.0000387350 15.218
240 -0.2329392187 0.0000371826 14.645
250 -0.2329030466 0.0000361722 14.240
260 -0.2328679942 0.0000350523 13.694
270 -0.2328332966 0.0000346977 13.290
280 -0.2328015997 0.0000316968 12.884
290 -0.2327698551 0.0000317447 12.475
300 -0.2327403879 0.0000294672 12.202
310 -0.2327123675 0.0000280204 11.930
320 -0.2326852692 0.0000270983 11.637
330 -0.2326596049 0.0000256643 11.377
340 -0.2326352175 0.0000243874 11.088
350 -0.2326084659 0.0000267516 10.830
360 -0.2325863083 0.0000221577 10.683
370 -0.2325654854 0.0000208229 10.428
380 -0.2325460166 0.0000194688 10.288
390 -0.2325276714 0.0000183452 10.134
400 -0.2325104806 0.0000171908 9.897
410 -0.2324940958 0.0000163848 9.742
420 -0.2324792092 0.0000148865 9.598
430 -0.2324656222 0.0000135871 9.454
440 -0.2324523852 0.0000132369 9.309
450 -0.2324404052 0.0000119801 9.196
460 -0.2324261410 0.0000142641 9.197
470 -0.2324156470 0.0000104940 9.033
480 -0.2324060106 0.0000096364 8.932
490 -0.2323937670 0.0000122436 8.786
500 -0.2323853208 0.0000084463 8.796
510 -0.2323775468 0.0000077740 8.638
520 -0.2323694341 0.0000081126 8.511
530 -0.2323629225 0.0000065117 8.494
540 -0.2323564558 0.0000064667 8.370
550 -0.2323501885 0.0000062673 8.370
560 -0.2323445569 0.0000056316 8.253
570 -0.2323392321 0.0000053248 8.228
580 -0.2323343742 0.0000048579 8.099
590 -0.2323292875 0.0000050867 8.076
600 -0.2323244039 0.0000048835 7.968
610 -0.2323199234 0.0000044805 7.943
620 -0.2323156044 0.0000043190 7.823
630 -0.2323117792 0.0000038252 7.822
640 -0.2323074354 0.0000043438 7.876
650 -0.2323035490 0.0000038864 7.827
660 -0.2322510835 0.0000524655 7.818
670 -0.2322466667 0.0000044168 7.953
680 -0.2322426050 0.0000040617 7.838
690 -0.2322383346 0.0000042704 7.808
700 -0.2322348136 0.0000035210 7.803
710 -0.2322314758 0.0000033378 7.803
720 -0.2322076223 0.0000238535 7.676
730 -0.2322036024 0.0000040199 7.780
740 -0.2322003619 0.0000032405 7.784
750 -0.2321971571 0.0000032048 7.646
760 -0.2321940998 0.0000030573 7.647
770 -0.2321908649 0.0000032349 7.666
780 -0.2321876961 0.0000031688 7.531
790 -0.2321848318 0.0000028643 7.526
800 -0.2321821004 0.0000027314 7.523
810 -0.2321792773 0.0000028231 7.529
820 -0.2321765899 0.0000026875 7.535
830 -0.2321739234 0.0000026664 7.524
840 -0.2321715383 0.0000023851 7.521
850 -0.2321687479 0.0000027905 7.528
860 -0.2321665468 0.0000022010 7.505
870 -0.2321637351 0.0000028117 7.517
880 -0.2321612887 0.0000024464 7.517
890 -0.2321589019 0.0000023868 7.525
900 -0.2321564982 0.0000024037 7.534
910 -0.2321542596 0.0000022386 7.518
920 -0.2321518460 0.0000024136 7.530
930 -0.2321492785 0.0000025675 7.518
940 -0.2321470451 0.0000022334 7.530
950 -0.2321448057 0.0000022394 7.522
960 -0.2321426362 0.0000021695 7.527
970 -0.2321404702 0.0000021660 7.558
980 -0.2321383662 0.0000021041 7.513
990 -0.2321362598 0.0000021064 7.548
1000 -0.2321341686 0.0000020911 7.527
1010 -0.2321323032 0.0000018654 7.524
1020 -0.2321301381 0.0000021652 7.547
1030 -0.2321281063 0.0000020317 7.567
1040 -0.2321261354 0.0000019710 7.537
1050 -0.2321244729 0.0000016624 7.528
1060 -0.2321222642 0.0000022087 7.522
1070 -0.2321203625 0.0000019017 7.549
1080 -0.2321184831 0.0000018794 7.521
1090 -0.2321166250 0.0000018580 7.526
1100 -0.2321147881 0.0000018369 7.527
1110 -0.2321136903 0.0000010978 7.528
1120 -0.2321111555 0.0000025348 7.514
1130 -0.2321093510 0.0000018045 7.511
1140 -0.2321071577 0.0000021933 7.528
1150 -0.2321053382 0.0000018195 7.536
1160 -0.2321036185 0.0000017197 7.521
1170 -0.2321019186 0.0000016999 7.549
1180 -0.2321002379 0.0000016807 7.546
1190 -0.2320985756 0.0000016623 7.532
1200 -0.2320969318 0.0000016437 7.567
1210 -0.2320953061 0.0000016257 7.528
1220 -0.2320936982 0.0000016079 7.534
1230 -0.2320921075 0.0000015907 7.524
1240 -0.2320905557 0.0000015518 7.532
1250 -0.2320889858 0.0000015700 7.512
1260 -0.2320874371 0.0000015487 7.535
1270 -0.2320860339 0.0000014032 7.536
1280 -0.2320844056 0.0000016283 7.527
1290 -0.2320829078 0.0000014978 7.512
1300 -0.2320814282 0.0000014795 7.581
1310 -0.2320799656 0.0000014626 7.527
1320 -0.2320785153 0.0000014503 7.518
1330 -0.2320772627 0.0000012526 7.558
1340 -0.2320756593 0.0000016034 7.531
1350 -0.2320742529 0.0000014064 7.532
1360 -0.2320728589 0.0000013940 7.510
1370 -0.2320714786 0.0000013802 7.534
1380 -0.2320701115 0.0000013671 7.520
1390 -0.2320687576 0.0000013539 7.529
1400 -0.2320674372 0.0000013204 7.565
1410 -0.2320660874 0.0000013498 7.529
1420 -0.2320647703 0.0000013171 7.527
1430 -0.2320634657 0.0000013047 7.520
1440 -0.2320621729 0.0000012927 7.506
1450 -0.2320611159 0.0000010570 7.517
1460 -0.2320596334 0.0000014825 7.514
1470 -0.2320583637 0.0000012697 7.556
1480 -0.2320571165 0.0000012472 7.507
1490 -0.2320558799 0.0000012366 7.520
1500 -0.2320546726 0.0000012073 7.529
1510 -0.2320502282 0.0000044444 7.521
1520 -0.2319900407 0.0000601875 7.499
1530 -0.2319879790 0.0000020617 7.519
1540 -0.2319863930 0.0000015860 7.501
1550 -0.2319848621 0.0000015310 7.510
1560 -0.2319835258 0.0000013362 7.506
1570 -0.2319818121 0.0000017137 7.496
1580 -0.2319805710 0.0000012411 7.528
1590 -0.2319794983 0.0000010727 7.518
1600 -0.2319781838 0.0000013145 7.507
1610 -0.2319770324 0.0000011514 7.497
1620 -0.2319758909 0.0000011415 7.505
1630 -0.2319747661 0.0000011248 7.512
1640 -0.2319736579 0.0000011082 7.496
1650 -0.2319725627 0.0000010952 7.489
1660 -0.2319714790 0.0000010837 7.533
1670 -0.2319707839 0.0000006951 7.492
Marginal Likelihood = -0.2319707839
Total time = 45626.9904 seconds
Total iterations = 1670 
