Marginal likelihood with initialization (1) = nan
Marginal likelihood with initialization (2) = -0.2716548058
Marginal likelihood with initialization (3) = -0.2682008047
Marginal likelihood with initialization (4) = nan
Marginal likelihood with initialization (5) = -0.2781773338
Iteration Marginal_Likelihood delta_Marginal_Likelihood Iteration_Time (secs)
0 -0.2682008047 -- 45894.956
10 -0.2672996174 0.0009011874 20.448
20 -0.2664283036 0.0008713138 27.622
30 -0.2658697214 0.0005585822 23.051
40 -0.2654298354 0.0004398860 21.216
50 -0.2650593491 0.0003704863 19.539
60 -0.2647339410 0.0003254081 17.878
70 -0.2644438608 0.0002900802 16.659
80 -0.2641796854 0.0002641754 15.751
90 -0.2639370466 0.0002426388 14.752
100 -0.2637150099 0.0002220368 14.111
110 -0.2635095873 0.0002054225 13.420
120 -0.2633207034 0.0001888839 12.948
130 -0.2631232525 0.0001974509 12.372
140 -0.2629510800 0.0001721725 12.011
150 -0.2628000150 0.0001510650 11.598
160 -0.2626733493 0.0001266657 11.352
170 -0.2625592870 0.0001140623 11.255
180 -0.2624551214 0.0001041656 10.967
190 -0.2623518258 0.0001032956 10.843
200 -0.2622618479 0.0000899779 10.751
210 -0.2621878464 0.0000740015 10.646
220 -0.2621186469 0.0000691995 10.515
230 -0.2620508029 0.0000678440 10.411
240 -0.2619938684 0.0000569344 10.435
250 -0.2619381035 0.0000557650 10.465
260 -0.2618891746 0.0000489289 10.227
270 -0.2618404003 0.0000487743 10.213
280 -0.2617920729 0.0000483274 10.215
290 -0.2617435612 0.0000485116 10.096
300 -0.2617013232 0.0000422380 10.039
310 -0.2616633222 0.0000380010 10.020
320 -0.2616213719 0.0000419503 9.985
330 -0.2615798049 0.0000415670 10.028
340 -0.2615426863 0.0000371186 9.914
350 -0.2615088833 0.0000338031 9.913
360 -0.2614784016 0.0000304816 9.913
370 -0.2614475286 0.0000308730 9.823
380 -0.2614190124 0.0000285162 9.783
390 -0.2613909122 0.0000281002 9.809
400 -0.2613650038 0.0000259085 9.838
410 -0.2613423483 0.0000226554 9.864
420 -0.2613206311 0.0000217172 9.851
430 -0.2612976929 0.0000229383 9.715
440 -0.2612768789 0.0000208140 9.752
450 -0.2612571204 0.0000197585 9.722
460 -0.2612369745 0.0000201459 9.751
470 -0.2612174306 0.0000195439 9.621
480 -0.2611997253 0.0000177053 9.653
490 -0.2611818334 0.0000178919 9.651
500 -0.2611647674 0.0000170659 9.655
510 -0.2611481205 0.0000166470 9.689
520 -0.2611309767 0.0000171438 9.664
530 -0.2611147260 0.0000162507 9.479
540 -0.2610991671 0.0000155589 9.316
550 -0.2610841271 0.0000150400 9.240
560 -0.2610697169 0.0000144102 9.205
570 -0.2610543783 0.0000153386 9.143
580 -0.2610398617 0.0000145167 9.123
590 -0.2610257143 0.0000141473 9.086
600 -0.2610114438 0.0000142705 9.064
610 -0.2609976864 0.0000137574 9.031
620 -0.2609841597 0.0000135267 9.026
630 -0.2609704004 0.0000137593 9.003
640 -0.2609570143 0.0000133861 8.986
650 -0.2609444927 0.0000125216 8.939
660 -0.2609322706 0.0000122221 8.928
670 -0.2609197711 0.0000124995 8.931
680 -0.2609082165 0.0000115546 8.876
690 -0.2608970396 0.0000111769 8.858
700 -0.2608855505 0.0000114891 8.647
710 -0.2608742748 0.0000112757 8.648
720 -0.2608628421 0.0000114327 8.615
730 -0.2608520724 0.0000107697 8.550
740 -0.2608417297 0.0000103427 8.561
750 -0.2608317459 0.0000099838 8.523
760 -0.2608209999 0.0000107460 8.496
770 -0.2608111683 0.0000098316 8.458
780 -0.2608015045 0.0000096637 8.449
790 -0.2607781237 0.0000233808 8.333
800 -0.2607676638 0.0000104600 8.411
810 -0.2607584187 0.0000092451 8.423
820 -0.2607497515 0.0000086671 8.421
830 -0.2607403831 0.0000093685 8.354
840 -0.2607315475 0.0000088355 8.260
850 -0.2607231007 0.0000084468 8.293
860 -0.2607132858 0.0000098149 8.183
870 -0.2607047347 0.0000085511 8.149
880 -0.2606946552 0.0000100795 8.036
890 -0.2606857761 0.0000088791 8.001
900 -0.2606772186 0.0000085575 7.995
910 -0.2606688224 0.0000083962 7.997
920 -0.2606609905 0.0000078319 7.963
930 -0.2606532665 0.0000077240 7.997
940 -0.2606456502 0.0000076164 7.956
950 -0.2606381282 0.0000075220 7.971
960 -0.2606307086 0.0000074196 7.955
970 -0.2606233855 0.0000073231 7.959
980 -0.2606161567 0.0000072288 7.943
990 -0.2606090610 0.0000070957 7.916
1000 -0.2606019709 0.0000070901 7.913
1010 -0.2605950095 0.0000069614 7.921
1020 -0.2605881515 0.0000068580 8.020
1030 -0.2605816205 0.0000065311 7.910
1040 -0.2605746289 0.0000069915 7.915
1050 -0.2605679606 0.0000066683 7.929
1060 -0.2605611820 0.0000067787 7.895
1070 -0.2605544623 0.0000067197 7.897
1080 -0.2605480572 0.0000064051 7.880
1090 -0.2605417259 0.0000063313 7.872
1100 -0.2605354665 0.0000062594 7.871
1110 -0.2605292778 0.0000061887 7.933
1120 -0.2605231592 0.0000061186 7.890
1130 -0.2605172000 0.0000059592 7.878
1140 -0.2605111214 0.0000060786 7.869
1150 -0.2605052008 0.0000059206 7.893
1160 -0.2604993443 0.0000058565 7.884
1170 -0.2604935504 0.0000057940 7.878
1180 -0.2604878172 0.0000057332 7.864
1190 -0.2604821438 0.0000056734 7.876
1200 -0.2604765298 0.0000056140 7.848
1210 -0.2604709724 0.0000055574 7.855
1220 -0.2604655901 0.0000053823 7.956
1230 -0.2604600235 0.0000055667 7.845
1240 -0.2604546265 0.0000053970 7.882
1250 -0.2604492760 0.0000053505 7.881
1260 -0.2604439506 0.0000053254 7.838
1270 -0.2604381882 0.0000057623 7.838
1280 -0.2604331650 0.0000050232 7.831
1290 -0.2604279163 0.0000052487 7.896
1300 -0.2604229218 0.0000049945 7.837
1310 -0.2604177647 0.0000051571 7.852
1320 -0.2604127794 0.0000049853 7.833
1330 -0.2604081985 0.0000045809 7.831
1340 -0.2604028816 0.0000053169 7.822
1350 -0.2603976316 0.0000052500 7.823
1360 -0.2603925815 0.0000050501 7.831
1370 -0.2603878204 0.0000047612 7.809
1380 -0.2603831040 0.0000047163 7.846
1390 -0.2603785887 0.0000045153 7.808
1400 -0.2603737973 0.0000047914 7.819
1410 -0.2603692055 0.0000045918 7.811
1420 -0.2603646539 0.0000045516 7.822
1430 -0.2603601421 0.0000045117 7.818
1440 -0.2603556694 0.0000044727 7.806
1450 -0.2603512350 0.0000044344 7.803
1460 -0.2603468383 0.0000043967 7.822
1470 -0.2603424789 0.0000043594 7.830
1480 -0.2603381560 0.0000043229 7.809
1490 -0.2603343019 0.0000038541 7.806
1500 -0.2603296185 0.0000046834 7.798
1510 -0.2603254021 0.0000042164 7.811
1520 -0.2603212235 0.0000041786 7.908
1530 -0.2603171664 0.0000040570 7.816
1540 -0.2603129566 0.0000042099 7.800
1550 -0.2603090000 0.0000039566 7.812
1560 -0.2603048236 0.0000041764 7.825
1570 -0.2603008003 0.0000040234 7.787
1580 -0.2602968095 0.0000039908 7.798
1590 -0.2602928476 0.0000039619 7.851
1600 -0.2602889131 0.0000039345 7.835
1610 -0.2602850042 0.0000039089 7.796
1620 -0.2602811133 0.0000038909 7.796
1630 -0.2602772696 0.0000038437 7.809
1640 -0.2602728915 0.0000043781 7.789
1650 -0.2602691069 0.0000037846 7.854
1660 -0.2602653433 0.0000037636 7.786
1670 -0.2602616084 0.0000037349 7.796
1680 -0.2602579326 0.0000036758 7.800
1690 -0.2602542039 0.0000037287 7.817
1700 -0.2602505701 0.0000036338 7.782
1710 -0.2602468517 0.0000037183 7.810
1720 -0.2602422061 0.0000046457 7.800
1730 -0.2602386322 0.0000035739 7.789
1740 -0.2602350848 0.0000035474 7.795
1750 -0.2602315633 0.0000035215 7.811
1760 -0.2602280804 0.0000034829 7.814
1770 -0.2602248309 0.0000032495 7.793
1780 -0.2602213110 0.0000035199 7.810
1790 -0.2602177300 0.0000035810 7.813
1800 -0.2602143326 0.0000033974 7.797
1810 -0.2602109585 0.0000033741 7.787
1820 -0.2602081237 0.0000028348 7.806
1830 -0.2602042764 0.0000038473 7.791
1840 -0.2602012276 0.0000030488 7.784
1850 -0.2601976763 0.0000035513 7.797
1860 -0.2601944009 0.0000032754 7.778
1870 -0.2601913165 0.0000030845 7.816
1880 -0.2601593039 0.0000320126 7.793
1890 -0.2601156212 0.0000436826 7.911
1900 -0.2601017556 0.0000138656 7.813
1910 -0.2600973170 0.0000044386 7.767
1920 -0.2600935322 0.0000037847 7.793
1930 -0.2600900941 0.0000034381 7.800
1940 -0.2600865056 0.0000035885 7.836
1950 -0.2600819348 0.0000045708 7.797
1960 -0.2600779032 0.0000040315 7.788
1970 -0.2600744222 0.0000034811 7.772
1980 -0.2600709747 0.0000034475 7.773
1990 -0.2600675593 0.0000034154 7.793
2000 -0.2600644091 0.0000031502 7.778
2010 -0.2600608200 0.0000035891 7.789
2020 -0.2600576936 0.0000031264 7.779
2030 -0.2600541969 0.0000034967 7.772
2040 -0.2600509396 0.0000032573 7.772
2050 -0.2600476835 0.0000032561 7.767
2060 -0.2600444656 0.0000032179 7.788
2070 -0.2600413294 0.0000031362 7.765
2080 -0.2600381150 0.0000032144 7.811
2090 -0.2600349623 0.0000031527 7.784
2100 -0.2600318500 0.0000031123 7.772
2110 -0.2600287436 0.0000031064 7.804
2120 -0.2600256657 0.0000030779 7.794
2130 -0.2600227517 0.0000029140 7.785
2140 -0.2600198112 0.0000029405 7.767
2150 -0.2600165460 0.0000032653 7.788
2160 -0.2600134925 0.0000030535 7.796
2170 -0.2600101055 0.0000033870 7.784
2180 -0.2600064988 0.0000036067 7.795
2190 -0.2600035705 0.0000029283 7.793
2200 -0.2600006680 0.0000029025 7.782
2210 -0.2599977851 0.0000028828 7.795
2220 -0.2599949326 0.0000028525 7.797
2230 -0.2599920780 0.0000028546 7.796
2240 -0.2599892530 0.0000028250 7.780
2250 -0.2599864647 0.0000027883 7.764
2260 -0.2599838321 0.0000026326 7.770
2270 -0.2599808834 0.0000029487 7.779
2280 -0.2599781213 0.0000027621 7.786
2290 -0.2599753649 0.0000027564 7.778
2300 -0.2599725145 0.0000028504 7.804
2310 -0.2599695786 0.0000029359 7.797
2320 -0.2599667310 0.0000028477 7.777
2330 -0.2599640608 0.0000026702 7.784
2340 -0.2599613997 0.0000026612 7.800
2350 -0.2599587476 0.0000026520 7.805
2360 -0.2599560845 0.0000026631 7.802
2370 -0.2599530139 0.0000030706 7.790
2380 -0.2599503855 0.0000026285 7.780
2390 -0.2599477999 0.0000025856 7.774
2400 -0.2599452180 0.0000025818 7.810
2410 -0.2599425627 0.0000026553 7.791
2420 -0.2599395980 0.0000029647 7.800
2430 -0.2599370856 0.0000025124 7.803
2440 -0.2599345908 0.0000024949 7.844
2450 -0.2599321113 0.0000024795 7.780
2460 -0.2599296364 0.0000024749 7.797
2470 -0.2599271723 0.0000024641 7.791
2480 -0.2599247129 0.0000024594 7.813
2490 -0.2599222287 0.0000024842 7.797
2500 -0.2599193155 0.0000029132 7.785
2510 -0.2599169264 0.0000023891 7.786
2520 -0.2599145516 0.0000023748 7.789
2530 -0.2599123690 0.0000021826 7.793
2540 -0.2599098426 0.0000025264 7.815
2550 -0.2599075087 0.0000023339 7.786
2560 -0.2599051890 0.0000023198 7.797
2570 -0.2599028820 0.0000023070 7.791
2580 -0.2599005893 0.0000022926 7.776
2590 -0.2598983095 0.0000022798 7.788
2600 -0.2598960437 0.0000022657 7.784
2610 -0.2598937987 0.0000022450 7.815
2620 -0.2598915528 0.0000022459 7.834
2630 -0.2598893287 0.0000022241 7.792
2640 -0.2598871190 0.0000022097 7.857
2650 -0.2598849238 0.0000021952 7.797
2660 -0.2598827686 0.0000021552 7.785
2670 -0.2598805803 0.0000021882 7.792
2680 -0.2598784334 0.0000021469 7.790
2690 -0.2598763564 0.0000020770 7.848
2700 -0.2598742127 0.0000021437 7.787
2710 -0.2598721593 0.0000020534 7.805
2720 -0.2598700297 0.0000021296 7.806
2730 -0.2598679777 0.0000020520 7.774
2740 -0.2598659458 0.0000020319 7.820
2750 -0.2598640102 0.0000019355 7.940
2760 -0.2598619928 0.0000020174 8.891
2770 -0.2598647302 -0.0000027374 4104.471
2780 -0.2598660823 -0.0000013522 4104.222
2790 -0.2598676478 -0.0000015655 4104.511
2800 -0.2598692293 -0.0000015815 4104.923
2810 -0.2598709080 -0.0000016787 4104.531
2820 -0.2598720628 -0.0000011548 4104.556
2830 -0.2598727355 -0.0000006726 4104.562
Marginal Likelihood = -0.2598727355
Total time = 77041.0326 seconds
Total iterations = 2830 
