Marginal likelihood with initialization (1) = -0.3156745425
Marginal likelihood with initialization (2) = -0.3121984757
Marginal likelihood with initialization (3) = -0.3025841500
Marginal likelihood with initialization (4) = -0.3063493523
Marginal likelihood with initialization (5) = -0.3152184451
Iteration Marginal_Likelihood delta_Marginal_Likelihood Iteration_Time (secs)
0 -0.3025841500 -- 312.332
10 -0.2910103999 0.0115737501 6.771
20 -0.2889196223 0.0020907776 6.396
30 -0.2877853106 0.0011343117 6.289
40 -0.2869718045 0.0008135062 6.260
50 -0.2863227453 0.0006490592 6.266
60 -0.2857907844 0.0005319609 6.268
70 -0.2853386710 0.0004521134 6.616
80 -0.2849471760 0.0003914949 6.190
90 -0.2846034445 0.0003437316 6.035
100 -0.2842979492 0.0003054953 5.934
110 -0.2840248116 0.0002731376 5.872
120 -0.2837784298 0.0002463818 6.029
130 -0.2835547632 0.0002236667 5.735
140 -0.2833505870 0.0002041762 5.986
150 -0.2831632869 0.0001873000 5.831
160 -0.2829911702 0.0001721167 5.782
170 -0.2828312901 0.0001598800 5.808
180 -0.2826833505 0.0001479396 5.782
190 -0.2825450528 0.0001382977 5.682
200 -0.2824159705 0.0001290823 5.668
210 -0.2822956588 0.0001203117 5.779
220 -0.2821818762 0.0001137826 5.929
230 -0.2820751319 0.0001067443 5.788
240 -0.2819744306 0.0001007013 5.806
250 -0.2818792420 0.0000951886 5.823
260 -0.2817890953 0.0000901467 5.847
270 -0.2817035729 0.0000855225 5.826
280 -0.2816223031 0.0000812698 5.770
290 -0.2815449542 0.0000773489 5.728
300 -0.2814716024 0.0000733518 6.561
310 -0.2814009903 0.0000706121 5.769
320 -0.2813337559 0.0000672344 5.920
330 -0.2812693982 0.0000643577 5.686
340 -0.2812077380 0.0000616601 5.821
350 -0.2811485976 0.0000591404 5.856
360 -0.2810918146 0.0000567830 5.798
370 -0.2810372408 0.0000545739 5.743
380 -0.2809847404 0.0000525004 5.860
390 -0.2809341890 0.0000505514 5.734
400 -0.2808854435 0.0000487454 5.758
410 -0.2808389478 0.0000464957 5.789
420 -0.2807931507 0.0000457971 5.817
430 -0.2807498468 0.0000433039 5.771
440 -0.2807075365 0.0000423103 5.825
450 -0.2806662819 0.0000412546 5.857
460 -0.2806266267 0.0000396552 5.711
470 -0.2805882236 0.0000384031 5.707
480 -0.2805510029 0.0000372207 5.827
490 -0.2805148823 0.0000361206 6.428
500 -0.2804800107 0.0000348716 6.058
510 -0.2804457102 0.0000343005 5.704
520 -0.2804127704 0.0000329399 5.618
530 -0.2803804867 0.0000322836 5.646
540 -0.2803494099 0.0000310768 5.610
550 -0.2803188777 0.0000305321 5.772
560 -0.2802892880 0.0000295897 5.731
570 -0.2802604704 0.0000288176 5.699
580 -0.2802323880 0.0000280825 5.666
590 -0.2802053266 0.0000270614 5.701
600 -0.2801786523 0.0000266743 5.666
610 -0.2801523753 0.0000262770 5.689
620 -0.2801269246 0.0000254507 5.637
630 -0.2801022787 0.0000246459 5.573
640 -0.2800779887 0.0000242900 5.776
650 -0.2800542605 0.0000237281 5.630
660 -0.2800314031 0.0000228574 5.682
670 -0.2800084493 0.0000229538 5.662
680 -0.2799863744 0.0000220750 5.728
690 -0.2799647613 0.0000216131 5.835
700 -0.2799436182 0.0000211431 5.776
710 -0.2799229274 0.0000206908 5.651
720 -0.2799026630 0.0000202645 5.696
730 -0.2798827959 0.0000198671 5.698
740 -0.2798633887 0.0000194072 5.807
750 -0.2798443170 0.0000190717 5.820
760 -0.2798256649 0.0000186521 5.698
770 -0.2798073177 0.0000183472 5.653
780 -0.2797891194 0.0000181983 5.755
790 -0.2797716890 0.0000174304 5.649
800 -0.2797544262 0.0000172628 5.729
810 -0.2797374149 0.0000170113 5.812
820 -0.2797207881 0.0000166268 5.726
830 -0.2797045004 0.0000162877 5.663
840 -0.2796884894 0.0000160110 5.721
850 -0.2796727071 0.0000157823 5.718
860 -0.2796572861 0.0000154211 6.074
870 -0.2796420107 0.0000152753 5.709
880 -0.2796271845 0.0000148263 5.660
890 -0.2796125888 0.0000145957 5.634
900 -0.2795981471 0.0000144416 5.726
910 -0.2795840261 0.0000141211 5.723
920 -0.2795699612 0.0000140649 5.712
930 -0.2795562666 0.0000136947 5.738
940 -0.2795428723 0.0000133942 5.822
950 -0.2795294688 0.0000134035 5.756
960 -0.2795165315 0.0000129373 5.682
970 -0.2795035747 0.0000129568 5.764
980 -0.2794910266 0.0000125481 5.689
990 -0.2794785878 0.0000124387 5.629
1000 -0.2794662988 0.0000122890 5.766
1010 -0.2794541889 0.0000121100 5.708
1020 -0.2794422599 0.0000119290 5.754
1030 -0.2794305076 0.0000117522 5.694
1040 -0.2794189273 0.0000115804 5.806
1050 -0.2794075142 0.0000114130 6.054
1060 -0.2793962637 0.0000112505 5.849
1070 -0.2793851722 0.0000110915 6.353
1080 -0.2793741827 0.0000109896 6.292
1090 -0.2793636177 0.0000105650 5.683
1100 -0.2793529431 0.0000106746 5.727
1110 -0.2793423470 0.0000105961 5.721
1120 -0.2793320204 0.0000103266 5.728
1130 -0.2793220352 0.0000099852 5.894
1140 -0.2793119643 0.0000100709 5.705
1150 -0.2793016675 0.0000102968 5.727
1160 -0.2792921170 0.0000095505 5.674
1170 -0.2792823051 0.0000098120 5.704
1180 -0.2792727610 0.0000095441 5.742
1190 -0.2792632920 0.0000094690 5.690
1200 -0.2792540766 0.0000092154 5.664
1210 -0.2792449601 0.0000091165 5.893
1220 -0.2792358551 0.0000091050 5.894
1230 -0.2792269012 0.0000089539 5.775
1240 -0.2792180604 0.0000088408 5.881
1250 -0.2792094062 0.0000086541 5.775
1260 -0.2792004466 0.0000089597 5.647
1270 -0.2791919232 0.0000085234 5.661
1280 -0.2791835714 0.0000083518 5.916
1290 -0.2791751919 0.0000083796 5.644
1300 -0.2791670344 0.0000081574 5.609
1310 -0.2791588526 0.0000081819 5.783
1320 -0.2791508784 0.0000079742 5.685
1330 -0.2791428838 0.0000079946 5.705
1340 -0.2791350389 0.0000078449 5.705
1350 -0.2791272759 0.0000077630 5.662
1360 -0.2791197046 0.0000075713 5.794
1370 -0.2791119960 0.0000077086 5.672
1380 -0.2791043302 0.0000076658 5.700
1390 -0.2790969110 0.0000074193 5.845
1400 -0.2790896504 0.0000072605 5.804
1410 -0.2790824027 0.0000072477 5.768
1420 -0.2790752011 0.0000072016 5.683
1430 -0.2790678280 0.0000073731 5.789
1440 -0.2790608004 0.0000070276 5.795
1450 -0.2790538475 0.0000069529 5.788
1460 -0.2790469649 0.0000068826 5.726
1470 -0.2790401559 0.0000068089 5.697
1480 -0.2790334176 0.0000067384 5.811
1490 -0.2790267487 0.0000066688 5.866
1500 -0.2790201473 0.0000066015 5.813
1510 -0.2790136137 0.0000065336 5.725
1520 -0.2790071456 0.0000064681 5.797
1530 -0.2790007416 0.0000064040 5.868
1540 -0.2789944023 0.0000063393 5.684
1550 -0.2789881250 0.0000062774 5.748
1560 -0.2789819096 0.0000062154 5.695
1570 -0.2789757545 0.0000061551 5.748
1580 -0.2789696592 0.0000060953 5.667
1590 -0.2789636225 0.0000060367 5.674
1600 -0.2789576431 0.0000059793 5.726
1610 -0.2789517207 0.0000059224 5.732
1620 -0.2789458540 0.0000058667 5.754
1630 -0.2789400430 0.0000058110 5.628
1640 -0.2789342856 0.0000057574 5.708
1650 -0.2789285806 0.0000057050 5.668
1660 -0.2789229296 0.0000056510 5.815
1670 -0.2789173299 0.0000055996 5.667
1680 -0.2789117782 0.0000055517 5.736
1690 -0.2789062782 0.0000055000 5.788
1700 -0.2789008280 0.0000054502 5.832
1710 -0.2788954429 0.0000053851 6.179
1720 -0.2788902560 0.0000051869 6.466
1730 -0.2788846324 0.0000056237 5.740
1740 -0.2788793149 0.0000053175 5.750
1750 -0.2788741010 0.0000052139 5.808
1760 -0.2788689323 0.0000051688 5.607
1770 -0.2788638100 0.0000051222 5.774
1780 -0.2788588971 0.0000049130 5.850
1790 -0.2788536918 0.0000052053 5.740
1800 -0.2788487010 0.0000049908 5.807
1810 -0.2788438386 0.0000048624 5.729
1820 -0.2788388363 0.0000050023 5.725
1830 -0.2788339679 0.0000048684 5.728
1840 -0.2788291389 0.0000048290 5.773
1850 -0.2788243512 0.0000047877 5.737
1860 -0.2788196001 0.0000047511 5.717
1870 -0.2788148894 0.0000047107 5.740
1880 -0.2788102169 0.0000046725 5.613
1890 -0.2788055911 0.0000046259 5.552
1900 -0.2788009825 0.0000046086 5.646
1910 -0.2787964201 0.0000045623 5.761
1920 -0.2787918959 0.0000045242 5.706
1930 -0.2787874131 0.0000044828 5.745
1940 -0.2787829828 0.0000044303 5.771
1950 -0.2787785704 0.0000044124 5.770
1960 -0.2787742298 0.0000043406 5.711
1970 -0.2787696902 0.0000045396 5.752
1980 -0.2787652889 0.0000044013 5.770
1990 -0.2787609869 0.0000043020 5.857
2000 -0.2787567352 0.0000042518 6.550
2010 -0.2787525157 0.0000042194 6.008
2020 -0.2787483280 0.0000041877 5.615
2030 -0.2787441719 0.0000041562 5.678
2040 -0.2787400468 0.0000041250 5.621
2050 -0.2787359525 0.0000040943 5.556
2060 -0.2787318885 0.0000040640 5.634
2070 -0.2787278545 0.0000040340 5.687
2080 -0.2787238500 0.0000040045 5.690
2090 -0.2787198748 0.0000039752 5.764
2100 -0.2787159284 0.0000039464 5.657
2110 -0.2787120105 0.0000039179 5.698
2120 -0.2787081208 0.0000038897 5.709
2130 -0.2787042590 0.0000038619 5.628
2140 -0.2787004245 0.0000038344 5.726
2150 -0.2786966173 0.0000038073 6.011
2160 -0.2786928368 0.0000037805 6.015
2170 -0.2786890829 0.0000037540 5.918
2180 -0.2786853551 0.0000037278 5.608
2190 -0.2786816531 0.0000037020 5.780
2200 -0.2786779766 0.0000036765 5.785
2210 -0.2786743252 0.0000036513 5.933
2220 -0.2786706985 0.0000036267 5.733
2230 -0.2786670961 0.0000036024 5.851
2240 -0.2786635168 0.0000035793 5.837
2250 -0.2786599583 0.0000035585 5.768
2260 -0.2786564131 0.0000035452 6.268
2270 -0.2786527426 0.0000036705 5.990
2280 -0.2786492600 0.0000034826 5.733
2290 -0.2786458003 0.0000034597 5.679
2300 -0.2786423636 0.0000034367 5.845
2310 -0.2786389508 0.0000034129 5.799
2320 -0.2786356248 0.0000033260 5.854
2330 -0.2786322405 0.0000033842 5.578
2340 -0.2786288704 0.0000033702 5.734
2350 -0.2786256144 0.0000032560 5.664
2360 -0.2786220580 0.0000035564 5.681
2370 -0.2786188650 0.0000031930 5.624
2380 -0.2786154775 0.0000033874 5.774
2390 -0.2786122366 0.0000032409 5.646
2400 -0.2786090170 0.0000032196 5.782
2410 -0.2786059020 0.0000031150 5.760
2420 -0.2786026328 0.0000032692 5.672
2430 -0.2785994726 0.0000031602 5.747
2440 -0.2785963313 0.0000031413 5.661
2450 -0.2785932092 0.0000031221 5.667
2460 -0.2785901070 0.0000031023 5.794
2470 -0.2785870241 0.0000030828 5.689
2480 -0.2785839597 0.0000030644 5.786
2490 -0.2785809131 0.0000030466 5.864
2500 -0.2785778854 0.0000030278 5.784
2510 -0.2785748751 0.0000030103 6.506
2520 -0.2785718838 0.0000029912 5.828
2530 -0.2785689076 0.0000029763 5.773
2540 -0.2785659480 0.0000029596 5.710
2550 -0.2785630382 0.0000029098 5.709
2560 -0.2785601727 0.0000028655 5.622
2570 -0.2785570132 0.0000031595 5.796
2580 -0.2785541060 0.0000029072 5.638
2590 -0.2785512450 0.0000028609 5.640
2600 -0.2785483984 0.0000028467 5.688
2610 -0.2785455507 0.0000028477 5.767
2620 -0.2785427286 0.0000028221 5.794
2630 -0.2785399260 0.0000028027 5.720
2640 -0.2785371399 0.0000027861 5.628
2650 -0.2785343953 0.0000027446 5.649
2660 -0.2785316118 0.0000027835 5.716
2670 -0.2785288746 0.0000027371 5.726
2680 -0.2785262026 0.0000026721 5.705
2690 -0.2785234452 0.0000027574 5.564
2700 -0.2785207464 0.0000026988 5.694
2710 -0.2785180681 0.0000026784 5.741
2720 -0.2785154048 0.0000026633 5.696
2730 -0.2785127566 0.0000026482 5.711
2740 -0.2785101246 0.0000026320 5.737
2750 -0.2785075577 0.0000025669 5.636
2760 -0.2785048985 0.0000026592 5.643
2770 -0.2785023132 0.0000025853 5.682
2780 -0.2784997322 0.0000025811 5.628
2790 -0.2784971699 0.0000025622 5.689
2800 -0.2784946274 0.0000025425 5.735
2810 -0.2784920861 0.0000025413 5.688
2820 -0.2784895650 0.0000025211 5.650
2830 -0.2784870587 0.0000025064 5.655
2840 -0.2784845633 0.0000024953 5.762
2850 -0.2784820824 0.0000024809 5.836
2860 -0.2784796154 0.0000024670 5.642
2870 -0.2784771669 0.0000024485 5.656
2880 -0.2784747185 0.0000024484 5.665
2890 -0.2784722962 0.0000024223 5.670
2900 -0.2784698846 0.0000024116 5.787
2910 -0.2784674700 0.0000024147 5.580
2920 -0.2784650835 0.0000023864 5.751
2930 -0.2784626993 0.0000023843 5.724
2940 -0.2784603326 0.0000023666 5.732
2950 -0.2784579809 0.0000023518 5.747
2960 -0.2784556357 0.0000023452 5.722
2970 -0.2784533455 0.0000022902 5.675
2980 -0.2784509922 0.0000023532 5.679
2990 -0.2784486844 0.0000023078 5.735
3000 -0.2784463949 0.0000022896 5.710
3010 -0.2784441008 0.0000022941 5.660
3020 -0.2784418284 0.0000022724 5.637
3030 -0.2784395749 0.0000022534 5.667
3040 -0.2784373210 0.0000022539 5.645
3050 -0.2784350792 0.0000022418 5.644
3060 -0.2784328518 0.0000022274 5.709
3070 -0.2784306417 0.0000022101 5.655
3080 -0.2784284344 0.0000022074 5.785
3090 -0.2784262429 0.0000021915 5.752
3100 -0.2784240508 0.0000021921 5.745
3110 -0.2784218780 0.0000021728 5.589
3120 -0.2784197139 0.0000021641 5.615
3130 -0.2784175704 0.0000021435 5.576
3140 -0.2784154190 0.0000021514 5.614
3150 -0.2784132905 0.0000021284 5.644
3160 -0.2784111666 0.0000021239 5.872
3170 -0.2784090535 0.0000021132 5.752
3180 -0.2784069519 0.0000021016 5.757
3190 -0.2784048600 0.0000020919 5.854
3200 -0.2784027781 0.0000020819 5.666
3210 -0.2784007073 0.0000020709 5.612
3220 -0.2783986436 0.0000020637 5.584
3230 -0.2783965908 0.0000020528 5.625
3240 -0.2783945784 0.0000020124 5.721
3250 -0.2783925137 0.0000020647 5.704
3260 -0.2783905477 0.0000019661 5.538
3270 -0.2783884743 0.0000020733 5.650
3280 -0.2783864801 0.0000019942 5.737
3290 -0.2783844719 0.0000020082 5.738
3300 -0.2783824846 0.0000019873 5.676
3310 -0.2783805059 0.0000019787 5.669
3320 -0.2783785693 0.0000019366 5.686
3330 -0.2783765757 0.0000019937 5.710
3340 -0.2783746238 0.0000019518 5.716
3350 -0.2783727015 0.0000019223 5.697
3360 -0.2783707464 0.0000019550 5.662
3370 -0.2783688220 0.0000019244 5.840
3380 -0.2783669033 0.0000019187 5.647
3390 -0.2783649944 0.0000019089 5.740
3400 -0.2783631483 0.0000018461 5.779
3410 -0.2783612012 0.0000019471 5.521
3420 -0.2783593350 0.0000018662 5.684
3430 -0.2783574846 0.0000018504 5.694
3440 -0.2783554146 0.0000020700 5.635
3450 -0.2783535485 0.0000018661 5.768
3460 -0.2783516974 0.0000018511 5.679
3470 -0.2783498551 0.0000018423 5.672
3480 -0.2783480192 0.0000018360 5.639
3490 -0.2783461917 0.0000018274 5.698
3500 -0.2783443723 0.0000018194 5.660
3510 -0.2783425607 0.0000018116 5.645
3520 -0.2783408037 0.0000017570 5.647
3530 -0.2783389671 0.0000018367 5.515
3540 -0.2783371724 0.0000017947 5.630
3550 -0.2783353903 0.0000017821 5.547
3560 -0.2783336193 0.0000017710 5.614
3570 -0.2783318811 0.0000017381 5.614
3580 -0.2783300909 0.0000017902 5.596
3590 -0.2783283393 0.0000017516 5.595
3600 -0.2783266027 0.0000017366 5.614
3610 -0.2783249061 0.0000016966 5.619
3620 -0.2783231537 0.0000017524 5.632
3630 -0.2783214602 0.0000016935 5.587
3640 -0.2783197334 0.0000017268 5.590
3650 -0.2783179719 0.0000017615 5.939
3660 -0.2783160785 0.0000018934 5.694
3670 -0.2783143822 0.0000016963 5.628
3680 -0.2783126934 0.0000016888 5.515
3690 -0.2783110589 0.0000016346 5.588
3700 -0.2783093371 0.0000017218 5.642
3710 -0.2783077310 0.0000016061 5.623
3720 -0.2783060070 0.0000017240 5.660
3730 -0.2783043555 0.0000016515 5.542
3740 -0.2783027264 0.0000016291 5.570
3750 -0.2783010765 0.0000016499 5.735
3760 -0.2782994698 0.0000016067 5.694
3770 -0.2782978222 0.0000016476 5.621
3780 -0.2782961670 0.0000016552 5.668
3790 -0.2782943696 0.0000017974 5.650
3800 -0.2782927604 0.0000016093 5.828
3810 -0.2782911575 0.0000016029 5.762
3820 -0.2782895609 0.0000015966 5.640
3830 -0.2782879706 0.0000015903 5.658
3840 -0.2782863866 0.0000015840 5.719
3850 -0.2782848087 0.0000015779 5.792
3860 -0.2782832374 0.0000015714 5.698
3870 -0.2782816717 0.0000015657 5.716
3880 -0.2782801121 0.0000015596 5.707
3890 -0.2782785586 0.0000015535 5.802
3900 -0.2782770110 0.0000015475 5.683
3910 -0.2782754694 0.0000015416 5.789
3920 -0.2782739338 0.0000015357 5.742
3930 -0.2782724040 0.0000015298 5.684
3940 -0.2782708800 0.0000015240 5.773
3950 -0.2782693619 0.0000015182 5.782
3960 -0.2782678495 0.0000015124 5.654
3970 -0.2782663428 0.0000015067 5.820
3980 -0.2782648418 0.0000015010 6.048
3990 -0.2782633465 0.0000014953 6.064
4000 -0.2782618567 0.0000014897 5.751
4010 -0.2782603726 0.0000014841 5.759
4020 -0.2782588940 0.0000014786 5.711
4030 -0.2782574209 0.0000014731 5.712
4040 -0.2782559533 0.0000014676 5.748
4050 -0.2782544911 0.0000014622 5.731
4060 -0.2782530343 0.0000014568 5.714
4070 -0.2782515829 0.0000014514 5.687
4080 -0.2782501369 0.0000014461 6.034
4090 -0.2782486961 0.0000014408 6.048
4100 -0.2782472606 0.0000014355 5.715
4110 -0.2782458304 0.0000014302 5.657
4120 -0.2782444053 0.0000014250 5.842
4130 -0.2782429855 0.0000014199 5.678
4140 -0.2782415707 0.0000014147 5.690
4150 -0.2782401611 0.0000014096 5.793
4160 -0.2782387566 0.0000014045 5.809
4170 -0.2782373572 0.0000013994 5.797
4180 -0.2782359628 0.0000013944 5.750
4190 -0.2782345735 0.0000013893 5.763
4200 -0.2782331892 0.0000013843 5.800
4210 -0.2782318100 0.0000013792 5.745
4220 -0.2782304359 0.0000013740 5.782
4230 -0.2782290671 0.0000013689 5.759
4240 -0.2782277032 0.0000013639 5.696
4250 -0.2782263440 0.0000013592 5.795
4260 -0.2782249896 0.0000013544 5.798
4270 -0.2782236398 0.0000013498 5.751
4280 -0.2782222952 0.0000013445 5.780
4290 -0.2782209540 0.0000013412 5.744
4300 -0.2782196223 0.0000013317 5.800
4310 -0.2782182787 0.0000013436 5.790
4320 -0.2782169698 0.0000013090 5.904
4330 -0.2782156251 0.0000013447 5.722
4340 -0.2782143481 0.0000012770 5.761
4350 -0.2782129928 0.0000013553 5.774
4360 -0.2782116834 0.0000013094 5.766
4370 -0.2782103802 0.0000013032 5.713
4380 -0.2782091236 0.0000012566 5.722
4390 -0.2782077817 0.0000013419 5.772
4400 -0.2782065261 0.0000012556 5.763
4410 -0.2782052012 0.0000013248 5.876
4420 -0.2782039468 0.0000012545 6.025
4430 -0.2782026476 0.0000012991 5.685
4440 -0.2782013597 0.0000012880 5.699
4450 -0.2782000772 0.0000012825 5.709
4460 -0.2781987477 0.0000013294 5.635
4470 -0.2781973820 0.0000013658 5.713
4480 -0.2781961244 0.0000012575 5.872
4490 -0.2781949078 0.0000012166 5.658
4500 -0.2781936218 0.0000012860 5.618
4510 -0.2781923767 0.0000012451 5.619
4520 -0.2781911357 0.0000012410 5.677
4530 -0.2781899007 0.0000012351 5.700
4540 -0.2781886660 0.0000012346 5.605
4550 -0.2781874729 0.0000011931 5.685
4560 -0.2781862125 0.0000012604 6.048
4570 -0.2781849917 0.0000012207 5.819
4580 -0.2781837758 0.0000012159 5.700
4590 -0.2781825626 0.0000012133 5.652
4600 -0.2781813787 0.0000011839 5.548
4610 -0.2781801482 0.0000012305 5.647
4620 -0.2781789736 0.0000011746 5.675
4630 -0.2781777497 0.0000012239 5.696
4640 -0.2781765563 0.0000011935 5.629
4650 -0.2781753668 0.0000011894 5.670
4660 -0.2781741808 0.0000011860 5.708
4670 -0.2781730273 0.0000011535 5.645
4680 -0.2781718213 0.0000012060 5.678
4690 -0.2781706808 0.0000011405 5.642
4700 -0.2781694745 0.0000012063 5.756
4710 -0.2781683077 0.0000011669 5.676
4720 -0.2781671445 0.0000011632 5.681
4730 -0.2781659835 0.0000011610 5.731
4740 -0.2781648371 0.0000011464 5.692
4750 -0.2781637180 0.0000011191 5.656
4760 -0.2781625275 0.0000011905 5.708
4770 -0.2781613763 0.0000011512 5.717
4780 -0.2781602296 0.0000011468 5.770
4790 -0.2781591076 0.0000011219 5.787
4800 -0.2781579786 0.0000011290 5.783
4810 -0.2781567700 0.0000012086 5.738
4820 -0.2781555095 0.0000012606 5.727
4830 -0.2781543938 0.0000011157 6.225
4840 -0.2781532662 0.0000011276 5.750
4850 -0.2781521637 0.0000011025 5.687
4860 -0.2781510322 0.0000011315 6.002
4870 -0.2781499375 0.0000010948 5.692
4880 -0.2781488142 0.0000011232 5.673
4890 -0.2781477234 0.0000010908 5.766
4900 -0.2781466183 0.0000011051 5.983
4910 -0.2781455124 0.0000011059 5.841
4920 -0.2781444185 0.0000010939 5.689
4930 -0.2781433279 0.0000010906 5.646
4940 -0.2781422410 0.0000010869 5.742
4950 -0.2781411632 0.0000010777 5.690
4960 -0.2781400835 0.0000010797 5.698
4970 -0.2781390086 0.0000010748 5.727
4980 -0.2781379240 0.0000010846 5.709
4990 -0.2781368632 0.0000010608 5.964
5000 -0.2781357972 0.0000010660 5.812
5010 -0.2781347203 0.0000010769 5.623
5020 -0.2781336716 0.0000010487 5.646
5030 -0.2781326125 0.0000010591 5.678
5040 -0.2781315488 0.0000010636 5.661
5050 -0.2781304946 0.0000010542 5.632
5060 -0.2781294562 0.0000010384 5.784
5070 -0.2781283981 0.0000010581 5.844
5080 -0.2781273549 0.0000010432 5.860
5090 -0.2781263150 0.0000010399 5.794
5100 -0.2781252782 0.0000010368 5.888
5110 -0.2781242443 0.0000010339 5.614
5120 -0.2781232247 0.0000010196 5.648
5130 -0.2781221969 0.0000010278 5.670
5140 -0.2781211711 0.0000010258 5.651
5150 -0.2781201470 0.0000010241 5.651
5160 -0.2781191200 0.0000010270 5.654
5170 -0.2781181097 0.0000010103 5.655
5180 -0.2781170915 0.0000010182 5.712
5190 -0.2781160887 0.0000010029 5.763
5200 -0.2781150734 0.0000010152 5.842
5210 -0.2781140714 0.0000010020 5.766
5220 -0.2781130674 0.0000010040 5.825
5230 -0.2781120687 0.0000009987 5.863
Marginal Likelihood = -0.2781120687
Total time = 3322.0826 seconds
Total iterations = 5230 
