Marginal likelihood with initialization (1) = nan
Marginal likelihood with initialization (2) = -0.3155725730
Marginal likelihood with initialization (3) = -0.3170432923
Marginal likelihood with initialization (4) = -0.3336558583
Marginal likelihood with initialization (5) = nan
Iteration Marginal_Likelihood delta_Marginal_Likelihood Iteration_Time (secs)
0 -0.3155725730 -- 47451.444
10 -0.3035976124 0.0119749606 8.229
20 -0.2966675921 0.0069300203 7.781
30 -0.2934718061 0.0031957860 6.557
40 -0.2913729354 0.0020988708 6.293
50 -0.2898072249 0.0015657105 6.226
60 -0.2885627505 0.0012444744 6.134
70 -0.2875351404 0.0010276101 6.145
80 -0.2866674063 0.0008677342 6.191
90 -0.2859279224 0.0007394839 6.623
100 -0.2852830911 0.0006448313 6.741
110 -0.2847198898 0.0005632014 7.258
120 -0.2842246098 0.0004952800 7.104
130 -0.2837925772 0.0004320326 6.897
140 -0.2833817906 0.0004107865 6.830
150 -0.2830237555 0.0003580352 6.662
160 -0.2826894470 0.0003343085 6.582
170 -0.2823861776 0.0003032694 6.504
180 -0.2821060082 0.0002801694 6.536
190 -0.2818460179 0.0002599902 6.651
200 -0.2816041253 0.0002418926 6.482
210 -0.2813777476 0.0002263777 6.443
220 -0.2811663053 0.0002114424 6.474
230 -0.2809671509 0.0001991544 6.453
240 -0.2807794556 0.0001876953 6.457
250 -0.2806018543 0.0001776013 6.476
260 -0.2804339672 0.0001678871 6.468
270 -0.2802747132 0.0001592540 6.443
280 -0.2801234248 0.0001512884 6.489
290 -0.2799794552 0.0001439696 6.460
300 -0.2798421415 0.0001373137 6.453
310 -0.2797110499 0.0001310916 6.461
320 -0.2795859408 0.0001251091 6.551
330 -0.2794658343 0.0001201066 6.481
340 -0.2793508039 0.0001150304 6.527
350 -0.2792404162 0.0001103877 6.506
360 -0.2791343699 0.0001060463 6.534
370 -0.2790322957 0.0001020742 6.518
380 -0.2789340760 0.0000982197 6.528
390 -0.2788394343 0.0000946417 6.553
400 -0.2787481519 0.0000912823 6.575
410 -0.2786600327 0.0000881192 6.606
420 -0.2785748971 0.0000851357 6.629
430 -0.2784926471 0.0000822500 6.615
440 -0.2784129870 0.0000796601 6.607
450 -0.2783358531 0.0000771339 6.618
460 -0.2782611115 0.0000747416 6.643
470 -0.2781886400 0.0000724716 6.667
480 -0.2781183250 0.0000703150 6.706
490 -0.2780500611 0.0000682639 6.681
500 -0.2779837511 0.0000663100 6.624
510 -0.2779193007 0.0000644504 6.616
520 -0.2778566247 0.0000626759 6.630
530 -0.2777956427 0.0000609820 6.673
540 -0.2777362791 0.0000593636 6.660
550 -0.2776785193 0.0000577597 6.633
560 -0.2776222709 0.0000562485 6.663
570 -0.2775673599 0.0000549110 6.700
580 -0.2775138096 0.0000535503 6.695
590 -0.2774615620 0.0000522477 6.693
600 -0.2774105778 0.0000509842 6.724
610 -0.2773605345 0.0000500433 6.734
620 -0.2773118595 0.0000486750 6.690
630 -0.2772642827 0.0000475767 6.704
640 -0.2772177961 0.0000464866 6.710
650 -0.2771723453 0.0000454508 6.758
660 -0.2771278841 0.0000444612 6.719
670 -0.2770843247 0.0000435594 6.797
680 -0.2770417470 0.0000425777 6.780
690 -0.2770000176 0.0000417293 6.755
700 -0.2769592033 0.0000408143 6.762
710 -0.2769191681 0.0000400352 6.776
720 -0.2768799693 0.0000391989 6.768
730 -0.2768415241 0.0000384452 6.797
740 -0.2768038395 0.0000376846 6.763
750 -0.2767668727 0.0000369668 6.801
760 -0.2767306102 0.0000362625 6.781
770 -0.2766950252 0.0000355850 6.809
780 -0.2766600985 0.0000349267 6.845
790 -0.2766258090 0.0000342895 6.862
800 -0.2765921376 0.0000336714 6.794
810 -0.2765590656 0.0000330720 6.855
820 -0.2765265751 0.0000324904 6.839
830 -0.2764946491 0.0000319260 6.827
840 -0.2764632706 0.0000313785 6.851
850 -0.2764324210 0.0000308496 6.822
860 -0.2764020916 0.0000303295 6.848
870 -0.2763722661 0.0000298255 6.837
880 -0.2763429294 0.0000293367 6.839
890 -0.2763140637 0.0000288657 6.872
900 -0.2762856383 0.0000284254 6.877
910 -0.2762576861 0.0000279523 6.859
920 -0.2762301734 0.0000275127 6.894
930 -0.2762030874 0.0000270859 6.880
940 -0.2761764182 0.0000266693 6.867
950 -0.2761501518 0.0000262664 6.867
960 -0.2761242806 0.0000258712 6.919
970 -0.2760987938 0.0000254868 6.892
980 -0.2760736819 0.0000251119 6.892
990 -0.2760489356 0.0000247463 6.889
1000 -0.2760245458 0.0000243898 6.909
1010 -0.2760005037 0.0000240421 6.892
1020 -0.2759767882 0.0000237155 6.903
1030 -0.2759533832 0.0000234050 6.887
1040 -0.2759303365 0.0000230467 6.936
1050 -0.2759076000 0.0000227365 6.919
1060 -0.2758851763 0.0000224237 6.939
1070 -0.2758630520 0.0000221244 6.867
1080 -0.2758412241 0.0000218279 6.880
1090 -0.2758196862 0.0000215379 6.927
1100 -0.2757984305 0.0000212556 6.937
1110 -0.2757774512 0.0000209793 6.905
1120 -0.2757567420 0.0000207092 6.893
1130 -0.2757362972 0.0000204449 6.906
1140 -0.2757161109 0.0000201862 6.918
1150 -0.2756961778 0.0000199331 6.973
1160 -0.2756764924 0.0000196854 6.933
1170 -0.2756570496 0.0000194428 7.063
1180 -0.2756378432 0.0000192063 6.940
1190 -0.2756188698 0.0000189734 6.948
1200 -0.2756001247 0.0000187451 6.952
1210 -0.2755816033 0.0000185214 6.939
1220 -0.2755633004 0.0000183029 6.960
1230 -0.2755452126 0.0000180878 6.965
1240 -0.2755273353 0.0000178773 6.980
1250 -0.2755096628 0.0000176726 6.967
1260 -0.2754921931 0.0000174697 6.962
1270 -0.2754749203 0.0000172727 7.003
1280 -0.2754578438 0.0000170765 6.982
1290 -0.2754409545 0.0000168894 6.977
1300 -0.2754242546 0.0000166999 7.004
1310 -0.2754077385 0.0000165161 6.977
1320 -0.2753914047 0.0000163337 6.954
1330 -0.2753752405 0.0000161643 7.000
1340 -0.2753592538 0.0000159867 6.967
1350 -0.2753434432 0.0000158105 6.993
1360 -0.2753277883 0.0000156549 6.988
1370 -0.2753123002 0.0000154881 7.017
1380 -0.2752969352 0.0000153650 6.971
1390 -0.2752817636 0.0000151716 6.978
1400 -0.2752667552 0.0000150084 6.952
1410 -0.2752518892 0.0000148660 7.028
1420 -0.2752371869 0.0000147023 6.980
1430 -0.2752226193 0.0000145676 7.007
1440 -0.2752082035 0.0000144159 7.003
1450 -0.2751939306 0.0000142729 7.014
1460 -0.2751797992 0.0000141314 6.996
1470 -0.2751658149 0.0000139843 7.013
1480 -0.2751519477 0.0000138672 7.006
1490 -0.2751382251 0.0000137226 7.016
1500 -0.2751246345 0.0000135906 7.033
1510 -0.2751111717 0.0000134628 7.057
1520 -0.2750978370 0.0000133347 7.041
1530 -0.2750846280 0.0000132090 7.003
1540 -0.2750715425 0.0000130855 7.053
1550 -0.2750585785 0.0000129640 7.020
1560 -0.2750457340 0.0000128445 7.029
1570 -0.2750330071 0.0000127268 7.048
1580 -0.2750203962 0.0000126109 7.000
1590 -0.2750078994 0.0000124968 7.025
1600 -0.2749955148 0.0000123845 7.046
1610 -0.2749832408 0.0000122740 7.033
1620 -0.2749710757 0.0000121652 7.043
1630 -0.2749590151 0.0000120605 6.999
1640 -0.2749470648 0.0000119503 7.060
1650 -0.2749352137 0.0000118511 7.021
1660 -0.2749234770 0.0000117367 7.058
1670 -0.2749118233 0.0000116538 7.028
1680 -0.2749002791 0.0000115441 7.035
1690 -0.2748888328 0.0000114463 7.074
1700 -0.2748774887 0.0000113441 7.078
1710 -0.2748662270 0.0000112616 7.085
1720 -0.2748550662 0.0000111609 7.008
1730 -0.2748439990 0.0000110672 7.085
1740 -0.2748330220 0.0000109770 7.075
1750 -0.2748221352 0.0000108868 7.078
1760 -0.2748113377 0.0000107975 7.073
1770 -0.2748006277 0.0000107100 7.059
1780 -0.2747900039 0.0000106238 7.055
1790 -0.2747794636 0.0000105402 7.047
1800 -0.2747690088 0.0000104549 7.062
1810 -0.2747586374 0.0000103714 7.050
1820 -0.2747483471 0.0000102903 7.076
1830 -0.2747381381 0.0000102090 7.055
1840 -0.2747280080 0.0000101302 7.096
1850 -0.2747179556 0.0000100524 7.079
1860 -0.2747079816 0.0000099740 7.079
1870 -0.2746980844 0.0000098972 7.081
1880 -0.2746882617 0.0000098227 7.070
1890 -0.2746784998 0.0000097620 7.084
1900 -0.2746688223 0.0000096775 7.062
1910 -0.2746592196 0.0000096027 7.093
1920 -0.2746496881 0.0000095316 7.123
1930 -0.2746402285 0.0000094596 7.096
1940 -0.2746308384 0.0000093900 7.104
1950 -0.2746215171 0.0000093213 7.080
1960 -0.2746122691 0.0000092480 7.119
1970 -0.2746030784 0.0000091907 7.139
1980 -0.2745939593 0.0000091191 7.105
1990 -0.2745849058 0.0000090536 7.110
2000 -0.2745759211 0.0000089846 7.117
2010 -0.2745669921 0.0000089290 7.110
2020 -0.2745581359 0.0000088562 7.144
2030 -0.2745493317 0.0000088042 7.093
2040 -0.2745405955 0.0000087361 7.113
2050 -0.2745319181 0.0000086774 7.104
2060 -0.2745233067 0.0000086115 7.071
2070 -0.2745147452 0.0000085615 7.102
2080 -0.2745062478 0.0000084974 7.116
2090 -0.2744978131 0.0000084347 7.120
2100 -0.2744894255 0.0000083876 7.093
2110 -0.2744810989 0.0000083266 7.162
2120 -0.2744728171 0.0000082818 7.080
2130 -0.2744646021 0.0000082149 7.124
2140 -0.2744564419 0.0000081602 7.138
2150 -0.2744483365 0.0000081054 7.103
2160 -0.2744402851 0.0000080514 7.092
2170 -0.2744322862 0.0000079989 7.105
2180 -0.2744243401 0.0000079462 7.076
2190 -0.2744164461 0.0000078940 7.112
2200 -0.2744086027 0.0000078434 7.124
2210 -0.2744008104 0.0000077923 7.131
2220 -0.2743930684 0.0000077420 7.117
2230 -0.2743853756 0.0000076927 7.109
2240 -0.2743777325 0.0000076431 7.118
2250 -0.2743701373 0.0000075952 7.152
2260 -0.2743625901 0.0000075472 7.130
2270 -0.2743550909 0.0000074992 7.113
2280 -0.2743476387 0.0000074521 7.131
2290 -0.2743402324 0.0000074063 7.134
2300 -0.2743328766 0.0000073557 7.121
2310 -0.2743255571 0.0000073195 7.080
2320 -0.2743182914 0.0000072657 7.109
2330 -0.2743110622 0.0000072292 7.160
2340 -0.2743038839 0.0000071783 7.117
2350 -0.2742967434 0.0000071405 7.141
2360 -0.2742896490 0.0000070944 7.166
2370 -0.2742825973 0.0000070517 7.110
2380 -0.2742755911 0.0000070063 7.144
2390 -0.2742686199 0.0000069712 7.148
2400 -0.2742616956 0.0000069243 7.151
2410 -0.2742548080 0.0000068876 7.119
2420 -0.2742479630 0.0000068450 7.157
2430 -0.2742411586 0.0000068044 7.080
2440 -0.2742343935 0.0000067651 7.022
2450 -0.2742276720 0.0000067215 7.000
2460 -0.2742209803 0.0000066916 7.034
2470 -0.2742143331 0.0000066472 6.945
2480 -0.2742077214 0.0000066117 6.940
2490 -0.2742011521 0.0000065693 6.873
2500 -0.2741946134 0.0000065387 6.861
2510 -0.2741881146 0.0000064988 6.837
2520 -0.2741816522 0.0000064624 6.798
2530 -0.2741752260 0.0000064262 6.797
2540 -0.2741688353 0.0000063907 6.772
2550 -0.2741624792 0.0000063561 6.789
2560 -0.2741561597 0.0000063195 6.781
2570 -0.2741498552 0.0000063045 6.784
2580 -0.2741435928 0.0000062624 6.802
2590 -0.2741373627 0.0000062301 6.742
2600 -0.2741311430 0.0000062197 6.787
2610 -0.2741246593 0.0000064837 6.758
2620 -0.2741185442 0.0000061151 6.755
2630 -0.2741124643 0.0000060799 6.725
2640 -0.2741064143 0.0000060500 6.759
2650 -0.2741003986 0.0000060157 6.750
2660 -0.2740944168 0.0000059818 6.727
2670 -0.2740884632 0.0000059536 6.776
2680 -0.2740825432 0.0000059200 6.732
2690 -0.2740766550 0.0000058882 6.758
2700 -0.2740707966 0.0000058583 6.725
2710 -0.2740649697 0.0000058269 6.737
2720 -0.2740591752 0.0000057946 6.721
2730 -0.2740534069 0.0000057682 6.731
2740 -0.2740476707 0.0000057363 6.703
2750 -0.2740419665 0.0000057042 6.731
2760 -0.2740362867 0.0000056798 6.789
2770 -0.2740306388 0.0000056480 6.712
2780 -0.2740250196 0.0000056191 6.715
2790 -0.2740194293 0.0000055903 6.755
2800 -0.2740138668 0.0000055626 6.711
2810 -0.2740083333 0.0000055334 6.717
2820 -0.2740028265 0.0000055068 6.779
2830 -0.2739973481 0.0000054784 6.696
2840 -0.2739918975 0.0000054506 6.681
2850 -0.2739864731 0.0000054245 6.654
2860 -0.2739810762 0.0000053969 6.658
2870 -0.2739757063 0.0000053699 6.677
2880 -0.2739703621 0.0000053442 6.633
2890 -0.2739650447 0.0000053174 6.678
2900 -0.2739597536 0.0000052912 6.666
2910 -0.2739544876 0.0000052660 6.656
2920 -0.2739492477 0.0000052399 6.646
2930 -0.2739440333 0.0000052143 6.657
2940 -0.2739388436 0.0000051898 6.642
2950 -0.2739336793 0.0000051643 6.607
2960 -0.2739285413 0.0000051380 6.617
2970 -0.2739234244 0.0000051169 6.621
2980 -0.2739183337 0.0000050907 6.626
2990 -0.2739132672 0.0000050665 6.630
3000 -0.2739082248 0.0000050424 6.669
3010 -0.2739032056 0.0000050192 6.612
3020 -0.2738982119 0.0000049937 6.614
3030 -0.2738932385 0.0000049735 6.654
3040 -0.2738882905 0.0000049480 6.649
3050 -0.2738833641 0.0000049264 6.617
3060 -0.2738784613 0.0000049028 6.631
3070 -0.2738735811 0.0000048802 6.625
3080 -0.2738687252 0.0000048559 6.622
3090 -0.2738638879 0.0000048373 6.622
3100 -0.2738590746 0.0000048132 6.584
3110 -0.2738542831 0.0000047916 6.605
3120 -0.2738495135 0.0000047696 6.635
3130 -0.2738447672 0.0000047463 6.624
3140 -0.2738400389 0.0000047284 6.623
3150 -0.2738353338 0.0000047051 6.636
3160 -0.2738306492 0.0000046846 6.662
3170 -0.2738259860 0.0000046632 6.612
3180 -0.2738213433 0.0000046427 6.595
3190 -0.2738167214 0.0000046219 6.606
3200 -0.2738121209 0.0000046004 6.643
3210 -0.2738075387 0.0000045822 6.617
3220 -0.2738029778 0.0000045610 6.613
3230 -0.2737984366 0.0000045412 6.602
3240 -0.2737939154 0.0000045211 6.626
3250 -0.2737894142 0.0000045012 6.635
3260 -0.2737849319 0.0000044823 6.658
3270 -0.2737804694 0.0000044625 6.622
3280 -0.2737760272 0.0000044422 6.638
3290 -0.2737716017 0.0000044255 6.600
3300 -0.2737671964 0.0000044052 6.598
3310 -0.2737628109 0.0000043855 6.611
3320 -0.2737584344 0.0000043765 6.596
3330 -0.2737540847 0.0000043497 6.647
3340 -0.2737497535 0.0000043312 6.606
3350 -0.2737454415 0.0000043121 6.619
3360 -0.2737411460 0.0000042955 6.612
3370 -0.2737368693 0.0000042766 6.622
3380 -0.2737326104 0.0000042589 6.597
3390 -0.2737283697 0.0000042408 6.594
3400 -0.2737241462 0.0000042235 6.627
3410 -0.2737199404 0.0000042058 6.613
3420 -0.2737157517 0.0000041887 6.562
3430 -0.2737115809 0.0000041709 6.604
3440 -0.2737074265 0.0000041544 6.567
3450 -0.2737032907 0.0000041358 6.572
3460 -0.2736991694 0.0000041212 6.565
3470 -0.2736950661 0.0000041033 6.568
3480 -0.2736909793 0.0000040868 6.570
3490 -0.2736869097 0.0000040696 6.547
3500 -0.2736828555 0.0000040541 6.576
3510 -0.2736788181 0.0000040375 6.556
3520 -0.2736747969 0.0000040212 6.570
3530 -0.2736707922 0.0000040047 6.575
3540 -0.2736668027 0.0000039895 6.535
3550 -0.2736628295 0.0000039732 6.567
3560 -0.2736588719 0.0000039576 6.543
3570 -0.2736549307 0.0000039413 6.571
3580 -0.2736510038 0.0000039268 6.550
3590 -0.2736470932 0.0000039106 6.562
3600 -0.2736431975 0.0000038957 6.578
3610 -0.2736393185 0.0000038790 6.542
3620 -0.2736354523 0.0000038662 6.539
3630 -0.2736316029 0.0000038494 6.499
3640 -0.2736277668 0.0000038360 6.572
3650 -0.2736239467 0.0000038201 6.556
3660 -0.2736201409 0.0000038058 6.549
3670 -0.2736163500 0.0000037910 6.553
3680 -0.2736125734 0.0000037766 6.529
3690 -0.2736088115 0.0000037619 6.538
3700 -0.2736050639 0.0000037476 6.525
3710 -0.2736013304 0.0000037335 6.508
3720 -0.2735976121 0.0000037183 6.512
3730 -0.2735939060 0.0000037061 6.515
3740 -0.2735902149 0.0000036911 6.503
3750 -0.2735865373 0.0000036777 6.520
3760 -0.2735828738 0.0000036635 6.527
3770 -0.2735792238 0.0000036499 6.517
3780 -0.2735755876 0.0000036363 6.581
3790 -0.2735719658 0.0000036218 6.488
3800 -0.2735683556 0.0000036102 6.552
3810 -0.2735647597 0.0000035959 6.502
3820 -0.2735611769 0.0000035828 6.486
3830 -0.2735576074 0.0000035695 6.492
3840 -0.2735540511 0.0000035563 6.478
3850 -0.2735505076 0.0000035435 6.499
3860 -0.2735469772 0.0000035304 6.482
3870 -0.2735434595 0.0000035177 6.510
3880 -0.2735399549 0.0000035046 6.477
3890 -0.2735364625 0.0000034923 6.470
3900 -0.2735329840 0.0000034785 6.450
3910 -0.2735295163 0.0000034678 6.469
3920 -0.2735260616 0.0000034547 6.467
3930 -0.2735226193 0.0000034423 6.479
3940 -0.2735191894 0.0000034298 6.441
3950 -0.2735157719 0.0000034176 6.456
3960 -0.2735123664 0.0000034055 6.481
3970 -0.2735089728 0.0000033935 6.462
3980 -0.2735055914 0.0000033814 6.418
3990 -0.2735022221 0.0000033693 6.410
4000 -0.2734988642 0.0000033579 6.339
4010 -0.2734955184 0.0000033458 6.328
4020 -0.2734921848 0.0000033337 6.329
4030 -0.2734888617 0.0000033231 6.324
4040 -0.2734855509 0.0000033108 6.318
4050 -0.2734822513 0.0000032996 6.326
4060 -0.2734789635 0.0000032878 6.296
4070 -0.2734756866 0.0000032769 6.374
4080 -0.2734724213 0.0000032653 6.305
4090 -0.2734691671 0.0000032542 6.319
4100 -0.2734659243 0.0000032428 6.304
4110 -0.2734626924 0.0000032318 6.301
4120 -0.2734594717 0.0000032208 6.295
4130 -0.2734562615 0.0000032102 6.412
4140 -0.2734530626 0.0000031989 6.393
4150 -0.2734498745 0.0000031881 6.402
4160 -0.2734466973 0.0000031772 6.390
4170 -0.2734435303 0.0000031670 6.391
4180 -0.2734403743 0.0000031560 6.375
4190 -0.2734372289 0.0000031455 6.340
4200 -0.2734340940 0.0000031349 6.423
4210 -0.2734309694 0.0000031246 6.379
4220 -0.2734278559 0.0000031135 6.403
4230 -0.2734247518 0.0000031041 6.366
4240 -0.2734216585 0.0000030934 6.358
4250 -0.2734185749 0.0000030835 6.331
4260 -0.2734155026 0.0000030723 6.346
4270 -0.2734124391 0.0000030635 6.324
4280 -0.2734093862 0.0000030529 6.347
4290 -0.2734063434 0.0000030428 6.330
4300 -0.2734033101 0.0000030333 6.356
4310 -0.2734002877 0.0000030225 6.338
4320 -0.2733972738 0.0000030139 6.325
4330 -0.2733942703 0.0000030035 6.344
4340 -0.2733912765 0.0000029938 6.321
4350 -0.2733882926 0.0000029839 6.302
4360 -0.2733853179 0.0000029747 6.315
4370 -0.2733823528 0.0000029651 6.326
4380 -0.2733793973 0.0000029555 6.309
4390 -0.2733764513 0.0000029460 6.311
4400 -0.2733735147 0.0000029367 6.347
4410 -0.2733705873 0.0000029273 6.336
4420 -0.2733676696 0.0000029178 6.306
4430 -0.2733647606 0.0000029090 6.301
4440 -0.2733618609 0.0000028996 6.284
4450 -0.2733589705 0.0000028904 6.300
4460 -0.2733560891 0.0000028814 6.249
4470 -0.2733532168 0.0000028723 6.298
4480 -0.2733503539 0.0000028629 6.249
4490 -0.2733474994 0.0000028545 6.244
4500 -0.2733446536 0.0000028458 6.262
4510 -0.2733418169 0.0000028366 6.236
4520 -0.2733389892 0.0000028278 6.244
4530 -0.2733361700 0.0000028192 6.249
4540 -0.2733333597 0.0000028103 6.223
4550 -0.2733305578 0.0000028018 6.232
4560 -0.2733277646 0.0000027932 6.247
4570 -0.2733249800 0.0000027846 6.248
4580 -0.2733222042 0.0000027758 6.261
4590 -0.2733194366 0.0000027677 6.225
4600 -0.2733166772 0.0000027594 6.235
4610 -0.2733139269 0.0000027503 6.367
4620 -0.2733111842 0.0000027427 6.249
4630 -0.2733084502 0.0000027340 6.207
4640 -0.2733057239 0.0000027262 6.178
4650 -0.2733030063 0.0000027176 6.219
4660 -0.2733002967 0.0000027096 6.180
4670 -0.2732975953 0.0000027014 6.216
4680 -0.2732949025 0.0000026928 6.240
4690 -0.2732922170 0.0000026855 6.206
4700 -0.2732895395 0.0000026776 6.203
4710 -0.2732868709 0.0000026686 6.224
4720 -0.2732842094 0.0000026615 6.196
4730 -0.2732815552 0.0000026542 6.303
4740 -0.2732789095 0.0000026457 6.181
4750 -0.2732762716 0.0000026379 6.196
4760 -0.2732736419 0.0000026297 6.172
4770 -0.2732710192 0.0000026227 6.163
4780 -0.2732684049 0.0000026143 6.132
4790 -0.2732657971 0.0000026077 6.307
4800 -0.2732631976 0.0000025995 6.183
4810 -0.2732606056 0.0000025920 6.138
4820 -0.2732580212 0.0000025844 6.141
4830 -0.2732554442 0.0000025769 6.133
4840 -0.2732528749 0.0000025693 6.145
4850 -0.2732503129 0.0000025620 6.127
4860 -0.2732477579 0.0000025550 6.118
4870 -0.2732452104 0.0000025474 6.229
4880 -0.2732426705 0.0000025400 6.124
4890 -0.2732401380 0.0000025324 6.107
4900 -0.2732376119 0.0000025262 6.142
4910 -0.2732350935 0.0000025184 6.115
4920 -0.2732325822 0.0000025113 6.131
4930 -0.2732300782 0.0000025041 6.081
4940 -0.2732275811 0.0000024970 6.100
4950 -0.2732250911 0.0000024900 6.107
4960 -0.2732226083 0.0000024828 6.094
4970 -0.2732201319 0.0000024764 6.088
4980 -0.2732176628 0.0000024691 6.105
4990 -0.2732152007 0.0000024622 6.104
5000 -0.2732127454 0.0000024553 6.072
5010 -0.2732102974 0.0000024480 6.039
5020 -0.2732078557 0.0000024416 6.086
5030 -0.2732054204 0.0000024353 6.119
5040 -0.2732029924 0.0000024281 6.075
5050 -0.2732005713 0.0000024211 6.082
5060 -0.2731981567 0.0000024146 6.062
5070 -0.2731957482 0.0000024085 6.095
5080 -0.2731933467 0.0000024014 6.137
5090 -0.2731909519 0.0000023948 6.042
5100 -0.2731885636 0.0000023883 6.046
5110 -0.2731861819 0.0000023818 6.048
5120 -0.2731838066 0.0000023752 6.040
5130 -0.2731814385 0.0000023681 6.053
5140 -0.2731790758 0.0000023627 6.073
5150 -0.2731767193 0.0000023565 6.075
5160 -0.2731743697 0.0000023496 6.043
5170 -0.2731720266 0.0000023432 6.028
5180 -0.2731696895 0.0000023371 6.038
5190 -0.2731673588 0.0000023306 6.025
5200 -0.2731650344 0.0000023245 6.026
5210 -0.2731627164 0.0000023180 5.998
5220 -0.2731604041 0.0000023122 5.980
5230 -0.2731580983 0.0000023059 6.000
5240 -0.2731557986 0.0000022997 6.011
5250 -0.2731535050 0.0000022936 6.006
5260 -0.2731512177 0.0000022874 6.014
5270 -0.2731489360 0.0000022817 5.985
5280 -0.2731466605 0.0000022754 6.004
5290 -0.2731443911 0.0000022695 6.011
5300 -0.2731421276 0.0000022634 6.020
5310 -0.2731398704 0.0000022572 6.009
5320 -0.2731376185 0.0000022519 6.006
5330 -0.2731353727 0.0000022457 6.013
5340 -0.2731331331 0.0000022396 5.989
5350 -0.2731308992 0.0000022339 5.968
5360 -0.2731286706 0.0000022286 6.008
5370 -0.2731264482 0.0000022224 5.949
5380 -0.2731242315 0.0000022167 6.044
5390 -0.2731220207 0.0000022108 5.959
5400 -0.2731198157 0.0000022050 5.960
5410 -0.2731176157 0.0000022001 5.947
5420 -0.2731154217 0.0000021939 5.947
5430 -0.2731132336 0.0000021881 5.939
5440 -0.2731110507 0.0000021829 5.932
5450 -0.2731088737 0.0000021770 5.953
5460 -0.2731067021 0.0000021717 5.961
5470 -0.2731045361 0.0000021660 5.945
5480 -0.2731023756 0.0000021605 5.924
5490 -0.2731002204 0.0000021551 5.975
5500 -0.2730980710 0.0000021495 5.923
5510 -0.2730959267 0.0000021443 5.940
5520 -0.2730937879 0.0000021388 5.919
5530 -0.2730916545 0.0000021334 5.912
5540 -0.2730895268 0.0000021277 5.913
5550 -0.2730874044 0.0000021224 5.940
5560 -0.2730852865 0.0000021179 5.912
5570 -0.2730831746 0.0000021120 5.924
5580 -0.2730810680 0.0000021066 5.891
5590 -0.2730789660 0.0000021020 5.929
5600 -0.2730768698 0.0000020962 5.905
5610 -0.2730747785 0.0000020913 5.931
5620 -0.2730726926 0.0000020860 5.909
5630 -0.2730706122 0.0000020804 5.895
5640 -0.2730685363 0.0000020759 5.862
5650 -0.2730664655 0.0000020708 5.890
5660 -0.2730644001 0.0000020655 5.898
5670 -0.2730623396 0.0000020604 5.907
5680 -0.2730602843 0.0000020553 5.900
5690 -0.2730582339 0.0000020503 5.873
5700 -0.2730561886 0.0000020454 5.893
5710 -0.2730541483 0.0000020403 5.941
5720 -0.2730521128 0.0000020355 5.863
5730 -0.2730500823 0.0000020304 5.907
5740 -0.2730480567 0.0000020256 5.883
5750 -0.2730460363 0.0000020204 5.832
5760 -0.2730440209 0.0000020154 5.884
5770 -0.2730420101 0.0000020108 5.859
5780 -0.2730400033 0.0000020068 5.854
5790 -0.2730380023 0.0000020010 5.858
5800 -0.2730360063 0.0000019960 5.858
5810 -0.2730340155 0.0000019908 5.862
5820 -0.2730320308 0.0000019848 5.871
5830 -0.2730300479 0.0000019829 5.869
5840 -0.2730280702 0.0000019777 5.859
5850 -0.2730260976 0.0000019725 5.868
5860 -0.2730241290 0.0000019686 5.863
5870 -0.2730221664 0.0000019626 5.848
5880 -0.2730202062 0.0000019602 5.852
5890 -0.2730182540 0.0000019522 5.857
5900 -0.2730163019 0.0000019522 5.867
5910 -0.2730143594 0.0000019425 5.807
5920 -0.2730124165 0.0000019429 5.842
5930 -0.2730104830 0.0000019335 5.813
5940 -0.2730085490 0.0000019340 5.847
5950 -0.2730066246 0.0000019244 5.826
5960 -0.2730046997 0.0000019249 5.842
5970 -0.2730027843 0.0000019155 5.842
5980 -0.2730008682 0.0000019160 5.814
5990 -0.2729989617 0.0000019066 5.821
6000 -0.2729970545 0.0000019072 5.836
6010 -0.2729951568 0.0000018978 5.818
6020 -0.2729932584 0.0000018984 5.801
6030 -0.2729913694 0.0000018890 5.798
6040 -0.2729894797 0.0000018897 5.803
6050 -0.2729875993 0.0000018804 5.808
6060 -0.2729857183 0.0000018810 5.810
6070 -0.2729838465 0.0000018718 5.793
6080 -0.2729819742 0.0000018724 5.808
6090 -0.2729801108 0.0000018634 5.811
6100 -0.2729782471 0.0000018637 5.819
6110 -0.2729763920 0.0000018551 5.778
6120 -0.2729745371 0.0000018550 5.781
6130 -0.2729726900 0.0000018471 5.796
6140 -0.2729708443 0.0000018457 5.807
6150 -0.2729690047 0.0000018396 5.800
6160 -0.2729671671 0.0000018376 5.766
6170 -0.2729653310 0.0000018361 5.798
6180 -0.2729635051 0.0000018259 5.801
6190 -0.2729616761 0.0000018290 5.805
6200 -0.2729598557 0.0000018204 5.775
6210 -0.2729580396 0.0000018161 5.774
6220 -0.2729562278 0.0000018118 5.790
6230 -0.2729544196 0.0000018082 5.806
6240 -0.2729526151 0.0000018046 5.827
6250 -0.2729508152 0.0000017999 5.780
6260 -0.2729490191 0.0000017961 5.769
6270 -0.2729472267 0.0000017924 5.797
6280 -0.2729454386 0.0000017881 5.777
6290 -0.2729436549 0.0000017836 5.773
6300 -0.2729418774 0.0000017775 5.773
6310 -0.2729400999 0.0000017776 5.787
6320 -0.2729383279 0.0000017720 5.788
6330 -0.2729365583 0.0000017696 5.754
6340 -0.2729347956 0.0000017628 5.761
6350 -0.2729330323 0.0000017632 5.780
6360 -0.2729312780 0.0000017543 5.773
6370 -0.2729295221 0.0000017559 5.769
6380 -0.2729277745 0.0000017476 5.743
6390 -0.2729260269 0.0000017476 5.741
6400 -0.2729242877 0.0000017392 5.787
6410 -0.2729225470 0.0000017407 5.771
6420 -0.2729208143 0.0000017327 5.726
6430 -0.2729190819 0.0000017324 5.747
6440 -0.2729173577 0.0000017242 5.713
6450 -0.2729156320 0.0000017257 5.765
6460 -0.2729139140 0.0000017180 5.759
6470 -0.2729121966 0.0000017174 5.738
6480 -0.2729104870 0.0000017096 5.733
6490 -0.2729087760 0.0000017110 5.756
6500 -0.2729070727 0.0000017034 5.735
6510 -0.2729053699 0.0000017028 5.746
6520 -0.2729036748 0.0000016951 5.745
6530 -0.2729019784 0.0000016964 5.724
6540 -0.2729002894 0.0000016890 5.719
6550 -0.2728986010 0.0000016883 5.726
6560 -0.2728969201 0.0000016809 5.715
6570 -0.2728952381 0.0000016820 5.740
6580 -0.2728935632 0.0000016748 5.708
6590 -0.2728918892 0.0000016741 5.700
6600 -0.2728902222 0.0000016669 5.732
6610 -0.2728885544 0.0000016679 5.728
6620 -0.2728868935 0.0000016609 5.724
6630 -0.2728852334 0.0000016601 5.741
6640 -0.2728835803 0.0000016531 5.747
6650 -0.2728819264 0.0000016539 5.749
6660 -0.2728802793 0.0000016471 5.736
6670 -0.2728786330 0.0000016463 5.702
6680 -0.2728769934 0.0000016395 5.748
6690 -0.2728753533 0.0000016401 5.720
6700 -0.2728737198 0.0000016335 5.734
6710 -0.2728720871 0.0000016327 5.687
6720 -0.2728704609 0.0000016261 5.725
6730 -0.2728688343 0.0000016266 5.750
6740 -0.2728672142 0.0000016201 5.707
6750 -0.2728655949 0.0000016193 5.724
6760 -0.2728639819 0.0000016129 5.689
6770 -0.2728623687 0.0000016132 5.717
6780 -0.2728607618 0.0000016070 5.748
6790 -0.2728591557 0.0000016061 5.729
6800 -0.2728575558 0.0000015999 5.696
6810 -0.2728559558 0.0000016000 5.741
6820 -0.2728543618 0.0000015939 5.712
6830 -0.2728527687 0.0000015931 5.692
6840 -0.2728511816 0.0000015871 5.706
6850 -0.2728495946 0.0000015870 5.713
6860 -0.2728480135 0.0000015811 5.687
6870 -0.2728464332 0.0000015803 5.725
6880 -0.2728448588 0.0000015745 5.716
6890 -0.2728432846 0.0000015742 5.713
6900 -0.2728417161 0.0000015685 5.721
6910 -0.2728401485 0.0000015676 5.675
6920 -0.2728385865 0.0000015620 5.703
6930 -0.2728370250 0.0000015615 5.722
6940 -0.2728354690 0.0000015560 5.707
6950 -0.2728339139 0.0000015551 5.666
6960 -0.2728323642 0.0000015497 5.724
6970 -0.2728308151 0.0000015491 5.703
6980 -0.2728292714 0.0000015437 5.693
6990 -0.2728277286 0.0000015428 5.665
7000 -0.2728261910 0.0000015376 5.708
7010 -0.2728246542 0.0000015368 5.696
7020 -0.2728231226 0.0000015316 5.689
7030 -0.2728215920 0.0000015307 5.679
7040 -0.2728200664 0.0000015256 5.678
7050 -0.2728185417 0.0000015247 5.665
7060 -0.2728170221 0.0000015197 5.692
7070 -0.2728155034 0.0000015187 5.682
7080 -0.2728139896 0.0000015138 5.694
7090 -0.2728124769 0.0000015127 5.669
7100 -0.2728109690 0.0000015079 5.700
7110 -0.2728094622 0.0000015068 5.719
7120 -0.2728079601 0.0000015021 5.700
7130 -0.2728064591 0.0000015010 5.652
7140 -0.2728049628 0.0000014963 5.686
7150 -0.2728034677 0.0000014951 5.693
7160 -0.2728019771 0.0000014906 5.694
7170 -0.2728004878 0.0000014893 5.742
7180 -0.2727990029 0.0000014849 5.759
7190 -0.2727975193 0.0000014836 5.706
7200 -0.2727960401 0.0000014792 5.692
7210 -0.2727945622 0.0000014779 5.677
7220 -0.2727930886 0.0000014736 5.663
7230 -0.2727916164 0.0000014722 5.690
7240 -0.2727901483 0.0000014680 5.647
7250 -0.2727886818 0.0000014666 5.733
7260 -0.2727872193 0.0000014625 5.678
7270 -0.2727857583 0.0000014610 5.678
7280 -0.2727843014 0.0000014570 5.683
7290 -0.2727828459 0.0000014554 5.661
7300 -0.2727813944 0.0000014515 5.701
7310 -0.2727799446 0.0000014499 5.651
7320 -0.2727784985 0.0000014461 5.654
7330 -0.2727770541 0.0000014444 5.679
7340 -0.2727756134 0.0000014407 5.649
7350 -0.2727741745 0.0000014389 5.651
7360 -0.2727727392 0.0000014353 5.677
7370 -0.2727713057 0.0000014335 5.652
7380 -0.2727698757 0.0000014300 5.673
7390 -0.2727684476 0.0000014281 5.675
7400 -0.2727670229 0.0000014247 5.678
7410 -0.2727656001 0.0000014228 5.656
7420 -0.2727641807 0.0000014194 5.643
7430 -0.2727627632 0.0000014175 5.636
7440 -0.2727613490 0.0000014142 5.641
7450 -0.2727599368 0.0000014122 5.667
7460 -0.2727585278 0.0000014090 5.647
7470 -0.2727571209 0.0000014069 5.662
7480 -0.2727557170 0.0000014039 5.641
7490 -0.2727543153 0.0000014017 5.685
7500 -0.2727529165 0.0000013988 5.652
7510 -0.2727515200 0.0000013965 5.649
7520 -0.2727501263 0.0000013937 5.662
7530 -0.2727487350 0.0000013914 5.679
7540 -0.2727473463 0.0000013886 5.659
7550 -0.2727459601 0.0000013863 5.635
7560 -0.2727445765 0.0000013836 5.667
7570 -0.2727431953 0.0000013812 5.638
7580 -0.2727418167 0.0000013786 5.670
7590 -0.2727404406 0.0000013762 5.662
7600 -0.2727390670 0.0000013736 5.669
7610 -0.2727376958 0.0000013712 5.628
7620 -0.2727363271 0.0000013687 5.651
7630 -0.2727349609 0.0000013662 5.648
7640 -0.2727335972 0.0000013637 5.629
7650 -0.2727322359 0.0000013613 5.624
7660 -0.2727308771 0.0000013588 5.670
7670 -0.2727295207 0.0000013564 5.644
7680 -0.2727281668 0.0000013540 5.626
7690 -0.2727268152 0.0000013515 5.659
7700 -0.2727254661 0.0000013491 5.643
7710 -0.2727241194 0.0000013467 5.631
7720 -0.2727227751 0.0000013443 5.625
7730 -0.2727214332 0.0000013419 5.658
7740 -0.2727200937 0.0000013395 5.656
7750 -0.2727187565 0.0000013371 5.656
7760 -0.2727174217 0.0000013348 5.617
7770 -0.2727160893 0.0000013324 5.702
7780 -0.2727147593 0.0000013301 5.634
7790 -0.2727134316 0.0000013277 5.628
7800 -0.2727121062 0.0000013254 5.630
7810 -0.2727107832 0.0000013230 5.627
7820 -0.2727094625 0.0000013207 5.640
7830 -0.2727081441 0.0000013184 5.624
7840 -0.2727068281 0.0000013161 5.710
7850 -0.2727055143 0.0000013138 5.629
7860 -0.2727042029 0.0000013115 5.631
7870 -0.2727028937 0.0000013092 5.674
7880 -0.2727015868 0.0000013069 5.672
7890 -0.2727002822 0.0000013046 5.620
7900 -0.2726989799 0.0000013023 5.614
7910 -0.2726976799 0.0000013001 5.627
7920 -0.2726963821 0.0000012978 5.618
7930 -0.2726950865 0.0000012956 5.636
7940 -0.2726937932 0.0000012933 5.646
7950 -0.2726925021 0.0000012911 5.642
7960 -0.2726912133 0.0000012888 5.594
7970 -0.2726899267 0.0000012866 5.622
7980 -0.2726886423 0.0000012844 5.643
7990 -0.2726873601 0.0000012822 5.645
8000 -0.2726860801 0.0000012800 5.616
8010 -0.2726848023 0.0000012778 5.619
8020 -0.2726835267 0.0000012756 5.617
8030 -0.2726822533 0.0000012734 5.619
8040 -0.2726809821 0.0000012712 5.600
8050 -0.2726797130 0.0000012691 5.605
8060 -0.2726784461 0.0000012669 5.614
8070 -0.2726771814 0.0000012647 5.612
8080 -0.2726759188 0.0000012626 5.606
8090 -0.2726746584 0.0000012604 5.631
8100 -0.2726734001 0.0000012583 5.607
8110 -0.2726721439 0.0000012562 5.626
8120 -0.2726708898 0.0000012540 5.642
8130 -0.2726696379 0.0000012519 5.619
8140 -0.2726683881 0.0000012498 5.620
8150 -0.2726671404 0.0000012477 5.630
8160 -0.2726658948 0.0000012456 5.614
8170 -0.2726646513 0.0000012435 5.626
8180 -0.2726634099 0.0000012414 5.615
8190 -0.2726621705 0.0000012393 5.617
8200 -0.2726609333 0.0000012373 5.646
8210 -0.2726596981 0.0000012352 5.586
8220 -0.2726584649 0.0000012331 5.660
8230 -0.2726572339 0.0000012311 5.651
8240 -0.2726560048 0.0000012290 5.636
8250 -0.2726547779 0.0000012270 5.625
8260 -0.2726535529 0.0000012249 5.634
8270 -0.2726523300 0.0000012229 5.601
8280 -0.2726511092 0.0000012209 5.588
8290 -0.2726498903 0.0000012188 5.603
8300 -0.2726486735 0.0000012168 5.618
8310 -0.2726474587 0.0000012148 5.627
8320 -0.2726462459 0.0000012128 5.611
8330 -0.2726450351 0.0000012108 5.617
8340 -0.2726438262 0.0000012088 5.605
8350 -0.2726426194 0.0000012068 5.637
8360 -0.2726414145 0.0000012049 5.600
8370 -0.2726402117 0.0000012029 5.614
8380 -0.2726390108 0.0000012009 5.602
8390 -0.2726378118 0.0000011989 5.645
8400 -0.2726366148 0.0000011970 5.611
8410 -0.2726354198 0.0000011950 5.621
8420 -0.2726342267 0.0000011931 5.615
8430 -0.2726330356 0.0000011911 5.637
8440 -0.2726318464 0.0000011892 5.609
8450 -0.2726306591 0.0000011873 5.585
8460 -0.2726294738 0.0000011853 5.609
8470 -0.2726282904 0.0000011834 5.603
8480 -0.2726271089 0.0000011815 5.634
8490 -0.2726259293 0.0000011796 5.606
8500 -0.2726247516 0.0000011777 5.626
8510 -0.2726235758 0.0000011758 5.593
8520 -0.2726224019 0.0000011739 5.613
8530 -0.2726212298 0.0000011720 5.587
8540 -0.2726200597 0.0000011701 5.603
8550 -0.2726188915 0.0000011683 5.576
8560 -0.2726177251 0.0000011664 5.599
8570 -0.2726165606 0.0000011645 5.605
8580 -0.2726153979 0.0000011627 5.640
8590 -0.2726142371 0.0000011608 5.594
8600 -0.2726130782 0.0000011589 5.590
8610 -0.2726119211 0.0000011571 5.580
8620 -0.2726107658 0.0000011553 5.567
8630 -0.2726096124 0.0000011534 5.583
8640 -0.2726084608 0.0000011516 5.589
8650 -0.2726073110 0.0000011498 5.571
8660 -0.2726061631 0.0000011479 5.588
8670 -0.2726050169 0.0000011461 5.580
8680 -0.2726038726 0.0000011443 5.604
8690 -0.2726027301 0.0000011425 5.614
8700 -0.2726015894 0.0000011407 5.608
8710 -0.2726004505 0.0000011389 5.600
8720 -0.2725993133 0.0000011371 5.617
8730 -0.2725981780 0.0000011353 5.639
8740 -0.2725970444 0.0000011336 5.572
8750 -0.2725959126 0.0000011318 5.614
8760 -0.2725947826 0.0000011300 5.602
8770 -0.2725936544 0.0000011283 5.630
8780 -0.2725925279 0.0000011265 5.590
8790 -0.2725914031 0.0000011247 5.596
8800 -0.2725902802 0.0000011230 5.571
8810 -0.2725891589 0.0000011212 5.589
8820 -0.2725880394 0.0000011195 5.581
8830 -0.2725869217 0.0000011178 5.602
8840 -0.2725858056 0.0000011160 5.578
8850 -0.2725846913 0.0000011143 5.635
8860 -0.2725835788 0.0000011126 5.578
8870 -0.2725824679 0.0000011109 5.593
8880 -0.2725813588 0.0000011091 5.591
8890 -0.2725802513 0.0000011074 5.565
8900 -0.2725791456 0.0000011057 5.617
8910 -0.2725780416 0.0000011040 5.650
8920 -0.2725769392 0.0000011023 5.559
8930 -0.2725758386 0.0000011006 5.605
8940 -0.2725747396 0.0000010990 5.570
8950 -0.2725736424 0.0000010973 5.590
8960 -0.2725725468 0.0000010956 5.600
8970 -0.2725714529 0.0000010939 5.587
8980 -0.2725703606 0.0000010923 5.598
8990 -0.2725692700 0.0000010906 5.582
9000 -0.2725681811 0.0000010889 5.595
9010 -0.2725670938 0.0000010873 5.612
9020 -0.2725660082 0.0000010856 5.659
9030 -0.2725649242 0.0000010840 5.586
9040 -0.2725638418 0.0000010823 5.627
9050 -0.2725627611 0.0000010807 5.586
9060 -0.2725616821 0.0000010791 5.613
9070 -0.2725606046 0.0000010774 5.637
9080 -0.2725595288 0.0000010758 5.603
9090 -0.2725584546 0.0000010742 5.585
9100 -0.2725573820 0.0000010726 5.592
9110 -0.2725563110 0.0000010710 5.581
9120 -0.2725552417 0.0000010694 5.600
9130 -0.2725541739 0.0000010678 5.575
9140 -0.2725531078 0.0000010662 5.599
9150 -0.2725520432 0.0000010646 5.566
9160 -0.2725509802 0.0000010630 5.597
9170 -0.2725499188 0.0000010614 5.582
9180 -0.2725488590 0.0000010598 5.585
9190 -0.2725478008 0.0000010582 5.584
9200 -0.2725467441 0.0000010566 5.620
9210 -0.2725456891 0.0000010551 5.596
9220 -0.2725446356 0.0000010535 5.597
9230 -0.2725435836 0.0000010519 5.582
9240 -0.2725425333 0.0000010504 5.632
9250 -0.2725414844 0.0000010488 5.574
9260 -0.2725404372 0.0000010473 5.611
9270 -0.2725393914 0.0000010457 5.615
9280 -0.2725383472 0.0000010442 5.564
9290 -0.2725373046 0.0000010427 5.600
9300 -0.2725362635 0.0000010411 5.613
9310 -0.2725352238 0.0000010396 5.607
9320 -0.2725341858 0.0000010381 5.582
9330 -0.2725331492 0.0000010366 5.599
9340 -0.2725321141 0.0000010351 5.601
9350 -0.2725310806 0.0000010335 5.603
9360 -0.2725300486 0.0000010320 5.557
9370 -0.2725290180 0.0000010305 5.611
9380 -0.2725279890 0.0000010290 5.594
9390 -0.2725269615 0.0000010275 5.586
9400 -0.2725259355 0.0000010260 5.583
9410 -0.2725249109 0.0000010245 5.569
9420 -0.2725238879 0.0000010231 5.564
9430 -0.2725228663 0.0000010216 5.556
9440 -0.2725218462 0.0000010201 5.582
9450 -0.2725208276 0.0000010186 5.569
9460 -0.2725198105 0.0000010171 5.551
9470 -0.2725187948 0.0000010157 5.582
9480 -0.2725177806 0.0000010142 5.570
9490 -0.2725167678 0.0000010127 5.573
9500 -0.2725157565 0.0000010113 5.605
9510 -0.2725147467 0.0000010098 5.577
9520 -0.2725137383 0.0000010084 5.548
9530 -0.2725127314 0.0000010070 5.577
9540 -0.2725117259 0.0000010055 5.567
9550 -0.2725107218 0.0000010041 5.587
9560 -0.2725097192 0.0000010026 5.557
9570 -0.2725087180 0.0000010012 5.593
9580 -0.2725077182 0.0000009998 5.556
Marginal Likelihood = -0.2725077182
Total time = 53415.9503 seconds
Total iterations = 9580 
