Marginal likelihood with initialization (1) = -0.3178654374
Marginal likelihood with initialization (1) = nan
Marginal likelihood with initialization (2) = -0.2734792828
Marginal likelihood with initialization (2) = -0.2788692673
Marginal likelihood with initialization (2) = -0.2874714654
Marginal likelihood with initialization (3) = -0.2741840390
Marginal likelihood with initialization (3) = -0.2780542617
Marginal likelihood with initialization (4) = -0.2732511013
Marginal likelihood with initialization (5) = -0.2752925056
Iteration Marginal_Likelihood delta_Marginal_Likelihood Iteration_Time (secs)
0 -0.2732511013 -- 21000.732
10 -0.2727380689 0.0005130324 2718.497
Marginal likelihood with initialization (3) = -0.2899848183
20 -0.2728234508 -0.0000853819 2721.776
30 -0.2751618331 -0.0023383822 2708.031
Marginal likelihood with initialization (4) = nan
Marginal likelihood with initialization (4) = -0.2984099913
Marginal likelihood with initialization (5) = -0.2660074942
Iteration Marginal_Likelihood delta_Marginal_Likelihood Iteration_Time (secs)
0 -0.2660074942 -- 28577.454
10 -0.2659392465 0.0000682477 8.424
20 -0.2655932837 0.0003459628 9.245
30 -0.2653888905 0.0002043932 8.917
40 -0.2652513094 0.0001375811 9.306
50 -0.2651498122 0.0001014972 9.562
60 -0.2650708432 0.0000789690 9.786
70 -0.2650072070 0.0000636362 9.946
80 -0.2649544612 0.0000527458 10.141
90 -0.2649093758 0.0000450854 10.425
100 -0.2648693111 0.0000400648 10.759
110 -0.2648345367 0.0000347743 10.549
120 -0.2648038312 0.0000307056 10.501
130 -0.2647745631 0.0000292681 10.544
140 -0.2647472257 0.0000273374 10.680
150 -0.2647211614 0.0000260643 11.439
160 -0.2646939971 0.0000271643 12.001
170 -0.2646671277 0.0000268695 12.892
180 -0.2646397574 0.0000273703 15.216
190 -0.2646099574 0.0000297999 17.656
200 -0.2645805137 0.0000294438 22.922
210 -0.2645488664 0.0000316472 44.911
40 nan nan 2508.034
Marginal Likelihood = nan
Total time = 31657.3932 seconds
Total iterations = 40 
220 -0.2645198495 0.0000290169 2718.919
230 -0.2644929742 0.0000268753 2721.921
240 -0.2644651342 0.0000278400 2722.076
250 -0.2644389036 0.0000262306 2725.585
Marginal likelihood with initialization (5) = -0.3101708084
Iteration Marginal_Likelihood delta_Marginal_Likelihood Iteration_Time (secs)
0 -0.2788692673 -- 52064.073
10 -0.2746308428 0.0042384246 6.975
20 -0.2741886863 0.0004421565 7.147
30 -0.2739859549 0.0002027314 6.386
40 -0.2738194619 0.0001664930 6.174
50 -0.2736734406 0.0001460212 6.061
60 -0.2735504093 0.0001230313 5.853
70 -0.2734376897 0.0001127196 5.933
80 -0.2733339305 0.0001037592 5.795
90 -0.2732424321 0.0000914984 5.616
100 -0.2731573644 0.0000850678 5.702
110 -0.2730794273 0.0000779371 5.605
120 -0.2730074564 0.0000719708 5.497
130 -0.2729412338 0.0000662226 5.487
140 -0.2728795622 0.0000616717 5.414
150 -0.2728225038 0.0000570584 5.299
160 -0.2727690215 0.0000534823 5.367
170 -0.2727187054 0.0000503161 5.275
180 -0.2726709177 0.0000477877 5.298
190 -0.2726266901 0.0000442275 5.314
200 -0.2725849095 0.0000417807 5.286
210 -0.2725454028 0.0000395066 5.271
220 -0.2725079808 0.0000374220 5.272
230 -0.2724723829 0.0000355979 5.261
240 -0.2724389606 0.0000334223 5.285
250 -0.2724070647 0.0000318959 5.254
260 -0.2723766699 0.0000303948 5.292
270 -0.2723476492 0.0000290207 5.298
280 -0.2723196154 0.0000280338 5.357
290 -0.2722926844 0.0000269310 5.412
300 -0.2722673132 0.0000253712 5.293
310 -0.2722427637 0.0000245496 5.308
320 -0.2722193129 0.0000234507 5.238
330 -0.2721967174 0.0000225956 5.258
340 -0.2721752094 0.0000215079 5.267
350 -0.2721545176 0.0000206918 5.271
360 -0.2721345849 0.0000199327 5.252
370 -0.2721153662 0.0000192187 5.289
380 -0.2720968585 0.0000185078 5.285
390 -0.2720791225 0.0000177359 5.283
400 -0.2720618480 0.0000172745 5.275
410 -0.2720446524 0.0000171956 5.313
420 -0.2720284606 0.0000161918 5.288
430 -0.2720127318 0.0000157288 5.286
440 -0.2719973759 0.0000153559 5.286
450 -0.2719820803 0.0000152957 5.325
460 -0.2719679794 0.0000141009 5.313
470 -0.2719536360 0.0000143434 5.323
480 -0.2719400359 0.0000136001 5.273
490 -0.2719270531 0.0000129829 5.302
500 -0.2719141164 0.0000129366 5.254
510 -0.2719018111 0.0000123054 5.276
520 -0.2718895689 0.0000122422 5.301
530 -0.2718778883 0.0000116806 5.280
540 -0.2718662660 0.0000116224 5.309
550 -0.2718551809 0.0000110851 5.279
560 -0.2718439832 0.0000111977 5.258
570 -0.2718333446 0.0000106385 5.261
580 -0.2718228604 0.0000104843 5.249
590 -0.2718126906 0.0000101698 5.300
260 -0.2644143683 0.0000245352 2726.186
600 -0.2718026091 0.0000100814 5.309
610 -0.2717928648 0.0000097443 5.271
620 -0.2717833226 0.0000095422 5.295
630 -0.2717740286 0.0000092941 5.338
640 -0.2717641309 0.0000098977 5.312
650 -0.2717553283 0.0000088026 5.299
660 -0.2717464578 0.0000088704 5.270
670 -0.2717379685 0.0000084894 5.256
680 -0.2717295196 0.0000084489 5.257
690 -0.2717213081 0.0000082115 5.263
700 -0.2717134624 0.0000078457 5.247
710 -0.2717053694 0.0000080929 5.289
720 -0.2716978277 0.0000075417 5.285
730 -0.2716900390 0.0000077888 5.251
740 -0.2716825950 0.0000074440 5.272
750 -0.2716754501 0.0000071449 5.285
760 -0.2716682018 0.0000072483 5.272
770 -0.2716610531 0.0000071486 5.270
780 -0.2716541708 0.0000068823 5.248
790 -0.2716473280 0.0000068428 5.269
800 -0.2716406441 0.0000066838 5.263
810 -0.2716339461 0.0000066981 5.248
820 -0.2716272048 0.0000067412 5.300
830 -0.2716208541 0.0000063507 5.258
840 -0.2716146190 0.0000062351 5.278
850 -0.2716084609 0.0000061581 5.253
860 -0.2716024953 0.0000059656 5.258
870 -0.2715964657 0.0000060296 5.251
880 -0.2715907167 0.0000057491 5.265
890 -0.2715848434 0.0000058733 5.257
900 -0.2715791615 0.0000056819 5.249
910 -0.2715735797 0.0000055818 5.264
920 -0.2715680583 0.0000055214 5.293
930 -0.2715627441 0.0000053142 5.270
940 -0.2715572810 0.0000054631 5.287
950 -0.2715520099 0.0000052710 5.290
960 -0.2715468115 0.0000051984 5.304
970 -0.2715416892 0.0000051224 5.358
980 -0.2715366413 0.0000050479 5.262
990 -0.2715316814 0.0000049599 5.334
1000 -0.2715268357 0.0000048457 5.328
1010 -0.2715215661 0.0000052696 5.284
1020 -0.2715167882 0.0000047779 5.281
1030 -0.2715121765 0.0000046117 5.266
1040 -0.2715073795 0.0000047970 5.233
1050 -0.2715030453 0.0000043342 5.287
1060 -0.2714983360 0.0000047093 5.253
1070 -0.2714934345 0.0000049015 5.268
1080 -0.2714890041 0.0000044304 5.252
1090 -0.2714846270 0.0000043771 5.264
1100 -0.2714803214 0.0000043056 5.265
1110 -0.2714760432 0.0000042783 5.255
1120 -0.2714718319 0.0000042112 5.263
1130 -0.2714676778 0.0000041542 5.266
1140 -0.2714635645 0.0000041132 5.286
1150 -0.2714595198 0.0000040447 5.257
1160 -0.2714554970 0.0000040229 5.279
1170 -0.2714515354 0.0000039616 5.369
1180 -0.2714476239 0.0000039115 5.360
1190 -0.2714437515 0.0000038723 5.308
1200 -0.2714399273 0.0000038242 5.319
1210 -0.2714362149 0.0000037124 5.287
1220 -0.2714324122 0.0000038027 5.310
1230 -0.2714287158 0.0000036964 5.318
1240 -0.2714250625 0.0000036533 5.358
1250 -0.2714214495 0.0000036130 5.284
1260 -0.2714178766 0.0000035729 5.272
1270 -0.2714143423 0.0000035343 5.319
1280 -0.2714108604 0.0000034819 5.274
1290 -0.2714073881 0.0000034722 5.449
1300 -0.2714039694 0.0000034187 5.279
1310 -0.2714005816 0.0000033878 5.299
1320 -0.2713972318 0.0000033498 5.268
1330 -0.2713939168 0.0000033150 5.268
1340 -0.2713906360 0.0000032808 5.298
1350 -0.2713873950 0.0000032410 5.289
1360 -0.2713841743 0.0000032207 5.285
1370 -0.2713810386 0.0000031358 5.280
1380 -0.2713778419 0.0000031966 5.256
1390 -0.2713747241 0.0000031178 5.339
1400 -0.2713716906 0.0000030335 5.333
1410 -0.2713685763 0.0000031143 5.280
1420 -0.2713655470 0.0000030293 5.298
1430 -0.2713625473 0.0000029997 5.322
1440 -0.2713595761 0.0000029712 5.335
1450 -0.2713566330 0.0000029430 5.300
1460 -0.2713537175 0.0000029155 5.249
1470 -0.2713508523 0.0000028652 5.275
1480 -0.2713479676 0.0000028847 5.283
1490 -0.2713451322 0.0000028354 5.252
1500 -0.2713423225 0.0000028097 5.285
1510 -0.2713395395 0.0000027830 5.272
1520 -0.2713367795 0.0000027600 5.280
1530 -0.2713340445 0.0000027350 5.289
1540 -0.2713313337 0.0000027108 5.262
1550 -0.2713286471 0.0000026866 5.278
1560 -0.2713259835 0.0000026637 5.301
1570 -0.2713234524 0.0000025311 5.283
1580 -0.2713207246 0.0000027277 5.293
1590 -0.2713181546 0.0000025701 5.285
1600 -0.2713155543 0.0000026002 5.366
1610 -0.2713130246 0.0000025297 5.271
1620 -0.2713104693 0.0000025553 5.265
1630 -0.2713079607 0.0000025086 5.274
1640 -0.2713055803 0.0000023804 5.273
1650 -0.2713027043 0.0000028760 5.296
1660 -0.2713002481 0.0000024562 5.278
1670 -0.2712978158 0.0000024323 5.289
1680 -0.2712954208 0.0000023950 5.304
1690 -0.2712930105 0.0000024103 5.286
1700 -0.2712906404 0.0000023701 5.311
1710 -0.2712882822 0.0000023582 5.275
1720 -0.2712859463 0.0000023359 5.315
1730 -0.2712836288 0.0000023175 5.339
1740 -0.2712813295 0.0000022993 5.258
1750 -0.2712790480 0.0000022816 5.300
1760 -0.2712767842 0.0000022638 5.344
1770 -0.2712745471 0.0000022371 5.312
1780 -0.2712723092 0.0000022379 5.325
1790 -0.2712700966 0.0000022126 5.311
1800 -0.2712679013 0.0000021953 5.340
1810 -0.2712657222 0.0000021791 5.300
1820 -0.2712635599 0.0000021623 5.276
1830 -0.2712614129 0.0000021470 5.281
1840 -0.2712592832 0.0000021297 5.286
1850 -0.2712571669 0.0000021163 5.251
1860 -0.2712550668 0.0000021001 5.267
1870 -0.2712529822 0.0000020847 5.338
1880 -0.2712509311 0.0000020511 5.285
1890 -0.2712488576 0.0000020735 5.287
1900 -0.2712468175 0.0000020401 5.315
1910 -0.2712447914 0.0000020260 5.297
1920 -0.2712427807 0.0000020107 5.298
1930 -0.2712407831 0.0000019976 5.309
1940 -0.2712387984 0.0000019847 5.284
1950 -0.2712368285 0.0000019699 5.287
1960 -0.2712348718 0.0000019567 5.321
1970 -0.2712329284 0.0000019434 5.283
1980 -0.2712310077 0.0000019207 5.268
1990 -0.2712290814 0.0000019263 5.308
2000 -0.2712272138 0.0000018677 5.307
2010 -0.2712252863 0.0000019274 5.282
2020 -0.2712234061 0.0000018803 5.330
2030 -0.2712215385 0.0000018676 5.336
2040 -0.2712196840 0.0000018545 5.260
2050 -0.2712179684 0.0000017156 5.268
2060 -0.2712160388 0.0000019297 5.280
2070 -0.2712141895 0.0000018493 5.265
2080 -0.2712123816 0.0000018078 5.309
2090 -0.2712107374 0.0000016442 5.288
2100 -0.2712087988 0.0000019387 5.272
2110 -0.2712071023 0.0000016965 5.286
2120 -0.2712053722 0.0000017301 5.262
2130 -0.2712032054 0.0000021668 5.278
2140 -0.2712016297 0.0000015757 5.270
2150 -0.2711998649 0.0000017648 5.254
2160 -0.2711981344 0.0000017305 5.300
2170 -0.2711959858 0.0000021485 5.308
2180 -0.2711942815 0.0000017044 5.297
2190 -0.2711925877 0.0000016938 5.271
2200 -0.2711909053 0.0000016824 5.273
2210 -0.2711889853 0.0000019200 5.278
2220 -0.2711874128 0.0000015726 5.278
2230 -0.2711856650 0.0000017477 5.262
2240 -0.2711840216 0.0000016435 5.280
2250 -0.2711823889 0.0000016327 5.290
2260 -0.2711807648 0.0000016241 5.292
2270 -0.2711791632 0.0000016015 5.269
2280 -0.2711776007 0.0000015626 5.301
2290 -0.2711759526 0.0000016481 5.258
2300 -0.2711743658 0.0000015868 5.284
2310 -0.2711728089 0.0000015569 5.253
2320 -0.2711712702 0.0000015387 5.273
2330 -0.2711696674 0.0000016028 5.296
2340 -0.2711682425 0.0000014250 5.309
2350 -0.2711667143 0.0000015282 5.333
2360 -0.2711647447 0.0000019696 5.308
2370 -0.2711632196 0.0000015251 5.331
2380 -0.2711617037 0.0000015159 5.319
2390 -0.2711601965 0.0000015072 5.332
2400 -0.2711587277 0.0000014689 5.283
2410 -0.2711572080 0.0000015196 5.285
2420 -0.2711557274 0.0000014807 5.276
2430 -0.2711542536 0.0000014737 5.296
2440 -0.2711527886 0.0000014650 5.338
2450 -0.2711513319 0.0000014567 5.259
2460 -0.2711499007 0.0000014312 5.282
2470 -0.2711484429 0.0000014578 5.289
2480 -0.2711470104 0.0000014325 5.272
2490 -0.2711456098 0.0000014006 5.336
2500 -0.2711441689 0.0000014409 5.266
2510 -0.2711427656 0.0000014033 5.251
2520 -0.2711413583 0.0000014073 5.323
2530 -0.2711399643 0.0000013940 5.383
2540 -0.2711385863 0.0000013780 5.275
2550 -0.2711372048 0.0000013815 5.269
2560 -0.2711358271 0.0000013777 5.249
2570 -0.2711344988 0.0000013283 5.260
2580 -0.2711331054 0.0000013934 5.303
2590 -0.2711317668 0.0000013386 5.325
2600 -0.2711304139 0.0000013529 5.321
2610 -0.2711290762 0.0000013377 5.294
2620 -0.2711277471 0.0000013290 5.307
2630 -0.2711264266 0.0000013206 5.283
2640 -0.2711251093 0.0000013172 5.302
2650 -0.2711238026 0.0000013067 5.272
2660 -0.2711225043 0.0000012983 5.268
2670 -0.2711212042 0.0000013001 5.326
2680 -0.2711199138 0.0000012904 5.265
2690 -0.2711186312 0.0000012827 5.288
2700 -0.2711173596 0.0000012715 5.323
2710 -0.2711161074 0.0000012522 5.321
2720 -0.2711148207 0.0000012867 5.319
2730 -0.2711135629 0.0000012578 5.318
2740 -0.2711123699 0.0000011930 5.274
2750 -0.2711110780 0.0000012920 5.282
2760 -0.2711098923 0.0000011857 5.277
2770 -0.2711085931 0.0000012991 5.283
2780 -0.2711070686 0.0000015245 5.297
2790 -0.2711058451 0.0000012235 5.281
2800 -0.2711046277 0.0000012174 5.273
2810 -0.2711034163 0.0000012114 5.301
2820 -0.2711022113 0.0000012050 5.311
2830 -0.2711010114 0.0000011999 5.358
2840 -0.2710998168 0.0000011947 5.316
2850 -0.2710986373 0.0000011795 5.318
2860 -0.2710974458 0.0000011915 5.334
2870 -0.2710962687 0.0000011770 5.278
2880 -0.2710950977 0.0000011711 5.313
2890 -0.2710939395 0.0000011582 5.324
2900 -0.2710927710 0.0000011685 5.332
2910 -0.2710916159 0.0000011551 5.293
2920 -0.2710904669 0.0000011489 5.304
2930 -0.2710893220 0.0000011450 5.299
2940 -0.2710881829 0.0000011391 5.353
2950 -0.2710870508 0.0000011321 5.339
2960 -0.2710859212 0.0000011297 5.348
2970 -0.2710847972 0.0000011240 5.290
2980 -0.2710836823 0.0000011149 5.302
2990 -0.2710825656 0.0000011167 5.297
3000 -0.2710814608 0.0000011048 5.285
3010 -0.2710803540 0.0000011068 5.330
3020 -0.2710792556 0.0000010984 5.283
3030 -0.2710781623 0.0000010934 5.295
3040 -0.2710770736 0.0000010887 5.293
3050 -0.2710759897 0.0000010838 5.279
3060 -0.2710749116 0.0000010782 5.334
3070 -0.2710738363 0.0000010752 5.390
3080 -0.2710727664 0.0000010700 5.269
3090 -0.2710717154 0.0000010510 5.256
3100 -0.2710706457 0.0000010697 5.294
3110 -0.2710695860 0.0000010597 5.275
3120 -0.2710685319 0.0000010541 5.281
3130 -0.2710675283 0.0000010037 5.299
3140 -0.2710665152 0.0000010130 5.272
3150 -0.2710654352 0.0000010800 5.271
3160 -0.2710640755 0.0000013597 5.284
3170 -0.2710630449 0.0000010306 5.332
3180 -0.2710620182 0.0000010266 5.301
3190 -0.2710609963 0.0000010220 5.304
3200 -0.2710599786 0.0000010177 5.391
3210 -0.2710589653 0.0000010133 5.286
3220 -0.2710579563 0.0000010090 5.324
3230 -0.2710569515 0.0000010048 5.310
3240 -0.2710559513 0.0000010002 5.307
3250 -0.2710549547 0.0000009966 5.295
Marginal Likelihood = -0.2710549547
Total time = 53793.8780 seconds
Total iterations = 3250 
