4330 -0.2791249719 0.0000011702 4.205
4340 -0.2791238055 0.0000011663 4.245
4350 -0.2791226430 0.0000011625 4.218
4360 -0.2791214844 0.0000011587 4.199
4370 -0.2791203295 0.0000011549 4.247
4380 -0.2791191785 0.0000011511 4.252
4390 -0.2791180312 0.0000011473 4.239
Marginal likelihood with initialization (1) = -0.2909302723
4400 -0.2791168876 0.0000011435 4.344
4410 -0.2791157478 0.0000011398 4.279
4420 -0.2791146117 0.0000011361 4.217
4430 -0.2791134793 0.0000011324 4.225
4440 -0.2791123505 0.0000011288 4.221
4450 -0.2791112254 0.0000011251 4.227
Marginal likelihood with initialization (2) = -0.2922937619
4460 -0.2791101039 0.0000011215 4.356
4470 -0.2791089860 0.0000011179 4.235
4480 -0.2791078717 0.0000011143 4.234
4490 -0.2791067610 0.0000011107 4.204
4500 -0.2791056538 0.0000011072 4.145
4510 -0.2791045503 0.0000011035 4.188
4520 -0.2791034500 0.0000011003 4.175
4530 -0.2791023535 0.0000010965 4.214
4540 -0.2791012601 0.0000010934 4.240
4550 -0.2791001705 0.0000010896 4.233
4560 -0.2790990841 0.0000010864 4.221
4570 -0.2790980012 0.0000010829 4.213
Marginal likelihood with initialization (3) = -0.3047060411
4580 -0.2790969217 0.0000010795 4.277
4590 -0.2790958456 0.0000010761 4.280
4600 -0.2790947728 0.0000010728 4.252
4610 -0.2790937034 0.0000010694 4.235
4620 -0.2790926373 0.0000010661 4.258
4630 -0.2790915745 0.0000010628 4.253
4640 -0.2790905150 0.0000010595 4.225
Marginal likelihood with initialization (4) = -0.2921917520
4650 -0.2790894587 0.0000010562 4.234
4660 -0.2790884058 0.0000010530 4.211
4670 -0.2790873560 0.0000010498 4.146
4680 -0.2790863095 0.0000010465 4.340
4690 -0.2790852662 0.0000010433 4.218
4700 -0.2790842260 0.0000010401 4.237
4710 -0.2790831891 0.0000010370 4.260
4720 -0.2790821553 0.0000010338 4.220
4730 -0.2790811246 0.0000010307 4.254
4740 -0.2790800970 0.0000010275 4.210
4750 -0.2790790726 0.0000010245 4.251
4760 -0.2790780512 0.0000010214 4.220
Marginal likelihood with initialization (5) = -0.3011611595
4770 -0.2790770329 0.0000010183 4.229
Iteration Marginal_Likelihood delta_Marginal_Likelihood Iteration_Time (secs)
0 -0.2909302723 -- 189.488
4780 -0.2790760177 0.0000010152 4.277
10 -0.2831860703 0.0077442020 5.203
4790 -0.2790750055 0.0000010122 4.238
20 -0.2830579540 0.0001281163 4.791
4800 -0.2790739963 0.0000010092 4.236
30 -0.2829827743 0.0000751797 4.685
4810 -0.2790729901 0.0000010062 4.216
40 -0.2829205124 0.0000622620 4.686
4820 -0.2790719870 0.0000010032 4.289
50 -0.2828651041 0.0000554083 4.781
4830 -0.2790709868 0.0000010002 4.371
60 -0.2828138604 0.0000512437 4.746
4840 -0.2790699895 0.0000009972 4.325
Marginal Likelihood = -0.2790699895
Total time = 2229.3714 seconds
Total iterations = 4840 
70 -0.2827652184 0.0000486421 4.663
80 -0.2827186087 0.0000466097 4.562
90 -0.2826733726 0.0000452361 4.577
100 -0.2826295925 0.0000437801 4.450
110 -0.2825869511 0.0000426414 4.388
120 -0.2825453473 0.0000416038 4.357
130 -0.2825047099 0.0000406375 4.323
140 -0.2824649850 0.0000397249 4.233
150 -0.2824261298 0.0000388552 4.204
160 -0.2823881084 0.0000380214 4.174
170 -0.2823508894 0.0000372190 4.189
180 -0.2823144446 0.0000364448 4.176
190 -0.2822787483 0.0000356963 4.136
200 -0.2822437766 0.0000349717 4.200
210 -0.2822095070 0.0000342696 4.225
220 -0.2821759184 0.0000335886 4.224
230 -0.2821429907 0.0000329278 4.236
240 -0.2821107045 0.0000322862 4.257
250 -0.2820790416 0.0000316629 4.222
260 -0.2820479843 0.0000310573 4.229
270 -0.2820175158 0.0000304685 4.214
280 -0.2819876198 0.0000298960 4.230
290 -0.2819582807 0.0000293391 4.221
300 -0.2819293694 0.0000289113 4.235
310 -0.2819010997 0.0000282697 4.218
320 -0.2818733433 0.0000277564 4.238
330 -0.2818460868 0.0000272565 4.268
340 -0.2818193171 0.0000267697 4.231
350 -0.2817930216 0.0000262955 4.265
360 -0.2817671882 0.0000258334 4.227
370 -0.2817418051 0.0000253831 4.272
380 -0.2817168609 0.0000249441 4.235
390 -0.2816923447 0.0000245162 4.224
400 -0.2816682459 0.0000240989 4.268
410 -0.2816445540 0.0000236919 4.215
420 -0.2816212591 0.0000232949 4.245
430 -0.2815983516 0.0000229075 4.214
440 -0.2815758221 0.0000225295 4.230
450 -0.2815536615 0.0000221606 4.240
460 -0.2815318611 0.0000218004 4.229
470 -0.2815104122 0.0000214488 4.226
480 -0.2814893067 0.0000211055 4.178
490 -0.2814685365 0.0000207702 4.206
500 -0.2814480939 0.0000204427 4.215
510 -0.2814279712 0.0000201227 4.326
520 -0.2814081612 0.0000198100 4.257
530 -0.2813886566 0.0000195046 4.238
540 -0.2813694506 0.0000192059 4.248
550 -0.2813505366 0.0000189140 4.240
560 -0.2813319080 0.0000186286 4.267
570 -0.2813135583 0.0000183497 4.238
580 -0.2812954815 0.0000180768 4.218
590 -0.2812776718 0.0000178098 4.246
600 -0.2812601229 0.0000175489 4.235
610 -0.2812428295 0.0000172934 4.207
620 -0.2812257860 0.0000170435 4.243
630 -0.2812089872 0.0000167988 4.205
640 -0.2811924275 0.0000165597 4.166
650 -0.2811761023 0.0000163253 4.228
660 -0.2811600067 0.0000160955 4.228
670 -0.2811441350 0.0000158717 4.273
680 -0.2811284836 0.0000156514 4.246
690 -0.2811130474 0.0000154361 4.239
700 -0.2810977275 0.0000153199 4.218
710 -0.2810827091 0.0000150185 4.257
720 -0.2810678929 0.0000148162 4.279
730 -0.2810532752 0.0000146177 4.225
740 -0.2810388517 0.0000144235 4.226
750 -0.2810246189 0.0000142328 4.229
760 -0.2810105726 0.0000140463 4.226
770 -0.2809967094 0.0000138631 4.327
780 -0.2809830256 0.0000136839 4.229
790 -0.2809695178 0.0000135078 4.251
800 -0.2809561824 0.0000133354 4.210
810 -0.2809430163 0.0000131660 4.223
820 -0.2809300160 0.0000130003 4.223
830 -0.2809171787 0.0000128372 4.202
840 -0.2809045008 0.0000126779 4.277
850 -0.2808919802 0.0000125206 4.221
860 -0.2808796124 0.0000123678 4.228
870 -0.2808673965 0.0000122159 4.247
880 -0.2808553276 0.0000120689 4.225
890 -0.2808434051 0.0000119225 4.238
900 -0.2808316241 0.0000117809 4.204
910 -0.2808199844 0.0000116398 4.265
920 -0.2808084811 0.0000115033 4.226
930 -0.2807971135 0.0000113675 4.181
940 -0.2807858788 0.0000112347 4.231
950 -0.2807747734 0.0000111054 4.229
960 -0.2807637971 0.0000109763 4.211
970 -0.2807529453 0.0000108517 4.206
980 -0.2807422184 0.0000107269 4.215
990 -0.2807316113 0.0000106072 4.230
1000 -0.2807211241 0.0000104872 4.231
1010 -0.2807107541 0.0000103699 4.261
1020 -0.2807004991 0.0000102550 4.253
1030 -0.2806903575 0.0000101416 4.219
1040 -0.2806803271 0.0000100305 4.226
1050 -0.2806704058 0.0000099213 4.266
1060 -0.2806605923 0.0000098135 4.217
1070 -0.2806508845 0.0000097078 4.163
1080 -0.2806412805 0.0000096041 4.236
1090 -0.2806317789 0.0000095016 4.216
1100 -0.2806223783 0.0000094006 4.232
1110 -0.2806130755 0.0000093028 4.257
1120 -0.2806038707 0.0000092049 4.236
1130 -0.2805947621 0.0000091085 4.242
1140 -0.2805857465 0.0000090156 4.205
1150 -0.2805768244 0.0000089222 4.230
1160 -0.2805679931 0.0000088313 4.249
1170 -0.2805592517 0.0000087414 4.244
1180 -0.2805505986 0.0000086531 4.247
1190 -0.2805420325 0.0000085661 4.238
1200 -0.2805335518 0.0000084807 4.219
1210 -0.2805251554 0.0000083964 4.259
1220 -0.2805168419 0.0000083135 4.187
1230 -0.2805086101 0.0000082318 4.163
1240 -0.2805004587 0.0000081514 4.242
1250 -0.2804923864 0.0000080723 4.187
1260 -0.2804843920 0.0000079943 4.216
1270 -0.2804764745 0.0000079175 4.233
1280 -0.2804686326 0.0000078419 4.241
1290 -0.2804608651 0.0000077674 4.230
1300 -0.2804531711 0.0000076941 4.262
1310 -0.2804455493 0.0000076217 4.245
1320 -0.2804380002 0.0000075492 4.235
1330 -0.2804305185 0.0000074816 4.239
1340 -0.2804231074 0.0000074112 4.243
1350 -0.2804157643 0.0000073430 4.231
1360 -0.2804084886 0.0000072757 4.240
1370 -0.2804012788 0.0000072098 4.204
1380 -0.2803941346 0.0000071442 4.285
1390 -0.2803870543 0.0000070803 4.216
1400 -0.2803800378 0.0000070166 4.232
1410 -0.2803730835 0.0000069543 4.221
1420 -0.2803661912 0.0000068923 4.213
1430 -0.2803593591 0.0000068320 4.228
1440 -0.2803525875 0.0000067716 4.254
1450 -0.2803458746 0.0000067130 4.242
1460 -0.2803392203 0.0000066542 4.224
1470 -0.2803326231 0.0000065972 4.213
1480 -0.2803260829 0.0000065402 4.264
1490 -0.2803195984 0.0000064845 4.235
1500 -0.2803131692 0.0000064292 4.250
1510 -0.2803067944 0.0000063748 4.200
1520 -0.2803004733 0.0000063211 4.261
1530 -0.2802942052 0.0000062681 4.257
1540 -0.2802879893 0.0000062159 4.237
1550 -0.2802818250 0.0000061643 4.273
1560 -0.2802757118 0.0000061132 4.212
1570 -0.2802696484 0.0000060634 4.238
1580 -0.2802636350 0.0000060134 4.243
1590 -0.2802576701 0.0000059649 4.219
1600 -0.2802517539 0.0000059161 4.204
1610 -0.2802458849 0.0000058690 4.277
1620 -0.2802400635 0.0000058214 4.231
1630 -0.2802342880 0.0000057755 4.226
1640 -0.2802285589 0.0000057291 4.245
1650 -0.2802228746 0.0000056843 4.218
1660 -0.2802172354 0.0000056392 4.230
1670 -0.2802116400 0.0000055954 4.251
1680 -0.2802060886 0.0000055514 4.268
1690 -0.2802005799 0.0000055087 4.234
1700 -0.2801951140 0.0000054659 4.212
1710 -0.2801896898 0.0000054242 4.241
1720 -0.2801843074 0.0000053824 4.244
1730 -0.2801789657 0.0000053417 4.246
1740 -0.2801736647 0.0000053010 4.250
1750 -0.2801684034 0.0000052613 4.234
1760 -0.2801631819 0.0000052215 4.231
1770 -0.2801579992 0.0000051827 4.269
1780 -0.2801528552 0.0000051440 4.201
1790 -0.2801477492 0.0000051060 4.255
1800 -0.2801426809 0.0000050683 4.192
1810 -0.2801376498 0.0000050311 4.151
1820 -0.2801326561 0.0000049938 4.157
1830 -0.2801276977 0.0000049584 4.275
1840 -0.2801227754 0.0000049223 4.250
1850 -0.2801178889 0.0000048866 4.265
1860 -0.2801130373 0.0000048516 4.255
1870 -0.2801082204 0.0000048169 4.240
1880 -0.2801034378 0.0000047826 4.228
1890 -0.2800986891 0.0000047487 4.219
1900 -0.2800939743 0.0000047148 4.234
1910 -0.2800892918 0.0000046825 4.269
1920 -0.2800846425 0.0000046494 4.232
1930 -0.2800800257 0.0000046167 4.204
1940 -0.2800754405 0.0000045852 4.218
1950 -0.2800708873 0.0000045533 4.224
1960 -0.2800663652 0.0000045221 4.204
1970 -0.2800618741 0.0000044911 4.210
1980 -0.2800574136 0.0000044605 4.243
1990 -0.2800529834 0.0000044302 4.212
2000 -0.2800485831 0.0000044003 4.226
2010 -0.2800442124 0.0000043707 4.240
2020 -0.2800398711 0.0000043414 4.221
2030 -0.2800355588 0.0000043123 4.240
2040 -0.2800312749 0.0000042839 4.217
2050 -0.2800270196 0.0000042554 4.214
2060 -0.2800227922 0.0000042273 4.231
2070 -0.2800185926 0.0000041996 4.235
2080 -0.2800144205 0.0000041721 4.222
2090 -0.2800102755 0.0000041450 4.213
2100 -0.2800061575 0.0000041181 4.223
2110 -0.2800020660 0.0000040915 4.273
2120 -0.2799980008 0.0000040652 4.226
2130 -0.2799939617 0.0000040391 4.266
2140 -0.2799899483 0.0000040134 4.243
2150 -0.2799859605 0.0000039879 4.237
2160 -0.2799819979 0.0000039626 4.224
2170 -0.2799780602 0.0000039376 4.257
2180 -0.2799741473 0.0000039129 4.231
2190 -0.2799702589 0.0000038884 4.225
2200 -0.2799663947 0.0000038642 4.199
2210 -0.2799625545 0.0000038402 4.206
2220 -0.2799587380 0.0000038165 4.267
2230 -0.2799549451 0.0000037930 4.229
2240 -0.2799511754 0.0000037697 4.170
2250 -0.2799474287 0.0000037467 4.258
2260 -0.2799437048 0.0000037239 4.250
2270 -0.2799400036 0.0000037013 4.204
2280 -0.2799363246 0.0000036789 4.239
2290 -0.2799326678 0.0000036568 4.223
2300 -0.2799290330 0.0000036349 4.239
2310 -0.2799254198 0.0000036132 4.221
2320 -0.2799218281 0.0000035917 4.254
2330 -0.2799182578 0.0000035704 4.242
2340 -0.2799147085 0.0000035493 4.245
2350 -0.2799111800 0.0000035284 4.208
2360 -0.2799076723 0.0000035077 4.223
2370 -0.2799041850 0.0000034873 4.297
2380 -0.2799007181 0.0000034670 4.217
2390 -0.2798972712 0.0000034469 4.201
2400 -0.2798938442 0.0000034270 4.245
2410 -0.2798904369 0.0000034073 4.227
2420 -0.2798870492 0.0000033877 4.203
2430 -0.2798836808 0.0000033684 4.258
2440 -0.2798803316 0.0000033492 4.275
2450 -0.2798770014 0.0000033302 4.214
2460 -0.2798736900 0.0000033114 4.232
2470 -0.2798703972 0.0000032928 4.239
2480 -0.2798671229 0.0000032743 4.257
2490 -0.2798638669 0.0000032560 4.229
2500 -0.2798606290 0.0000032379 4.227
2510 -0.2798574091 0.0000032199 4.271
2520 -0.2798542070 0.0000032021 4.257
2530 -0.2798510225 0.0000031845 4.352
2540 -0.2798478555 0.0000031670 4.195
2550 -0.2798447059 0.0000031497 4.144
2560 -0.2798415734 0.0000031325 4.246
2570 -0.2798384579 0.0000031155 4.258
2580 -0.2798353593 0.0000030986 4.275
2590 -0.2798322774 0.0000030819 4.258
2600 -0.2798292121 0.0000030653 4.226
2610 -0.2798261632 0.0000030489 4.271
2620 -0.2798231306 0.0000030326 4.245
2630 -0.2798201141 0.0000030165 4.199
2640 -0.2798171136 0.0000030005 4.281
2650 -0.2798141289 0.0000029846 4.221
2660 -0.2798111600 0.0000029689 4.208
2670 -0.2798082067 0.0000029533 4.247
2680 -0.2798052688 0.0000029379 4.217
2690 -0.2798023462 0.0000029226 4.221
2700 -0.2797994388 0.0000029074 4.174
2710 -0.2797965465 0.0000028923 4.194
2720 -0.2797936691 0.0000028774 4.257
2730 -0.2797908066 0.0000028626 4.245
2740 -0.2797879586 0.0000028479 4.253
2750 -0.2797851253 0.0000028333 4.247
2760 -0.2797823063 0.0000028190 4.246
2770 -0.2797795017 0.0000028046 4.244
2780 -0.2797767112 0.0000027905 4.263
2790 -0.2797739349 0.0000027764 4.256
2800 -0.2797711724 0.0000027624 4.295
2810 -0.2797684238 0.0000027486 4.220
2820 -0.2797656890 0.0000027349 4.262
2830 -0.2797629677 0.0000027213 4.223
2840 -0.2797602600 0.0000027078 4.203
2850 -0.2797575656 0.0000026944 4.183
2860 -0.2797548845 0.0000026811 4.221
2870 -0.2797522166 0.0000026679 4.272
2880 -0.2797495618 0.0000026548 4.234
2890 -0.2797469199 0.0000026419 4.241
2900 -0.2797442909 0.0000026290 4.327
2910 -0.2797416746 0.0000026163 4.273
2920 -0.2797390710 0.0000026036 4.196
2930 -0.2797364799 0.0000025911 4.226
2940 -0.2797339013 0.0000025786 4.204
2950 -0.2797313350 0.0000025663 4.236
2960 -0.2797287810 0.0000025540 4.249
2970 -0.2797262391 0.0000025419 4.216
2980 -0.2797237094 0.0000025298 4.244
2990 -0.2797211917 0.0000025176 4.246
3000 -0.2797186856 0.0000025061 4.181
3010 -0.2797161915 0.0000024942 4.204
3020 -0.2797137090 0.0000024825 4.263
3030 -0.2797112381 0.0000024709 4.218
3040 -0.2797087787 0.0000024594 4.268
3050 -0.2797063308 0.0000024479 4.235
3060 -0.2797038942 0.0000024366 4.223
3070 -0.2797014689 0.0000024254 4.218
3080 -0.2796990549 0.0000024140 4.238
3090 -0.2796966516 0.0000024033 4.228
3100 -0.2796942595 0.0000023921 4.247
3110 -0.2796918787 0.0000023808 4.193
3120 -0.2796895079 0.0000023708 4.243
3130 -0.2796871486 0.0000023593 4.234
3140 -0.2796847993 0.0000023493 4.226
3150 -0.2796824609 0.0000023384 4.261
3160 -0.2796801330 0.0000023279 4.261
3170 -0.2796778156 0.0000023175 4.264
3180 -0.2796755085 0.0000023071 4.269
3190 -0.2796732119 0.0000022966 4.229
3200 -0.2796709250 0.0000022868 4.241
3210 -0.2796686485 0.0000022765 4.220
3220 -0.2796663821 0.0000022664 4.241
3230 -0.2796641256 0.0000022565 4.223
3240 -0.2796618791 0.0000022466 4.228
3250 -0.2796596423 0.0000022367 4.227
3260 -0.2796574154 0.0000022270 4.242
3270 -0.2796551981 0.0000022173 4.234
3280 -0.2796529904 0.0000022077 4.221
3290 -0.2796507923 0.0000021981 4.221
3300 -0.2796486039 0.0000021884 4.216
3310 -0.2796464245 0.0000021794 4.231
3320 -0.2796442546 0.0000021699 4.241
3330 -0.2796420940 0.0000021606 4.268
3340 -0.2796399426 0.0000021514 4.261
3350 -0.2796378007 0.0000021420 4.234
3360 -0.2796356673 0.0000021334 4.254
3370 -0.2796335432 0.0000021241 4.269
3380 -0.2796314280 0.0000021151 4.242
3390 -0.2796293218 0.0000021063 4.230
3400 -0.2796272244 0.0000020974 4.283
3410 -0.2796251357 0.0000020887 4.270
3420 -0.2796230562 0.0000020795 4.230
3430 -0.2796209845 0.0000020717 4.244
3440 -0.2796189218 0.0000020627 4.198
3450 -0.2796168676 0.0000020542 4.186
3460 -0.2796148219 0.0000020457 4.318
3470 -0.2796127851 0.0000020368 4.228
3480 -0.2796107557 0.0000020294 4.300
3490 -0.2796087351 0.0000020206 4.226
3500 -0.2796067227 0.0000020124 4.242
3510 -0.2796047185 0.0000020042 4.212
3520 -0.2796027224 0.0000019961 4.221
3530 -0.2796007344 0.0000019880 4.245
3540 -0.2795987545 0.0000019800 4.314
3550 -0.2795967826 0.0000019718 4.266
3560 -0.2795948184 0.0000019642 4.258
3570 -0.2795928622 0.0000019562 4.218
3580 -0.2795909138 0.0000019484 4.195
3590 -0.2795889731 0.0000019406 4.185
3600 -0.2795870402 0.0000019329 4.167
3610 -0.2795851149 0.0000019253 4.254
3620 -0.2795831973 0.0000019177 4.227
3630 -0.2795812872 0.0000019101 4.226
3640 -0.2795793846 0.0000019026 4.249
3650 -0.2795774894 0.0000018951 4.230
3660 -0.2795756017 0.0000018877 4.264
3670 -0.2795737213 0.0000018803 4.250
3680 -0.2795718482 0.0000018731 4.233
3690 -0.2795699824 0.0000018658 4.253
3700 -0.2795681238 0.0000018586 4.241
3710 -0.2795662725 0.0000018513 4.234
3720 -0.2795644281 0.0000018444 4.249
3730 -0.2795625909 0.0000018372 4.251
3740 -0.2795607610 0.0000018299 4.242
3750 -0.2795589376 0.0000018234 4.291
3760 -0.2795571214 0.0000018161 4.235
3770 -0.2795553120 0.0000018094 4.210
3780 -0.2795535096 0.0000018024 4.273
3790 -0.2795517139 0.0000017957 4.248
3800 -0.2795499251 0.0000017887 4.255
3810 -0.2795481428 0.0000017823 4.232
3820 -0.2795463673 0.0000017755 4.256
3830 -0.2795445985 0.0000017688 4.229
3840 -0.2795428363 0.0000017622 4.236
3850 -0.2795410806 0.0000017557 4.277
3860 -0.2795393315 0.0000017492 4.238
3870 -0.2795375889 0.0000017426 4.267
3880 -0.2795358526 0.0000017363 4.216
3890 -0.2795341229 0.0000017297 4.199
3900 -0.2795323993 0.0000017236 4.254
3910 -0.2795306821 0.0000017171 4.242
3920 -0.2795289713 0.0000017109 4.219
3930 -0.2795272667 0.0000017046 4.241
3940 -0.2795255682 0.0000016984 4.245
3950 -0.2795238760 0.0000016922 4.248
3960 -0.2795221899 0.0000016861 4.226
3970 -0.2795205099 0.0000016800 4.246
3980 -0.2795188359 0.0000016740 4.216
3990 -0.2795171682 0.0000016678 4.242
4000 -0.2795155061 0.0000016621 4.240
4010 -0.2795138501 0.0000016560 4.260
4020 -0.2795122000 0.0000016501 4.214
4030 -0.2795105559 0.0000016441 4.261
4040 -0.2795089174 0.0000016385 4.245
4050 -0.2795072848 0.0000016326 4.264
4060 -0.2795056581 0.0000016268 4.263
4070 -0.2795040370 0.0000016210 4.257
4080 -0.2795024217 0.0000016153 4.248
4090 -0.2795008120 0.0000016097 4.255
4100 -0.2794992080 0.0000016040 4.277
4110 -0.2794976096 0.0000015984 4.222
4120 -0.2794960167 0.0000015928 4.242
4130 -0.2794944294 0.0000015873 4.288
4140 -0.2794928478 0.0000015815 4.245
4150 -0.2794912713 0.0000015766 4.250
4160 -0.2794897004 0.0000015709 4.212
4170 -0.2794881350 0.0000015654 4.264
4180 -0.2794865749 0.0000015601 4.188
4190 -0.2794850202 0.0000015547 4.168
4200 -0.2794834707 0.0000015494 4.225
4210 -0.2794819266 0.0000015441 4.275
4220 -0.2794803878 0.0000015389 4.224
4230 -0.2794788541 0.0000015336 4.235
4240 -0.2794773257 0.0000015284 4.266
4250 -0.2794758024 0.0000015233 4.236
4260 -0.2794742843 0.0000015181 4.227
4270 -0.2794727713 0.0000015130 4.251
4280 -0.2794712634 0.0000015079 4.279
4290 -0.2794697605 0.0000015029 4.211
4300 -0.2794682626 0.0000014979 4.245
4310 -0.2794667698 0.0000014928 4.224
4320 -0.2794652819 0.0000014879 4.220
4330 -0.2794637990 0.0000014829 4.273
4340 -0.2794623209 0.0000014780 4.244
4350 -0.2794608478 0.0000014731 4.237
4360 -0.2794593795 0.0000014683 4.254
4370 -0.2794579161 0.0000014634 4.275
4380 -0.2794564575 0.0000014586 4.245
4390 -0.2794550036 0.0000014539 4.239
4400 -0.2794535545 0.0000014491 4.258
4410 -0.2794521103 0.0000014442 4.231
4420 -0.2794506704 0.0000014398 4.241
4430 -0.2794492355 0.0000014350 4.256
4440 -0.2794478051 0.0000014304 4.226
4450 -0.2794463794 0.0000014257 4.259
4460 -0.2794449582 0.0000014211 4.244
4470 -0.2794435417 0.0000014165 4.237
4480 -0.2794421297 0.0000014120 4.176
4490 -0.2794407222 0.0000014075 4.194
4500 -0.2794393192 0.0000014030 4.304
4510 -0.2794379208 0.0000013985 4.240
4520 -0.2794365267 0.0000013940 4.222
4530 -0.2794351371 0.0000013896 4.277
4540 -0.2794337519 0.0000013852 4.238
4550 -0.2794323711 0.0000013808 4.228
4560 -0.2794309946 0.0000013765 4.224
4570 -0.2794296225 0.0000013721 4.226
4580 -0.2794282546 0.0000013678 4.245
4590 -0.2794268911 0.0000013635 4.235
4600 -0.2794255319 0.0000013593 4.303
4610 -0.2794241768 0.0000013550 4.259
4620 -0.2794228260 0.0000013508 4.269
4630 -0.2794214795 0.0000013466 4.196
4640 -0.2794201370 0.0000013424 4.188
4650 -0.2794187988 0.0000013383 4.281
4660 -0.2794174647 0.0000013341 4.261
4670 -0.2794161346 0.0000013300 4.239
4680 -0.2794148087 0.0000013259 4.220
4690 -0.2794134869 0.0000013219 4.185
4700 -0.2794121692 0.0000013177 4.285
4710 -0.2794108553 0.0000013139 4.248
4720 -0.2794095456 0.0000013098 4.232
4730 -0.2794082398 0.0000013058 4.250
4740 -0.2794069380 0.0000013018 4.246
4750 -0.2794056401 0.0000012979 4.263
4760 -0.2794043462 0.0000012939 4.259
4770 -0.2794030562 0.0000012900 4.263
4780 -0.2794017701 0.0000012861 4.174
4790 -0.2794004878 0.0000012823 4.228
4800 -0.2793992094 0.0000012784 4.237
4810 -0.2793979348 0.0000012746 4.274
4820 -0.2793966640 0.0000012708 4.254
4830 -0.2793953970 0.0000012670 4.233
4840 -0.2793941338 0.0000012632 4.238
4850 -0.2793928743 0.0000012595 4.209
4860 -0.2793916186 0.0000012557 4.206
4870 -0.2793903666 0.0000012520 4.249
4880 -0.2793891182 0.0000012483 4.263
4890 -0.2793878736 0.0000012446 4.254
4900 -0.2793866326 0.0000012410 4.247
4910 -0.2793853953 0.0000012373 4.239
4920 -0.2793841615 0.0000012337 4.299
4930 -0.2793829314 0.0000012301 4.190
4940 -0.2793817049 0.0000012265 4.165
4950 -0.2793804819 0.0000012230 4.238
4960 -0.2793792625 0.0000012194 4.273
4970 -0.2793780466 0.0000012159 4.233
4980 -0.2793768343 0.0000012124 4.260
4990 -0.2793756254 0.0000012089 4.241
5000 -0.2793744200 0.0000012054 4.237
5010 -0.2793732182 0.0000012019 4.265
5020 -0.2793720197 0.0000011985 4.279
5030 -0.2793708247 0.0000011950 4.231
5040 -0.2793696331 0.0000011916 4.249
5050 -0.2793684450 0.0000011880 4.210
5060 -0.2793672600 0.0000011850 4.254
5070 -0.2793660786 0.0000011815 4.261
5080 -0.2793649005 0.0000011781 4.175
5090 -0.2793637257 0.0000011748 4.243
5100 -0.2793625542 0.0000011715 4.251
5110 -0.2793613861 0.0000011681 4.240
5120 -0.2793602212 0.0000011649 4.254
5130 -0.2793590596 0.0000011616 4.232
5140 -0.2793579013 0.0000011583 4.261
5150 -0.2793567462 0.0000011551 4.223
5160 -0.2793555943 0.0000011519 4.249
5170 -0.2793544457 0.0000011487 4.245
5180 -0.2793533002 0.0000011455 4.253
5190 -0.2793521580 0.0000011423 4.231
5200 -0.2793510188 0.0000011391 4.228
5210 -0.2793498829 0.0000011360 4.234
5220 -0.2793487501 0.0000011328 4.194
5230 -0.2793476203 0.0000011297 4.236
5240 -0.2793464937 0.0000011266 4.236
5250 -0.2793453702 0.0000011235 4.287
5260 -0.2793442498 0.0000011204 4.238
5270 -0.2793431324 0.0000011174 4.282
5280 -0.2793420181 0.0000011143 4.219
5290 -0.2793409069 0.0000011112 4.247
5300 -0.2793397986 0.0000011083 4.263
5310 -0.2793386933 0.0000011053 4.256
5320 -0.2793375911 0.0000011023 4.219
5330 -0.2793364918 0.0000010993 4.230
5340 -0.2793353955 0.0000010963 4.258
5350 -0.2793343022 0.0000010933 4.243
5360 -0.2793332117 0.0000010905 4.221
5370 -0.2793321242 0.0000010875 4.222
5380 -0.2793310397 0.0000010845 4.242
5390 -0.2793299580 0.0000010817 4.228
5400 -0.2793288792 0.0000010788 4.254
5410 -0.2793278032 0.0000010759 4.249
5420 -0.2793267302 0.0000010731 4.236
5430 -0.2793256600 0.0000010701 4.280
5440 -0.2793245926 0.0000010674 4.261
5450 -0.2793235280 0.0000010646 4.252
5460 -0.2793224663 0.0000010618 4.240
5470 -0.2793214073 0.0000010590 4.230
5480 -0.2793203512 0.0000010562 4.249
5490 -0.2793192978 0.0000010534 4.252
5500 -0.2793182471 0.0000010506 4.202
5510 -0.2793171993 0.0000010479 4.220
5520 -0.2793161541 0.0000010451 4.256
5530 -0.2793151117 0.0000010424 4.242
5540 -0.2793140720 0.0000010397 4.289
5550 -0.2793130350 0.0000010370 4.274
5560 -0.2793120006 0.0000010343 4.175
5570 -0.2793109690 0.0000010317 4.254
5580 -0.2793099400 0.0000010290 4.222
5590 -0.2793089137 0.0000010263 4.233
5600 -0.2793078899 0.0000010237 4.216
5610 -0.2793068689 0.0000010211 4.280
5620 -0.2793058505 0.0000010184 4.292
5630 -0.2793048346 0.0000010159 4.225
5640 -0.2793038213 0.0000010132 4.253
5650 -0.2793028107 0.0000010107 4.201
5660 -0.2793018026 0.0000010081 4.191
5670 -0.2793007970 0.0000010055 4.238
5680 -0.2792997941 0.0000010030 4.236
5690 -0.2792987936 0.0000010004 4.220
5700 -0.2792977957 0.0000009979 4.241
Marginal Likelihood = -0.2792977957
Total time = 2609.7538 seconds
Total iterations = 5700 
