Marginal likelihood with initialization (1) = -0.2863236593
Marginal likelihood with initialization (2) = -0.2917087469
Marginal likelihood with initialization (3) = -0.2750253693
Marginal likelihood with initialization (4) = -0.2854492651
Marginal likelihood with initialization (5) = -0.2920358900
Iteration Marginal_Likelihood delta_Marginal_Likelihood Iteration_Time (secs)
0 -0.2750253693 -- 50559.737
10 -0.2721322278 0.0028931415 8.138
20 -0.2718036286 0.0003285992 8.156
30 -0.2716115106 0.0001921180 7.610
40 -0.2714805701 0.0001309405 7.365
50 -0.2713759311 0.0001046390 7.377
60 -0.2712859427 0.0000899883 7.367
70 -0.2712052192 0.0000807236 7.269
80 -0.2711315929 0.0000736262 7.262
90 -0.2710632825 0.0000683104 7.140
100 -0.2709993733 0.0000639092 7.143
110 -0.2709387157 0.0000606576 7.028
120 -0.2708808438 0.0000578719 7.036
130 -0.2708242172 0.0000566266 6.920
140 -0.2707705069 0.0000537104 6.823
150 -0.2707183305 0.0000521764 6.811
160 -0.2706677864 0.0000505441 6.699
170 -0.2706190629 0.0000487235 6.695
180 -0.2705720700 0.0000469929 6.460
190 -0.2705265305 0.0000455395 6.481
200 -0.2704822131 0.0000443174 6.496
210 -0.2704384530 0.0000437602 6.465
220 -0.2703960447 0.0000424082 6.470
230 -0.2703554402 0.0000406045 6.474
240 -0.2703163427 0.0000390975 6.490
250 -0.2702788398 0.0000375029 6.465
260 -0.2702412540 0.0000375857 6.485
270 -0.2702055325 0.0000357215 6.486
280 -0.2701709504 0.0000345821 6.505
290 -0.2701366971 0.0000342533 6.490
300 -0.2701037425 0.0000329546 6.463
310 -0.2700717050 0.0000320375 6.469
320 -0.2700408951 0.0000308100 6.458
330 -0.2700108987 0.0000299964 6.471
340 -0.2699813494 0.0000295493 6.483
350 -0.2699578997 0.0000234497 6.480
360 -0.2699253627 0.0000325370 6.479
370 -0.2698982008 0.0000271618 6.471
380 -0.2698717854 0.0000264154 6.465
390 -0.2698457574 0.0000260280 6.481
400 -0.2698208835 0.0000248738 6.463
410 -0.2697966499 0.0000242336 6.467
420 -0.2697727039 0.0000239460 6.458
430 -0.2697502823 0.0000224216 6.468
440 -0.2697275059 0.0000227765 6.464
450 -0.2697054052 0.0000221006 6.560
460 -0.2696841202 0.0000212850 6.459
470 -0.2696632431 0.0000208771 6.460
480 -0.2696428733 0.0000203699 6.466
490 -0.2696226667 0.0000202066 6.483
500 -0.2696033500 0.0000193167 6.451
510 -0.2695844847 0.0000188653 6.493
520 -0.2695659504 0.0000185343 6.464
530 -0.2695475880 0.0000183624 6.449
540 -0.2695299361 0.0000176520 6.493
550 -0.2695126927 0.0000172433 6.498
560 -0.2694958170 0.0000168758 6.461
570 -0.2694793492 0.0000164678 6.472
580 -0.2694630806 0.0000162686 6.474
590 -0.2694468584 0.0000162221 6.480
600 -0.2694313780 0.0000154805 6.494
610 -0.2694157988 0.0000155792 6.479
620 -0.2694009726 0.0000148262 6.475
630 -0.2693865110 0.0000144616 6.494
640 -0.2693724742 0.0000140368 6.465
650 -0.2693582470 0.0000142272 6.498
660 -0.2693441479 0.0000140991 6.474
670 -0.2693307557 0.0000133922 6.459
680 -0.2693176256 0.0000131301 6.486
690 -0.2693047011 0.0000129245 6.482
700 -0.2692920965 0.0000126046 6.469
710 -0.2692787560 0.0000133405 6.477
720 -0.2692666235 0.0000121325 6.474
730 -0.2692546215 0.0000120020 6.473
740 -0.2692429210 0.0000117005 6.464
750 -0.2692314156 0.0000115054 6.468
760 -0.2692201048 0.0000113108 6.495
770 -0.2692090054 0.0000110994 6.470
780 -0.2691981156 0.0000108898 6.491
790 -0.2691873845 0.0000107310 6.466
800 -0.2691766945 0.0000106900 6.478
810 -0.2691658116 0.0000108829 6.500
820 -0.2691554555 0.0000103561 6.468
830 -0.2691454554 0.0000100000 6.462
840 -0.2691356210 0.0000098344 6.505
850 -0.2691259701 0.0000096509 6.473
860 -0.2691164747 0.0000094954 6.487
870 -0.2691071364 0.0000093383 6.480
880 -0.2690979510 0.0000091854 6.472
890 -0.2690889140 0.0000090370 6.477
900 -0.2690800207 0.0000088933 6.478
910 -0.2690712478 0.0000087730 6.485
920 -0.2690622925 0.0000089553 6.462
930 -0.2690538780 0.0000084145 6.463
940 -0.2690449761 0.0000089019 6.474
950 -0.2690367482 0.0000082280 6.464
960 -0.2690286330 0.0000081152 6.462
970 -0.2690206698 0.0000079632 6.459
980 -0.2690127991 0.0000078707 6.474
990 -0.2690050421 0.0000077570 6.454
1000 -0.2689973857 0.0000076564 6.496
1010 -0.2689896757 0.0000077100 6.473
1020 -0.2689819353 0.0000077404 6.466
1030 -0.2689737367 0.0000081986 6.481
1040 -0.2689664897 0.0000072471 6.474
1050 -0.2689593739 0.0000071157 6.457
1060 -0.2689523512 0.0000070227 6.461
1070 -0.2689454174 0.0000069338 6.471
1080 -0.2689384928 0.0000069246 6.521
1090 -0.2689310565 0.0000074363 6.460
1100 -0.2689243635 0.0000066930 6.461
1110 -0.2689176739 0.0000066896 6.478
1120 -0.2689106742 0.0000069997 6.475
1130 -0.2689039396 0.0000067346 6.459
1140 -0.2688973998 0.0000065398 6.468
1150 -0.2688910132 0.0000063866 6.470
1160 -0.2688848496 0.0000061636 6.479
1170 -0.2688787617 0.0000060880 6.478
1180 -0.2688723580 0.0000064037 6.480
1190 -0.2688664633 0.0000058947 6.497
1200 -0.2688606424 0.0000058209 6.491
1210 -0.2688548927 0.0000057497 6.481
1220 -0.2688492124 0.0000056804 6.464
1230 -0.2688435984 0.0000056139 6.471
1240 -0.2688380451 0.0000055533 6.492
1250 -0.2688325144 0.0000055308 6.485
1260 -0.2688267341 0.0000057802 6.483
1270 -0.2688213806 0.0000053536 6.469
1280 -0.2688160924 0.0000052881 6.463
1290 -0.2688108658 0.0000052267 6.491
1300 -0.2688056984 0.0000051674 6.471
1310 -0.2688005874 0.0000051110 6.457
1320 -0.2687955270 0.0000050605 6.461
1330 -0.2687904953 0.0000050317 6.482
1340 -0.2687851470 0.0000053483 6.473
1350 -0.2687802731 0.0000048739 6.477
1360 -0.2687754534 0.0000048197 6.482
1370 -0.2687706867 0.0000047666 6.480
1380 -0.2687659722 0.0000047145 6.508
1390 -0.2687610585 0.0000049137 6.468
1400 -0.2687564134 0.0000046452 6.472
1410 -0.2687518494 0.0000045640 6.466
1420 -0.2687473327 0.0000045166 6.478
1430 -0.2687428632 0.0000044695 6.467
1440 -0.2687384375 0.0000044257 6.468
1450 -0.2687340531 0.0000043844 6.495
1460 -0.2687297188 0.0000043343 6.477
1470 -0.2687253721 0.0000043467 6.508
1480 -0.2687207113 0.0000046608 6.489
1490 -0.2687165146 0.0000041967 6.468
1500 -0.2687123606 0.0000041540 6.498
1510 -0.2687082483 0.0000041124 6.481
1520 -0.2687041767 0.0000040716 6.481
1530 -0.2687001452 0.0000040315 6.473
1540 -0.2686961531 0.0000039921 6.467
1550 -0.2686921998 0.0000039533 6.469
1560 -0.2686882846 0.0000039152 6.472
1570 -0.2686844070 0.0000038777 6.474
1580 -0.2686805660 0.0000038409 6.464
1590 -0.2686767613 0.0000038047 6.474
1600 -0.2686729922 0.0000037691 6.498
1610 -0.2686692581 0.0000037340 6.488
1620 -0.2686655585 0.0000036997 6.487
1630 -0.2686618931 0.0000036654 6.467
1640 -0.2686582606 0.0000036325 6.480
1650 -0.2686546609 0.0000035997 6.480
1660 -0.2686510951 0.0000035658 6.469
1670 -0.2686475579 0.0000035372 6.467
1680 -0.2686440529 0.0000035050 6.468
1690 -0.2686405795 0.0000034734 6.483
1700 -0.2686371331 0.0000034463 6.467
1710 -0.2686337151 0.0000034181 6.502
1720 -0.2686303190 0.0000033961 6.479
1730 -0.2686269054 0.0000034136 6.497
1740 -0.2686232320 0.0000036733 6.465
1750 -0.2686199301 0.0000033019 6.471
1760 -0.2686166705 0.0000032596 6.472
1770 -0.2686134107 0.0000032598 6.477
1780 -0.2686101917 0.0000032190 6.480
1790 -0.2686070013 0.0000031904 6.508
1800 -0.2686038332 0.0000031681 6.463
1810 -0.2686006917 0.0000031415 6.465
1820 -0.2685975741 0.0000031176 6.463
1830 -0.2685944793 0.0000030948 6.476
1840 -0.2685914038 0.0000030755 6.468
1850 -0.2685883393 0.0000030645 6.461
1860 -0.2685852234 0.0000031158 6.466
1870 -0.2685818776 0.0000033459 6.498
1880 -0.2685788749 0.0000030027 6.460
1890 -0.2685755088 0.0000033661 6.466
1900 -0.2685725981 0.0000029107 6.479
1910 -0.2685696926 0.0000029055 6.456
1920 -0.2685668168 0.0000028758 6.488
1930 -0.2685639618 0.0000028550 6.465
1940 -0.2685611270 0.0000028348 6.473
1950 -0.2685583106 0.0000028164 6.466
1960 -0.2685555092 0.0000028014 6.480
1970 -0.2685527122 0.0000027970 6.467
1980 -0.2685498221 0.0000028901 6.481
1990 -0.2685467947 0.0000030274 6.506
2000 -0.2685440915 0.0000027032 6.487
2010 -0.2685414087 0.0000026827 6.478
2020 -0.2685387456 0.0000026632 6.476
2030 -0.2685361020 0.0000026435 6.480
2040 -0.2685334779 0.0000026241 6.466
2050 -0.2685308726 0.0000026053 6.476
2060 -0.2685282863 0.0000025863 6.459
2070 -0.2685257184 0.0000025679 6.476
2080 -0.2685231689 0.0000025495 6.472
2090 -0.2685206376 0.0000025313 6.476
2100 -0.2685181241 0.0000025135 6.483
2110 -0.2685156285 0.0000024957 6.464
2120 -0.2685131500 0.0000024784 6.510
2130 -0.2685106891 0.0000024609 6.489
2140 -0.2685082449 0.0000024442 6.472
2150 -0.2685058177 0.0000024272 6.475
2160 -0.2685034070 0.0000024107 6.482
2170 -0.2685010130 0.0000023941 6.471
2180 -0.2684986349 0.0000023781 6.462
2190 -0.2684962730 0.0000023619 6.485
2200 -0.2684939299 0.0000023431 6.486
2210 -0.2684915966 0.0000023333 6.478
2220 -0.2684892819 0.0000023147 6.482
2230 -0.2684869821 0.0000022998 6.490
2240 -0.2684846977 0.0000022844 6.473
2250 -0.2684824280 0.0000022698 6.476
2260 -0.2684801733 0.0000022546 6.475
2270 -0.2684779329 0.0000022405 6.466
2280 -0.2684757073 0.0000022256 6.478
2290 -0.2684734954 0.0000022119 6.468
2300 -0.2684712981 0.0000021973 6.487
2310 -0.2684691141 0.0000021840 6.472
2320 -0.2684669442 0.0000021699 6.476
2330 -0.2684647875 0.0000021568 6.472
2340 -0.2684626439 0.0000021435 6.511
2350 -0.2684605130 0.0000021309 6.479
2360 -0.2684583947 0.0000021183 6.467
2370 -0.2684563063 0.0000020884 6.464
2380 -0.2684541973 0.0000021091 6.467
2390 -0.2684521155 0.0000020818 6.492
2400 -0.2684500454 0.0000020701 6.477
2410 -0.2684479827 0.0000020627 6.491
2420 -0.2684459271 0.0000020556 6.473
2430 -0.2684438612 0.0000020659 6.497
2440 -0.2684414146 0.0000024466 6.483
2450 -0.2684394826 0.0000019319 6.465
2460 -0.2684374105 0.0000020721 6.479
2470 -0.2684354312 0.0000019793 6.520
2480 -0.2684334636 0.0000019676 6.463
2490 -0.2684315075 0.0000019561 6.471
2500 -0.2684295629 0.0000019446 6.489
2510 -0.2684276296 0.0000019333 6.480
2520 -0.2684257075 0.0000019221 6.489
2530 -0.2684237964 0.0000019110 6.469
2540 -0.2684218963 0.0000019001 6.483
2550 -0.2684200071 0.0000018892 6.479
2560 -0.2684181286 0.0000018784 6.466
2570 -0.2684162608 0.0000018679 6.464
2580 -0.2684144035 0.0000018573 6.458
2590 -0.2684125567 0.0000018468 6.494
2600 -0.2684107201 0.0000018365 6.463
2610 -0.2684088938 0.0000018263 6.508
2620 -0.2684070777 0.0000018162 6.471
2630 -0.2684052716 0.0000018061 6.492
2640 -0.2684034754 0.0000017962 6.477
2650 -0.2684016890 0.0000017863 6.466
2660 -0.2683999124 0.0000017766 6.482
2670 -0.2683981455 0.0000017669 6.475
2680 -0.2683963881 0.0000017574 6.485
2690 -0.2683946402 0.0000017479 6.471
2700 -0.2683929016 0.0000017385 6.476
2710 -0.2683911724 0.0000017292 6.467
2720 -0.2683894524 0.0000017200 6.489
2730 -0.2683877414 0.0000017109 6.511
2740 -0.2683860396 0.0000017019 6.478
2750 -0.2683843466 0.0000016929 6.469
2760 -0.2683826626 0.0000016841 6.481
2770 -0.2683809873 0.0000016753 6.469
2780 -0.2683793207 0.0000016666 6.481
2790 -0.2683776627 0.0000016579 6.466
2800 -0.2683760134 0.0000016494 6.468
2810 -0.2683743724 0.0000016410 6.494
2820 -0.2683727399 0.0000016325 6.470
2830 -0.2683711157 0.0000016242 6.468
2840 -0.2683694997 0.0000016160 6.497
2850 -0.2683678919 0.0000016078 6.499
2860 -0.2683662922 0.0000015997 6.492
2870 -0.2683647005 0.0000015917 6.470
2880 -0.2683631168 0.0000015837 6.491
2890 -0.2683615409 0.0000015758 6.501
2900 -0.2683599729 0.0000015680 6.492
2910 -0.2683584126 0.0000015603 6.502
2920 -0.2683568600 0.0000015526 6.507
2930 -0.2683553151 0.0000015450 6.468
2940 -0.2683537777 0.0000015374 6.464
2950 -0.2683522477 0.0000015300 6.455
2960 -0.2683507251 0.0000015225 6.463
2970 -0.2683492099 0.0000015152 6.475
2980 -0.2683477020 0.0000015079 6.506
2990 -0.2683462014 0.0000015007 6.480
3000 -0.2683447079 0.0000014935 6.460
3010 -0.2683432215 0.0000014864 6.479
3020 -0.2683417421 0.0000014793 6.465
3030 -0.2683402698 0.0000014724 6.483
3040 -0.2683388043 0.0000014654 6.483
3050 -0.2683373458 0.0000014586 6.488
3060 -0.2683358940 0.0000014517 6.488
3070 -0.2683344490 0.0000014450 6.490
3080 -0.2683330107 0.0000014383 6.472
3090 -0.2683315791 0.0000014316 6.523
3100 -0.2683301540 0.0000014251 6.503
3110 -0.2683287355 0.0000014185 6.490
3120 -0.2683273235 0.0000014121 6.474
3130 -0.2683259179 0.0000014056 6.472
3140 -0.2683245186 0.0000013993 6.507
3150 -0.2683231257 0.0000013929 6.462
3160 -0.2683217391 0.0000013867 6.480
3170 -0.2683203587 0.0000013804 6.485
3180 -0.2683189844 0.0000013743 6.471
3190 -0.2683176163 0.0000013681 6.484
3200 -0.2683162543 0.0000013621 6.471
3210 -0.2683148983 0.0000013560 6.475
3220 -0.2683135482 0.0000013501 6.500
3230 -0.2683122041 0.0000013441 6.471
3240 -0.2683108658 0.0000013383 6.471
3250 -0.2683095334 0.0000013324 6.460
3260 -0.2683082067 0.0000013267 6.471
3270 -0.2683068858 0.0000013209 6.466
3280 -0.2683055705 0.0000013153 6.470
3290 -0.2683042609 0.0000013096 6.462
3300 -0.2683029568 0.0000013041 6.472
3310 -0.2683016583 0.0000012985 6.467
3320 -0.2683003652 0.0000012931 6.479
3330 -0.2682990776 0.0000012877 6.541
3340 -0.2682977952 0.0000012824 6.479
3350 -0.2682965180 0.0000012772 6.486
3360 -0.2682952457 0.0000012723 6.499
3370 -0.2682939769 0.0000012688 6.474
3380 -0.2682927176 0.0000012593 6.505
3390 -0.2682914463 0.0000012713 6.479
3400 -0.2682901107 0.0000013356 6.493
3410 -0.2682885601 0.0000015506 6.481
3420 -0.2682873181 0.0000012419 6.489
3430 -0.2682860815 0.0000012366 6.478
3440 -0.2682848500 0.0000012315 6.476
3450 -0.2682836236 0.0000012264 6.464
3460 -0.2682824023 0.0000012214 6.490
3470 -0.2682811859 0.0000012163 6.476
3480 -0.2682799746 0.0000012113 6.481
3490 -0.2682787682 0.0000012064 6.473
3500 -0.2682775667 0.0000012015 6.471
3510 -0.2682763701 0.0000011966 6.505
3520 -0.2682751783 0.0000011918 6.490
3530 -0.2682739913 0.0000011870 6.461
3540 -0.2682728092 0.0000011822 6.482
3550 -0.2682716317 0.0000011775 6.466
3560 -0.2682704590 0.0000011727 6.474
3570 -0.2682692909 0.0000011681 6.473
3580 -0.2682681275 0.0000011634 6.482
3590 -0.2682669686 0.0000011588 6.480
3600 -0.2682658144 0.0000011543 6.505
3610 -0.2682646646 0.0000011497 6.467
3620 -0.2682635194 0.0000011452 6.472
3630 -0.2682623787 0.0000011407 6.467
3640 -0.2682612424 0.0000011363 6.466
3650 -0.2682601106 0.0000011319 6.509
3660 -0.2682589831 0.0000011275 6.474
3670 -0.2682578600 0.0000011231 6.478
3680 -0.2682567412 0.0000011188 6.468
3690 -0.2682556266 0.0000011145 6.472
3700 -0.2682545164 0.0000011102 6.481
3710 -0.2682534104 0.0000011060 6.477
3720 -0.2682523086 0.0000011018 6.476
3730 -0.2682512110 0.0000010976 6.480
3740 -0.2682501175 0.0000010935 6.474
3750 -0.2682490282 0.0000010894 6.476
3760 -0.2682479429 0.0000010853 6.491
3770 -0.2682468617 0.0000010812 6.482
3780 -0.2682457845 0.0000010772 6.509
3790 -0.2682447114 0.0000010732 6.461
3800 -0.2682436422 0.0000010692 6.484
3810 -0.2682425770 0.0000010652 6.484
3820 -0.2682415157 0.0000010613 6.484
3830 -0.2682404583 0.0000010574 6.465
3840 -0.2682394048 0.0000010535 6.474
3850 -0.2682383551 0.0000010497 6.478
3860 -0.2682373092 0.0000010459 6.484
3870 -0.2682362671 0.0000010421 6.471
3880 -0.2682352287 0.0000010384 6.572
3890 -0.2682341940 0.0000010347 6.478
3900 -0.2682331630 0.0000010310 6.499
3910 -0.2682321354 0.0000010277 6.465
3920 -0.2682311113 0.0000010241 6.516
3930 -0.2682301179 0.0000009933 6.482
Marginal Likelihood = -0.2682301179
Total time = 53118.9027 seconds
Total iterations = 3930 
