Marginal likelihood with initialization (1) = -0.2747870478
Marginal likelihood with initialization (2) = -0.2578004153
Marginal likelihood with initialization (3) = -0.2667324459
Marginal likelihood with initialization (4) = nan
Marginal likelihood with initialization (5) = nan
Iteration Marginal_Likelihood delta_Marginal_Likelihood Iteration_Time (secs)
0 -0.2578004153 -- 38401.887
10 -0.2576158689 0.0001845464 16.422
20 -0.2570224727 0.0005933962 4815.547
30 -0.2567038107 0.0003186620 4815.141
40 -0.2565124706 0.0001913401 4812.811
50 -0.2563755637 0.0001369069 4811.112
60 -0.2562820303 0.0000935334 4809.614
70 -0.2562143593 0.0000676710 4808.233
80 -0.2561569746 0.0000573847 4807.684
90 -0.2561080100 0.0000489646 4807.405
100 -0.2560672569 0.0000407530 4807.685
110 -0.2560318932 0.0000353637 4820.553
120 -0.2560001003 0.0000317929 4848.969
130 -0.2559721257 0.0000279746 4852.128
140 -0.2559464857 0.0000256401 4870.868
150 -0.2559226092 0.0000238765 4833.151
160 -0.2559006137 0.0000219955 4841.789
170 -0.2558814308 0.0000191829 5024.987
180 -0.2558637631 0.0000176677 5081.566
190 -0.2558470595 0.0000167036 4970.213
200 -0.2558320820 0.0000149775 4811.794
210 -0.2558181274 0.0000139546 4810.783
220 -0.2558051431 0.0000129842 4810.488
230 -0.2557930135 0.0000121297 4810.512
240 -0.2557818408 0.0000111727 4811.143
250 -0.2557714884 0.0000103524 4811.915
260 -0.2557612844 0.0000102040 4837.682
270 -0.2557520328 0.0000092516 4849.571
280 -0.2557433636 0.0000086691 4811.248
290 -0.2557353291 0.0000080345 4811.946
300 -0.2557278642 0.0000074649 4812.318
310 -0.2557209148 0.0000069494 4819.391
320 -0.2557144513 0.0000064635 4818.973
330 -0.2557084225 0.0000060289 4820.051
340 -0.2557026657 0.0000057568 4819.026
350 -0.2556972588 0.0000054069 4820.072
360 -0.2556922909 0.0000049679 4817.883
370 -0.2556876486 0.0000046422 4817.797
380 -0.2556832918 0.0000043569 4817.898
390 -0.2556791601 0.0000041316 4815.394
400 -0.2556749494 0.0000042108 4815.113
410 -0.2556711529 0.0000037964 4815.590
420 -0.2556676954 0.0000034575 4820.525
430 -0.2556644495 0.0000032459 4809.937
440 -0.2556613866 0.0000030629 4809.780
450 -0.2556584922 0.0000028944 4809.764
460 -0.2556557487 0.0000027435 4807.869
470 -0.2556531472 0.0000026015 4806.778
480 -0.2556506734 0.0000024738 4806.356
490 -0.2556483265 0.0000023469 4804.796
500 -0.2556460959 0.0000022305 4804.617
510 -0.2556439754 0.0000021205 4804.237
520 -0.2556419543 0.0000020212 4804.324
530 -0.2556400275 0.0000019267 4810.370
540 -0.2556381885 0.0000018391 4810.951
550 -0.2556364317 0.0000017567 4811.090
560 -0.2556347507 0.0000016810 4811.649
570 -0.2556331403 0.0000016104 4812.275
580 -0.2556315966 0.0000015436 4811.704
590 -0.2556301192 0.0000014774 4806.504
600 -0.2556287029 0.0000014163 4804.797
610 -0.2556273437 0.0000013592 4804.759
620 -0.2556260378 0.0000013059 4804.384
630 -0.2556247826 0.0000012552 4804.617
640 -0.2556235751 0.0000012075 4807.764
650 -0.2556224121 0.0000011630 4907.799
660 -0.2556212910 0.0000011211 4952.228
670 -0.2556202098 0.0000010812 4879.697
680 -0.2556191656 0.0000010442 4833.075
690 -0.2556181572 0.0000010084 4879.491
700 -0.2556171836 0.0000009736 4811.181
Marginal Likelihood = -0.2556171836
Total time = 371698.4155 seconds
Total iterations = 700 
