Marginal likelihood with initialization (1) = -0.3994120607
Marginal likelihood with initialization (2) = -0.5943289105
Marginal likelihood with initialization (3) = -0.5087304961
Marginal likelihood with initialization (4) = -0.3911101384
Marginal likelihood with initialization (5) = -0.3880521437
Iteration Marginal_Likelihood delta_Marginal_Likelihood Iteration_Time (secs)
0 -0.3880521437 -- 109585.372
10 -0.3880393424 0.0000128013 11.387
20 -0.3854463584 0.0025929840 12.772
30 -0.3838079080 0.0016384504 12.705
40 -0.3826955935 0.0011123144 12.644
50 -0.3819006787 0.0007949148 12.606
60 -0.3813090663 0.0005916124 13.108
70 -0.3808543404 0.0004547259 13.126
80 -0.3804952201 0.0003591203 13.049
90 -0.3802051007 0.0002901194 12.987
100 -0.3799662973 0.0002388034 12.880
110 -0.3797664650 0.0001998323 12.583
120 -0.3795967365 0.0001697285 12.465
130 -0.3794510808 0.0001456557 12.337
140 -0.3793244408 0.0001266400 12.224
150 -0.3792135788 0.0001108620 12.209
160 -0.3791154777 0.0000981011 12.299
170 -0.3790282662 0.0000872115 12.395
180 -0.3789501675 0.0000780988 12.471
190 -0.3788798352 0.0000703323 12.592
200 -0.3788161757 0.0000636595 12.698
210 -0.3787582977 0.0000578780 12.599
220 -0.3787056629 0.0000526348 12.684
230 -0.3786570551 0.0000486078 12.795
240 -0.3786125384 0.0000445167 12.889
250 -0.3785714828 0.0000410556 12.927
260 -0.3785335123 0.0000379705 13.020
270 -0.3784982913 0.0000352210 13.055
280 -0.3784655458 0.0000327455 13.134
290 -0.3784350321 0.0000305137 13.147
300 -0.3784065424 0.0000284897 13.227
310 -0.3783798316 0.0000267109 13.230
320 -0.3783548974 0.0000249342 13.300
330 -0.3783313072 0.0000235902 13.324
340 -0.3783091858 0.0000221214 13.361
350 -0.3782883325 0.0000208532 13.393
360 -0.3782686438 0.0000196888 13.425
370 -0.3782500383 0.0000186054 13.457
380 -0.3782324421 0.0000175962 13.484
390 -0.3782156820 0.0000167601 13.526
400 -0.3781998109 0.0000158711 13.540
410 -0.3781847276 0.0000150833 13.557
420 -0.3781703692 0.0000143584 13.603
430 -0.3781567036 0.0000136656 13.426
440 -0.3781436433 0.0000130603 13.459
450 -0.3781312026 0.0000124407 13.442
460 -0.3781192491 0.0000119535 13.469
470 -0.3781080141 0.0000112350 13.462
480 -0.3780969141 0.0000111000 13.502
490 -0.3780864980 0.0000104161 13.512
500 -0.3780763897 0.0000101083 13.530
510 -0.3780668106 0.0000095791 13.537
520 -0.3780574674 0.0000093432 13.549
530 -0.3780486332 0.0000088342 13.536
540 -0.3780399735 0.0000086597 13.553
550 -0.3780318216 0.0000081519 13.586
560 -0.3780237583 0.0000080633 13.584
570 -0.3780162164 0.0000075418 13.595
580 -0.3780086644 0.0000075520 13.621
590 -0.3780016626 0.0000070018 13.623
600 -0.3779945854 0.0000070773 13.630
610 -0.3779880814 0.0000065040 13.628
620 -0.3779814375 0.0000066439 13.647
630 -0.3779754062 0.0000060313 13.648
640 -0.3779691435 0.0000062627 13.667
650 -0.3779635000 0.0000056435 13.663
660 -0.3779575428 0.0000059572 13.674
670 -0.3779523037 0.0000052391 13.671
680 -0.3779466475 0.0000056562 13.695
690 -0.3779417448 0.0000049027 13.687
700 -0.3779363842 0.0000053606 13.689
710 -0.3779314826 0.0000049016 13.488
720 -0.3779270896 0.0000043930 13.685
730 -0.3779225673 0.0000045223 13.498
740 -0.3779179803 0.0000045870 13.698
750 -0.3779139595 0.0000040209 13.705
760 -0.3779097835 0.0000041760 13.717
770 -0.3779060958 0.0000036877 13.728
780 -0.3779028524 0.0000032434 13.722
790 -0.3778990389 0.0000038135 13.734
800 -0.3778966961 0.0000023428 13.709
810 -0.3778922449 0.0000044512 13.699
820 -0.3778891466 0.0000030984 13.774
830 -0.3779152373 -0.0000260907 5924.650
840 -0.3779118448 0.0000033925 5924.749
850 -0.3779089832 0.0000028616 5924.061
860 -0.3779064467 0.0000025365 5923.653
870 -0.3779041239 0.0000023228 5920.364
880 -0.3779019517 0.0000021722 5971.344
890 -0.3778998919 0.0000020597 5967.043
900 -0.3778979231 0.0000019688 5983.484
910 -0.3778960214 0.0000019018 5966.500
920 -0.3778941846 0.0000018368 5948.104
930 -0.3778924052 0.0000017794 5925.071
940 -0.3778906716 0.0000017336 5917.617
950 -0.3778889867 0.0000016849 5919.114
960 -0.3778873458 0.0000016409 5924.169
970 -0.3778857467 0.0000015991 5920.865
980 -0.3778841882 0.0000015585 5921.310
990 -0.3778826677 0.0000015205 5921.623
1000 -0.3778811851 0.0000014826 5921.756
1010 -0.3778797380 0.0000014470 5921.879
1020 -0.3778783230 0.0000014151 5946.655
1030 -0.3778769421 0.0000013808 6057.446
1040 -0.3778755928 0.0000013493 6068.230
1050 -0.3778742749 0.0000013179 6086.148
1060 -0.3778729865 0.0000012884 6068.176
1070 -0.3778717272 0.0000012593 6039.267
1080 -0.3778704960 0.0000012312 5918.544
1090 -0.3778692927 0.0000012033 5918.119
1100 -0.3778681161 0.0000011766 5918.535
1110 -0.3778669651 0.0000011510 5918.253
1120 -0.3778658393 0.0000011259 5920.682
1130 -0.3778647375 0.0000011018 5921.687
1140 -0.3778636596 0.0000010779 5921.865
1150 -0.3778626050 0.0000010546 5922.287
1160 -0.3778615728 0.0000010322 5922.187
1170 -0.3778605680 0.0000010048 5974.397
1180 -0.3778595734 0.0000009946 6018.812
Marginal Likelihood = -0.3778595734
Total time = 324961.5589 seconds
Total iterations = 1180 
