Marginal likelihood with initialization (1) = -0.5419044821
Marginal likelihood with initialization (2) = -0.4819101321
Marginal likelihood with initialization (3) = -0.4109668861
Marginal likelihood with initialization (4) = -0.6056392013
Marginal likelihood with initialization (5) = nan
Iteration Marginal_Likelihood delta_Marginal_Likelihood Iteration_Time (secs)
0 -0.4109668861 -- 58400.240
10 -0.4107039011 0.0002629849 6.467
20 -0.4055409673 0.0051629338 6.536
30 -0.4024890332 0.0030519341 6.535
40 -0.4004820433 0.0020069899 6.522
50 -0.3990592278 0.0014228155 6.722
60 -0.3979966599 0.0010625679 7.047
70 -0.3971721910 0.0008244689 7.140
80 -0.3965137542 0.0006584368 7.386
90 -0.3959758491 0.0005379051 7.432
100 -0.3955284837 0.0004473654 7.476
110 -0.3951508517 0.0003776320 7.469
120 -0.3948283224 0.0003225293 7.480
130 -0.3945499718 0.0002783506 7.504
140 -0.3943075907 0.0002423811 7.372
150 -0.3940947724 0.0002128183 7.382
160 -0.3939065191 0.0001882533 7.245
170 -0.3937388852 0.0001676339 7.258
180 -0.3935887176 0.0001501676 7.243
190 -0.3934534621 0.0001352555 7.265
200 -0.3933310341 0.0001224279 7.252
210 -0.3932197139 0.0001113203 7.232
220 -0.3931180707 0.0001016432 7.268
230 -0.3930249053 0.0000931654 7.259
240 -0.3929392076 0.0000856977 7.261
250 -0.3928601245 0.0000790831 7.262
260 -0.3927869106 0.0000732138 7.262
270 -0.3927189429 0.0000679678 7.248
280 -0.3926556772 0.0000632656 7.269
290 -0.3925966417 0.0000590355 7.239
300 -0.3925414250 0.0000552168 7.264
310 -0.3924896667 0.0000517582 7.293
320 -0.3924410505 0.0000486162 7.299
330 -0.3923952970 0.0000457535 7.277
340 -0.3923521588 0.0000431382 7.268
350 -0.3923114160 0.0000407427 7.283
360 -0.3922728789 0.0000385371 7.259
370 -0.3922363578 0.0000365211 7.254
380 -0.3922017053 0.0000346526 7.299
390 -0.3921687785 0.0000329268 7.296
400 -0.3921374499 0.0000313286 7.271
410 -0.3921076041 0.0000298458 7.255
420 -0.3920791366 0.0000284675 7.285
430 -0.3920519524 0.0000271841 7.285
440 -0.3920259654 0.0000259871 7.320
450 -0.3920010965 0.0000248688 7.327
460 -0.3919772739 0.0000238226 7.302
470 -0.3919544316 0.0000228424 7.328
480 -0.3919325089 0.0000219227 7.306
490 -0.3919114497 0.0000210592 7.308
500 -0.3918912035 0.0000202462 7.287
510 -0.3918717228 0.0000194807 7.295
520 -0.3918529705 0.0000187523 7.374
530 -0.3918348866 0.0000180839 7.281
540 -0.3918174599 0.0000174267 7.278
550 -0.3918006358 0.0000168241 7.288
560 -0.3917843886 0.0000162472 7.297
570 -0.3917686880 0.0000157006 7.279
580 -0.3917535064 0.0000151816 7.289
590 -0.3917388177 0.0000146887 7.343
600 -0.3917245982 0.0000142195 7.348
610 -0.3917108243 0.0000137739 7.752
620 -0.3916974749 0.0000133494 7.780
630 -0.3916845305 0.0000129444 7.772
640 -0.3916719707 0.0000125598 7.787
650 -0.3916597802 0.0000121905 7.802
660 -0.3916479418 0.0000118384 7.808
670 -0.3916364398 0.0000115020 7.788
680 -0.3916252594 0.0000111804 7.804
690 -0.3916143838 0.0000108756 7.817
700 -0.3916038088 0.0000105750 7.810
710 -0.3915935109 0.0000102979 7.792
720 -0.3915834864 0.0000100245 7.803
730 -0.3915737214 0.0000097650 7.795
740 -0.3915642063 0.0000095151 7.803
750 -0.3915549311 0.0000092753 7.838
760 -0.3915458864 0.0000090447 7.799
770 -0.3915370634 0.0000088230 7.818
780 -0.3915284538 0.0000086096 7.800
790 -0.3915200496 0.0000084042 7.797
800 -0.3915118432 0.0000082064 7.791
810 -0.3915038273 0.0000080159 7.800
820 -0.3914959952 0.0000078321 7.782
830 -0.3914883402 0.0000076550 7.787
840 -0.3914808563 0.0000074838 7.784
850 -0.3914735374 0.0000073189 7.784
860 -0.3914663786 0.0000071588 7.768
870 -0.3914593756 0.0000070030 7.787
880 -0.3914525162 0.0000068595 7.765
890 -0.3914458065 0.0000067097 7.777
900 -0.3914392305 0.0000065760 7.776
910 -0.3914327947 0.0000064358 7.773
920 -0.3914264843 0.0000063104 7.769
930 -0.3914203107 0.0000061736 7.753
940 -0.3914142438 0.0000060669 7.780
950 -0.3914083113 0.0000059325 7.777
960 -0.3914024781 0.0000058332 7.767
970 -0.3913967723 0.0000057058 7.793
980 -0.3913911588 0.0000056134 7.762
990 -0.3913856663 0.0000054926 7.766
1000 -0.3913802598 0.0000054064 7.758
1010 -0.3913749682 0.0000052916 7.761
1020 -0.3913697570 0.0000052112 7.764
1030 -0.3913646545 0.0000051025 7.754
1040 -0.3913596281 0.0000050265 7.790
1050 -0.3913547004 0.0000049277 7.778
1060 -0.3913498524 0.0000048480 7.752
1070 -0.3913450977 0.0000047546 7.757
1080 -0.3913404108 0.0000046869 7.749
1090 -0.3913358098 0.0000046010 7.768
1100 -0.3913312902 0.0000045196 7.756
1110 -0.3913268367 0.0000044535 7.763
1120 -0.3913224607 0.0000043760 7.809
1130 -0.3913181558 0.0000043049 7.780
1140 -0.3913139201 0.0000042356 7.788
1150 -0.3913097521 0.0000041680 7.789
1160 -0.3913056500 0.0000041021 7.773
1170 -0.3913016121 0.0000040379 7.787
1180 -0.3912976368 0.0000039753 7.777
1190 -0.3912937227 0.0000039141 7.787
1200 -0.3912898682 0.0000038545 7.778
1210 -0.3912860720 0.0000037963 7.787
1220 -0.3912823325 0.0000037394 7.753
1230 -0.3912786486 0.0000036840 7.776
1240 -0.3912750188 0.0000036298 7.756
1250 -0.3912714420 0.0000035768 7.770
1260 -0.3912679169 0.0000035251 7.776
1270 -0.3912644423 0.0000034746 7.786
1280 -0.3912610171 0.0000034252 7.753
1290 -0.3912576402 0.0000033769 7.767
1300 -0.3912543105 0.0000033297 7.782
1310 -0.3912510270 0.0000032835 7.764
1320 -0.3912477886 0.0000032384 7.784
1330 -0.3912445944 0.0000031942 7.749
1340 -0.3912414434 0.0000031510 7.769
1350 -0.3912383347 0.0000031087 7.766
1360 -0.3912352674 0.0000030673 7.772
1370 -0.3912322406 0.0000030268 7.767
1380 -0.3912292535 0.0000029871 7.773
1390 -0.3912263052 0.0000029483 7.770
1400 -0.3912233950 0.0000029102 7.769
1410 -0.3912205221 0.0000028729 7.814
1420 -0.3912176856 0.0000028364 7.774
1430 -0.3912148850 0.0000028007 7.763
1440 -0.3912121194 0.0000027656 7.773
1450 -0.3912093882 0.0000027312 7.757
1460 -0.3912066906 0.0000026975 7.798
1470 -0.3912040261 0.0000026645 7.760
1480 -0.3912013940 0.0000026321 7.772
1490 -0.3911988008 0.0000025932 7.751
1500 -0.3911962256 0.0000025752 7.770
1510 -0.3911936858 0.0000025398 7.755
1520 -0.3911911785 0.0000025072 7.770
1530 -0.3911886978 0.0000024807 7.747
1540 -0.3911862489 0.0000024489 7.744
1550 -0.3911838254 0.0000024235 7.750
1560 -0.3911814322 0.0000023931 7.759
1570 -0.3911790642 0.0000023681 7.762
1580 -0.3911767248 0.0000023394 7.751
1590 -0.3911744102 0.0000023146 7.752
1600 -0.3911721229 0.0000022873 7.741
1610 -0.3911698597 0.0000022633 7.758
1620 -0.3911676227 0.0000022370 7.778
1630 -0.3911654089 0.0000022138 7.794
1640 -0.3911632204 0.0000021885 7.767
1650 -0.3911610545 0.0000021660 7.760
1660 -0.3911589129 0.0000021416 7.755
1670 -0.3911567930 0.0000021199 7.760
1680 -0.3911546967 0.0000020963 7.734
1690 -0.3911526214 0.0000020753 7.760
1700 -0.3911505690 0.0000020525 7.791
1710 -0.3911485367 0.0000020322 7.751
1720 -0.3911465266 0.0000020101 7.755
1730 -0.3911445360 0.0000019906 7.740
1740 -0.3911425668 0.0000019692 7.758
1750 -0.3911406165 0.0000019503 7.758
1760 -0.3911386869 0.0000019295 7.747
1770 -0.3911367756 0.0000019114 7.741
1780 -0.3911348844 0.0000018912 7.743
1790 -0.3911330108 0.0000018736 7.758
1800 -0.3911311568 0.0000018540 7.743
1810 -0.3911293197 0.0000018371 7.740
1820 -0.3911275017 0.0000018180 7.740
1830 -0.3911257000 0.0000018017 7.743
1840 -0.3911239169 0.0000017831 7.725
1850 -0.3911221496 0.0000017674 7.746
1860 -0.3911204003 0.0000017493 7.764
1870 -0.3911186662 0.0000017341 7.729
1880 -0.3911169498 0.0000017164 7.740
1890 -0.3911152480 0.0000017018 7.746
1900 -0.3911135634 0.0000016846 7.758
1910 -0.3911118928 0.0000016705 7.725
1920 -0.3911102391 0.0000016537 7.730
1930 -0.3911085990 0.0000016401 7.737
1940 -0.3911069753 0.0000016237 7.748
1950 -0.3911053647 0.0000016106 7.728
1960 -0.3911037701 0.0000015946 7.719
1970 -0.3911021881 0.0000015820 7.722
1980 -0.3911006218 0.0000015663 7.738
1990 -0.3910990677 0.0000015542 7.730
2000 -0.3910975289 0.0000015387 7.739
2010 -0.3910960018 0.0000015272 7.727
2020 -0.3910944899 0.0000015119 7.716
2030 -0.3910929889 0.0000015010 7.741
2040 -0.3910915032 0.0000014857 7.744
2050 -0.3910900276 0.0000014756 7.726
2060 -0.3910885672 0.0000014604 7.727
2070 -0.3910871164 0.0000014508 7.728
2080 -0.3910856806 0.0000014358 7.719
2090 -0.3910842540 0.0000014266 7.744
2100 -0.3910828421 0.0000014119 7.724
2110 -0.3910814391 0.0000014030 7.737
2120 -0.3910800504 0.0000013887 7.721
2130 -0.3910786704 0.0000013800 7.720
2140 -0.3910773044 0.0000013660 7.728
2150 -0.3910759467 0.0000013577 7.717
2160 -0.3910746026 0.0000013441 7.728
2170 -0.3910732668 0.0000013358 7.722
2180 -0.3910719445 0.0000013223 7.718
2190 -0.3910706296 0.0000013149 7.723
2200 -0.3910693271 0.0000013025 7.742
2210 -0.3910680340 0.0000012931 7.739
2220 -0.3910667525 0.0000012816 7.721
2230 -0.3910654790 0.0000012735 7.746
2240 -0.3910642178 0.0000012611 7.722
2250 -0.3910629635 0.0000012544 7.753
2260 -0.3910617206 0.0000012429 7.712
2270 -0.3910604865 0.0000012341 7.737
2280 -0.3910592634 0.0000012231 7.715
2290 -0.3910580472 0.0000012162 7.769
2300 -0.3910568430 0.0000012042 7.730
2310 -0.3910556445 0.0000011985 7.699
2320 -0.3910544571 0.0000011874 7.735
2330 -0.3910532776 0.0000011795 7.720
2340 -0.3910521077 0.0000011699 7.708
2350 -0.3910509457 0.0000011620 7.721
2360 -0.3910497939 0.0000011518 7.713
2370 -0.3910486478 0.0000011461 7.699
2380 -0.3910475118 0.0000011360 7.715
2390 -0.3910463833 0.0000011285 7.725
2400 -0.3910452644 0.0000011189 7.729
2410 -0.3910441513 0.0000011131 7.710
2420 -0.3910430490 0.0000011023 7.736
2430 -0.3910419511 0.0000010980 7.711
2440 -0.3910408638 0.0000010873 7.722
2450 -0.3910397819 0.0000010819 7.707
2460 -0.3910387105 0.0000010714 7.705
2470 -0.3910376430 0.0000010674 7.710
2480 -0.3910365859 0.0000010571 7.702
2490 -0.3910355339 0.0000010520 7.714
2500 -0.3910344920 0.0000010419 7.720
2510 -0.3910334537 0.0000010383 7.708
2520 -0.3910324268 0.0000010269 7.714
2530 -0.3910314019 0.0000010249 7.709
2540 -0.3910303864 0.0000010155 7.705
2550 -0.3910293785 0.0000010078 7.726
2560 -0.3910283759 0.0000010026 7.726
2570 -0.3910273821 0.0000009938 7.704
Marginal Likelihood = -0.3910273821
Total time = 60362.6530 seconds
Total iterations = 2570 
