Marginal likelihood with initialization (1) = -1.0163966398
Marginal likelihood with initialization (2) = -0.9618445017
Marginal likelihood with initialization (3) = -1.0012495354
Marginal likelihood with initialization (4) = -0.9864462549
Marginal likelihood with initialization (5) = -0.9793891927
Iteration Marginal_Likelihood delta_Marginal_Likelihood Iteration_Time (secs)
0 -0.9618445017 -- 155.344
10 -0.9507850938 0.0110594079 12.518
20 -0.9445836808 0.0062014131 11.652
30 -0.9422648714 0.0023188094 10.918
40 -0.9402680870 0.0019967844 10.618
50 -0.9385140463 0.0017540408 10.612
60 -0.9369590847 0.0015549616 10.607
70 -0.9355704478 0.0013886368 10.297
80 -0.9343220644 0.0012483835 10.316
90 -0.9331939066 0.0011281578 10.196
100 -0.9321691173 0.0010247893 10.188
110 -0.9312342956 0.0009348217 10.090
120 -0.9303778069 0.0008564887 10.033
130 -0.9295901703 0.0007876366 9.874
140 -0.9288634963 0.0007266740 9.744
150 -0.9281909045 0.0006725918 9.731
160 -0.9275666235 0.0006242810 9.766
170 -0.9269855680 0.0005810555 9.744
180 -0.9264433458 0.0005422222 9.741
190 -0.9259364172 0.0005069286 9.711
200 -0.9254611910 0.0004752263 9.707
210 -0.9250149754 0.0004462155 9.754
220 -0.9245951936 0.0004197819 9.743
230 -0.9241994139 0.0003957796 9.728
240 -0.9238257484 0.0003736655 9.748
250 -0.9234722624 0.0003534860 9.763
260 -0.9231375688 0.0003346936 9.600
270 -0.9228198030 0.0003177658 9.574
280 -0.9225180837 0.0003017193 9.556
290 -0.9222311347 0.0002869490 9.590
300 -0.9219577212 0.0002734135 9.619
310 -0.9216972335 0.0002604877 9.569
320 -0.9214485980 0.0002486355 9.570
330 -0.9212111527 0.0002374453 9.653
340 -0.9209838706 0.0002272821 9.595
350 -0.9207661850 0.0002176856 9.638
360 -0.9205576998 0.0002084852 9.613
370 -0.9203578556 0.0001998442 9.624
380 -0.9201659914 0.0001918641 9.619
390 -0.9199815147 0.0001844767 9.637
400 -0.9198041391 0.0001773756 9.613
410 -0.9196333577 0.0001707814 9.584
420 -0.9194689990 0.0001643587 9.585
430 -0.9193106077 0.0001583913 9.594
440 -0.9191579757 0.0001526320 9.595
450 -0.9190105778 0.0001473980 9.610
460 -0.9188680634 0.0001425144 9.611
470 -0.9187304075 0.0001376558 9.610
480 -0.9185973190 0.0001330885 9.620
490 -0.9184687959 0.0001285231 9.637
500 -0.9183442960 0.0001244998 9.609
510 -0.9182238808 0.0001204153 9.631
520 -0.9181070613 0.0001168195 9.619
530 -0.9179937474 0.0001133139 9.637
540 -0.9178837995 0.0001099479 9.582
550 -0.9177772700 0.0001065294 9.620
560 -0.9176738305 0.0001034395 9.643
570 -0.9175732695 0.0001005610 9.624
580 -0.9174753871 0.0000978824 9.626
590 -0.9173804019 0.0000949852 9.607
600 -0.9172881387 0.0000922632 9.634
610 -0.9171982638 0.0000898749 9.611
620 -0.9171109149 0.0000873489 9.628
630 -0.9170258893 0.0000850256 9.636
640 -0.9169430792 0.0000828101 9.657
650 -0.9168625300 0.0000805491 9.604
660 -0.9167840330 0.0000784971 9.613
670 -0.9167073864 0.0000766466 9.604
680 -0.9166324051 0.0000749813 9.591
690 -0.9165594849 0.0000729201 9.614
700 -0.9164884387 0.0000710462 9.655
710 -0.9164188368 0.0000696019 9.632
720 -0.9163511056 0.0000677312 9.621
730 -0.9162847454 0.0000663602 9.588
740 -0.9162201506 0.0000645949 9.611
750 -0.9161569088 0.0000632417 9.626
760 -0.9160950954 0.0000618134 9.622
770 -0.9160347683 0.0000603272 9.650
780 -0.9159756465 0.0000591218 9.636
790 -0.9159177784 0.0000578680 9.680
800 -0.9158609564 0.0000568220 9.620
810 -0.9158056541 0.0000553023 9.603
820 -0.9157515518 0.0000541023 9.596
830 -0.9156985751 0.0000529766 9.613
840 -0.9156466930 0.0000518821 9.638
850 -0.9155958574 0.0000508357 9.596
860 -0.9155458367 0.0000500207 9.601
870 -0.9154970234 0.0000488133 9.619
880 -0.9154490204 0.0000480029 9.664
890 -0.9154021225 0.0000468979 9.622
900 -0.9153560174 0.0000461052 9.709
910 -0.9153109255 0.0000450918 9.655
920 -0.9152666651 0.0000442604 9.654
930 -0.9152232511 0.0000434140 9.638
940 -0.9151806120 0.0000426391 9.656
950 -0.9151387194 0.0000418926 9.617
960 -0.9150976855 0.0000410339 9.637
970 -0.9150572390 0.0000404465 9.668
980 -0.9150174356 0.0000398034 9.629
990 -0.9149785665 0.0000388692 9.630
1000 -0.9149403482 0.0000382182 9.611
1010 -0.9149028218 0.0000375264 9.616
1020 -0.9148659322 0.0000368896 9.620
1030 -0.9148295600 0.0000363722 9.634
1040 -0.9147937566 0.0000358034 9.655
1050 -0.9147587338 0.0000350228 9.635
1060 -0.9147242789 0.0000344548 9.644
1070 -0.9146904123 0.0000338666 9.621
1080 -0.9146570265 0.0000333858 9.630
1090 -0.9146242735 0.0000327530 9.614
1100 -0.9145920144 0.0000322591 9.621
1110 -0.9145603175 0.0000316970 9.671
1120 -0.9145290826 0.0000312349 9.668
1130 -0.9144983386 0.0000307440 9.646
1140 -0.9144680984 0.0000302401 9.653
1150 -0.9144383112 0.0000297873 9.693
1160 -0.9144089864 0.0000293248 9.642
1170 -0.9143799914 0.0000289950 9.668
1180 -0.9143514265 0.0000285649 9.614
1190 -0.9143233758 0.0000280507 9.626
1200 -0.9142957833 0.0000275925 9.652
1210 -0.9142686177 0.0000271656 9.622
1220 -0.9142417161 0.0000269016 9.599
1230 -0.9142153103 0.0000264059 9.637
1240 -0.9141892978 0.0000260125 9.667
1250 -0.9141636582 0.0000256395 9.648
1260 -0.9141383840 0.0000252743 9.620
1270 -0.9141134664 0.0000249176 9.587
1280 -0.9140887980 0.0000246683 9.628
1290 -0.9140645706 0.0000242275 9.597
1300 -0.9140406799 0.0000238907 9.640
1310 -0.9140171176 0.0000235624 9.685
1320 -0.9139938764 0.0000232411 9.632
1330 -0.9139709498 0.0000229267 9.637
1340 -0.9139483294 0.0000226203 9.603
1350 -0.9139259110 0.0000224184 9.649
1360 -0.9139037754 0.0000221356 9.643
1370 -0.9138820370 0.0000217384 9.627
1380 -0.9138603528 0.0000216842 9.689
1390 -0.9138390939 0.0000212589 9.620
1400 -0.9138180897 0.0000210043 9.638
1410 -0.9137974550 0.0000206346 9.655
1420 -0.9137770854 0.0000203696 9.686
1430 -0.9137569729 0.0000201125 9.611
1440 -0.9137371122 0.0000198607 9.676
1450 -0.9137174970 0.0000196152 9.693
1460 -0.9136981134 0.0000193835 9.628
1470 -0.9136789430 0.0000191704 9.680
1480 -0.9136600477 0.0000188953 9.632
1490 -0.9136413822 0.0000186655 9.662
1500 -0.9136229422 0.0000184401 9.632
1510 -0.9136047233 0.0000182189 9.607
1520 -0.9135867215 0.0000180019 9.616
1530 -0.9135689323 0.0000177891 9.632
1540 -0.9135513511 0.0000175812 9.639
1550 -0.9135339704 0.0000173808 9.647
1560 -0.9135167452 0.0000172252 9.630
1570 -0.9134996734 0.0000170718 9.616
1580 -0.9134828969 0.0000167765 9.657
1590 -0.9134663117 0.0000165852 9.664
1600 -0.9134499150 0.0000163967 9.613
1610 -0.9134337034 0.0000162116 9.670
1620 -0.9134176737 0.0000160297 9.664
1630 -0.9134018228 0.0000158509 9.673
1640 -0.9133861476 0.0000156752 9.640
1650 -0.9133706450 0.0000155026 9.633
1660 -0.9133553118 0.0000153331 9.655
1670 -0.9133401447 0.0000151672 9.603
1680 -0.9133251382 0.0000150065 9.658
1690 -0.9133102533 0.0000148849 9.638
1700 -0.9132955660 0.0000146873 9.669
1710 -0.9132810425 0.0000145235 9.634
1720 -0.9132666153 0.0000144272 9.606
1730 -0.9132523468 0.0000142685 9.639
1740 -0.9132382775 0.0000140693 9.624
1750 -0.9132243543 0.0000139232 9.633
1760 -0.9132105753 0.0000137790 9.643
1770 -0.9131969383 0.0000136370 9.653
1780 -0.9131834409 0.0000134974 9.629
1790 -0.9131700810 0.0000133600 9.693
1800 -0.9131568561 0.0000132249 9.652
1810 -0.9131437638 0.0000130923 9.640
1820 -0.9131308011 0.0000129628 9.617
1830 -0.9131179604 0.0000128407 9.656
1840 -0.9131052111 0.0000127493 9.661
1850 -0.9130926330 0.0000125781 9.653
1860 -0.9130801793 0.0000124537 9.645
1870 -0.9130678472 0.0000123322 9.647
1880 -0.9130556349 0.0000122123 9.629
1890 -0.9130435406 0.0000120942 9.635
1900 -0.9130315627 0.0000119779 9.595
1910 -0.9130196994 0.0000118633 9.666
1920 -0.9130079490 0.0000117504 9.651
1930 -0.9129963100 0.0000116391 9.589
1940 -0.9129847806 0.0000115294 9.635
1950 -0.9129733593 0.0000114213 9.691
1960 -0.9129620445 0.0000113148 9.611
1970 -0.9129508348 0.0000112097 9.634
1980 -0.9129397286 0.0000111062 9.660
1990 -0.9129287245 0.0000110041 9.594
2000 -0.9129178209 0.0000109035 9.615
2010 -0.9129070166 0.0000108043 9.632
2020 -0.9128963101 0.0000107065 9.654
2030 -0.9128857000 0.0000106101 9.611
2040 -0.9128751851 0.0000105150 9.699
2050 -0.9128647639 0.0000104212 9.601
2060 -0.9128544352 0.0000103287 9.620
2070 -0.9128441977 0.0000102375 9.685
2080 -0.9128340501 0.0000101476 9.632
2090 -0.9128239912 0.0000100589 9.642
2100 -0.9128140197 0.0000099715 9.620
2110 -0.9128041343 0.0000098854 9.635
2120 -0.9127943338 0.0000098005 9.656
2130 -0.9127846167 0.0000097170 9.631
2140 -0.9127749816 0.0000096351 9.645
2150 -0.9127654262 0.0000095553 9.622
2160 -0.9127559461 0.0000094801 9.647
2170 -0.9127465000 0.0000094461 9.655
2180 -0.9127371924 0.0000093075 9.638
2190 -0.9127279624 0.0000092300 9.609
2200 -0.9127188090 0.0000091534 9.645
2210 -0.9127097312 0.0000090779 9.614
2220 -0.9127007276 0.0000090036 9.640
2230 -0.9126917967 0.0000089309 9.678
2240 -0.9126829475 0.0000088492 9.685
2250 -0.9126740366 0.0000089109 9.615
2260 -0.9126652808 0.0000087559 9.668
2270 -0.9126566436 0.0000086371 9.657
2280 -0.9126480765 0.0000085672 9.654
2290 -0.9126395675 0.0000085090 9.693
2300 -0.9126311375 0.0000084300 9.631
2310 -0.9126227830 0.0000083545 9.640
2320 -0.9126144672 0.0000083158 9.683
2330 -0.9126062333 0.0000082339 9.621
2340 -0.9125980635 0.0000081698 9.641
2350 -0.9125899576 0.0000081059 9.628
2360 -0.9125819096 0.0000080480 9.655
2370 -0.9125739278 0.0000079818 9.669
2380 -0.9125660083 0.0000079195 9.680
2390 -0.9125581361 0.0000078722 9.642
2400 -0.9125503236 0.0000078126 9.701
2410 -0.9125425346 0.0000077890 9.642
2420 -0.9125348555 0.0000076791 9.685
2430 -0.9125272391 0.0000076164 9.609
2440 -0.9125196654 0.0000075737 9.656
2450 -0.9125121582 0.0000075072 9.701
2460 -0.9125047065 0.0000074517 9.661
2470 -0.9124973102 0.0000073964 9.703
2480 -0.9124899685 0.0000073417 9.649
2490 -0.9124826809 0.0000072876 9.654
2500 -0.9124754396 0.0000072413 9.692
2510 -0.9124681806 0.0000072590 9.639
2520 -0.9124610426 0.0000071380 9.657
2530 -0.9124539663 0.0000070763 9.608
2540 -0.9124469403 0.0000070260 9.656
2550 -0.9124399648 0.0000069755 9.639
2560 -0.9124330394 0.0000069254 9.636
2570 -0.9124261636 0.0000068758 9.663
2580 -0.9124193368 0.0000068268 9.658
2590 -0.9124125584 0.0000067784 9.666
2600 -0.9124058279 0.0000067305 9.690
2610 -0.9123991448 0.0000066831 9.649
2620 -0.9123925086 0.0000066362 9.631
2630 -0.9123859187 0.0000065899 9.617
2640 -0.9123793747 0.0000065440 9.654
2650 -0.9123728761 0.0000064986 9.667
2660 -0.9123664224 0.0000064537 9.770
2670 -0.9123600131 0.0000064093 9.657
2680 -0.9123536477 0.0000063654 9.649
2690 -0.9123473259 0.0000063219 9.691
2700 -0.9123410470 0.0000062789 9.682
2710 -0.9123348107 0.0000062363 9.649
2720 -0.9123286165 0.0000061942 9.639
2730 -0.9123224640 0.0000061525 9.627
2740 -0.9123163528 0.0000061112 9.649
2750 -0.9123102824 0.0000060704 9.669
2760 -0.9123042524 0.0000060300 9.631
2770 -0.9122982624 0.0000059900 9.658
2780 -0.9122923120 0.0000059504 9.605
2790 -0.9122864181 0.0000058939 9.678
2800 -0.9122805341 0.0000058840 9.622
2810 -0.9122747093 0.0000058248 9.664
2820 -0.9122689106 0.0000057986 9.678
2830 -0.9122631519 0.0000057588 9.672
2840 -0.9122574305 0.0000057214 9.656
2850 -0.9122517459 0.0000056845 9.658
2860 -0.9122460979 0.0000056480 9.664
2870 -0.9122404861 0.0000056119 9.628
2880 -0.9122349100 0.0000055761 9.670
2890 -0.9122293694 0.0000055406 9.653
2900 -0.9122238639 0.0000055055 9.664
2910 -0.9122183931 0.0000054708 9.683
2920 -0.9122129567 0.0000054364 9.674
2930 -0.9122075544 0.0000054023 9.649
2940 -0.9122021859 0.0000053686 9.672
2950 -0.9121968507 0.0000053351 9.692
2960 -0.9121915487 0.0000053020 9.625
2970 -0.9121862795 0.0000052692 9.725
2980 -0.9121810519 0.0000052276 9.629
2990 -0.9121758305 0.0000052214 9.688
3000 -0.9121706697 0.0000051609 9.677
3010 -0.9121655516 0.0000051181 9.663
3020 -0.9121604148 0.0000051368 9.659
3030 -0.9121553436 0.0000050712 9.660
3040 -0.9121502960 0.0000050476 9.638
3050 -0.9121452749 0.0000050211 9.638
3060 -0.9121402867 0.0000049882 9.643
3070 -0.9121353284 0.0000049584 9.645
3080 -0.9121304000 0.0000049284 9.707
3090 -0.9121255011 0.0000048989 9.669
3100 -0.9121206314 0.0000048697 9.635
3110 -0.9121157904 0.0000048410 9.643
3120 -0.9121109777 0.0000048126 9.666
3130 -0.9121061932 0.0000047845 9.678
3140 -0.9121014365 0.0000047567 9.622
3150 -0.9120967075 0.0000047290 9.654
3160 -0.9120920059 0.0000047016 9.699
3170 -0.9120873315 0.0000046744 9.625
3180 -0.9120826840 0.0000046475 9.663
3190 -0.9120780633 0.0000046207 9.695
3200 -0.9120734690 0.0000045943 9.644
3210 -0.9120689010 0.0000045680 9.656
3220 -0.9120643590 0.0000045420 9.679
3230 -0.9120598427 0.0000045163 9.663
3240 -0.9120553520 0.0000044907 9.651
3250 -0.9120508866 0.0000044654 9.676
3260 -0.9120464462 0.0000044403 9.661
3270 -0.9120420308 0.0000044155 9.687
3280 -0.9120376399 0.0000043909 9.664
3290 -0.9120332734 0.0000043665 9.680
3300 -0.9120289311 0.0000043423 9.670
3310 -0.9120246126 0.0000043185 9.668
3320 -0.9120203178 0.0000042948 9.639
3330 -0.9120160463 0.0000042715 9.649
3340 -0.9120117977 0.0000042486 9.650
3350 -0.9120075716 0.0000042261 9.671
3360 -0.9120033670 0.0000042045 9.630
3370 -0.9119991821 0.0000041850 9.659
3380 -0.9119950062 0.0000041759 9.655
3390 -0.9119908230 0.0000041832 9.694
3400 -0.9119867172 0.0000041058 9.645
3410 -0.9119826308 0.0000040864 9.629
3420 -0.9119785649 0.0000040659 9.629
3430 -0.9119745205 0.0000040444 9.663
3440 -0.9119704976 0.0000040229 9.631
3450 -0.9119664961 0.0000040015 9.658
3460 -0.9119625157 0.0000039803 9.661
3470 -0.9119585498 0.0000039659 9.634
3480 -0.9119546159 0.0000039339 9.671
3490 -0.9119507000 0.0000039159 9.674
3500 -0.9119467965 0.0000039035 9.685
3510 -0.9119429240 0.0000038725 9.633
3520 -0.9119390691 0.0000038549 9.675
3530 -0.9119352262 0.0000038429 9.672
3540 -0.9119314138 0.0000038124 9.647
3550 -0.9119276184 0.0000037954 9.646
3560 -0.9119238347 0.0000037837 9.658
3570 -0.9119200808 0.0000037538 9.643
3580 -0.9119163371 0.0000037437 9.627
3590 -0.9119126215 0.0000037156 9.679
3600 -0.9119089161 0.0000037054 9.688
3610 -0.9119052382 0.0000036779 9.664
3620 -0.9119015703 0.0000036679 9.650
3630 -0.9118979294 0.0000036408 9.624
3640 -0.9118942983 0.0000036311 9.705
3650 -0.9118906940 0.0000036043 9.705
3660 -0.9118870991 0.0000035949 9.679
3670 -0.9118835308 0.0000035684 9.717
3680 -0.9118799715 0.0000035592 9.613
3690 -0.9118764386 0.0000035330 9.655
3700 -0.9118729145 0.0000035241 9.663
3710 -0.9118694164 0.0000034981 9.624
3720 -0.9118659268 0.0000034895 9.644
3730 -0.9118624630 0.0000034638 9.623
3740 -0.9118590076 0.0000034555 9.741
3750 -0.9118555776 0.0000034300 9.678
3760 -0.9118521556 0.0000034219 9.668
3770 -0.9118487589 0.0000033967 9.646
3780 -0.9118453700 0.0000033889 9.693
3790 -0.9118420061 0.0000033639 9.703
3800 -0.9118386497 0.0000033564 9.679
3810 -0.9118353181 0.0000033316 9.679
3820 -0.9118319937 0.0000033244 9.680
3830 -0.9118286881 0.0000033056 9.671
3840 -0.9118254039 0.0000032842 9.717
3850 -0.9118221280 0.0000032759 9.620
3860 -0.9118188750 0.0000032530 9.686
3870 -0.9118156289 0.0000032461 9.668
3880 -0.9118124008 0.0000032281 9.657
3890 -0.9118091936 0.0000032073 9.680
3900 -0.9118059939 0.0000031997 9.667
3910 -0.9118028109 0.0000031830 9.669
3920 -0.9117996483 0.0000031626 9.632
3930 -0.9117964933 0.0000031550 9.615
3940 -0.9117933544 0.0000031389 9.676
3950 -0.9117902354 0.0000031190 9.663
3960 -0.9117871238 0.0000031116 9.665
3970 -0.9117840278 0.0000030960 9.700
3980 -0.9117809510 0.0000030768 9.667
3990 -0.9117778809 0.0000030701 9.644
4000 -0.9117748240 0.0000030569 9.657
4010 -0.9117717761 0.0000030479 9.642
4020 -0.9117687043 0.0000030718 9.647
4030 -0.9117656977 0.0000030066 9.652
4040 -0.9117626981 0.0000029996 9.671
4050 -0.9117597133 0.0000029848 9.628
4060 -0.9117567474 0.0000029659 9.699
4070 -0.9117537876 0.0000029598 9.624
4080 -0.9117508428 0.0000029449 9.649
4090 -0.9117479109 0.0000029318 9.733
4100 -0.9117449963 0.0000029147 9.684
4110 -0.9117420901 0.0000029062 9.651
4120 -0.9117391969 0.0000028932 9.719
4130 -0.9117363206 0.0000028762 9.661
4140 -0.9117334525 0.0000028681 9.676
4150 -0.9117305972 0.0000028554 9.671
4160 -0.9117277585 0.0000028387 9.701
4170 -0.9117249276 0.0000028309 9.656
4180 -0.9117221091 0.0000028185 9.682
4190 -0.9117193067 0.0000028024 9.703
4200 -0.9117165121 0.0000027946 9.674
4210 -0.9117137292 0.0000027829 9.669
4220 -0.9117109604 0.0000027688 9.712
4230 -0.9117082049 0.0000027555 9.665
4240 -0.9117054556 0.0000027493 9.683
4250 -0.9117027165 0.0000027391 9.664
4260 -0.9116999879 0.0000027286 9.683
4270 -0.9116972567 0.0000027312 9.681
4280 -0.9116945140 0.0000027426 9.692
4290 -0.9116918274 0.0000026866 9.668
4300 -0.9116891538 0.0000026737 9.684
4310 -0.9116864937 0.0000026600 9.674
4320 -0.9116838417 0.0000026521 9.741
4330 -0.9116812011 0.0000026405 9.686
4340 -0.9116785718 0.0000026294 9.677
4350 -0.9116759535 0.0000026183 9.669
4360 -0.9116733462 0.0000026073 9.671
4370 -0.9116707499 0.0000025963 9.732
4380 -0.9116681645 0.0000025855 9.679
4390 -0.9116655843 0.0000025802 9.687
4400 -0.9116630201 0.0000025643 9.690
4410 -0.9116604665 0.0000025536 9.671
4420 -0.9116579244 0.0000025421 9.740
4430 -0.9116553909 0.0000025335 9.647
4440 -0.9116528673 0.0000025235 9.634
4450 -0.9116503558 0.0000025116 9.672
4460 -0.9116478526 0.0000025031 9.679
4470 -0.9116453636 0.0000024891 9.712
4480 -0.9116428820 0.0000024816 9.668
4490 -0.9116404107 0.0000024713 9.736
4500 -0.9116379444 0.0000024663 9.680
4510 -0.9116354916 0.0000024528 9.656
4520 -0.9116330494 0.0000024422 9.677
4530 -0.9116306294 0.0000024200 9.655
4540 -0.9116281923 0.0000024371 9.761
4550 -0.9116257917 0.0000024006 9.723
4560 -0.9116233734 0.0000024183 9.681
4570 -0.9116209658 0.0000024076 9.677
4580 -0.9116185314 0.0000024344 9.671
4590 -0.9116161501 0.0000023813 9.684
4600 -0.9116137884 0.0000023617 9.668
4610 -0.9116114057 0.0000023827 9.715
4620 -0.9116090344 0.0000023713 9.663
4630 -0.9116066805 0.0000023539 9.690
4640 -0.9116043523 0.0000023282 9.661
4650 -0.9116020323 0.0000023200 9.696
4660 -0.9115997225 0.0000023098 9.669
4670 -0.9115974201 0.0000023024 9.684
4680 -0.9115951282 0.0000022919 9.685
4690 -0.9115928451 0.0000022831 9.666
4700 -0.9115905742 0.0000022710 9.713
4710 -0.9115883049 0.0000022693 9.732
4720 -0.9115860475 0.0000022574 9.726
4730 -0.9115837993 0.0000022482 9.673
4740 -0.9115815747 0.0000022246 9.699
4750 -0.9115793284 0.0000022463 9.652
4760 -0.9115771174 0.0000022110 9.672
4770 -0.9115748910 0.0000022265 9.636
4780 -0.9115726974 0.0000021936 9.698
4790 -0.9115704899 0.0000022075 9.649
4800 -0.9115682962 0.0000021936 9.707
4810 -0.9115661244 0.0000021718 9.694
4820 -0.9115639320 0.0000021924 9.723
4830 -0.9115617233 0.0000022087 9.720
4840 -0.9115595569 0.0000021665 9.678
4850 -0.9115574093 0.0000021476 9.724
4860 -0.9115552820 0.0000021273 9.709
4870 -0.9115531378 0.0000021442 9.665
4880 -0.9115510137 0.0000021241 9.661
4890 -0.9115489111 0.0000021026 9.708
4900 -0.9115467892 0.0000021219 9.740
4910 -0.9115447014 0.0000020878 9.692
4920 -0.9115425965 0.0000021049 9.669
4930 -0.9115405264 0.0000020701 9.669
4940 -0.9115384466 0.0000020798 9.695
4950 -0.9115363653 0.0000020813 9.675
4960 -0.9115343130 0.0000020523 9.698
4970 -0.9115322487 0.0000020643 9.698
4980 -0.9115302026 0.0000020461 9.724
4990 -0.9115281640 0.0000020386 9.759
5000 -0.9115261309 0.0000020332 9.673
5010 -0.9115241071 0.0000020238 9.696
5020 -0.9115220901 0.0000020170 9.683
5030 -0.9115200819 0.0000020082 9.636
5040 -0.9115180767 0.0000020052 9.727
5050 -0.9115160821 0.0000019945 9.720
5060 -0.9115140948 0.0000019873 9.680
5070 -0.9115121132 0.0000019817 9.680
5080 -0.9115101390 0.0000019742 9.684
5090 -0.9115081711 0.0000019679 9.694
5100 -0.9115062122 0.0000019589 9.688
5110 -0.9115042587 0.0000019535 9.679
5120 -0.9115023132 0.0000019455 9.694
5130 -0.9115003883 0.0000019249 9.630
5140 -0.9114984490 0.0000019393 9.668
5150 -0.9114965159 0.0000019332 9.768
5160 -0.9114945980 0.0000019179 9.713
5170 -0.9114926981 0.0000018999 9.709
5180 -0.9114907802 0.0000019179 9.736
5190 -0.9114888826 0.0000018977 9.725
5200 -0.9114869913 0.0000018913 9.694
5210 -0.9114851048 0.0000018865 9.679
5220 -0.9114832269 0.0000018780 9.704
5230 -0.9114813640 0.0000018628 9.689
5240 -0.9114794881 0.0000018760 9.733
5250 -0.9114776298 0.0000018583 9.651
5260 -0.9114757776 0.0000018522 9.698
5270 -0.9114739300 0.0000018476 9.634
5280 -0.9114720906 0.0000018394 9.679
5290 -0.9114702712 0.0000018194 9.723
5300 -0.9114684402 0.0000018310 9.726
5310 -0.9114666165 0.0000018237 9.694
5320 -0.9114647930 0.0000018235 9.679
5330 -0.9114629830 0.0000018100 9.683
5340 -0.9114611813 0.0000018017 9.711
5350 -0.9114593944 0.0000017869 9.675
5360 -0.9114575930 0.0000018014 9.698
5370 -0.9114558096 0.0000017834 9.680
5380 -0.9114540305 0.0000017792 9.684
5390 -0.9114522698 0.0000017607 9.653
5400 -0.9114504914 0.0000017784 9.709
5410 -0.9114487389 0.0000017526 9.727
5420 -0.9114469749 0.0000017639 9.671
5430 -0.9114452365 0.0000017385 9.721
5440 -0.9114434815 0.0000017549 9.704
5450 -0.9114417454 0.0000017361 9.715
5460 -0.9114400107 0.0000017347 9.676
5470 -0.9114382857 0.0000017250 9.724
5480 -0.9114365623 0.0000017233 9.694
5490 -0.9114348565 0.0000017059 9.663
5500 -0.9114331330 0.0000017235 9.693
5510 -0.9114314201 0.0000017129 9.656
5520 -0.9114296983 0.0000017218 9.679
5530 -0.9114279692 0.0000017291 9.707
5540 -0.9114262808 0.0000016883 9.696
5550 -0.9114246011 0.0000016798 9.692
5560 -0.9114229235 0.0000016775 9.699
5570 -0.9114212533 0.0000016703 9.744
5580 -0.9114195897 0.0000016636 9.723
5590 -0.9114179295 0.0000016601 9.678
5600 -0.9114162744 0.0000016551 9.711
5610 -0.9114146247 0.0000016498 9.685
5620 -0.9114129816 0.0000016431 9.686
5630 -0.9114113541 0.0000016275 9.664
5640 -0.9114097050 0.0000016491 9.678
5650 -0.9114080731 0.0000016319 9.684
5660 -0.9114064489 0.0000016242 9.656
5670 -0.9114047645 0.0000016844 9.676
5680 -0.9114031529 0.0000016116 9.661
5690 -0.9114015468 0.0000016061 9.707
5700 -0.9113999457 0.0000016011 9.712
5710 -0.9113983497 0.0000015960 9.752
5720 -0.9113967613 0.0000015884 9.695
5730 -0.9113951718 0.0000015896 9.701
5740 -0.9113935906 0.0000015811 9.738
5750 -0.9113920148 0.0000015758 9.693
5760 -0.9113904438 0.0000015711 9.720
5770 -0.9113888777 0.0000015661 9.713
5780 -0.9113873191 0.0000015586 9.764
5790 -0.9113857591 0.0000015600 9.693
5800 -0.9113842076 0.0000015514 9.663
5810 -0.9113826605 0.0000015471 9.745
5820 -0.9113811186 0.0000015419 9.653
5830 -0.9113795812 0.0000015374 9.700
5840 -0.9113780488 0.0000015324 9.694
5850 -0.9113765207 0.0000015281 9.712
5860 -0.9113749976 0.0000015231 9.663
5870 -0.9113734789 0.0000015187 9.666
5880 -0.9113719651 0.0000015138 9.696
5890 -0.9113704553 0.0000015098 9.718
5900 -0.9113689503 0.0000015050 9.671
5910 -0.9113674489 0.0000015013 9.657
5920 -0.9113659512 0.0000014977 9.669
5930 -0.9113644550 0.0000014962 9.702
5940 -0.9113629451 0.0000015099 9.687
5950 -0.9113614314 0.0000015137 9.716
5960 -0.9113599534 0.0000014780 9.705
5970 -0.9113584808 0.0000014726 9.665
5980 -0.9113570124 0.0000014683 9.752
5990 -0.9113555485 0.0000014639 9.709
6000 -0.9113540890 0.0000014595 9.706
6010 -0.9113526339 0.0000014551 9.688
6020 -0.9113511832 0.0000014507 9.693
6030 -0.9113497368 0.0000014464 9.690
6040 -0.9113482947 0.0000014421 9.685
6050 -0.9113468569 0.0000014378 9.700
6060 -0.9113454225 0.0000014344 9.685
6070 -0.9113439951 0.0000014274 9.673
6080 -0.9113425697 0.0000014254 9.694
6090 -0.9113411480 0.0000014217 9.708
6100 -0.9113397331 0.0000014149 9.728
6110 -0.9113383203 0.0000014128 9.686
6120 -0.9113369113 0.0000014090 9.693
6130 -0.9113355074 0.0000014039 9.730
6140 -0.9113341077 0.0000013997 9.709
6150 -0.9113327146 0.0000013931 9.687
6160 -0.9113313218 0.0000013928 9.641
6170 -0.9113299337 0.0000013881 9.676
6180 -0.9113285527 0.0000013810 9.676
6190 -0.9113271711 0.0000013815 9.685
6200 -0.9113257965 0.0000013747 9.676
6210 -0.9113244244 0.0000013721 9.668
6220 -0.9113230564 0.0000013680 9.675
6230 -0.9113216930 0.0000013634 9.682
6240 -0.9113203352 0.0000013578 9.721
6250 -0.9113189791 0.0000013562 9.638
6260 -0.9113176265 0.0000013525 9.652
6270 -0.9113162812 0.0000013454 9.646
6280 -0.9113149361 0.0000013451 9.644
6290 -0.9113135952 0.0000013409 9.676
6300 -0.9113122596 0.0000013355 9.689
6310 -0.9113109272 0.0000013324 9.674
6320 -0.9113096026 0.0000013246 9.648
6330 -0.9113082762 0.0000013264 9.695
6340 -0.9113069527 0.0000013234 9.648
6350 -0.9113056401 0.0000013127 9.648
6360 -0.9113043267 0.0000013134 9.679
6370 -0.9113030202 0.0000013065 9.655
6380 -0.9113017076 0.0000013126 9.672
6390 -0.9113004040 0.0000013036 9.688
6400 -0.9112991053 0.0000012986 9.657
6410 -0.9112978120 0.0000012933 9.709
6420 -0.9112965204 0.0000012916 9.650
6430 -0.9112952325 0.0000012879 9.708
6440 -0.9112939481 0.0000012844 9.713
6450 -0.9112926667 0.0000012814 9.672
6460 -0.9112913914 0.0000012753 9.689
6470 -0.9112901175 0.0000012739 9.695
6480 -0.9112888473 0.0000012702 9.675
6490 -0.9112875830 0.0000012643 9.653
6500 -0.9112863183 0.0000012647 9.658
6510 -0.9112850582 0.0000012602 9.730
6520 -0.9112838035 0.0000012546 9.690
6530 -0.9112825507 0.0000012528 9.773
6540 -0.9112813034 0.0000012474 9.701
6550 -0.9112800566 0.0000012468 9.655
6560 -0.9112788141 0.0000012425 9.687
6570 -0.9112775750 0.0000012391 9.633
6580 -0.9112763414 0.0000012335 9.652
6590 -0.9112751096 0.0000012318 9.702
6600 -0.9112738802 0.0000012294 9.695
6610 -0.9112726543 0.0000012260 9.638
6620 -0.9112714324 0.0000012218 9.670
6630 -0.9112702151 0.0000012173 9.676
6640 -0.9112689997 0.0000012155 9.657
6650 -0.9112677872 0.0000012125 9.742
6660 -0.9112665794 0.0000012078 9.665
6670 -0.9112653733 0.0000012062 9.728
6680 -0.9112641722 0.0000012011 9.696
6690 -0.9112629724 0.0000011998 9.649
6700 -0.9112617796 0.0000011928 9.720
6710 -0.9112605849 0.0000011947 9.713
6720 -0.9112593951 0.0000011897 9.659
6730 -0.9112582091 0.0000011861 9.678
6740 -0.9112570261 0.0000011829 9.633
6750 -0.9112558462 0.0000011799 9.627
6760 -0.9112546708 0.0000011754 9.698
6770 -0.9112534962 0.0000011746 9.668
6780 -0.9112523277 0.0000011685 9.709
6790 -0.9112511584 0.0000011693 9.663
6800 -0.9112499949 0.0000011635 9.693
6810 -0.9112488331 0.0000011618 9.705
6820 -0.9112476788 0.0000011543 9.649
6830 -0.9112465243 0.0000011545 9.694
6840 -0.9112453696 0.0000011547 9.665
6850 -0.9112442193 0.0000011504 9.709
6860 -0.9112430732 0.0000011460 9.643
6870 -0.9112419317 0.0000011415 9.712
6880 -0.9112407904 0.0000011413 9.694
6890 -0.9112396563 0.0000011342 9.651
6900 -0.9112385193 0.0000011370 9.629
6910 -0.9112373900 0.0000011293 9.671
6920 -0.9112362600 0.0000011300 9.670
6930 -0.9112351354 0.0000011246 9.694
6940 -0.9112340124 0.0000011230 9.686
6950 -0.9112328936 0.0000011188 9.677
6960 -0.9112317764 0.0000011173 9.699
6970 -0.9112306633 0.0000011131 9.669
6980 -0.9112295516 0.0000011116 9.702
6990 -0.9112284440 0.0000011076 9.658
7000 -0.9112273380 0.0000011060 9.695
7010 -0.9112262379 0.0000011001 9.677
7020 -0.9112251355 0.0000011025 9.653
7030 -0.9112240367 0.0000010988 9.658
7040 -0.9112229435 0.0000010932 9.662
7050 -0.9112218508 0.0000010926 9.711
7060 -0.9112207349 0.0000011160 9.651
7070 -0.9112196126 0.0000011223 9.693
7080 -0.9112185310 0.0000010816 9.680
7090 -0.9112174496 0.0000010814 9.644
7100 -0.9112163751 0.0000010744 9.661
7110 -0.9112153000 0.0000010752 9.657
7120 -0.9112142253 0.0000010746 9.649
7130 -0.9112131581 0.0000010673 9.690
7140 -0.9112120930 0.0000010650 9.710
7150 -0.9112110295 0.0000010636 9.708
7160 -0.9112099678 0.0000010616 9.696
7170 -0.9112089079 0.0000010599 9.665
7180 -0.9112078527 0.0000010552 9.634
7190 -0.9112068000 0.0000010527 9.692
7200 -0.9112057524 0.0000010476 9.682
7210 -0.9112046983 0.0000010541 9.677
7220 -0.9112036555 0.0000010428 9.684
7230 -0.9112026116 0.0000010439 9.696
7240 -0.9112015701 0.0000010416 9.653
7250 -0.9112005334 0.0000010367 9.713
7260 -0.9111994978 0.0000010356 9.707
7270 -0.9111984651 0.0000010327 9.685
7280 -0.9111974353 0.0000010298 9.667
7290 -0.9111964077 0.0000010276 9.682
7300 -0.9111953851 0.0000010226 9.691
7310 -0.9111943608 0.0000010243 9.665
7320 -0.9111933410 0.0000010198 9.708
7330 -0.9111923234 0.0000010176 9.710
7340 -0.9111913083 0.0000010151 9.649
7350 -0.9111902980 0.0000010103 9.631
7360 -0.9111892859 0.0000010120 9.671
7370 -0.9111882785 0.0000010075 9.707
7380 -0.9111872735 0.0000010050 9.672
7390 -0.9111862709 0.0000010026 9.651
7400 -0.9111852708 0.0000010001 9.658
7410 -0.9111842733 0.0000009975 9.690
Marginal Likelihood = -0.9111842733
Total time = 7330.6988 seconds
Total iterations = 7410 
