Marginal likelihood with initialization (1) = -1.0270907313
Marginal likelihood with initialization (2) = -1.0095350559
Marginal likelihood with initialization (3) = -1.0122791023
Marginal likelihood with initialization (4) = -1.0031350918
Marginal likelihood with initialization (5) = -1.0192121210
Iteration Marginal_Likelihood delta_Marginal_Likelihood Iteration_Time (secs)
0 -1.0031350918 -- 257.886
10 -0.9682941263 0.0348409654 15.459
20 -0.9534907897 0.0148033367 13.739
30 -0.9511299277 0.0023608620 12.692
40 -0.9492447457 0.0018851820 12.727
50 -0.9475232710 0.0017214747 12.546
60 -0.9459395533 0.0015837177 12.351
70 -0.9444754544 0.0014640989 12.135
80 -0.9431165343 0.0013589201 12.137
90 -0.9418510112 0.0012655231 12.334
100 -0.9406690503 0.0011819609 12.150
110 -0.9395629975 0.0011060528 12.099
120 -0.9385256465 0.0010373510 12.120
130 -0.9375503860 0.0009752605 12.131
140 -0.9366318404 0.0009185456 12.166
150 -0.9357647924 0.0008670480 12.128
160 -0.9349457718 0.0008190206 12.113
170 -0.9341705625 0.0007752094 12.112
180 -0.9334347566 0.0007358059 12.123
190 -0.9327365659 0.0006981907 12.188
200 -0.9320727168 0.0006638490 12.140
210 -0.9314407582 0.0006319587 12.199
220 -0.9308383533 0.0006024049 12.131
230 -0.9302632322 0.0005751212 12.198
240 -0.9297149113 0.0005483209 12.196
250 -0.9291912028 0.0005237085 12.183
260 -0.9286897035 0.0005014993 12.199
270 -0.9282095294 0.0004801741 12.203
280 -0.9277488600 0.0004606694 12.206
290 -0.9273076956 0.0004411644 12.186
300 -0.9268843235 0.0004233721 12.234
310 -0.9264779876 0.0004063359 12.202
320 -0.9260875361 0.0003904515 12.233
330 -0.9257118876 0.0003756484 12.262
340 -0.9253509421 0.0003609456 12.234
350 -0.9250029547 0.0003479874 12.199
360 -0.9246677679 0.0003351868 12.232
370 -0.9243445721 0.0003231958 12.286
380 -0.9240327688 0.0003118033 12.234
390 -0.9237317236 0.0003010452 12.200
400 -0.9234409946 0.0002907290 12.199
410 -0.9231599600 0.0002810346 12.204
420 -0.9228880710 0.0002718890 12.260
430 -0.9226251260 0.0002629450 12.253
440 -0.9223705390 0.0002545870 12.251
450 -0.9221239176 0.0002466215 12.242
460 -0.9218847859 0.0002391317 12.285
470 -0.9216531220 0.0002316639 12.257
480 -0.9214283932 0.0002247288 12.272
490 -0.9212102801 0.0002181131 12.274
500 -0.9209983625 0.0002119177 12.245
510 -0.9207924629 0.0002058995 12.228
520 -0.9205924418 0.0002000211 12.249
530 -0.9203978873 0.0001945545 12.277
540 -0.9202088014 0.0001890860 12.269
550 -0.9200246841 0.0001841173 12.275
560 -0.9198455558 0.0001791282 12.285
570 -0.9196712872 0.0001742686 12.247
580 -0.9195015528 0.0001697345 12.255
590 -0.9193361752 0.0001653776 12.309
600 -0.9191749148 0.0001612603 12.261
610 -0.9190176906 0.0001572242 12.279
620 -0.9188643451 0.0001533455 12.263
630 -0.9187148103 0.0001495349 12.260
640 -0.9185688797 0.0001459306 12.316
650 -0.9184264235 0.0001424562 12.278
660 -0.9182873180 0.0001391054 12.283
670 -0.9181514456 0.0001358725 12.296
680 -0.9180186936 0.0001327519 12.258
690 -0.9178889548 0.0001297388 12.249
700 -0.9177621243 0.0001268305 12.319
710 -0.9176380253 0.0001240990 12.263
720 -0.9175167296 0.0001212957 12.251
730 -0.9173980645 0.0001186651 12.323
740 -0.9172819446 0.0001161200 12.289
750 -0.9171682879 0.0001136567 12.276
760 -0.9170570161 0.0001112717 12.273
770 -0.9169480543 0.0001089618 12.272
780 -0.9168413304 0.0001067239 12.325
790 -0.9167367754 0.0001045550 12.301
800 -0.9166343232 0.0001024522 12.282
810 -0.9165339100 0.0001004132 12.257
820 -0.9164354746 0.0000984354 12.272
830 -0.9163389575 0.0000965172 12.305
840 -0.9162442983 0.0000946592 12.284
850 -0.9161512012 0.0000930971 12.277
860 -0.9160602584 0.0000909427 12.292
870 -0.9159708942 0.0000893642 12.321
880 -0.9158831787 0.0000877155 12.302
890 -0.9157970764 0.0000861023 12.299
900 -0.9157125425 0.0000845338 12.335
910 -0.9156295328 0.0000830097 12.294
920 -0.9155479412 0.0000815917 12.301
930 -0.9154678071 0.0000801340 12.297
940 -0.9153891318 0.0000786753 12.342
950 -0.9153118256 0.0000773063 12.342
960 -0.9152358525 0.0000759731 12.283
970 -0.9151611780 0.0000746745 12.317
980 -0.9150877440 0.0000734340 12.293
990 -0.9150155656 0.0000721785 12.370
1000 -0.9149445896 0.0000709760 12.304
1010 -0.9148747854 0.0000698041 12.297
1020 -0.9148061239 0.0000686615 12.335
1030 -0.9147385769 0.0000675470 12.321
1040 -0.9146721171 0.0000664598 12.321
1050 -0.9146067181 0.0000653989 12.330
1060 -0.9145423546 0.0000643636 12.316
1070 -0.9144790017 0.0000633528 12.352
1080 -0.9144166357 0.0000623660 12.325
1090 -0.9143552333 0.0000614024 12.312
1100 -0.9142947722 0.0000604611 12.319
1110 -0.9142352306 0.0000595416 12.329
1120 -0.9141765875 0.0000586431 12.351
1130 -0.9141188224 0.0000577651 12.282
1140 -0.9140619155 0.0000569068 12.343
1150 -0.9140058477 0.0000560678 12.288
1160 -0.9139506004 0.0000552474 12.313
1170 -0.9138961553 0.0000544450 12.314
1180 -0.9138424951 0.0000536602 12.335
1190 -0.9137896026 0.0000528925 12.344
1200 -0.9137374613 0.0000521413 12.323
1210 -0.9136860551 0.0000514061 12.315
1220 -0.9136353685 0.0000506866 12.347
1230 -0.9135853863 0.0000499823 12.320
1240 -0.9135360936 0.0000492926 12.352
1250 -0.9134874824 0.0000486113 12.307
1260 -0.9134395258 0.0000479566 12.368
1270 -0.9133922176 0.0000473082 12.331
1280 -0.9133455443 0.0000466733 12.342
1290 -0.9132994929 0.0000460514 12.328
1300 -0.9132540508 0.0000454420 12.370
1310 -0.9132092060 0.0000448448 12.337
1320 -0.9131649466 0.0000442594 12.301
1330 -0.9131212611 0.0000436855 12.331
1340 -0.9130781383 0.0000431228 12.343
1350 -0.9130355673 0.0000425710 12.389
1360 -0.9129935374 0.0000420299 12.300
1370 -0.9129520382 0.0000414991 12.343
1380 -0.9129110598 0.0000409785 12.313
1390 -0.9128705922 0.0000404676 12.315
1400 -0.9128306258 0.0000399664 12.327
1410 -0.9127911513 0.0000394745 12.343
1420 -0.9127521597 0.0000389917 12.356
1430 -0.9127136419 0.0000385178 12.341
1440 -0.9126755893 0.0000380526 12.319
1450 -0.9126379935 0.0000375958 12.335
1460 -0.9126008462 0.0000371473 12.340
1470 -0.9125641394 0.0000367069 12.362
1480 -0.9125278651 0.0000362743 12.384
1490 -0.9124920157 0.0000358494 12.390
1500 -0.9124565714 0.0000354443 12.354
1510 -0.9124215473 0.0000350241 12.311
1520 -0.9123869268 0.0000346204 12.329
1530 -0.9123527026 0.0000342242 12.337
1540 -0.9123188677 0.0000338349 12.336
1550 -0.9122854153 0.0000334524 12.345
1560 -0.9122523389 0.0000330764 12.369
1570 -0.9122196320 0.0000327068 12.371
1580 -0.9121872886 0.0000323434 12.343
1590 -0.9121553033 0.0000319853 12.311
1600 -0.9121236679 0.0000316354 12.345
1610 -0.9120923786 0.0000312893 12.320
1620 -0.9120614294 0.0000309493 12.342
1630 -0.9120308145 0.0000306149 12.382
1640 -0.9120005286 0.0000302859 12.319
1650 -0.9119705662 0.0000299623 12.345
1660 -0.9119409223 0.0000296440 12.377
1670 -0.9119115916 0.0000293307 12.313
1680 -0.9118825692 0.0000290224 12.321
1690 -0.9118538503 0.0000287190 12.329
1700 -0.9118254300 0.0000284203 12.359
1710 -0.9117973036 0.0000281263 12.359
1720 -0.9117694667 0.0000278369 12.363
1730 -0.9117419147 0.0000275520 12.317
1740 -0.9117146432 0.0000272715 12.340
1750 -0.9116876479 0.0000269953 12.373
1760 -0.9116609247 0.0000267233 12.316
1770 -0.9116344693 0.0000264554 12.373
1780 -0.9116082778 0.0000261915 12.347
1790 -0.9115823461 0.0000259316 12.335
1800 -0.9115566636 0.0000256826 12.409
1810 -0.9115312385 0.0000254250 12.362
1820 -0.9115060625 0.0000251760 12.372
1830 -0.9114811316 0.0000249310 12.387
1840 -0.9114564419 0.0000246897 12.315
1850 -0.9114319900 0.0000244519 12.342
1860 -0.9114077723 0.0000242176 12.328
1870 -0.9113837856 0.0000239868 12.367
1880 -0.9113600264 0.0000237592 12.355
1890 -0.9113364914 0.0000235349 12.357
1900 -0.9113131776 0.0000233138 12.354
1910 -0.9112900818 0.0000230958 12.334
1920 -0.9112672009 0.0000228809 12.356
1930 -0.9112445318 0.0000226691 12.402
1940 -0.9112220716 0.0000224602 12.356
1950 -0.9111998190 0.0000222526 12.348
1960 -0.9111777674 0.0000220516 12.378
1970 -0.9111559166 0.0000218508 12.370
1980 -0.9111342635 0.0000216531 12.373
1990 -0.9111128052 0.0000214583 12.401
2000 -0.9110915388 0.0000212665 12.346
2010 -0.9110704610 0.0000210778 12.344
2020 -0.9110495676 0.0000208934 12.371
2030 -0.9110288474 0.0000207202 12.341
2040 -0.9110082228 0.0000206246 12.360
2050 -0.9109878846 0.0000203382 12.359
2060 -0.9109677207 0.0000201639 12.415
2070 -0.9109477317 0.0000199890 12.365
2080 -0.9109279155 0.0000198162 12.374
2090 -0.9109082649 0.0000196506 12.358
2100 -0.9108887863 0.0000194786 12.354
2110 -0.9108694722 0.0000193141 12.393
2120 -0.9108503230 0.0000191492 12.344
2130 -0.9108313360 0.0000189870 12.388
2140 -0.9108125087 0.0000188273 12.358
2150 -0.9107938389 0.0000186699 12.369
2160 -0.9107753242 0.0000185147 12.355
2170 -0.9107569623 0.0000183619 12.385
2180 -0.9107387507 0.0000182116 12.369
2190 -0.9107206860 0.0000180647 12.379
2200 -0.9107027618 0.0000179242 12.333
2210 -0.9106848964 0.0000178654 12.343
2220 -0.9106672612 0.0000176351 12.377
2230 -0.9106499134 0.0000173479 12.373
2240 -0.9106325857 0.0000173276 12.365
2250 -0.9106153785 0.0000172072 12.330
2260 -0.9105980922 0.0000172863 12.334
2270 -0.9105812883 0.0000168039 12.359
2280 -0.9105645073 0.0000167810 12.356
2290 -0.9105478581 0.0000166492 12.366
2300 -0.9105313403 0.0000165179 12.341
2310 -0.9105149522 0.0000163881 12.381
2320 -0.9104986923 0.0000162598 12.363
2330 -0.9104825592 0.0000161331 12.361
2340 -0.9104665514 0.0000160078 12.390
2350 -0.9104506674 0.0000158841 12.383
2360 -0.9104349057 0.0000157617 12.365
2370 -0.9104192649 0.0000156408 12.383
2380 -0.9104037437 0.0000155212 12.380
2390 -0.9103883406 0.0000154031 12.355
2400 -0.9103730544 0.0000152862 12.364
2410 -0.9103578836 0.0000151708 12.393
2420 -0.9103428063 0.0000150773 12.370
2430 -0.9103278607 0.0000149456 12.354
2440 -0.9103130272 0.0000148335 12.342
2450 -0.9102983043 0.0000147230 12.398
2460 -0.9102836905 0.0000146138 12.385
2470 -0.9102691846 0.0000145058 12.385
2480 -0.9102547855 0.0000143991 12.358
2490 -0.9102404919 0.0000142936 12.387
2500 -0.9102263026 0.0000141893 12.364
2510 -0.9102122165 0.0000140861 12.335
2520 -0.9101982324 0.0000139841 12.397
2530 -0.9101843493 0.0000138831 12.340
2540 -0.9101705660 0.0000137833 12.386
2550 -0.9101568815 0.0000136846 12.375
2560 -0.9101432946 0.0000135869 12.336
2570 -0.9101298043 0.0000134903 12.366
2580 -0.9101164095 0.0000133948 12.371
2590 -0.9101031092 0.0000133003 12.387
2600 -0.9100899024 0.0000132068 12.318
2610 -0.9100767879 0.0000131145 12.377
2620 -0.9100637647 0.0000130232 12.396
2630 -0.9100508315 0.0000129332 12.350
2640 -0.9100379869 0.0000128446 12.378
2650 -0.9100252287 0.0000127582 12.342
2660 -0.9100125509 0.0000126778 12.345
2670 -0.9099996618 0.0000128891 12.351
2680 -0.9099873828 0.0000122790 12.371
2690 -0.9099749698 0.0000124129 12.345
2700 -0.9099626452 0.0000123246 12.371
2710 -0.9099504054 0.0000122398 12.360
2720 -0.9099382488 0.0000121566 12.365
2730 -0.9099261743 0.0000120745 12.368
2740 -0.9099141810 0.0000119933 12.395
2750 -0.9099022679 0.0000119131 12.412
2760 -0.9098904342 0.0000118337 12.386
2770 -0.9098786792 0.0000117551 12.410
2780 -0.9098670019 0.0000116772 12.383
2790 -0.9098554017 0.0000116002 12.388
2800 -0.9098438777 0.0000115240 12.365
2810 -0.9098324293 0.0000114485 12.396
2820 -0.9098210555 0.0000113737 12.382
2830 -0.9098097558 0.0000112997 12.361
2840 -0.9097985293 0.0000112265 12.391
2850 -0.9097873753 0.0000111540 12.376
2860 -0.9097762931 0.0000110822 12.388
2870 -0.9097652818 0.0000110113 12.337
2880 -0.9097543381 0.0000109436 12.408
2890 -0.9097434642 0.0000108739 12.379
2900 -0.9097326590 0.0000108052 12.391
2910 -0.9097219185 0.0000107405 12.423
2920 -0.9097112166 0.0000107019 12.397
2930 -0.9097005387 0.0000106780 12.360
2940 -0.9096900111 0.0000105276 12.374
2950 -0.9096795455 0.0000104656 12.348
2960 -0.9096691456 0.0000103999 12.371
2970 -0.9096588105 0.0000103350 12.369
2980 -0.9096485397 0.0000102708 12.427
2990 -0.9096383324 0.0000102073 12.362
3000 -0.9096281881 0.0000101443 12.395
3010 -0.9096181061 0.0000100820 12.348
3020 -0.9096080860 0.0000100202 12.398
3030 -0.9095981270 0.0000099590 12.381
3040 -0.9095882286 0.0000098983 12.377
3050 -0.9095783904 0.0000098382 12.352
3060 -0.9095686117 0.0000097787 12.385
3070 -0.9095588920 0.0000097197 12.368
3080 -0.9095492307 0.0000096612 12.366
3090 -0.9095396274 0.0000096033 12.407
3100 -0.9095300815 0.0000095459 12.410
3110 -0.9095205925 0.0000094890 12.390
3120 -0.9095111599 0.0000094326 12.417
3130 -0.9095017831 0.0000093767 12.370
3140 -0.9094924618 0.0000093214 12.359
3150 -0.9094831953 0.0000092665 12.378
3160 -0.9094739832 0.0000092121 12.381
3170 -0.9094648218 0.0000091614 12.410
3180 -0.9094557153 0.0000091065 12.389
3190 -0.9094466629 0.0000090524 12.399
3200 -0.9094376634 0.0000089995 12.381
3210 -0.9094287162 0.0000089472 12.390
3220 -0.9094198207 0.0000088955 12.433
3230 -0.9094109764 0.0000088443 12.359
3240 -0.9094021828 0.0000087935 12.368
3250 -0.9093934396 0.0000087432 12.394
3260 -0.9093847462 0.0000086934 12.386
3270 -0.9093761023 0.0000086439 12.416
3280 -0.9093675073 0.0000085949 12.393
3290 -0.9093589610 0.0000085464 12.358
3300 -0.9093504628 0.0000084982 12.447
3310 -0.9093420124 0.0000084504 12.400
3320 -0.9093336093 0.0000084031 12.379
3330 -0.9093252532 0.0000083561 12.358
3340 -0.9093169437 0.0000083095 12.343
3350 -0.9093086803 0.0000082634 12.358
3360 -0.9093004627 0.0000082176 12.357
3370 -0.9092922905 0.0000081722 12.350
3380 -0.9092841633 0.0000081272 12.384
3390 -0.9092760808 0.0000080825 12.348
3400 -0.9092680426 0.0000080382 12.390
3410 -0.9092600482 0.0000079943 12.368
3420 -0.9092520974 0.0000079508 12.382
3430 -0.9092441898 0.0000079076 12.376
3440 -0.9092363251 0.0000078648 12.375
3450 -0.9092285028 0.0000078223 12.395
3460 -0.9092207226 0.0000077801 12.385
3470 -0.9092129843 0.0000077384 12.350
3480 -0.9092052874 0.0000076969 12.453
3490 -0.9091976316 0.0000076558 12.415
3500 -0.9091900166 0.0000076150 12.426
3510 -0.9091824420 0.0000075746 12.394
3520 -0.9091749076 0.0000075344 12.403
3530 -0.9091674129 0.0000074946 12.376
3540 -0.9091599578 0.0000074552 12.383
3550 -0.9091525418 0.0000074160 12.348
3560 -0.9091451646 0.0000073771 12.363
3570 -0.9091378260 0.0000073386 12.440
3580 -0.9091305256 0.0000073004 12.359
3590 -0.9091232632 0.0000072625 12.424
3600 -0.9091160383 0.0000072249 12.362
3610 -0.9091088507 0.0000071876 12.423
3620 -0.9091017002 0.0000071505 12.355
3630 -0.9090945863 0.0000071138 12.353
3640 -0.9090875089 0.0000070774 12.388
3650 -0.9090804676 0.0000070413 12.366
3660 -0.9090734620 0.0000070055 12.426
3670 -0.9090664920 0.0000069701 12.343
3680 -0.9090595571 0.0000069349 12.407
3690 -0.9090526570 0.0000069000 12.369
3700 -0.9090457915 0.0000068655 12.373
3710 -0.9090389600 0.0000068314 12.381
3720 -0.9090321623 0.0000067978 12.398
3730 -0.9090253976 0.0000067646 12.360
3740 -0.9090186653 0.0000067323 12.392
3750 -0.9090119638 0.0000067015 12.431
3760 -0.9090052893 0.0000066745 12.365
3770 -0.9089986100 0.0000066793 12.426
3780 -0.9089919837 0.0000066262 12.424
3790 -0.9089853728 0.0000066110 12.380
3800 -0.9089788725 0.0000065003 12.365
3810 -0.9089723527 0.0000065198 12.400
3820 -0.9089659149 0.0000064378 12.369
3830 -0.9089594577 0.0000064572 12.402
3840 -0.9089530840 0.0000063737 12.393
3850 -0.9089466872 0.0000063967 12.404
3860 -0.9089403779 0.0000063093 12.424
3870 -0.9089340404 0.0000063375 12.411
3880 -0.9089277949 0.0000062455 12.381
3890 -0.9089215157 0.0000062793 12.387
3900 -0.9089153333 0.0000061823 12.395
3910 -0.9089091113 0.0000062221 12.401
3920 -0.9089029913 0.0000061199 12.406
3930 -0.9088968255 0.0000061658 12.397
3940 -0.9088907672 0.0000060583 12.426
3950 -0.9088846567 0.0000061105 12.368
3960 -0.9088786593 0.0000059974 12.369
3970 -0.9088726033 0.0000060561 12.407
3980 -0.9088666660 0.0000059373 12.365
3990 -0.9088606635 0.0000060025 12.404
4000 -0.9088547856 0.0000058779 12.388
4010 -0.9088488358 0.0000059498 12.375
4020 -0.9088430165 0.0000058193 12.430
4030 -0.9088371186 0.0000058979 12.435
4040 -0.9088313571 0.0000057614 12.380
4050 -0.9088255103 0.0000058468 12.398
4060 -0.9088198061 0.0000057042 12.403
4070 -0.9088140095 0.0000057965 12.381
4080 -0.9088083618 0.0000056478 12.420
4090 -0.9088026148 0.0000057470 12.408
4100 -0.9087970227 0.0000055921 12.364
4110 -0.9087913245 0.0000056982 12.412
4120 -0.9087857875 0.0000055370 12.376
4130 -0.9087801373 0.0000056501 12.396
4140 -0.9087746546 0.0000054827 12.423
4150 -0.9087690519 0.0000056027 12.398
4160 -0.9087636227 0.0000054292 12.391
4170 -0.9087580668 0.0000055559 12.379
4180 -0.9087526904 0.0000053764 12.438
4190 -0.9087471807 0.0000055097 12.381
4200 -0.9087418564 0.0000053243 12.435
4210 -0.9087363924 0.0000054640 12.372
4220 -0.9087311193 0.0000052730 12.416
4230 -0.9087257005 0.0000054189 12.399
4240 -0.9087204781 0.0000052224 12.375
4250 -0.9087151038 0.0000053743 12.378
4260 -0.9087099314 0.0000051724 12.430
4270 -0.9087046012 0.0000053302 12.433
4280 -0.9086994784 0.0000051228 12.404
4290 -0.9086941919 0.0000052865 12.384
4300 -0.9086891183 0.0000050736 12.424
4310 -0.9086838750 0.0000052432 12.390
4320 -0.9086788505 0.0000050245 12.379
4330 -0.9086736509 0.0000051996 12.385
4340 -0.9086686750 0.0000049759 12.371
4350 -0.9086635213 0.0000051537 12.390
4360 -0.9086585918 0.0000049295 12.374
4370 -0.9086534918 0.0000051000 12.404
4380 -0.9086486040 0.0000048878 12.387
4390 -0.9086435812 0.0000050228 12.419
4400 -0.9086385423 0.0000050389 12.357
4410 -0.9086337432 0.0000047990 12.350
4420 -0.9086287783 0.0000049649 12.374
4430 -0.9086237969 0.0000049814 12.374
4440 -0.9086190532 0.0000047437 12.414
4450 -0.9086141229 0.0000049303 12.382
4460 -0.9086094269 0.0000046959 12.373
4470 -0.9086046006 0.0000048263 12.372
4480 -0.9085998003 0.0000048004 12.379
4490 -0.9085950064 0.0000047939 12.400
4500 -0.9085901820 0.0000048244 12.385
4510 -0.9085856111 0.0000045709 12.412
4520 -0.9085809060 0.0000047051 12.403
4530 -0.9085762357 0.0000046704 12.421
4540 -0.9085715798 0.0000046558 12.374
4550 -0.9085669354 0.0000046444 12.414
4560 -0.9085623077 0.0000046277 12.437
4570 -0.9085576988 0.0000046089 12.402
4580 -0.9085531088 0.0000045900 12.452
4590 -0.9085485377 0.0000045711 12.390
4600 -0.9085439855 0.0000045523 12.399
4610 -0.9085394519 0.0000045336 12.411
4620 -0.9085349369 0.0000045150 12.359
4630 -0.9085304403 0.0000044966 12.393
4640 -0.9085259621 0.0000044782 12.415
4650 -0.9085215020 0.0000044600 12.350
4660 -0.9085170601 0.0000044419 12.393
4670 -0.9085126363 0.0000044239 12.433
4680 -0.9085082302 0.0000044060 12.376
4690 -0.9085038420 0.0000043882 12.393
4700 -0.9084994715 0.0000043706 12.373
4710 -0.9084951185 0.0000043530 12.401
4720 -0.9084907830 0.0000043355 12.407
4730 -0.9084864648 0.0000043182 12.424
4740 -0.9084821638 0.0000043009 12.434
4750 -0.9084778801 0.0000042838 12.418
4760 -0.9084736133 0.0000042667 12.385
4770 -0.9084693635 0.0000042498 12.447
4780 -0.9084651306 0.0000042330 12.391
4790 -0.9084609143 0.0000042162 12.412
4800 -0.9084564638 0.0000044506 12.404
4810 -0.9084522812 0.0000041826 12.398
4820 -0.9084481564 0.0000041248 12.407
4830 -0.9084442152 0.0000039413 12.376
4840 -0.9084399631 0.0000042521 12.452
4850 -0.9084358598 0.0000041033 12.366
4860 -0.9084317701 0.0000040897 12.392
4870 -0.9084276838 0.0000040863 12.393
4880 -0.9084236157 0.0000040682 12.369
4890 -0.9084195610 0.0000040547 12.386
4900 -0.9084155240 0.0000040370 12.361
4910 -0.9084115005 0.0000040235 12.398
4920 -0.9084074948 0.0000040057 12.372
4930 -0.9084035017 0.0000039931 12.398
4940 -0.9083995273 0.0000039744 12.372
4950 -0.9083955638 0.0000039635 12.376
4960 -0.9083916212 0.0000039426 12.377
4970 -0.9083876854 0.0000039357 12.404
4980 -0.9083837762 0.0000039092 12.370
4990 -0.9083797339 0.0000040423 12.421
5000 -0.9083760664 0.0000036675 12.395
5010 -0.9083719460 0.0000041204 12.448
5020 -0.9083680906 0.0000038554 12.372
5030 -0.9083642472 0.0000038433 12.368
5040 -0.9083604183 0.0000038289 12.400
5050 -0.9083566037 0.0000038146 12.387
5060 -0.9083528229 0.0000037808 12.360
5070 -0.9083491577 0.0000036652 12.389
5080 -0.9083454821 0.0000036756 12.384
5090 -0.9083416455 0.0000038366 12.388
5100 -0.9083379922 0.0000036533 12.419
5110 -0.9083340174 0.0000039748 12.366
5120 -0.9083303034 0.0000037140 12.412
5130 -0.9083266005 0.0000037029 12.393
5140 -0.9083229116 0.0000036890 12.424
5150 -0.9083192376 0.0000036740 12.414
5160 -0.9083155756 0.0000036621 12.401
5170 -0.9083119284 0.0000036472 12.400
5180 -0.9083082925 0.0000036358 12.405
5190 -0.9083046712 0.0000036214 12.384
5200 -0.9083010587 0.0000036124 12.387
5210 -0.9082974559 0.0000036029 12.387
5220 -0.9082940560 0.0000033998 12.417
5230 -0.9082904436 0.0000036125 12.391
5240 -0.9082868701 0.0000035735 12.348
5250 -0.9082832724 0.0000035977 12.386
5260 -0.9082797056 0.0000035668 12.390
5270 -0.9082763017 0.0000034040 12.432
5280 -0.9082725468 0.0000037549 12.398
5290 -0.9082690536 0.0000034932 12.392
5300 -0.9082655739 0.0000034797 12.443
5310 -0.9082621066 0.0000034673 12.401
5320 -0.9082586518 0.0000034548 12.386
5330 -0.9082552093 0.0000034425 12.379
5340 -0.9082517795 0.0000034298 12.369
5350 -0.9082483611 0.0000034185 12.404
5360 -0.9082449553 0.0000034057 12.386
5370 -0.9082415632 0.0000033921 12.391
5380 -0.9082381796 0.0000033836 12.402
5390 -0.9082348097 0.0000033700 12.423
5400 -0.9082314515 0.0000033582 12.421
5410 -0.9082281050 0.0000033465 12.397
5420 -0.9082247702 0.0000033347 12.388
5430 -0.9082214471 0.0000033231 12.395
5440 -0.9082181356 0.0000033115 12.412
5450 -0.9082148357 0.0000032999 12.421
5460 -0.9082115472 0.0000032885 12.390
5470 -0.9082082701 0.0000032771 12.408
5480 -0.9082050242 0.0000032459 12.347
5490 -0.9082020010 0.0000030232 12.454
5500 -0.9081985072 0.0000034939 12.449
5510 -0.9081952752 0.0000032319 12.405
5520 -0.9081920545 0.0000032207 12.387
5530 -0.9081888448 0.0000032098 12.436
5540 -0.9081856460 0.0000031988 12.372
5550 -0.9081824582 0.0000031878 12.444
5560 -0.9081792816 0.0000031765 12.393
5570 -0.9081761156 0.0000031661 12.399
5580 -0.9081729603 0.0000031552 12.419
5590 -0.9081698159 0.0000031445 12.419
5600 -0.9081666821 0.0000031338 12.400
5610 -0.9081635588 0.0000031233 12.415
5620 -0.9081604463 0.0000031125 12.392
5630 -0.9081573441 0.0000031022 12.403
5640 -0.9081542524 0.0000030917 12.418
5650 -0.9081512877 0.0000029647 12.411
5660 -0.9081483357 0.0000029521 12.381
5670 -0.9081450396 0.0000032961 12.378
5680 -0.9081422283 0.0000028112 12.389
5690 -0.9081389584 0.0000032699 12.366
5700 -0.9081360422 0.0000029162 12.384
5710 -0.9081330223 0.0000030199 12.388
5720 -0.9081298886 0.0000031336 12.368
5730 -0.9081268886 0.0000030000 12.423
5740 -0.9081240008 0.0000028878 12.382
5750 -0.9081209188 0.0000030819 12.411
5760 -0.9081179484 0.0000029704 12.420
5770 -0.9081149879 0.0000029605 12.406
5780 -0.9081120372 0.0000029507 12.385
5790 -0.9081090962 0.0000029410 12.429
5800 -0.9081061648 0.0000029314 12.396
5810 -0.9081032430 0.0000029218 12.397
5820 -0.9081003308 0.0000029122 12.372
5830 -0.9080974281 0.0000029027 12.379
5840 -0.9080945348 0.0000028932 12.466
5850 -0.9080917739 0.0000027609 12.374
5860 -0.9080890153 0.0000027586 12.389
5870 -0.9080859114 0.0000031039 12.440
5880 -0.9080830554 0.0000028560 12.371
5890 -0.9080802088 0.0000028466 12.382
5900 -0.9080773714 0.0000028374 12.407
5910 -0.9080745430 0.0000028285 12.381
5920 -0.9080717238 0.0000028191 12.432
5930 -0.9080689135 0.0000028103 12.374
5940 -0.9080661123 0.0000028012 12.416
5950 -0.9080633453 0.0000027670 12.419
5960 -0.9080607558 0.0000025895 12.416
5970 -0.9080577623 0.0000029936 12.439
5980 -0.9080550385 0.0000027238 12.432
5990 -0.9080524839 0.0000025546 12.374
6000 -0.9080495127 0.0000029711 12.456
6010 -0.9080469805 0.0000025323 12.374
6020 -0.9080440211 0.0000029594 12.389
6030 -0.9080412992 0.0000027219 12.387
6040 -0.9080385853 0.0000027139 12.405
6050 -0.9080360902 0.0000024952 12.365
6060 -0.9080331857 0.0000029045 12.450
6070 -0.9080305050 0.0000026807 12.393
6080 -0.9080278579 0.0000026471 12.425
6090 -0.9080252121 0.0000026458 12.389
6100 -0.9080227067 0.0000025054 12.436
6110 -0.9080198283 0.0000028784 12.427
6120 -0.9080172589 0.0000025694 12.369
6130 -0.9080145421 0.0000027168 12.359
6140 -0.9080119124 0.0000026297 12.396
6150 -0.9080092902 0.0000026222 12.447
6160 -0.9080067006 0.0000025896 12.402
6170 -0.9080042979 0.0000024027 12.378
6180 -0.9080014729 0.0000028250 12.410
6190 -0.9079989752 0.0000024978 12.395
6200 -0.9079963216 0.0000026535 12.412
6210 -0.9079939635 0.0000023581 12.421
6220 -0.9079912220 0.0000027416 12.359
6230 -0.9079887545 0.0000024675 12.379
6240 -0.9079860555 0.0000026990 12.407
6250 -0.9079835274 0.0000025281 12.387
6260 -0.9079810417 0.0000024857 12.411
6270 -0.9079784489 0.0000025928 12.404
6280 -0.9079759295 0.0000025193 12.425
6290 -0.9079734178 0.0000025118 12.421
6300 -0.9079709135 0.0000025043 12.407
6310 -0.9079684300 0.0000024834 12.432
6320 -0.9079661275 0.0000023025 12.434
6330 -0.9079634477 0.0000026799 12.405
6340 -0.9079609866 0.0000024611 12.395
6350 -0.9079586972 0.0000022893 12.397
6360 -0.9079560468 0.0000026504 12.395
6370 -0.9079536451 0.0000024018 12.404
6380 -0.9079513285 0.0000023166 12.383
6390 -0.9079487134 0.0000026151 12.413
6400 -0.9079462921 0.0000024213 12.393
6410 -0.9079440068 0.0000022853 12.429
6420 -0.9079414422 0.0000025647 12.389
6430 -0.9079390527 0.0000023894 12.396
6440 -0.9079367298 0.0000023229 12.412
6450 -0.9079344646 0.0000022652 12.399
6460 -0.9079318512 0.0000026134 12.384
6470 -0.9079295447 0.0000023065 12.433
6480 -0.9079272635 0.0000022812 12.397
6490 -0.9079247300 0.0000025336 12.392
6500 -0.9079223839 0.0000023460 12.389
6510 -0.9079201211 0.0000022628 12.416
6520 -0.9079176751 0.0000024460 12.422
6530 -0.9079155291 0.0000021460 12.395
6540 -0.9079131963 0.0000023328 12.429
6550 -0.9079106782 0.0000025181 12.383
6560 -0.9079083763 0.0000023019 12.390
6570 -0.9079061792 0.0000021971 12.415
6580 -0.9079037680 0.0000024112 12.386
6590 -0.9079016527 0.0000021153 12.433
6600 -0.9078991514 0.0000025014 12.437
6610 -0.9078968794 0.0000022720 12.401
6620 -0.9078946345 0.0000022449 12.430
6630 -0.9078925344 0.0000021001 12.362
6640 -0.9078900501 0.0000024843 12.371
6650 -0.9078878006 0.0000022495 12.446
6660 -0.9078856475 0.0000021531 12.431
6670 -0.9078832908 0.0000023567 12.401
6680 -0.9078810881 0.0000022026 12.408
6690 -0.9078789746 0.0000021135 12.383
6700 -0.9078765915 0.0000023831 12.377
6710 -0.9078745648 0.0000020267 12.383
6720 -0.9078721723 0.0000023924 12.406
6730 -0.9078699761 0.0000021962 12.419
6740 -0.9078677616 0.0000022146 12.416
6750 -0.9078657449 0.0000020166 12.384
6760 -0.9078633603 0.0000023847 12.392
6770 -0.9078612991 0.0000020611 12.378
6780 -0.9078590807 0.0000022185 12.427
6790 -0.9078570527 0.0000020280 12.420
6800 -0.9078546633 0.0000023893 12.369
6810 -0.9078527361 0.0000019272 12.408
6820 -0.9078503513 0.0000023847 12.403
6830 -0.9078484478 0.0000019035 12.420
6840 -0.9078460634 0.0000023845 12.424
6850 -0.9078441161 0.0000019473 12.388
6860 -0.9078417978 0.0000023183 12.401
6870 -0.9078396857 0.0000021121 12.452
6880 -0.9078376244 0.0000020612 12.418
6890 -0.9078354594 0.0000021651 12.399
6900 -0.9078334446 0.0000020148 12.390
6910 -0.9078312411 0.0000022035 12.396
6920 -0.9078291615 0.0000020796 12.431
6930 -0.9078271596 0.0000020019 12.392
6940 -0.9078249775 0.0000021821 12.387
6950 -0.9078229275 0.0000020500 12.414
6960 -0.9078208584 0.0000020691 12.396
6970 -0.9078188659 0.0000019925 12.426
6980 -0.9078167457 0.0000021202 12.407
6990 -0.9078146588 0.0000020869 12.411
7000 -0.9078127178 0.0000019409 12.421
7010 -0.9078105543 0.0000021636 12.430
7020 -0.9078087336 0.0000018206 12.406
7030 -0.9078065475 0.0000021861 12.376
7040 -0.9078044524 0.0000020952 12.438
7050 -0.9078025820 0.0000018703 12.458
7060 -0.9078005141 0.0000020679 12.431
7070 -0.9077985305 0.0000019836 12.395
7080 -0.9077963947 0.0000021358 12.411
7090 -0.9077944080 0.0000019866 12.434
7100 -0.9077924234 0.0000019846 12.432
7110 -0.9077905882 0.0000018352 12.372
7120 -0.9077884206 0.0000021676 12.446
7130 -0.9077864322 0.0000019884 12.437
7140 -0.9077846482 0.0000017841 12.405
7150 -0.9077823392 0.0000023089 12.405
7160 -0.9077803752 0.0000019640 12.395
7170 -0.9077784178 0.0000019574 12.410
7180 -0.9077764656 0.0000019522 12.404
7190 -0.9077745187 0.0000019470 12.407
7200 -0.9077725793 0.0000019393 12.406
7210 -0.9077707323 0.0000018471 12.413
7220 -0.9077687089 0.0000020234 12.384
7230 -0.9077667820 0.0000019268 12.412
7240 -0.9077648606 0.0000019214 12.419
7250 -0.9077629467 0.0000019139 12.390
7260 -0.9077610678 0.0000018790 12.417
7270 -0.9077593194 0.0000017484 12.411
7280 -0.9077572257 0.0000020937 12.411
7290 -0.9077553290 0.0000018967 12.399
7300 -0.9077534783 0.0000018507 12.417
7310 -0.9077515638 0.0000019144 12.450
7320 -0.9077497064 0.0000018575 12.421
7330 -0.9077478684 0.0000018380 12.416
7340 -0.9077459228 0.0000019456 12.429
7350 -0.9077441478 0.0000017750 12.398
7360 -0.9077421925 0.0000019553 12.407
7370 -0.9077405712 0.0000016213 12.417
7380 -0.9077384831 0.0000020881 12.396
7390 -0.9077366447 0.0000018384 12.387
7400 -0.9077348366 0.0000018081 12.407
7410 -0.9077329545 0.0000018820 12.405
7420 -0.9077311280 0.0000018266 12.384
7430 -0.9077293107 0.0000018172 12.383
7440 -0.9077275984 0.0000017123 12.389
7450 -0.9077256750 0.0000019234 12.392
7460 -0.9077239647 0.0000017103 12.391
7470 -0.9077220256 0.0000019391 12.390
7480 -0.9077204175 0.0000016081 12.420
7490 -0.9077184181 0.0000019994 12.380
7500 -0.9077166247 0.0000017934 12.390
7510 -0.9077148719 0.0000017528 12.414
7520 -0.9077130444 0.0000018276 12.460
7530 -0.9077114537 0.0000015907 12.397
7540 -0.9077094813 0.0000019723 12.374
7550 -0.9077077078 0.0000017735 12.421
7560 -0.9077059385 0.0000017693 12.438
7570 -0.9077041740 0.0000017645 12.379
7580 -0.9077024134 0.0000017606 12.405
7590 -0.9077006798 0.0000017336 12.399
7600 -0.9076990325 0.0000016473 12.392
7610 -0.9076971755 0.0000018571 12.434
7620 -0.9076954228 0.0000017526 12.399
7630 -0.9076938935 0.0000015293 12.417
7640 -0.9076919439 0.0000019496 12.409
7650 -0.9076902171 0.0000017268 12.389
7660 -0.9076885639 0.0000016532 12.395
7670 -0.9076867702 0.0000017936 12.409
7680 -0.9076851110 0.0000016592 12.414
7690 -0.9076833407 0.0000017704 12.407
7700 -0.9076818603 0.0000014803 12.416
7710 -0.9076799256 0.0000019347 12.405
7720 -0.9076782284 0.0000016972 12.410
7730 -0.9076766633 0.0000015651 12.413
7740 -0.9076750182 0.0000016451 12.460
7750 -0.9076731506 0.0000018676 12.438
7760 -0.9076714673 0.0000016834 12.398
7770 -0.9076697881 0.0000016792 12.465
7780 -0.9076681130 0.0000016751 12.436
7790 -0.9076664566 0.0000016564 12.394
7800 -0.9076647966 0.0000016600 12.408
7810 -0.9076631930 0.0000016036 12.402
7820 -0.9076616731 0.0000015199 12.395
7830 -0.9076597994 0.0000018737 12.438
7840 -0.9076581503 0.0000016492 12.402
7850 -0.9076566163 0.0000015339 12.411
7860 -0.9076548583 0.0000017581 12.399
7870 -0.9076532193 0.0000016389 12.445
7880 -0.9076515844 0.0000016349 12.406
7890 -0.9076499535 0.0000016310 12.400
7900 -0.9076483289 0.0000016245 12.420
7910 -0.9076467086 0.0000016203 12.415
7920 -0.9076452659 0.0000014427 12.451
7930 -0.9076434681 0.0000017978 12.399
7940 -0.9076420601 0.0000014080 12.408
7950 -0.9076402487 0.0000018114 12.416
7960 -0.9076386446 0.0000016041 12.422
7970 -0.9076370446 0.0000016000 12.459
7980 -0.9076354503 0.0000015943 12.380
7990 -0.9076338809 0.0000015694 12.386
8000 -0.9076322782 0.0000016027 12.420
8010 -0.9076308611 0.0000014171 12.419
8020 -0.9076290988 0.0000017623 12.428
8030 -0.9076275250 0.0000015738 12.411
8040 -0.9076260075 0.0000015175 12.437
8050 -0.9076243742 0.0000016333 12.370
8060 -0.9076228091 0.0000015651 12.441
8070 -0.9076212514 0.0000015577 12.407
8080 -0.9076199156 0.0000013357 12.397
8090 -0.9076181133 0.0000018023 12.372
8100 -0.9076165428 0.0000015705 12.400
8110 -0.9076149603 0.0000015825 12.408
8120 -0.9076133578 0.0000016025 12.414
8130 -0.9076117824 0.0000015755 12.385
8140 -0.9076103003 0.0000014820 12.416
8150 -0.9076087048 0.0000015955 12.393
8160 -0.9076071744 0.0000015304 12.419
8170 -0.9076056514 0.0000015231 12.399
8180 -0.9076041409 0.0000015105 12.398
8190 -0.9076026231 0.0000015178 12.394
8200 -0.9076011107 0.0000015124 12.392
8210 -0.9075996018 0.0000015089 12.397
8220 -0.9075981000 0.0000015018 12.459
8230 -0.9075967514 0.0000013486 12.421
8240 -0.9075951262 0.0000016252 12.389
8250 -0.9075936374 0.0000014889 12.455
8260 -0.9075919019 0.0000017355 12.448
8270 -0.9075904128 0.0000014891 12.382
8280 -0.9075890143 0.0000013985 12.436
8290 -0.9075874372 0.0000015770 12.442
8300 -0.9075859730 0.0000014642 12.395
8310 -0.9075844960 0.0000014770 12.459
8320 -0.9075830246 0.0000014714 12.433
8330 -0.9075815621 0.0000014625 12.429
8340 -0.9075802360 0.0000013261 12.414
8350 -0.9075787290 0.0000015069 12.387
8360 -0.9075769788 0.0000017502 12.427
8370 -0.9075755123 0.0000014665 12.443
8380 -0.9075740552 0.0000014571 12.489
8390 -0.9075726017 0.0000014535 12.449
8400 -0.9075711543 0.0000014474 12.414
8410 -0.9075697094 0.0000014449 12.404
8420 -0.9075682698 0.0000014396 12.400
8430 -0.9075669033 0.0000013664 12.418
8440 -0.9075655794 0.0000013240 12.409
8450 -0.9075639645 0.0000016149 12.417
8460 -0.9075627451 0.0000012194 12.389
8470 -0.9075611214 0.0000016237 12.428
8480 -0.9075596994 0.0000014220 12.447
8490 -0.9075582775 0.0000014219 12.455
8500 -0.9075568615 0.0000014160 12.434
8510 -0.9075554647 0.0000013967 12.392
8520 -0.9075541737 0.0000012910 12.446
8530 -0.9075526294 0.0000015443 12.425
8540 -0.9075512426 0.0000013867 12.421
8550 -0.9075500141 0.0000012286 12.405
8560 -0.9075484305 0.0000015836 12.394
8570 -0.9075470481 0.0000013824 12.474
8580 -0.9075457562 0.0000012919 12.403
8590 -0.9075442600 0.0000014961 12.411
8600 -0.9075428762 0.0000013838 12.434
8610 -0.9075414952 0.0000013810 12.418
8620 -0.9075401192 0.0000013760 12.411
8630 -0.9075387897 0.0000013294 12.444
8640 -0.9075373715 0.0000014182 12.410
8650 -0.9075360032 0.0000013683 12.442
8660 -0.9075346438 0.0000013594 12.447
8670 -0.9075332817 0.0000013620 12.427
8680 -0.9075319270 0.0000013548 12.410
8690 -0.9075305602 0.0000013667 12.432
8700 -0.9075292181 0.0000013422 12.404
8710 -0.9075278607 0.0000013574 12.392
8720 -0.9075265183 0.0000013424 12.422
8730 -0.9075251714 0.0000013469 12.367
8740 -0.9075238242 0.0000013473 12.418
8750 -0.9075225910 0.0000012331 12.397
8760 -0.9075211464 0.0000014446 12.415
8770 -0.9075198906 0.0000012558 12.462
8780 -0.9075184814 0.0000014091 12.396
8790 -0.9075172696 0.0000012118 12.459
8800 -0.9075158302 0.0000014395 12.439
8810 -0.9075146123 0.0000012179 12.446
8820 -0.9075131899 0.0000014224 12.420
8830 -0.9075118742 0.0000013157 12.382
8840 -0.9075105629 0.0000013113 12.401
8850 -0.9075092825 0.0000012804 12.418
8860 -0.9075079522 0.0000013303 12.409
8870 -0.9075066913 0.0000012609 12.423
8880 -0.9075053377 0.0000013536 12.385
8890 -0.9075040388 0.0000012988 12.415
8900 -0.9075027463 0.0000012926 12.400
8910 -0.9075014505 0.0000012958 12.425
8920 -0.9075001848 0.0000012657 12.417
8930 -0.9074988712 0.0000013136 12.406
8940 -0.9074975889 0.0000012823 12.424
8950 -0.9074964546 0.0000011344 12.387
8960 -0.9074950249 0.0000014297 12.414
8970 -0.9074937553 0.0000012696 12.393
8980 -0.9074924785 0.0000012768 12.429
8990 -0.9074913254 0.0000011531 12.407
9000 -0.9074899406 0.0000013849 12.411
9010 -0.9074886688 0.0000012717 12.413
9020 -0.9074874330 0.0000012358 12.397
9030 -0.9074861433 0.0000012898 12.390
9040 -0.9074848864 0.0000012569 12.409
9050 -0.9074836346 0.0000012518 12.471
9060 -0.9074825175 0.0000011171 12.441
9070 -0.9074811293 0.0000013882 12.396
9080 -0.9074799399 0.0000011895 12.438
9090 -0.9074786357 0.0000013042 12.400
9100 -0.9074774315 0.0000012041 12.396
9110 -0.9074761519 0.0000012797 12.415
9120 -0.9074749472 0.0000012047 12.412
9130 -0.9074737057 0.0000012415 12.412
9140 -0.9074724518 0.0000012539 12.406
9150 -0.9074713489 0.0000011029 12.387
9160 -0.9074699903 0.0000013586 12.385
9170 -0.9074687677 0.0000012226 12.397
9180 -0.9074676405 0.0000011272 12.424
9190 -0.9074663233 0.0000013172 12.429
9200 -0.9074651424 0.0000011809 12.427
9210 -0.9074638885 0.0000012540 12.379
9220 -0.9074627227 0.0000011658 12.362
9230 -0.9074615939 0.0000011288 12.413
9240 -0.9074602361 0.0000013578 12.410
9250 -0.9074588909 0.0000013452 12.428
9260 -0.9074576893 0.0000012017 12.426
9270 -0.9074566320 0.0000010573 12.420
9280 -0.9074553005 0.0000013315 12.417
9290 -0.9074541036 0.0000011969 12.413
9300 -0.9074530479 0.0000010557 12.440
9310 -0.9074517187 0.0000013292 12.403
9320 -0.9074505334 0.0000011853 12.437
9330 -0.9074493759 0.0000011575 12.427
9340 -0.9074481667 0.0000012092 12.433
9350 -0.9074470545 0.0000011122 12.425
9360 -0.9074458092 0.0000012453 12.418
9370 -0.9074447207 0.0000010885 12.429
9380 -0.9074434624 0.0000012583 12.416
9390 -0.9074422931 0.0000011693 12.384
9400 -0.9074411624 0.0000011307 12.428
9410 -0.9074399671 0.0000011953 12.383
9420 -0.9074388036 0.0000011635 12.390
9430 -0.9074376441 0.0000011594 12.448
9440 -0.9074364862 0.0000011580 12.437
9450 -0.9074353279 0.0000011583 12.403
9460 -0.9074343446 0.0000009832 12.403
Marginal Likelihood = -0.9074343446
Total time = 11973.2865 seconds
Total iterations = 9460 
