Marginal likelihood with initialization (1) = -0.9963427842
Marginal likelihood with initialization (2) = -1.0228453374
Marginal likelihood with initialization (3) = -0.9708046336
Marginal likelihood with initialization (4) = -0.9508040639
Marginal likelihood with initialization (5) = -0.9996103948
Iteration Marginal_Likelihood delta_Marginal_Likelihood Iteration_Time (secs)
0 -0.9508040639 -- 571.948
10 -0.9444933849 0.0063106789 24.052
20 -0.9239814687 0.0205119162 21.780
30 -0.9187392161 0.0052422526 21.115
40 -0.9159509123 0.0027883038 20.785
50 -0.9137491078 0.0022018045 20.776
60 -0.9118777775 0.0018713303 20.763
70 -0.9102494669 0.0016283105 20.761
80 -0.9088100675 0.0014393994 20.738
90 -0.9075217392 0.0012883283 20.750
100 -0.9063561106 0.0011656286 20.745
110 -0.9049961597 0.0013599509 20.691
120 -0.9039752226 0.0010209372 20.814
130 -0.9030658466 0.0009093760 20.838
140 -0.9022835385 0.0007823080 20.814
150 -0.9014751292 0.0008084093 20.847
160 -0.9007721129 0.0007030164 21.189
170 -0.9001400829 0.0006320300 20.820
180 -0.8995761274 0.0005639555 20.830
190 -0.8990820777 0.0004940497 20.843
200 -0.8986566854 0.0004253924 20.823
210 -0.8982979568 0.0003587286 20.496
220 -0.8980001377 0.0002978191 20.806
230 -0.8977577229 0.0002424148 20.464
240 -0.8975632171 0.0001945058 20.459
250 -0.8974072620 0.0001559550 20.804
260 -0.8973033610 0.0001039010 20.836
270 -0.8971895913 0.0001137697 20.430
280 -0.8971099330 0.0000796583 20.401
290 -0.8970460967 0.0000638363 20.507
300 -0.8969950029 0.0000510938 20.428
310 -0.8969528016 0.0000422013 20.458
320 -0.8969176713 0.0000351303 20.445
330 -0.8968877747 0.0000298966 20.466
340 -0.8968628602 0.0000249145 20.456
350 -0.8968418442 0.0000210160 20.459
360 -0.8968240930 0.0000177513 20.431
370 -0.8968081044 0.0000159885 20.430
380 -0.8967949474 0.0000131570 20.448
390 -0.8967830093 0.0000119381 20.530
400 -0.8967725519 0.0000104574 20.436
410 -0.8967635807 0.0000089713 20.434
420 -0.8967555806 0.0000080001 20.484
430 -0.8967481959 0.0000073847 20.456
440 -0.8967416626 0.0000065333 20.481
450 -0.8967358775 0.0000057851 20.445
460 -0.8967306215 0.0000052560 20.452
470 -0.8967257640 0.0000048575 20.441
480 -0.8967212734 0.0000044906 20.417
490 -0.8967181932 0.0000030802 20.465
500 -0.8967144240 0.0000037692 20.514
510 -0.8967110092 0.0000034148 20.463
520 -0.8967080448 0.0000029644 20.450
530 -0.8967054449 0.0000025999 20.484
540 -0.8967028149 0.0000026300 20.471
550 -0.8967007049 0.0000021100 20.444
560 -0.8966987416 0.0000019633 20.459
570 -0.8966968068 0.0000019349 20.478
580 -0.8966950701 0.0000017367 20.449
590 -0.8966935087 0.0000015613 20.459
600 -0.8966923368 0.0000011719 20.452
610 -0.8966904636 0.0000018732 20.495
620 -0.8966892188 0.0000012448 20.484
630 -0.8966877994 0.0000014195 20.453
640 -0.8966867177 0.0000010817 20.473
650 -0.8966862717 0.0000004460 20.484
Marginal Likelihood = -0.8966862717
Total time = 1915.5532 seconds
Total iterations = 650 
