Marginal likelihood with initialization (1) = -1.1969969477
Marginal likelihood with initialization (2) = -1.2158411222
Marginal likelihood with initialization (3) = -1.2272253612
Marginal likelihood with initialization (4) = -1.1881072458
Marginal likelihood with initialization (5) = -1.2421478819
Iteration Marginal_Likelihood delta_Marginal_Likelihood Iteration_Time (secs)
0 -1.1881072458 -- 217.318
10 -1.0011982107 0.1869090352 14.089
20 -0.9991070785 0.0020911322 8.618
30 -0.9973577362 0.0017493423 8.305
40 -0.9957302253 0.0016275109 8.269
50 -0.9941989501 0.0015312752 8.347
60 -0.9927491478 0.0014498023 8.248
70 -0.9913724739 0.0013766739 8.113
80 -0.9900625136 0.0013099603 8.104
90 -0.9888132255 0.0012492881 8.157
100 -0.9876196904 0.0011935351 8.215
110 -0.9864780974 0.0011415929 7.965
120 -0.9853848438 0.0010932537 8.027
130 -0.9843367816 0.0010480621 7.928
140 -0.9833306914 0.0010060902 7.941
150 -0.9823641368 0.0009665546 7.945
160 -0.9814353541 0.0009287827 8.048
170 -0.9805421787 0.0008931753 7.861
180 -0.9796824535 0.0008597253 7.858
190 -0.9788537197 0.0008287338 8.066
200 -0.9780548879 0.0007988318 7.578
210 -0.9772843079 0.0007705801 7.564
220 -0.9765396429 0.0007446649 7.489
230 -0.9758204004 0.0007192426 7.490
240 -0.9751253025 0.0006950978 7.328
250 -0.9744524528 0.0006728498 7.531
260 -0.9738010577 0.0006513951 7.151
270 -0.9731709197 0.0006301380 7.183
280 -0.9725605519 0.0006103678 7.155
290 -0.9719683167 0.0005922352 7.189
300 -0.9713942654 0.0005740513 7.052
310 -0.9708366586 0.0005576068 6.971
320 -0.9702955384 0.0005411202 7.004
330 -0.9697704367 0.0005251017 6.959
340 -0.9692604345 0.0005100022 6.995
350 -0.9687642556 0.0004961789 6.995
360 -0.9682819049 0.0004823506 7.268
370 -0.9678123636 0.0004695413 6.997
380 -0.9673557536 0.0004566100 7.084
390 -0.9669110010 0.0004447526 6.909
400 -0.9664780125 0.0004329885 6.837
410 -0.9660561925 0.0004218200 6.800
420 -0.9656450798 0.0004111128 6.820
430 -0.9652440388 0.0004010410 6.777
440 -0.9648531187 0.0003909201 6.903
450 -0.9644717552 0.0003813634 6.859
460 -0.9640996018 0.0003721534 6.868
470 -0.9637365371 0.0003630647 6.783
480 -0.9633817778 0.0003547593 6.754
490 -0.9630350310 0.0003467468 6.751
500 -0.9626965735 0.0003384575 6.796
510 -0.9623658306 0.0003307429 6.784
520 -0.9620423826 0.0003234480 6.857
530 -0.9617263321 0.0003160505 6.793
540 -0.9614167498 0.0003095824 6.755
550 -0.9611138209 0.0003029289 6.801
560 -0.9608164215 0.0002973994 6.777
570 -0.9605263519 0.0002900696 6.748
580 -0.9602425339 0.0002838181 6.730
590 -0.9599645873 0.0002779465 6.765
600 -0.9596923310 0.0002722564 6.742
610 -0.9594255830 0.0002667480 6.741
620 -0.9591640612 0.0002615218 6.734
630 -0.9589079069 0.0002561542 6.735
640 -0.9586567950 0.0002511119 6.744
650 -0.9584105735 0.0002462215 6.743
660 -0.9581691018 0.0002414717 6.740
670 -0.9579324752 0.0002366266 6.743
680 -0.9577003273 0.0002321479 6.736
690 -0.9574725300 0.0002277973 6.721
700 -0.9572489589 0.0002235712 6.763
710 -0.9570292502 0.0002197087 6.773
720 -0.9568135629 0.0002156873 6.754
730 -0.9566019697 0.0002115933 6.755
740 -0.9563937040 0.0002082657 6.763
750 -0.9561895786 0.0002041253 6.796
760 -0.9559887894 0.0002007892 6.739
770 -0.9557910279 0.0001977615 6.769
780 -0.9555970059 0.0001940220 6.783
790 -0.9554062807 0.0001907253 6.791
800 -0.9552191353 0.0001871453 6.804
810 -0.9550348988 0.0001842366 6.898
820 -0.9548539551 0.0001809437 6.971
830 -0.9546757605 0.0001781946 6.913
840 -0.9545006870 0.0001750735 7.036
850 -0.9543282207 0.0001724663 7.032
860 -0.9541585607 0.0001696600 6.865
870 -0.9539913872 0.0001671735 6.820
880 -0.9538265895 0.0001647977 6.770
890 -0.9536649679 0.0001616215 6.791
900 -0.9535059365 0.0001590314 6.739
910 -0.9533493580 0.0001565785 6.776
920 -0.9531951730 0.0001541850 6.745
930 -0.9530430867 0.0001520864 6.740
940 -0.9528932981 0.0001497885 6.767
950 -0.9527459746 0.0001473235 6.791
960 -0.9526008295 0.0001451451 6.751
970 -0.9524573488 0.0001434808 6.755
980 -0.9523161966 0.0001411522 6.747
990 -0.9521773184 0.0001388782 6.725
1000 -0.9520404288 0.0001368897 6.728
1010 -0.9519052697 0.0001351590 6.739
1020 -0.9517720117 0.0001332580 6.736
1030 -0.9516406229 0.0001313888 6.760
1040 -0.9515110689 0.0001295541 6.784
1050 -0.9513835342 0.0001275347 6.742
1060 -0.9512577575 0.0001257767 6.758
1070 -0.9511336182 0.0001241393 6.770
1080 -0.9510110496 0.0001225686 6.740
1090 -0.9508898665 0.0001211831 6.778
1100 -0.9507705159 0.0001193506 6.783
1110 -0.9506529769 0.0001175390 6.757
1120 -0.9505368592 0.0001161177 6.764
1130 -0.9504222805 0.0001145787 6.820
1140 -0.9503092964 0.0001129841 6.770
1150 -0.9501977646 0.0001115318 6.752
1160 -0.9500872008 0.0001105638 6.762
1170 -0.9499785041 0.0001086967 6.754
1180 -0.9498711151 0.0001073890 6.787
1190 -0.9497647361 0.0001063790 6.728
1200 -0.9496600845 0.0001046517 6.744
1210 -0.9495567098 0.0001033746 6.743
1220 -0.9494539325 0.0001027774 6.804
1230 -0.9493528646 0.0001010679 6.738
1240 -0.9492532564 0.0000996082 6.742
1250 -0.9491548369 0.0000984195 6.786
1260 -0.9490573958 0.0000974410 6.845
1270 -0.9489613312 0.0000960646 6.745
1280 -0.9488662950 0.0000950362 6.738
1290 -0.9487720907 0.0000942043 6.722
1300 -0.9486791734 0.0000929173 6.752
1310 -0.9485875408 0.0000916325 6.758
1320 -0.9484967314 0.0000908094 6.740
1330 -0.9484071985 0.0000895329 6.752
1340 -0.9483186697 0.0000885288 6.784
1350 -0.9482309530 0.0000877167 6.724
1360 -0.9481444358 0.0000865172 6.765
1370 -0.9480588874 0.0000855484 6.750
1380 -0.9479740499 0.0000848375 6.756
1390 -0.9478901604 0.0000838895 6.747
1400 -0.9478074145 0.0000827459 6.758
1410 -0.9477253533 0.0000820613 6.749
1420 -0.9476441803 0.0000811730 6.749
1430 -0.9475641097 0.0000800706 6.738
1440 -0.9474846801 0.0000794295 6.769
1450 -0.9474063269 0.0000783532 6.757
1460 -0.9473288077 0.0000775192 6.738
1470 -0.9472521088 0.0000766989 6.743
1480 -0.9471762145 0.0000758943 6.753
1490 -0.9471008878 0.0000753267 6.735
1500 -0.9470265715 0.0000743163 6.724
1510 -0.9469530241 0.0000735474 6.746
1520 -0.9468802332 0.0000727910 6.756
1530 -0.9468081838 0.0000720493 6.752
1540 -0.9467366335 0.0000715504 6.787
1550 -0.9466660251 0.0000706084 6.755
1560 -0.9465956837 0.0000703413 6.735
1570 -0.9465265009 0.0000691829 6.782
1580 -0.9464580069 0.0000684940 6.778
1590 -0.9463901909 0.0000678160 6.728
1600 -0.9463230270 0.0000671639 6.721
1610 -0.9462563157 0.0000667112 6.731
1620 -0.9461904722 0.0000658435 6.716
1630 -0.9461250316 0.0000654406 6.742
1640 -0.9460604562 0.0000645755 6.761
1650 -0.9459965001 0.0000639561 6.736
1660 -0.9459331414 0.0000633586 6.776
1670 -0.9458701411 0.0000630003 6.749
1680 -0.9458075459 0.0000625952 6.745
1690 -0.9457459781 0.0000615679 6.755
1700 -0.9456849857 0.0000609924 6.730
1710 -0.9456245541 0.0000604315 6.720
1720 -0.9455642250 0.0000603292 6.757
1730 -0.9455049099 0.0000593150 6.728
1740 -0.9454459277 0.0000589822 6.774
1750 -0.9453876684 0.0000582593 6.754
1760 -0.9453299623 0.0000577061 6.767
1770 -0.9452727724 0.0000571899 6.716
1780 -0.9452158711 0.0000569013 6.751
1790 -0.9451597061 0.0000561650 6.734
1800 -0.9451039573 0.0000557488 6.740
1810 -0.9450484032 0.0000555541 6.739
1820 -0.9449937087 0.0000546945 6.740
1830 -0.9449395015 0.0000542072 6.797
1840 -0.9448855335 0.0000539681 6.792
1850 -0.9448322665 0.0000532670 6.735
1860 -0.9447794599 0.0000528066 6.739
1870 -0.9447268766 0.0000525833 6.742
1880 -0.9446749735 0.0000519031 6.753
1890 -0.9446234155 0.0000515580 6.726
1900 -0.9445722541 0.0000511614 6.755
1910 -0.9445216627 0.0000505913 6.755
1920 -0.9444714971 0.0000501656 6.735
1930 -0.9444217516 0.0000497455 6.761
1940 -0.9443724207 0.0000493309 6.762
1950 -0.9443234982 0.0000489225 6.772
1960 -0.9442747755 0.0000487227 6.732
1970 -0.9442266237 0.0000481518 6.722
1980 -0.9441788965 0.0000477272 6.806
1990 -0.9441313160 0.0000475805 6.748
2000 -0.9440841396 0.0000471764 6.739
2010 -0.9440375653 0.0000465743 6.739
2020 -0.9439913292 0.0000462362 6.762
2030 -0.9439452981 0.0000460310 6.754
2040 -0.9438998341 0.0000454640 6.769
2050 -0.9438547311 0.0000451030 6.734
2060 -0.9438099846 0.0000447465 6.753
2070 -0.9437655903 0.0000443943 6.729
2080 -0.9437215439 0.0000440464 6.753
2090 -0.9436778412 0.0000437027 6.767
2100 -0.9436344780 0.0000433632 6.771
2110 -0.9435914502 0.0000430278 6.747
2120 -0.9435487536 0.0000426966 6.768
2130 -0.9435063825 0.0000423710 6.747
2140 -0.9434641007 0.0000422818 6.725
2150 -0.9434223743 0.0000417263 6.739
2160 -0.9433809639 0.0000414104 6.756
2170 -0.9433398639 0.0000411000 6.733
2180 -0.9432988374 0.0000410264 6.733
2190 -0.9432583461 0.0000404914 6.766
2200 -0.9432176946 0.0000406515 6.753
2210 -0.9431778063 0.0000398884 6.808
2220 -0.9431379802 0.0000398261 6.794
2230 -0.9430986776 0.0000393026 6.744
2240 -0.9430594307 0.0000392469 6.809
2250 -0.9430207014 0.0000387293 6.757
2260 -0.9429822395 0.0000384619 6.747
2270 -0.9429438489 0.0000383906 6.780
2280 -0.9429059539 0.0000378949 6.768
2290 -0.9428680907 0.0000378632 6.800
2300 -0.9428305106 0.0000375802 6.752
2310 -0.9427934240 0.0000370865 6.794
2320 -0.9427566008 0.0000368232 6.752
2330 -0.9427200378 0.0000365630 6.771
2340 -0.9426837310 0.0000363068 6.761
2350 -0.9426474474 0.0000362836 6.786
2360 -0.9426116482 0.0000357992 6.779
2370 -0.9425760981 0.0000355501 6.791
2380 -0.9425407916 0.0000353066 6.829
2390 -0.9425054953 0.0000352963 6.805
2400 -0.9424704419 0.0000350534 6.774
2410 -0.9424358613 0.0000345806 6.772
2420 -0.9424015151 0.0000343462 6.754
2430 -0.9423670267 0.0000344884 6.801
2440 -0.9423330540 0.0000339728 6.750
2450 -0.9422994028 0.0000336512 6.763
2460 -0.9422659779 0.0000334249 6.766
2470 -0.9422327749 0.0000332029 6.779
2480 -0.9421995673 0.0000332076 6.738
2490 -0.9421668040 0.0000327633 6.762
2500 -0.9421340275 0.0000327765 6.746
2510 -0.9421016576 0.0000323699 6.744
2520 -0.9420693463 0.0000323113 6.777
2530 -0.9420374411 0.0000319053 6.766
2540 -0.9420057443 0.0000316968 6.794
2550 -0.9419742538 0.0000314905 6.768
2560 -0.9419429676 0.0000312862 6.748
2570 -0.9419118836 0.0000310840 6.738
2580 -0.9418809997 0.0000308839 6.750
2590 -0.9418503140 0.0000306857 6.708
2600 -0.9418198245 0.0000304895 6.784
2610 -0.9417895292 0.0000302953 6.786
2620 -0.9417594261 0.0000301030 6.756
2630 -0.9417295135 0.0000299126 6.777
2640 -0.9416997894 0.0000297241 6.818
2650 -0.9416702520 0.0000295374 6.802
2660 -0.9416408994 0.0000293526 6.779
2670 -0.9416117299 0.0000291695 6.771
2680 -0.9415827416 0.0000289883 6.754
2690 -0.9415539328 0.0000288088 6.745
2700 -0.9415253018 0.0000286310 6.741
2710 -0.9414968469 0.0000284549 6.734
2720 -0.9414685663 0.0000282806 6.816
2730 -0.9414404584 0.0000281079 6.843
2740 -0.9414125214 0.0000279369 6.766
2750 -0.9413847538 0.0000277677 6.784
2760 -0.9413571528 0.0000276010 6.768
2770 -0.9413294840 0.0000276688 6.809
2780 -0.9413022128 0.0000272712 6.921
2790 -0.9412751063 0.0000271064 6.895
2800 -0.9412481601 0.0000269462 7.042
2810 -0.9412211391 0.0000270211 6.816
2820 -0.9411944058 0.0000267332 6.960
2830 -0.9411678065 0.0000265994 6.816
2840 -0.9411414926 0.0000263138 6.790
2850 -0.9411153330 0.0000261596 6.751
2860 -0.9410893255 0.0000260075 6.744
2870 -0.9410632439 0.0000260816 6.761
2880 -0.9410375310 0.0000257129 6.785
2890 -0.9410119699 0.0000255611 6.794
2900 -0.9409863268 0.0000256431 6.727
2910 -0.9409610551 0.0000252717 6.778
2920 -0.9409357068 0.0000253483 6.800
2930 -0.9409107311 0.0000249757 6.747
2940 -0.9408858973 0.0000248338 6.765
2950 -0.9408612025 0.0000246948 6.785
2960 -0.9408364112 0.0000247913 6.766
2970 -0.9408117614 0.0000246498 6.789
2980 -0.9407874835 0.0000242779 7.045
2990 -0.9407633417 0.0000241418 6.835
3000 -0.9407393348 0.0000240069 7.058
3010 -0.9407154617 0.0000238732 6.796
3020 -0.9406917210 0.0000237406 6.811
3030 -0.9406681117 0.0000236093 6.732
3040 -0.9406446325 0.0000234792 6.742
3050 -0.9406212812 0.0000233513 6.745
3060 -0.9405978228 0.0000234584 6.754
3070 -0.9405744897 0.0000233331 6.766
3080 -0.9405515196 0.0000229701 6.822
3090 -0.9405286736 0.0000228460 6.758
3100 -0.9405059389 0.0000227347 6.742
3110 -0.9404828824 0.0000230564 6.769
3120 -0.9404604046 0.0000224778 6.756
3130 -0.9404380474 0.0000223572 6.793
3140 -0.9404158099 0.0000222375 6.754
3150 -0.9403936911 0.0000221189 6.762
3160 -0.9403716898 0.0000220012 6.764
3170 -0.9403498053 0.0000218846 6.820
3180 -0.9403280364 0.0000217689 6.776
3190 -0.9403063823 0.0000216541 6.787
3200 -0.9402848420 0.0000215403 6.789
3210 -0.9402634145 0.0000214275 6.755
3220 -0.9402420989 0.0000213156 6.770
3230 -0.9402208944 0.0000212046 6.751
3240 -0.9401997999 0.0000210945 6.755
3250 -0.9401788146 0.0000209853 6.754
3260 -0.9401579375 0.0000208771 6.753
3270 -0.9401371672 0.0000207704 6.798
3280 -0.9401163654 0.0000208018 6.732
3290 -0.9400957134 0.0000206520 6.752
3300 -0.9400752608 0.0000204526 6.770
3310 -0.9400549122 0.0000203486 6.741
3320 -0.9400346668 0.0000202454 6.794
3330 -0.9400145239 0.0000201430 6.736
3340 -0.9399944825 0.0000200414 6.756
3350 -0.9399745418 0.0000199406 6.748
3360 -0.9399547012 0.0000198407 6.789
3370 -0.9399349596 0.0000197415 6.780
3380 -0.9399153165 0.0000196432 6.762
3390 -0.9398957707 0.0000195458 6.799
3400 -0.9398763176 0.0000194532 6.744
3410 -0.9398567377 0.0000195798 6.775
3420 -0.9398374804 0.0000192573 6.724
3430 -0.9398183178 0.0000191626 6.731
3440 -0.9397992490 0.0000190687 6.745
3450 -0.9397802735 0.0000189756 6.788
3460 -0.9397613904 0.0000188831 6.775
3470 -0.9397425990 0.0000187914 6.752
3480 -0.9397238987 0.0000187003 6.717
3490 -0.9397052887 0.0000186100 6.781
3500 -0.9396867679 0.0000185208 6.765
3510 -0.9396683279 0.0000184400 6.790
3520 -0.9396497559 0.0000185720 6.773
3530 -0.9396315002 0.0000182557 6.763
3540 -0.9396133315 0.0000181687 6.770
3550 -0.9395952492 0.0000180823 6.738
3560 -0.9395772526 0.0000179966 6.834
3570 -0.9395593411 0.0000179115 6.873
3580 -0.9395415140 0.0000178271 6.744
3590 -0.9395237708 0.0000177433 6.749
3600 -0.9395061107 0.0000176601 6.762
3610 -0.9394885332 0.0000175775 6.773
3620 -0.9394710376 0.0000174956 6.785
3630 -0.9394536233 0.0000174143 6.753
3640 -0.9394362897 0.0000173337 6.740
3650 -0.9394190342 0.0000172555 6.776
3660 -0.9394016259 0.0000174082 6.789
3670 -0.9393845308 0.0000170952 6.752
3680 -0.9393675143 0.0000170165 6.764
3690 -0.9393505756 0.0000169386 6.760
3700 -0.9393337143 0.0000168613 6.768
3710 -0.9393169297 0.0000167846 6.763
3720 -0.9393002211 0.0000167086 6.755
3730 -0.9392835870 0.0000166341 6.765
3740 -0.9392669613 0.0000166257 7.374
3750 -0.9392503101 0.0000166512 6.754
3760 -0.9392339008 0.0000164093 6.825
3770 -0.9392175650 0.0000163358 6.768
3780 -0.9392013023 0.0000162627 6.836
3790 -0.9391851120 0.0000161903 6.829
3800 -0.9391689937 0.0000161183 6.829
3810 -0.9391529466 0.0000160470 6.803
3820 -0.9391369695 0.0000159771 6.752
3830 -0.9391208270 0.0000161425 6.791
3840 -0.9391049910 0.0000158360 6.767
3850 -0.9390892241 0.0000157669 6.749
3860 -0.9390735224 0.0000157016 6.742
3870 -0.9390575244 0.0000159980 6.760
3880 -0.9390416252 0.0000158992 6.783
3890 -0.9390261311 0.0000154942 6.752
3900 -0.9390107040 0.0000154271 6.736
3910 -0.9389953429 0.0000153611 6.845
3920 -0.9389799446 0.0000153983 6.833
3930 -0.9389645850 0.0000153596 6.765
3940 -0.9389494219 0.0000151631 6.770
3950 -0.9389343235 0.0000150984 6.826
3960 -0.9389192878 0.0000150357 6.818
3970 -0.9389040867 0.0000152012 6.790
3980 -0.9388891804 0.0000149063 6.761
3990 -0.9388743374 0.0000148430 6.790
4000 -0.9388595571 0.0000147802 6.755
4010 -0.9388448393 0.0000147179 6.779
4020 -0.9388301834 0.0000146559 6.757
4030 -0.9388155890 0.0000145944 6.789
4040 -0.9388010557 0.0000145333 6.753
4050 -0.9387865831 0.0000144726 6.778
4060 -0.9387721707 0.0000144124 6.770
4070 -0.9387578177 0.0000143530 6.743
4080 -0.9387434838 0.0000143339 6.722
4090 -0.9387290560 0.0000144278 6.737
4100 -0.9387148807 0.0000141752 6.776
4110 -0.9387007639 0.0000141169 6.766
4120 -0.9386867049 0.0000140589 6.769
4130 -0.9386727035 0.0000140014 6.776
4140 -0.9386587590 0.0000139445 6.772
4150 -0.9386448635 0.0000138956 6.747
4160 -0.9386308041 0.0000140593 6.739
4170 -0.9386170293 0.0000137749 6.759
4180 -0.9386033101 0.0000137191 6.775
4190 -0.9385896464 0.0000136637 6.740
4200 -0.9385760377 0.0000136087 6.771
4210 -0.9385624833 0.0000135543 6.802
4220 -0.9385489787 0.0000135046 6.763
4230 -0.9385353014 0.0000136773 6.767
4240 -0.9385219092 0.0000133922 6.803
4250 -0.9385085703 0.0000133389 6.752
4260 -0.9384952844 0.0000132859 6.970
4270 -0.9384820511 0.0000132333 6.829
4280 -0.9384688699 0.0000131812 6.813
4290 -0.9384557391 0.0000131308 6.941
4300 -0.9384424257 0.0000133134 6.805
4310 -0.9384293991 0.0000130266 6.831
4320 -0.9384164237 0.0000129754 6.782
4330 -0.9384034987 0.0000129251 6.780
4340 -0.9383906134 0.0000128852 6.780
4350 -0.9383775624 0.0000130510 6.777
4360 -0.9383647879 0.0000127746 6.756
4370 -0.9383520628 0.0000127251 6.765
4380 -0.9383393869 0.0000126759 6.746
4390 -0.9383267599 0.0000126270 6.745
4400 -0.9383141814 0.0000125785 6.813
4410 -0.9383016511 0.0000125304 6.854
4420 -0.9382891671 0.0000124840 6.777
4430 -0.9382764969 0.0000126702 6.860
4440 -0.9382641095 0.0000123875 6.779
4450 -0.9382517693 0.0000123402 6.794
4460 -0.9382394760 0.0000122933 6.760
4470 -0.9382272292 0.0000122468 6.781
4480 -0.9382150286 0.0000122006 6.789
4490 -0.9382028731 0.0000121554 6.781
4500 -0.9381905386 0.0000123345 6.736
4510 -0.9381784687 0.0000120700 6.800
4520 -0.9381664504 0.0000120182 6.769
4530 -0.9381544771 0.0000119733 6.726
4540 -0.9381425484 0.0000119287 6.799
4550 -0.9381306642 0.0000118843 6.778
4560 -0.9381188240 0.0000118402 6.977
4570 -0.9381070276 0.0000117964 6.952
4580 -0.9380952745 0.0000117531 6.919
4590 -0.9380835607 0.0000117138 6.834
4600 -0.9380716601 0.0000119006 6.828
4610 -0.9380600362 0.0000116239 6.837
4620 -0.9380484548 0.0000115814 6.933
4630 -0.9380369142 0.0000115407 7.021
4640 -0.9380251862 0.0000117279 6.860
4650 -0.9380137302 0.0000114560 6.874
4660 -0.9380022267 0.0000115035 6.877
4670 -0.9379907085 0.0000115182 6.855
4680 -0.9379793773 0.0000113311 6.863
4690 -0.9379680871 0.0000112902 6.841
4700 -0.9379568376 0.0000112495 6.854
4710 -0.9379456286 0.0000112091 6.865
4720 -0.9379344597 0.0000111688 6.848
4730 -0.9379233309 0.0000111288 6.829
4740 -0.9379122418 0.0000110891 6.823
4750 -0.9379011923 0.0000110496 6.843
4760 -0.9378901820 0.0000110103 6.879
4770 -0.9378792108 0.0000109712 6.811
4780 -0.9378682782 0.0000109326 6.832
4790 -0.9378573796 0.0000108986 6.819
4800 -0.9378462958 0.0000110838 6.832
4810 -0.9378354787 0.0000108172 6.874
4820 -0.9378246995 0.0000107792 6.854
4830 -0.9378139581 0.0000107414 6.853
4840 -0.9378032543 0.0000107038 6.836
4850 -0.9377925879 0.0000106664 6.874
4860 -0.9377819586 0.0000106293 6.836
4870 -0.9377713662 0.0000105924 6.912
4880 -0.9377608104 0.0000105558 6.881
4890 -0.9377502903 0.0000105202 6.916
4900 -0.9377395826 0.0000107076 6.900
4910 -0.9377291237 0.0000104589 6.920
4920 -0.9377187128 0.0000104109 6.853
4930 -0.9377083377 0.0000103752 6.924
4940 -0.9376979981 0.0000103396 6.875
4950 -0.9376876939 0.0000103042 6.838
4960 -0.9376774248 0.0000102690 6.783
4970 -0.9376671908 0.0000102340 6.799
4980 -0.9376569915 0.0000101993 6.716
4990 -0.9376468269 0.0000101646 6.775
5000 -0.9376366967 0.0000101302 6.737
5010 -0.9376266007 0.0000100960 6.751
5020 -0.9376165387 0.0000100620 6.765
5030 -0.9376065105 0.0000100282 6.750
5040 -0.9375965159 0.0000099946 6.761
5050 -0.9375865533 0.0000099626 6.776
5060 -0.9375763911 0.0000101621 6.738
5070 -0.9375664959 0.0000098952 6.735
5080 -0.9375566342 0.0000098617 6.740
5090 -0.9375468053 0.0000098289 6.770
5100 -0.9375370090 0.0000097963 6.770
5110 -0.9375272452 0.0000097638 6.739
5120 -0.9375175136 0.0000097315 6.723
5130 -0.9375078142 0.0000096994 6.710
5140 -0.9374981467 0.0000096675 6.737
5150 -0.9374885110 0.0000096357 6.747
5160 -0.9374789069 0.0000096041 6.788
5170 -0.9374693342 0.0000095727 6.772
5180 -0.9374597928 0.0000095414 6.770
5190 -0.9374502825 0.0000095103 6.757
5200 -0.9374408032 0.0000094793 6.744
5210 -0.9374313546 0.0000094486 6.743
5220 -0.9374219367 0.0000094179 6.716
5230 -0.9374125492 0.0000093875 6.736
5240 -0.9374031920 0.0000093572 6.734
5250 -0.9373938647 0.0000093273 6.778
5260 -0.9373845652 0.0000092995 6.742
5270 -0.9373750641 0.0000095011 6.724
5280 -0.9373658259 0.0000092381 6.761
5290 -0.9373566178 0.0000092082 6.805
5300 -0.9373474390 0.0000091788 6.785
5310 -0.9373382894 0.0000091495 6.794
5320 -0.9373291690 0.0000091204 6.758
5330 -0.9373200775 0.0000090915 6.745
5340 -0.9373110149 0.0000090627 6.777
5350 -0.9373019808 0.0000090340 6.775
5360 -0.9372929753 0.0000090055 6.814
5370 -0.9372839982 0.0000089771 6.788
5380 -0.9372750493 0.0000089489 6.767
5390 -0.9372661285 0.0000089208 6.774
5400 -0.9372572356 0.0000088929 6.857
5410 -0.9372483705 0.0000088651 6.797
5420 -0.9372395331 0.0000088374 6.766
5430 -0.9372307232 0.0000088099 6.778
5440 -0.9372219406 0.0000087825 6.799
5450 -0.9372131854 0.0000087553 6.909
5460 -0.9372044572 0.0000087281 6.819
5470 -0.9371957561 0.0000087012 6.783
5480 -0.9371870817 0.0000086743 6.781
5490 -0.9371784341 0.0000086476 6.803
5500 -0.9371698131 0.0000086210 6.798
5510 -0.9371612185 0.0000085946 6.778
5520 -0.9371526503 0.0000085683 6.801
5530 -0.9371441082 0.0000085421 6.779
5540 -0.9371355922 0.0000085160 6.770
5550 -0.9371271021 0.0000084901 6.780
5560 -0.9371186378 0.0000084643 6.770
5570 -0.9371101992 0.0000084386 6.768
5580 -0.9371017861 0.0000084131 6.758
5590 -0.9370933984 0.0000083877 6.763
5600 -0.9370850359 0.0000083625 6.795
5610 -0.9370766982 0.0000083377 6.852
5620 -0.9370683806 0.0000083175 6.812
5630 -0.9370598603 0.0000085203 6.872
5640 -0.9370513508 0.0000085095 6.791
5650 -0.9370426607 0.0000086901 6.812
5660 -0.9370344468 0.0000082139 6.774
5670 -0.9370262573 0.0000081895 6.759
5680 -0.9370180921 0.0000081653 6.814
5690 -0.9370099501 0.0000081420 6.767
5700 -0.9370016082 0.0000083419 6.764
5710 -0.9369935040 0.0000081042 6.820
5720 -0.9369854287 0.0000080752 6.768
5730 -0.9369771493 0.0000082794 6.767
5740 -0.9369688955 0.0000082538 6.775
5750 -0.9369608970 0.0000079985 6.761
5760 -0.9369529220 0.0000079750 6.786
5770 -0.9369449704 0.0000079516 6.740
5780 -0.9369370420 0.0000079284 6.784
5790 -0.9369291368 0.0000079052 6.799
5800 -0.9369212545 0.0000078822 6.988
5810 -0.9369133952 0.0000078593 6.779
5820 -0.9369055587 0.0000078365 6.810
5830 -0.9368977449 0.0000078138 6.780
5840 -0.9368899537 0.0000077912 6.778
5850 -0.9368821849 0.0000077688 6.815
5860 -0.9368744382 0.0000077467 6.765
5870 -0.9368667106 0.0000077276 6.790
5880 -0.9368587764 0.0000079342 6.745
5890 -0.9368510855 0.0000076909 6.816
5900 -0.9368432040 0.0000078815 6.791
5910 -0.9368355677 0.0000076364 6.798
5920 -0.9368279531 0.0000076146 6.807
5930 -0.9368203602 0.0000075929 6.754
5940 -0.9368127889 0.0000075713 6.787
5950 -0.9368052390 0.0000075499 6.787
5960 -0.9367977105 0.0000075285 6.793
5970 -0.9367902029 0.0000075075 6.818
5980 -0.9367827132 0.0000074897 6.879
5990 -0.9367750144 0.0000076988 6.822
6000 -0.9367675702 0.0000074441 7.302
6010 -0.9367601470 0.0000074232 7.113
6020 -0.9367527446 0.0000074024 6.840
6030 -0.9367453629 0.0000073817 6.809
6040 -0.9367380018 0.0000073611 7.080
6050 -0.9367306613 0.0000073405 6.815
6060 -0.9367233412 0.0000073201 6.832
6070 -0.9367160415 0.0000072997 6.759
6080 -0.9367087620 0.0000072795 6.758
6090 -0.9367015027 0.0000072593 6.790
6100 -0.9366942635 0.0000072392 6.845
6110 -0.9366870443 0.0000072192 6.756
6120 -0.9366798450 0.0000071993 6.780
6130 -0.9366726654 0.0000071795 6.987
6140 -0.9366655057 0.0000071598 6.771
6150 -0.9366583655 0.0000071401 6.826
6160 -0.9366512449 0.0000071206 6.748
6170 -0.9366441438 0.0000071011 6.806
6180 -0.9366370621 0.0000070817 6.779
6190 -0.9366299996 0.0000070625 6.975
6200 -0.9366229564 0.0000070432 6.793
6210 -0.9366159322 0.0000070241 6.772
6220 -0.9366089272 0.0000070051 6.785
6230 -0.9366019410 0.0000069861 6.785
6240 -0.9365949738 0.0000069673 6.780
6250 -0.9365880253 0.0000069485 6.775
6260 -0.9365810955 0.0000069298 6.746
6270 -0.9365741843 0.0000069112 6.776
6280 -0.9365672916 0.0000068928 6.817
6290 -0.9365604168 0.0000068748 6.764
6300 -0.9365535518 0.0000068650 6.747
6310 -0.9365462525 0.0000072993 6.771
6320 -0.9365394329 0.0000068196 6.743
6330 -0.9365326314 0.0000068014 6.878
6340 -0.9365258480 0.0000067834 6.805
6350 -0.9365190827 0.0000067654 6.796
6360 -0.9365123352 0.0000067475 6.787
6370 -0.9365056056 0.0000067296 6.766
6380 -0.9364988936 0.0000067119 6.764
6390 -0.9364921989 0.0000066948 6.759
6400 -0.9364854991 0.0000066998 6.770
6410 -0.9364786267 0.0000068724 6.749
6420 -0.9364719849 0.0000066417 6.765
6430 -0.9364653606 0.0000066243 6.784
6440 -0.9364587536 0.0000066070 6.997
6450 -0.9364521639 0.0000065897 6.819
6460 -0.9364455914 0.0000065725 7.034
6470 -0.9364390359 0.0000065554 6.808
6480 -0.9364324975 0.0000065384 6.802
6490 -0.9364259761 0.0000065214 6.759
6500 -0.9364194715 0.0000065046 6.819
6510 -0.9364129838 0.0000064878 6.826
6520 -0.9364065126 0.0000064711 6.860
6530 -0.9364000577 0.0000064550 6.814
6540 -0.9363935760 0.0000064816 6.764
6550 -0.9363869626 0.0000066134 6.751
6560 -0.9363805577 0.0000064049 6.791
6570 -0.9363741693 0.0000063885 6.759
6580 -0.9363677972 0.0000063721 6.784
6590 -0.9363614413 0.0000063558 6.736
6600 -0.9363551017 0.0000063396 6.712
6610 -0.9363487783 0.0000063235 6.773
6620 -0.9363424709 0.0000063074 6.804
6630 -0.9363361795 0.0000062914 6.770
6640 -0.9363299041 0.0000062754 6.797
6650 -0.9363236445 0.0000062595 6.930
6660 -0.9363174008 0.0000062437 6.889
6670 -0.9363111728 0.0000062280 6.802
6680 -0.9363049605 0.0000062123 6.807
6690 -0.9362987639 0.0000061967 6.795
6700 -0.9362925828 0.0000061811 6.876
6710 -0.9362864172 0.0000061656 6.829
6720 -0.9362802670 0.0000061502 6.879
6730 -0.9362741322 0.0000061348 6.866
6740 -0.9362680127 0.0000061195 6.843
6750 -0.9362619085 0.0000061042 6.800
6760 -0.9362558194 0.0000060891 6.834
6770 -0.9362497455 0.0000060739 6.793
6780 -0.9362436866 0.0000060589 6.787
6790 -0.9362376428 0.0000060439 6.784
6800 -0.9362316138 0.0000060289 6.762
6810 -0.9362255998 0.0000060140 6.777
6820 -0.9362196006 0.0000059992 6.820
6830 -0.9362136161 0.0000059845 6.787
6840 -0.9362076464 0.0000059698 6.924
6850 -0.9362016912 0.0000059551 6.862
6860 -0.9361957507 0.0000059405 6.822
6870 -0.9361898247 0.0000059260 6.800
6880 -0.9361839131 0.0000059116 6.847
6890 -0.9361780160 0.0000058972 6.901
6900 -0.9361721331 0.0000058829 6.808
6910 -0.9361662644 0.0000058687 6.758
6920 -0.9361604087 0.0000058556 6.857
6930 -0.9361543327 0.0000060761 6.803
6940 -0.9361485025 0.0000058301 6.920
6950 -0.9361422639 0.0000062387 7.022
6960 -0.9361364233 0.0000058405 6.809
6970 -0.9361306388 0.0000057845 6.827
6980 -0.9361248682 0.0000057706 6.863
6990 -0.9361191115 0.0000057567 6.884
7000 -0.9361133685 0.0000057429 6.779
7010 -0.9361076393 0.0000057292 6.792
7020 -0.9361019237 0.0000057156 6.790
7030 -0.9360962216 0.0000057021 6.834
7040 -0.9360905310 0.0000056906 6.821
7050 -0.9360846233 0.0000059078 6.784
7060 -0.9360789431 0.0000056802 6.768
7070 -0.9360728413 0.0000061018 6.800
7080 -0.9360672063 0.0000056350 6.788
7090 -0.9360615847 0.0000056216 6.796
7100 -0.9360559764 0.0000056083 6.806
7110 -0.9360503814 0.0000055951 6.798
7120 -0.9360447995 0.0000055819 6.802
7130 -0.9360392308 0.0000055687 6.840
7140 -0.9360336752 0.0000055556 6.870
7150 -0.9360281326 0.0000055426 6.776
7160 -0.9360226030 0.0000055296 6.821
7170 -0.9360170864 0.0000055167 6.869
7180 -0.9360115826 0.0000055038 6.865
7190 -0.9360060916 0.0000054910 6.828
7200 -0.9360006131 0.0000054785 6.951
7210 -0.9359951433 0.0000054698 6.842
7220 -0.9359894573 0.0000056860 6.985
7230 -0.9359840170 0.0000054403 6.845
7240 -0.9359785894 0.0000054276 6.827
7250 -0.9359731743 0.0000054151 6.769
7260 -0.9359677718 0.0000054026 6.979
7270 -0.9359623817 0.0000053901 7.036
7280 -0.9359570040 0.0000053777 6.797
7290 -0.9359516387 0.0000053653 6.771
7300 -0.9359462857 0.0000053530 6.785
7310 -0.9359409450 0.0000053407 6.811
7320 -0.9359356166 0.0000053285 6.773
7330 -0.9359303003 0.0000053163 6.766
7340 -0.9359249962 0.0000053041 6.776
7350 -0.9359197041 0.0000052920 6.810
7360 -0.9359144241 0.0000052800 6.822
7370 -0.9359091561 0.0000052680 6.818
7380 -0.9359038999 0.0000052562 6.886
7390 -0.9358986553 0.0000052446 6.833
7400 -0.9358934155 0.0000052399 6.928
7410 -0.9358879473 0.0000054682 6.841
7420 -0.9358825250 0.0000054223 6.814
7430 -0.9358773224 0.0000052026 6.815
7440 -0.9358719054 0.0000054170 6.949
7450 -0.9358667314 0.0000051740 6.957
7460 -0.9358615690 0.0000051624 6.789
7470 -0.9358564181 0.0000051508 6.824
7480 -0.9358512789 0.0000051393 6.859
7490 -0.9358461510 0.0000051278 6.792
7500 -0.9358410346 0.0000051164 6.905
7510 -0.9358359295 0.0000051051 6.906
7520 -0.9358308349 0.0000050946 6.866
7530 -0.9358255166 0.0000053182 6.761
7540 -0.9358204429 0.0000050737 6.784
7550 -0.9358151500 0.0000052929 6.792
7560 -0.9358101011 0.0000050489 6.797
7570 -0.9358050634 0.0000050377 6.848
7580 -0.9358000369 0.0000050265 6.919
7590 -0.9357950215 0.0000050154 6.869
7600 -0.9357900171 0.0000050044 6.819
7610 -0.9357850237 0.0000049934 6.913
7620 -0.9357800413 0.0000049824 6.811
7630 -0.9357750699 0.0000049715 6.803
7640 -0.9357701093 0.0000049606 6.815
7650 -0.9357651596 0.0000049497 6.972
7660 -0.9357602207 0.0000049389 6.876
7670 -0.9357552926 0.0000049281 6.801
7680 -0.9357503752 0.0000049174 6.829
7690 -0.9357454685 0.0000049067 6.845
7700 -0.9357405725 0.0000048960 6.822
7710 -0.9357356870 0.0000048855 6.801
7720 -0.9357308119 0.0000048751 6.793
7730 -0.9357259443 0.0000048676 6.776
7740 -0.9357208563 0.0000050880 6.805
7750 -0.9357160128 0.0000048435 6.730
7760 -0.9357111798 0.0000048330 6.833
7770 -0.9357063572 0.0000048226 6.810
7780 -0.9357015449 0.0000048123 6.773
7790 -0.9356967429 0.0000048020 6.828
7800 -0.9356919509 0.0000047920 6.815
7810 -0.9356871615 0.0000047894 6.819
7820 -0.9356821622 0.0000049993 6.828
7830 -0.9356774011 0.0000047611 6.860
7840 -0.9356726500 0.0000047510 6.788
7850 -0.9356679087 0.0000047413 6.925
7860 -0.9356631669 0.0000047418 6.830
7870 -0.9356582239 0.0000049430 6.795
7880 -0.9356535131 0.0000047108 6.777
7890 -0.9356488122 0.0000047008 6.781
7900 -0.9356441214 0.0000046909 6.763
7910 -0.9356394404 0.0000046809 6.783
7920 -0.9356347694 0.0000046711 6.805
7930 -0.9356301082 0.0000046612 6.820
7940 -0.9356254568 0.0000046514 6.820
7950 -0.9356208151 0.0000046416 6.796
7960 -0.9356161833 0.0000046319 6.806
7970 -0.9356115611 0.0000046222 6.801
7980 -0.9356069486 0.0000046125 6.799
7990 -0.9356023458 0.0000046028 6.822
8000 -0.9355977526 0.0000045932 6.767
8010 -0.9355931690 0.0000045836 6.779
8020 -0.9355885948 0.0000045741 6.799
8030 -0.9355840302 0.0000045646 6.823
8040 -0.9355794750 0.0000045552 6.786
8050 -0.9355749286 0.0000045463 6.768
8060 -0.9355703691 0.0000045596 6.750
8070 -0.9355656274 0.0000047417 6.770
8080 -0.9355610953 0.0000045321 6.771
8090 -0.9355563660 0.0000047294 6.736
8100 -0.9355518668 0.0000044992 6.757
8110 -0.9355473768 0.0000044899 6.776
8120 -0.9355428961 0.0000044807 6.741
8130 -0.9355384247 0.0000044715 6.754
8140 -0.9355339624 0.0000044623 6.743
8150 -0.9355295092 0.0000044532 6.786
8160 -0.9355250652 0.0000044440 6.734
8170 -0.9355206302 0.0000044350 6.765
8180 -0.9355162043 0.0000044259 6.780
8190 -0.9355117874 0.0000044169 6.735
8200 -0.9355073796 0.0000044079 6.773
8210 -0.9355029806 0.0000043989 6.714
8220 -0.9354985907 0.0000043900 6.741
8230 -0.9354942096 0.0000043811 6.749
8240 -0.9354898374 0.0000043722 6.788
8250 -0.9354854740 0.0000043633 6.790
8260 -0.9354811195 0.0000043545 6.798
8270 -0.9354767738 0.0000043457 6.738
8280 -0.9354724368 0.0000043370 6.741
8290 -0.9354681086 0.0000043282 6.758
8300 -0.9354637890 0.0000043195 6.790
8310 -0.9354594781 0.0000043109 6.757
8320 -0.9354551759 0.0000043022 6.763
8330 -0.9354508823 0.0000042936 6.773
8340 -0.9354465973 0.0000042850 6.728
8350 -0.9354423208 0.0000042765 6.760
8360 -0.9354380529 0.0000042679 6.712
8370 -0.9354337935 0.0000042594 6.781
8380 -0.9354295426 0.0000042509 6.749
8390 -0.9354253001 0.0000042425 6.745
8400 -0.9354210660 0.0000042341 6.734
8410 -0.9354168404 0.0000042257 6.761
8420 -0.9354126231 0.0000042173 6.767
8430 -0.9354084141 0.0000042090 6.745
8440 -0.9354042135 0.0000042006 6.767
8450 -0.9354000211 0.0000041923 6.735
8460 -0.9353958370 0.0000041841 6.730
8470 -0.9353916612 0.0000041759 6.739
8480 -0.9353874935 0.0000041676 6.747
8490 -0.9353833341 0.0000041595 6.741
8500 -0.9353791828 0.0000041513 6.757
8510 -0.9353750396 0.0000041432 6.735
8520 -0.9353709045 0.0000041351 6.767
8530 -0.9353667775 0.0000041270 6.743
8540 -0.9353626586 0.0000041189 6.749
8550 -0.9353585477 0.0000041109 6.724
8560 -0.9353544448 0.0000041029 6.752
8570 -0.9353503499 0.0000040949 6.727
8580 -0.9353462629 0.0000040870 6.733
8590 -0.9353421838 0.0000040791 6.745
8600 -0.9353381127 0.0000040712 6.750
8610 -0.9353340494 0.0000040633 6.797
8620 -0.9353299939 0.0000040554 6.749
8630 -0.9353259463 0.0000040476 6.758
8640 -0.9353219065 0.0000040398 6.761
8650 -0.9353178745 0.0000040320 6.767
8660 -0.9353138502 0.0000040243 6.738
8670 -0.9353098337 0.0000040165 6.746
8680 -0.9353058249 0.0000040088 6.743
8690 -0.9353018237 0.0000040012 6.751
8700 -0.9352978302 0.0000039935 6.755
8710 -0.9352938443 0.0000039859 6.741
8720 -0.9352898661 0.0000039783 6.734
8730 -0.9352858954 0.0000039707 6.738
8740 -0.9352819322 0.0000039631 6.717
8750 -0.9352779767 0.0000039556 6.744
8760 -0.9352740286 0.0000039481 6.780
8770 -0.9352700880 0.0000039406 6.750
8780 -0.9352661549 0.0000039331 6.756
8790 -0.9352622292 0.0000039257 6.796
8800 -0.9352583110 0.0000039182 6.751
8810 -0.9352544001 0.0000039109 6.770
8820 -0.9352504967 0.0000039035 6.787
8830 -0.9352466005 0.0000038961 6.760
8840 -0.9352427117 0.0000038888 6.736
8850 -0.9352388303 0.0000038815 6.731
8860 -0.9352349561 0.0000038742 6.772
8870 -0.9352310891 0.0000038669 6.732
8880 -0.9352272294 0.0000038597 6.774
8890 -0.9352233769 0.0000038525 6.735
8900 -0.9352195316 0.0000038453 6.758
8910 -0.9352156935 0.0000038381 6.740
8920 -0.9352118626 0.0000038310 6.738
8930 -0.9352080387 0.0000038238 6.739
8940 -0.9352042220 0.0000038167 6.730
8950 -0.9352004124 0.0000038096 6.753
8960 -0.9351966098 0.0000038026 6.775
8970 -0.9351928143 0.0000037955 6.746
8980 -0.9351890258 0.0000037885 6.802
8990 -0.9351852443 0.0000037815 6.755
9000 -0.9351814697 0.0000037745 6.760
9010 -0.9351777022 0.0000037676 6.741
9020 -0.9351739415 0.0000037606 6.760
9030 -0.9351701878 0.0000037537 6.743
9040 -0.9351664410 0.0000037468 6.767
9050 -0.9351627010 0.0000037400 6.787
9060 -0.9351589678 0.0000037331 6.743
9070 -0.9351552415 0.0000037264 6.763
9080 -0.9351515218 0.0000037197 6.763
9090 -0.9351478078 0.0000037140 6.749
9100 -0.9351438706 0.0000039372 6.753
9110 -0.9351401624 0.0000037083 6.758
9120 -0.9351362401 0.0000039222 6.723
9130 -0.9351325541 0.0000036860 6.731
9140 -0.9351288748 0.0000036793 6.740
9150 -0.9351252022 0.0000036726 6.757
9160 -0.9351215362 0.0000036660 6.759
9170 -0.9351178769 0.0000036593 6.761
9180 -0.9351142241 0.0000036527 6.735
9190 -0.9351105780 0.0000036461 6.734
9200 -0.9351069385 0.0000036395 6.727
9210 -0.9351033055 0.0000036330 6.752
9220 -0.9350996790 0.0000036264 6.741
9230 -0.9350960591 0.0000036199 6.728
9240 -0.9350924457 0.0000036134 6.884
9250 -0.9350888387 0.0000036069 6.766
9260 -0.9350852383 0.0000036005 6.756
9270 -0.9350816442 0.0000035940 6.746
9280 -0.9350780566 0.0000035876 6.742
9290 -0.9350744754 0.0000035812 6.785
9300 -0.9350709006 0.0000035748 6.747
9310 -0.9350673321 0.0000035685 6.766
9320 -0.9350637700 0.0000035621 6.727
9330 -0.9350602142 0.0000035558 6.768
9340 -0.9350566647 0.0000035495 6.747
9350 -0.9350531216 0.0000035432 6.795
9360 -0.9350495847 0.0000035369 6.801
9370 -0.9350460540 0.0000035306 6.727
9380 -0.9350425296 0.0000035244 6.740
9390 -0.9350390115 0.0000035182 6.779
9400 -0.9350354995 0.0000035120 6.794
9410 -0.9350319937 0.0000035058 6.765
9420 -0.9350284941 0.0000034996 6.747
9430 -0.9350250006 0.0000034935 6.776
9440 -0.9350215132 0.0000034873 6.759
9450 -0.9350180320 0.0000034812 6.719
9460 -0.9350145569 0.0000034751 6.737
9470 -0.9350110878 0.0000034691 6.766
9480 -0.9350076248 0.0000034630 6.819
9490 -0.9350041679 0.0000034570 6.761
9500 -0.9350007170 0.0000034509 6.772
9510 -0.9349972720 0.0000034449 6.813
9520 -0.9349938331 0.0000034389 6.769
9530 -0.9349904002 0.0000034330 6.827
9540 -0.9349869732 0.0000034270 6.773
9550 -0.9349835521 0.0000034211 6.810
9560 -0.9349801370 0.0000034151 6.756
9570 -0.9349767277 0.0000034092 6.796
9580 -0.9349733244 0.0000034034 6.802
9590 -0.9349699268 0.0000033975 6.766
9600 -0.9349665350 0.0000033918 6.791
9610 -0.9349631484 0.0000033866 6.864
9620 -0.9349597295 0.0000034189 6.825
9630 -0.9349561569 0.0000035726 6.758
9640 -0.9349527884 0.0000033686 6.794
9650 -0.9349494256 0.0000033628 6.815
9660 -0.9349460686 0.0000033570 6.838
9670 -0.9349427173 0.0000033513 6.804
9680 -0.9349393717 0.0000033455 6.774
9690 -0.9349360319 0.0000033398 6.769
9700 -0.9349326978 0.0000033341 6.798
9710 -0.9349293693 0.0000033285 6.789
9720 -0.9349260465 0.0000033228 6.753
9730 -0.9349227294 0.0000033171 6.788
9740 -0.9349194179 0.0000033115 6.986
9750 -0.9349161120 0.0000033059 6.799
9760 -0.9349128117 0.0000033003 6.879
9770 -0.9349095170 0.0000032947 6.915
9780 -0.9349062279 0.0000032891 6.863
9790 -0.9349029443 0.0000032836 6.848
9800 -0.9348996663 0.0000032780 6.788
9810 -0.9348963938 0.0000032725 6.818
9820 -0.9348931268 0.0000032670 6.810
9830 -0.9348898652 0.0000032615 6.820
9840 -0.9348866092 0.0000032560 6.782
9850 -0.9348833587 0.0000032506 6.824
9860 -0.9348801135 0.0000032451 6.771
9870 -0.9348768739 0.0000032397 6.827
9880 -0.9348736396 0.0000032343 6.783
9890 -0.9348704108 0.0000032289 6.772
9900 -0.9348671873 0.0000032235 6.780
9910 -0.9348639692 0.0000032181 6.773
9920 -0.9348607565 0.0000032127 6.744
9930 -0.9348575491 0.0000032074 6.802
9940 -0.9348543470 0.0000032021 6.768
9950 -0.9348511503 0.0000031967 6.821
9960 -0.9348479588 0.0000031914 6.824
9970 -0.9348447727 0.0000031862 6.769
9980 -0.9348415918 0.0000031809 6.835
9990 -0.9348384162 0.0000031756 6.883
10000 -0.9348352458 0.0000031704 6.820
10010 -0.9348320807 0.0000031651 6.830
10020 -0.9348289207 0.0000031599 6.778
10030 -0.9348257660 0.0000031547 6.778
10040 -0.9348226165 0.0000031495 6.774
10050 -0.9348194721 0.0000031444 6.803
10060 -0.9348163329 0.0000031392 6.844
10070 -0.9348131988 0.0000031341 6.859
10080 -0.9348100699 0.0000031289 6.806
10090 -0.9348069461 0.0000031238 6.819
10100 -0.9348038274 0.0000031187 6.847
10110 -0.9348007137 0.0000031136 6.803
10120 -0.9347976052 0.0000031085 6.854
10130 -0.9347945017 0.0000031035 6.809
10140 -0.9347914033 0.0000030984 6.787
10150 -0.9347883099 0.0000030934 6.824
10160 -0.9347852215 0.0000030884 6.854
10170 -0.9347821381 0.0000030834 6.838
10180 -0.9347790598 0.0000030784 6.804
10190 -0.9347759864 0.0000030734 6.873
10200 -0.9347729180 0.0000030684 6.756
10210 -0.9347698545 0.0000030635 6.733
10220 -0.9347667960 0.0000030585 6.756
10230 -0.9347637424 0.0000030536 6.717
10240 -0.9347606937 0.0000030487 6.766
10250 -0.9347576499 0.0000030438 6.720
10260 -0.9347546110 0.0000030389 6.762
10270 -0.9347515770 0.0000030340 6.725
10280 -0.9347485478 0.0000030292 6.768
10290 -0.9347455235 0.0000030243 6.748
10300 -0.9347425040 0.0000030195 6.748
10310 -0.9347394893 0.0000030147 6.714
10320 -0.9347364792 0.0000030101 6.713
10330 -0.9347334724 0.0000030069 6.727
10340 -0.9347302374 0.0000032350 6.719
10350 -0.9347272416 0.0000029958 6.730
10360 -0.9347242508 0.0000029909 6.757
10370 -0.9347212647 0.0000029861 6.841
10380 -0.9347182833 0.0000029814 6.819
10390 -0.9347153067 0.0000029766 6.804
10400 -0.9347123347 0.0000029719 6.785
10410 -0.9347093675 0.0000029672 6.793
10420 -0.9347064050 0.0000029625 6.772
10430 -0.9347034471 0.0000029579 6.773
10440 -0.9347004939 0.0000029532 6.787
10450 -0.9346975454 0.0000029485 6.779
10460 -0.9346946015 0.0000029439 6.764
10470 -0.9346916622 0.0000029393 6.817
10480 -0.9346887276 0.0000029347 6.787
10490 -0.9346857975 0.0000029300 6.768
10500 -0.9346828721 0.0000029255 6.774
10510 -0.9346799512 0.0000029209 6.766
10520 -0.9346770349 0.0000029163 6.766
10530 -0.9346741232 0.0000029117 6.776
10540 -0.9346712159 0.0000029072 6.789
10550 -0.9346683133 0.0000029027 6.781
10560 -0.9346654151 0.0000028981 6.777
10570 -0.9346625215 0.0000028936 6.773
10580 -0.9346596324 0.0000028891 6.789
10590 -0.9346567477 0.0000028847 6.796
10600 -0.9346538675 0.0000028802 6.780
10610 -0.9346509918 0.0000028757 6.872
10620 -0.9346481205 0.0000028713 6.784
10630 -0.9346452536 0.0000028669 6.794
10640 -0.9346423912 0.0000028625 6.776
10650 -0.9346395330 0.0000028582 6.801
10660 -0.9346366784 0.0000028546 6.769
10670 -0.9346336582 0.0000030202 6.788
10680 -0.9346307469 0.0000029113 6.779
10690 -0.9346276922 0.0000030548 6.806
10700 -0.9346248386 0.0000028536 6.786
10710 -0.9346220066 0.0000028320 6.795
10720 -0.9346191790 0.0000028276 6.852
10730 -0.9346163557 0.0000028233 6.829
10740 -0.9346135367 0.0000028190 6.824
10750 -0.9346107221 0.0000028147 6.966
10760 -0.9346079117 0.0000028104 6.810
10770 -0.9346051056 0.0000028061 6.829
10780 -0.9346023038 0.0000028018 6.837
10790 -0.9345995063 0.0000027975 6.850
10800 -0.9345967130 0.0000027933 6.859
10810 -0.9345939240 0.0000027890 6.867
10820 -0.9345911392 0.0000027848 6.811
10830 -0.9345883586 0.0000027806 6.829
10840 -0.9345855822 0.0000027764 6.841
10850 -0.9345828100 0.0000027722 6.822
10860 -0.9345800421 0.0000027680 6.812
10870 -0.9345772783 0.0000027638 6.812
10880 -0.9345745186 0.0000027596 6.807
10890 -0.9345717631 0.0000027555 6.782
10900 -0.9345690117 0.0000027514 6.803
10910 -0.9345662642 0.0000027475 6.764
10920 -0.9345635176 0.0000027466 6.827
10930 -0.9345605454 0.0000029722 6.769
10940 -0.9345578104 0.0000027350 6.730
10950 -0.9345550795 0.0000027309 6.787
10960 -0.9345523527 0.0000027268 6.759
10970 -0.9345496300 0.0000027227 6.733
10980 -0.9345469113 0.0000027187 6.780
10990 -0.9345441967 0.0000027146 6.791
11000 -0.9345414861 0.0000027106 6.814
11010 -0.9345387796 0.0000027065 6.787
11020 -0.9345360770 0.0000027026 6.794
11030 -0.9345333782 0.0000026988 6.805
11040 -0.9345306796 0.0000026986 6.853
11050 -0.9345277563 0.0000029233 6.803
11060 -0.9345250697 0.0000026866 6.799
11070 -0.9345223870 0.0000026826 6.746
11080 -0.9345197083 0.0000026787 6.794
11090 -0.9345170336 0.0000026747 6.798
11100 -0.9345143629 0.0000026708 6.813
11110 -0.9345116960 0.0000026668 6.753
11120 -0.9345090331 0.0000026629 6.792
11130 -0.9345063741 0.0000026590 6.777
11140 -0.9345037190 0.0000026551 6.790
11150 -0.9345010676 0.0000026514 6.839
11160 -0.9344984194 0.0000026482 6.830
11170 -0.9344956974 0.0000027221 6.777
11180 -0.9344928974 0.0000028000 6.767
11190 -0.9344900261 0.0000028713 6.793
11200 -0.9344873933 0.0000026328 6.823
11210 -0.9344847650 0.0000026283 6.809
11220 -0.9344821406 0.0000026244 6.772
11230 -0.9344795200 0.0000026206 6.772
11240 -0.9344769032 0.0000026168 6.887
11250 -0.9344742902 0.0000026130 6.880
11260 -0.9344716810 0.0000026092 6.823
11270 -0.9344690757 0.0000026054 6.849
11280 -0.9344664741 0.0000026016 6.833
11290 -0.9344638763 0.0000025978 6.795
11300 -0.9344612822 0.0000025940 6.798
11310 -0.9344586919 0.0000025903 6.784
11320 -0.9344561054 0.0000025865 6.750
11330 -0.9344535226 0.0000025828 6.804
11340 -0.9344509436 0.0000025791 6.771
11350 -0.9344483682 0.0000025753 6.791
11360 -0.9344457966 0.0000025717 6.799
11370 -0.9344432286 0.0000025680 6.751
11380 -0.9344406641 0.0000025645 6.757
11390 -0.9344381005 0.0000025635 6.793
11400 -0.9344353126 0.0000027880 6.816
11410 -0.9344327592 0.0000025533 6.850
11420 -0.9344302096 0.0000025496 6.799
11430 -0.9344276636 0.0000025460 6.803
11440 -0.9344251213 0.0000025423 6.786
11450 -0.9344225826 0.0000025387 6.777
11460 -0.9344200476 0.0000025351 6.780
11470 -0.9344175161 0.0000025314 6.869
11480 -0.9344149883 0.0000025278 6.816
11490 -0.9344124641 0.0000025242 6.814
11500 -0.9344099434 0.0000025206 6.818
11510 -0.9344074264 0.0000025170 6.825
11520 -0.9344049129 0.0000025135 6.833
11530 -0.9344024030 0.0000025099 6.813
11540 -0.9343998967 0.0000025063 6.848
11550 -0.9343973939 0.0000025028 6.794
11560 -0.9343948947 0.0000024992 6.761
11570 -0.9343923990 0.0000024957 6.778
11580 -0.9343899068 0.0000024922 6.813
11590 -0.9343874181 0.0000024887 6.779
11600 -0.9343849330 0.0000024851 6.774
11610 -0.9343824513 0.0000024816 6.764
11620 -0.9343799732 0.0000024781 6.768
11630 -0.9343774985 0.0000024747 6.811
11640 -0.9343750274 0.0000024712 6.794
11650 -0.9343725596 0.0000024677 6.787
11660 -0.9343700954 0.0000024643 6.746
11670 -0.9343676346 0.0000024608 6.772
11680 -0.9343651772 0.0000024574 6.774
11690 -0.9343627233 0.0000024539 6.779
11700 -0.9343602729 0.0000024505 6.772
11710 -0.9343578258 0.0000024471 6.773
11720 -0.9343553821 0.0000024436 6.759
11730 -0.9343529419 0.0000024402 6.772
11740 -0.9343505051 0.0000024368 6.774
11750 -0.9343480716 0.0000024334 6.758
11760 -0.9343456416 0.0000024301 6.797
11770 -0.9343432149 0.0000024267 6.786
11780 -0.9343407915 0.0000024233 6.799
11790 -0.9343383716 0.0000024200 6.768
11800 -0.9343359550 0.0000024166 6.765
11810 -0.9343335417 0.0000024133 6.796
11820 -0.9343311318 0.0000024099 6.766
11830 -0.9343287252 0.0000024066 6.793
11840 -0.9343263219 0.0000024033 6.746
11850 -0.9343239219 0.0000024000 6.776
11860 -0.9343215253 0.0000023967 6.873
11870 -0.9343191319 0.0000023934 6.803
11880 -0.9343167418 0.0000023901 6.808
11890 -0.9343143550 0.0000023868 6.969
11900 -0.9343119715 0.0000023835 6.828
11910 -0.9343095913 0.0000023802 6.792
11920 -0.9343072143 0.0000023770 6.786
11930 -0.9343048406 0.0000023737 6.842
11940 -0.9343024701 0.0000023705 6.764
11950 -0.9343001028 0.0000023672 6.786
11960 -0.9342977388 0.0000023640 6.766
11970 -0.9342953780 0.0000023608 6.783
11980 -0.9342930205 0.0000023576 6.798
11990 -0.9342906661 0.0000023544 6.773
12000 -0.9342883150 0.0000023512 6.788
12010 -0.9342859670 0.0000023480 6.791
12020 -0.9342836222 0.0000023448 6.812
12030 -0.9342812806 0.0000023416 6.839
12040 -0.9342789422 0.0000023384 6.825
12050 -0.9342766069 0.0000023353 6.853
12060 -0.9342742748 0.0000023321 6.868
12070 -0.9342719459 0.0000023290 6.830
12080 -0.9342696201 0.0000023258 6.799
12090 -0.9342672974 0.0000023227 6.800
12100 -0.9342649778 0.0000023196 6.803
12110 -0.9342626611 0.0000023167 6.747
12120 -0.9342603429 0.0000023181 6.786
12130 -0.9342578056 0.0000025373 6.761
12140 -0.9342554984 0.0000023072 6.737
12150 -0.9342531944 0.0000023041 6.808
12160 -0.9342508934 0.0000023010 6.867
12170 -0.9342485955 0.0000022979 6.763
12180 -0.9342463007 0.0000022948 6.760
12190 -0.9342440090 0.0000022917 6.796
12200 -0.9342417203 0.0000022887 6.800
12210 -0.9342394347 0.0000022856 6.795
12220 -0.9342371521 0.0000022826 6.824
12230 -0.9342348726 0.0000022795 6.958
12240 -0.9342325961 0.0000022765 6.957
12250 -0.9342303226 0.0000022735 6.964
12260 -0.9342280522 0.0000022704 6.928
12270 -0.9342257848 0.0000022674 6.857
12280 -0.9342235203 0.0000022644 6.815
12290 -0.9342212589 0.0000022614 6.768
12300 -0.9342190005 0.0000022584 6.766
12310 -0.9342167451 0.0000022554 6.801
12320 -0.9342144926 0.0000022525 6.804
12330 -0.9342122431 0.0000022495 6.770
12340 -0.9342099966 0.0000022465 6.743
12350 -0.9342077531 0.0000022435 6.753
12360 -0.9342055125 0.0000022406 6.775
12370 -0.9342032749 0.0000022376 6.749
12380 -0.9342010402 0.0000022347 6.778
12390 -0.9341988084 0.0000022318 6.779
12400 -0.9341965796 0.0000022288 6.774
12410 -0.9341943536 0.0000022259 6.784
12420 -0.9341921306 0.0000022230 6.757
12430 -0.9341899106 0.0000022201 6.750
12440 -0.9341876934 0.0000022172 6.768
12450 -0.9341854791 0.0000022143 6.751
12460 -0.9341832677 0.0000022114 6.780
12470 -0.9341810591 0.0000022085 6.785
12480 -0.9341788535 0.0000022057 6.790
12490 -0.9341766506 0.0000022028 6.780
12500 -0.9341744506 0.0000022001 6.763
12510 -0.9341722529 0.0000021977 6.767
12520 -0.9341700492 0.0000022037 6.730
12530 -0.9341673978 0.0000026514 6.754
12540 -0.9341652091 0.0000021887 6.820
12550 -0.9341630232 0.0000021859 6.798
12560 -0.9341608401 0.0000021831 6.786
12570 -0.9341586599 0.0000021802 6.781
12580 -0.9341564824 0.0000021775 6.787
12590 -0.9341543077 0.0000021747 6.790
12600 -0.9341521356 0.0000021721 6.790
12610 -0.9341499630 0.0000021725 6.772
12620 -0.9341475622 0.0000024008 6.781
12630 -0.9341453987 0.0000021636 6.781
12640 -0.9341432379 0.0000021608 6.803
12650 -0.9341410799 0.0000021580 6.786
12660 -0.9341389246 0.0000021552 6.817
12670 -0.9341367721 0.0000021525 6.801
12680 -0.9341346224 0.0000021497 6.772
12690 -0.9341324755 0.0000021470 6.791
12700 -0.9341303313 0.0000021442 6.765
12710 -0.9341281898 0.0000021415 6.789
12720 -0.9341260511 0.0000021387 6.780
12730 -0.9341239151 0.0000021360 6.768
12740 -0.9341217818 0.0000021333 6.780
12750 -0.9341196512 0.0000021306 6.784
12760 -0.9341175234 0.0000021279 6.780
12770 -0.9341153982 0.0000021252 6.821
12780 -0.9341132758 0.0000021225 6.873
12790 -0.9341111559 0.0000021198 6.794
12800 -0.9341090386 0.0000021174 6.823
12810 -0.9341069208 0.0000021178 6.758
12820 -0.9341045756 0.0000023451 6.766
12830 -0.9341024665 0.0000021092 6.733
12840 -0.9341003600 0.0000021065 6.754
12850 -0.9340982562 0.0000021038 6.801
12860 -0.9340961550 0.0000021012 6.782
12870 -0.9340940565 0.0000020985 6.732
12880 -0.9340919607 0.0000020959 6.747
12890 -0.9340898674 0.0000020932 6.786
12900 -0.9340877769 0.0000020906 6.748
12910 -0.9340856889 0.0000020880 6.796
12920 -0.9340836036 0.0000020853 6.767
12930 -0.9340815209 0.0000020827 6.782
12940 -0.9340794407 0.0000020801 6.801
12950 -0.9340773632 0.0000020775 6.785
12960 -0.9340752882 0.0000020750 6.768
12970 -0.9340732157 0.0000020726 6.771
12980 -0.9340711437 0.0000020720 6.746
12990 -0.9340688416 0.0000023021 6.769
13000 -0.9340667769 0.0000020647 6.741
13010 -0.9340647148 0.0000020621 7.167
13020 -0.9340626552 0.0000020595 6.823
13030 -0.9340605983 0.0000020570 6.903
13040 -0.9340585438 0.0000020544 6.890
13050 -0.9340564920 0.0000020519 6.831
13060 -0.9340544427 0.0000020493 6.855
13070 -0.9340523959 0.0000020468 6.764
13080 -0.9340503516 0.0000020443 6.762
13090 -0.9340483098 0.0000020418 6.776
13100 -0.9340462700 0.0000020398 6.769
13110 -0.9340441992 0.0000020708 6.744
13120 -0.9340419640 0.0000022351 6.799
13130 -0.9340399323 0.0000020317 6.762
13140 -0.9340379031 0.0000020292 6.779
13150 -0.9340358764 0.0000020267 6.809
13160 -0.9340338523 0.0000020242 6.857
13170 -0.9340318306 0.0000020217 6.849
13180 -0.9340298113 0.0000020192 6.835
13190 -0.9340277946 0.0000020167 6.849
13200 -0.9340257804 0.0000020142 6.854
13210 -0.9340237686 0.0000020118 6.916
13220 -0.9340217593 0.0000020093 6.916
13230 -0.9340197525 0.0000020068 6.810
13240 -0.9340177481 0.0000020044 6.769
13250 -0.9340157461 0.0000020019 6.747
13260 -0.9340137467 0.0000019995 6.796
13270 -0.9340117496 0.0000019970 6.778
13280 -0.9340097550 0.0000019946 6.750
13290 -0.9340077629 0.0000019922 6.724
13300 -0.9340057731 0.0000019897 6.771
13310 -0.9340037858 0.0000019873 6.746
13320 -0.9340018009 0.0000019849 6.738
13330 -0.9339998184 0.0000019825 6.753
13340 -0.9339978383 0.0000019801 6.735
13350 -0.9339958607 0.0000019777 6.807
13360 -0.9339938854 0.0000019753 6.735
13370 -0.9339919125 0.0000019729 6.733
13380 -0.9339899420 0.0000019705 6.753
13390 -0.9339879739 0.0000019681 6.770
13400 -0.9339860082 0.0000019657 6.778
13410 -0.9339840448 0.0000019634 6.753
13420 -0.9339820838 0.0000019610 6.767
13430 -0.9339801252 0.0000019586 6.725
13440 -0.9339781689 0.0000019563 6.736
13450 -0.9339762149 0.0000019540 6.733
13460 -0.9339742632 0.0000019517 6.724
13470 -0.9339723135 0.0000019497 6.754
13480 -0.9339703564 0.0000019571 6.747
13490 -0.9339681847 0.0000021717 6.728
13500 -0.9339662423 0.0000019424 6.751
13510 -0.9339643023 0.0000019400 6.762
13520 -0.9339623646 0.0000019377 6.727
13530 -0.9339604292 0.0000019354 6.735
13540 -0.9339584962 0.0000019331 6.756
13550 -0.9339565654 0.0000019308 6.764
13560 -0.9339546370 0.0000019284 6.762
13570 -0.9339527108 0.0000019261 6.741
13580 -0.9339507870 0.0000019238 6.727
13590 -0.9339488654 0.0000019216 6.723
13600 -0.9339469462 0.0000019193 6.736
13610 -0.9339450292 0.0000019170 6.744
13620 -0.9339431145 0.0000019147 6.781
13630 -0.9339412020 0.0000019124 6.741
13640 -0.9339392919 0.0000019102 6.815
13650 -0.9339373840 0.0000019079 6.738
13660 -0.9339354783 0.0000019056 6.744
13670 -0.9339335749 0.0000019034 6.748
13680 -0.9339316738 0.0000019011 6.750
13690 -0.9339297749 0.0000018989 6.762
13700 -0.9339278783 0.0000018966 6.721
13710 -0.9339259839 0.0000018944 6.706
13720 -0.9339240917 0.0000018922 6.732
13730 -0.9339222018 0.0000018899 6.723
13740 -0.9339203140 0.0000018877 6.744
13750 -0.9339184286 0.0000018855 6.748
13760 -0.9339165453 0.0000018833 6.738
13770 -0.9339146642 0.0000018811 6.796
13780 -0.9339127853 0.0000018789 6.731
13790 -0.9339109087 0.0000018767 6.760
13800 -0.9339090342 0.0000018745 6.782
13810 -0.9339071620 0.0000018723 6.738
13820 -0.9339052919 0.0000018701 6.727
13830 -0.9339034240 0.0000018679 6.744
13840 -0.9339015583 0.0000018657 6.746
13850 -0.9338996948 0.0000018635 6.735
13860 -0.9338978334 0.0000018614 6.742
13870 -0.9338959742 0.0000018592 6.776
13880 -0.9338941172 0.0000018570 6.794
13890 -0.9338922624 0.0000018549 6.743
13900 -0.9338904097 0.0000018527 6.734
13910 -0.9338885591 0.0000018506 6.747
13920 -0.9338867107 0.0000018484 6.719
13930 -0.9338848644 0.0000018463 6.707
13940 -0.9338830203 0.0000018441 6.735
13950 -0.9338811783 0.0000018420 6.733
13960 -0.9338793385 0.0000018399 6.730
13970 -0.9338775008 0.0000018377 6.747
13980 -0.9338756652 0.0000018356 6.768
13990 -0.9338738317 0.0000018335 6.746
14000 -0.9338720003 0.0000018314 6.748
14010 -0.9338701711 0.0000018293 6.740
14020 -0.9338683439 0.0000018271 6.793
14030 -0.9338665189 0.0000018250 6.777
14040 -0.9338646959 0.0000018229 6.727
14050 -0.9338628751 0.0000018209 6.756
14060 -0.9338610563 0.0000018188 6.745
14070 -0.9338592396 0.0000018167 6.719
14080 -0.9338574251 0.0000018146 6.752
14090 -0.9338556125 0.0000018125 6.733
14100 -0.9338538021 0.0000018104 6.737
14110 -0.9338519937 0.0000018084 6.715
14120 -0.9338501874 0.0000018063 6.738
14130 -0.9338483832 0.0000018042 6.733
14140 -0.9338465810 0.0000018022 6.739
14150 -0.9338447809 0.0000018001 6.747
14160 -0.9338429828 0.0000017981 6.723
14170 -0.9338411868 0.0000017960 6.751
14180 -0.9338393928 0.0000017940 6.765
14190 -0.9338376009 0.0000017919 6.744
14200 -0.9338358110 0.0000017899 6.751
14210 -0.9338340231 0.0000017879 6.729
14220 -0.9338322373 0.0000017858 6.802
14230 -0.9338304535 0.0000017838 6.722
14240 -0.9338286717 0.0000017818 6.713
14250 -0.9338268919 0.0000017798 6.733
14260 -0.9338251141 0.0000017778 6.705
14270 -0.9338233383 0.0000017758 6.780
14280 -0.9338215646 0.0000017738 6.743
14290 -0.9338197928 0.0000017718 6.720
14300 -0.9338180231 0.0000017698 6.750
14310 -0.9338162553 0.0000017678 6.747
14320 -0.9338144895 0.0000017658 6.750
14330 -0.9338127257 0.0000017638 6.742
14340 -0.9338109639 0.0000017618 6.720
14350 -0.9338092041 0.0000017598 6.753
14360 -0.9338074462 0.0000017579 6.768
14370 -0.9338056903 0.0000017559 6.739
14380 -0.9338039364 0.0000017539 6.742
14390 -0.9338021844 0.0000017520 6.757
14400 -0.9338004343 0.0000017501 6.756
14410 -0.9337986861 0.0000017482 6.730
14420 -0.9337969392 0.0000017469 6.730
14430 -0.9337951225 0.0000018167 6.717
14440 -0.9337932164 0.0000019061 6.740
14450 -0.9337914761 0.0000017404 6.736
14460 -0.9337897376 0.0000017384 6.741
14470 -0.9337880011 0.0000017365 6.759
14480 -0.9337862665 0.0000017346 6.740
14490 -0.9337845339 0.0000017326 6.722
14500 -0.9337828032 0.0000017307 6.742
14510 -0.9337810744 0.0000017288 6.737
14520 -0.9337793475 0.0000017269 6.753
14530 -0.9337776225 0.0000017250 6.763
14540 -0.9337758995 0.0000017231 6.756
14550 -0.9337741783 0.0000017211 6.720
14560 -0.9337724591 0.0000017192 6.789
14570 -0.9337707417 0.0000017173 6.710
14580 -0.9337690263 0.0000017154 6.779
14590 -0.9337673127 0.0000017136 6.729
14600 -0.9337656011 0.0000017117 6.736
14610 -0.9337638913 0.0000017098 6.769
14620 -0.9337621834 0.0000017079 6.727
14630 -0.9337604774 0.0000017060 6.715
14640 -0.9337587732 0.0000017041 6.709
14650 -0.9337570710 0.0000017023 6.739
14660 -0.9337553706 0.0000017004 6.770
14670 -0.9337536720 0.0000016985 6.746
14680 -0.9337519754 0.0000016967 6.720
14690 -0.9337502806 0.0000016948 6.754
14700 -0.9337485876 0.0000016930 6.845
14710 -0.9337468965 0.0000016911 6.793
14720 -0.9337452072 0.0000016893 6.743
14730 -0.9337435198 0.0000016874 6.746
14740 -0.9337418342 0.0000016856 6.751
14750 -0.9337401505 0.0000016837 6.752
14760 -0.9337384686 0.0000016819 6.754
14770 -0.9337367885 0.0000016801 6.747
14780 -0.9337351103 0.0000016782 6.753
14790 -0.9337334339 0.0000016764 6.745
14800 -0.9337317593 0.0000016746 6.796
14810 -0.9337300865 0.0000016728 6.728
14820 -0.9337284156 0.0000016710 6.758
14830 -0.9337267464 0.0000016691 6.749
14840 -0.9337250791 0.0000016673 6.787
14850 -0.9337234135 0.0000016655 6.781
14860 -0.9337217498 0.0000016637 6.750
14870 -0.9337200879 0.0000016619 6.747
14880 -0.9337184277 0.0000016601 6.737
14890 -0.9337167694 0.0000016583 6.782
14900 -0.9337151128 0.0000016566 6.765
14910 -0.9337134581 0.0000016548 6.746
14920 -0.9337118051 0.0000016530 6.772
14930 -0.9337101538 0.0000016512 6.775
14940 -0.9337085044 0.0000016494 6.745
14950 -0.9337068567 0.0000016477 6.751
14960 -0.9337052109 0.0000016459 6.734
14970 -0.9337035667 0.0000016441 6.769
14980 -0.9337019244 0.0000016424 6.727
14990 -0.9337002838 0.0000016406 6.742
15000 -0.9336986449 0.0000016388 6.820
15010 -0.9336970078 0.0000016371 6.727
15020 -0.9336953725 0.0000016353 6.785
15030 -0.9336937389 0.0000016336 6.751
15040 -0.9336921070 0.0000016319 6.756
15050 -0.9336904769 0.0000016301 6.728
15060 -0.9336888485 0.0000016284 6.748
15070 -0.9336872219 0.0000016266 6.730
15080 -0.9336855970 0.0000016249 6.754
15090 -0.9336839738 0.0000016232 6.746
15100 -0.9336823523 0.0000016215 6.767
15110 -0.9336807326 0.0000016197 6.770
15120 -0.9336791146 0.0000016180 6.745
15130 -0.9336774983 0.0000016163 6.739
15140 -0.9336758837 0.0000016146 6.730
15150 -0.9336742709 0.0000016129 6.726
15160 -0.9336726597 0.0000016112 6.739
15170 -0.9336710502 0.0000016095 6.749
15180 -0.9336694425 0.0000016078 6.730
15190 -0.9336678364 0.0000016061 6.715
15200 -0.9336662320 0.0000016044 6.744
15210 -0.9336646293 0.0000016027 6.747
15220 -0.9336630284 0.0000016010 6.744
15230 -0.9336614290 0.0000015993 6.731
15240 -0.9336598314 0.0000015976 6.741
15250 -0.9336582355 0.0000015960 6.721
15260 -0.9336566412 0.0000015943 6.751
15270 -0.9336550486 0.0000015926 6.732
15280 -0.9336534576 0.0000015910 6.724
15290 -0.9336518681 0.0000015895 6.738
15300 -0.9336502794 0.0000015887 6.754
15310 -0.9336484651 0.0000018143 6.736
15320 -0.9336468741 0.0000015910 6.730
15330 -0.9336452914 0.0000015827 6.740
15340 -0.9336437103 0.0000015811 6.724
15350 -0.9336421309 0.0000015794 6.753
15360 -0.9336405532 0.0000015778 6.769
15370 -0.9336389771 0.0000015761 6.728
15380 -0.9336374026 0.0000015745 6.754
15390 -0.9336358298 0.0000015728 6.765
15400 -0.9336342586 0.0000015712 6.739
15410 -0.9336326890 0.0000015696 6.739
15420 -0.9336311211 0.0000015679 6.755
15430 -0.9336295548 0.0000015663 6.770
15440 -0.9336279901 0.0000015647 6.733
15450 -0.9336264271 0.0000015631 6.739
15460 -0.9336248656 0.0000015614 6.776
15470 -0.9336233058 0.0000015598 6.746
15480 -0.9336217476 0.0000015582 6.734
15490 -0.9336201910 0.0000015566 6.738
15500 -0.9336186360 0.0000015550 6.756
15510 -0.9336170826 0.0000015534 6.762
15520 -0.9336155308 0.0000015518 6.717
15530 -0.9336139806 0.0000015502 6.725
15540 -0.9336124320 0.0000015487 6.755
15550 -0.9336108846 0.0000015473 6.775
15560 -0.9336093357 0.0000015489 6.719
15570 -0.9336075599 0.0000017758 6.729
15580 -0.9336060176 0.0000015423 6.727
15590 -0.9336044769 0.0000015407 6.757
15600 -0.9336029378 0.0000015391 6.735
15610 -0.9336014002 0.0000015376 6.718
15620 -0.9335998642 0.0000015360 6.702
15630 -0.9335983298 0.0000015344 6.728
15640 -0.9335967970 0.0000015328 6.739
15650 -0.9335952657 0.0000015313 6.750
15660 -0.9335937360 0.0000015297 6.751
15670 -0.9335922079 0.0000015281 6.738
15680 -0.9335906813 0.0000015266 6.751
15690 -0.9335891562 0.0000015250 6.749
15700 -0.9335876328 0.0000015235 6.733
15710 -0.9335861109 0.0000015219 6.762
15720 -0.9335845905 0.0000015204 6.745
15730 -0.9335830716 0.0000015188 6.738
15740 -0.9335815544 0.0000015173 6.735
15750 -0.9335800386 0.0000015157 6.775
15760 -0.9335785244 0.0000015142 6.723
15770 -0.9335770117 0.0000015127 6.734
15780 -0.9335755006 0.0000015112 6.754
15790 -0.9335739909 0.0000015096 6.765
15800 -0.9335724828 0.0000015081 6.753
15810 -0.9335709761 0.0000015067 6.707
15820 -0.9335694708 0.0000015054 6.747
15830 -0.9335679643 0.0000015065 6.717
15840 -0.9335662286 0.0000017357 6.740
15850 -0.9335647280 0.0000015006 6.750
15860 -0.9335632289 0.0000014991 6.743
15870 -0.9335617313 0.0000014976 6.764
15880 -0.9335602352 0.0000014961 6.748
15890 -0.9335587406 0.0000014946 6.739
15900 -0.9335572476 0.0000014931 6.733
15910 -0.9335557560 0.0000014916 6.769
15920 -0.9335542659 0.0000014901 6.753
15930 -0.9335527773 0.0000014886 6.738
15940 -0.9335512902 0.0000014871 6.728
15950 -0.9335498045 0.0000014856 6.740
15960 -0.9335483203 0.0000014842 6.721
15970 -0.9335468374 0.0000014829 6.728
15980 -0.9335453546 0.0000014829 6.732
15990 -0.9335436395 0.0000017151 6.754
16000 -0.9335421603 0.0000014791 6.730
16010 -0.9335406761 0.0000014843 6.733
16020 -0.9335389710 0.0000017051 6.774
16030 -0.9335374969 0.0000014740 6.739
16040 -0.9335360244 0.0000014726 6.725
16050 -0.9335345533 0.0000014711 6.728
16060 -0.9335330836 0.0000014696 6.734
16070 -0.9335316155 0.0000014682 6.719
16080 -0.9335301488 0.0000014667 6.733
16090 -0.9335286835 0.0000014653 6.718
16100 -0.9335272197 0.0000014638 6.739
16110 -0.9335257574 0.0000014623 6.741
16120 -0.9335242965 0.0000014609 6.732
16130 -0.9335228370 0.0000014595 6.731
16140 -0.9335213789 0.0000014580 6.735
16150 -0.9335199223 0.0000014567 6.712
16160 -0.9335184668 0.0000014555 6.751
16170 -0.9335170094 0.0000014574 6.759
16180 -0.9335153250 0.0000016844 6.764
16190 -0.9335138741 0.0000014509 6.768
16200 -0.9335124246 0.0000014495 6.746
16210 -0.9335109765 0.0000014481 6.732
16220 -0.9335095299 0.0000014466 6.736
16230 -0.9335080847 0.0000014452 6.749
16240 -0.9335066409 0.0000014438 6.722
16250 -0.9335051985 0.0000014424 6.731
16260 -0.9335037576 0.0000014409 6.731
16270 -0.9335023181 0.0000014395 6.747
16280 -0.9335008799 0.0000014381 6.757
16290 -0.9334994432 0.0000014367 6.736
16300 -0.9334980079 0.0000014353 6.780
16310 -0.9334965740 0.0000014339 6.742
16320 -0.9334951415 0.0000014325 6.745
16330 -0.9334937104 0.0000014311 6.754
16340 -0.9334922807 0.0000014297 6.732
16350 -0.9334908524 0.0000014283 6.767
16360 -0.9334894255 0.0000014269 6.719
16370 -0.9334880000 0.0000014255 6.714
16380 -0.9334865759 0.0000014241 6.742
16390 -0.9334851531 0.0000014227 6.768
16400 -0.9334837318 0.0000014214 6.763
16410 -0.9334823118 0.0000014200 6.727
16420 -0.9334808932 0.0000014186 6.780
16430 -0.9334794760 0.0000014172 6.750
16440 -0.9334780602 0.0000014158 6.776
16450 -0.9334766457 0.0000014145 6.797
16460 -0.9334752326 0.0000014131 6.759
16470 -0.9334738209 0.0000014117 6.799
16480 -0.9334724105 0.0000014104 6.731
16490 -0.9334710015 0.0000014090 6.734
16500 -0.9334695939 0.0000014076 6.720
16510 -0.9334681876 0.0000014063 6.773
16520 -0.9334667827 0.0000014049 6.730
16530 -0.9334653791 0.0000014036 6.743
16540 -0.9334639769 0.0000014022 6.760
16550 -0.9334625761 0.0000014009 6.749
16560 -0.9334611766 0.0000013995 6.762
16570 -0.9334597784 0.0000013982 6.733
16580 -0.9334583816 0.0000013968 6.763
16590 -0.9334569861 0.0000013955 6.753
16600 -0.9334555920 0.0000013941 6.762
16610 -0.9334541992 0.0000013928 6.783
16620 -0.9334528077 0.0000013915 6.772
16630 -0.9334514176 0.0000013901 6.755
16640 -0.9334500288 0.0000013888 6.797
16650 -0.9334486414 0.0000013875 6.762
16660 -0.9334472552 0.0000013861 6.799
16670 -0.9334458704 0.0000013848 6.736
16680 -0.9334444869 0.0000013835 6.735
16690 -0.9334431048 0.0000013822 6.744
16700 -0.9334417239 0.0000013808 6.734
16710 -0.9334403444 0.0000013795 6.726
16720 -0.9334389662 0.0000013782 6.738
16730 -0.9334375893 0.0000013769 6.730
16740 -0.9334362137 0.0000013756 6.733
16750 -0.9334348394 0.0000013743 6.728
16760 -0.9334334664 0.0000013730 6.735
16770 -0.9334320947 0.0000013717 6.745
16780 -0.9334307244 0.0000013704 6.796
16790 -0.9334293553 0.0000013691 6.767
16800 -0.9334279875 0.0000013678 6.754
16810 -0.9334266210 0.0000013665 6.723
16820 -0.9334252559 0.0000013652 6.754
16830 -0.9334238920 0.0000013639 6.739
16840 -0.9334225294 0.0000013626 6.722
16850 -0.9334211680 0.0000013613 6.738
16860 -0.9334198080 0.0000013600 6.718
16870 -0.9334184493 0.0000013587 6.775
16880 -0.9334170918 0.0000013575 6.765
16890 -0.9334157356 0.0000013562 6.733
16900 -0.9334143807 0.0000013549 6.751
16910 -0.9334130271 0.0000013536 6.728
16920 -0.9334116747 0.0000013524 6.793
16930 -0.9334103236 0.0000013511 6.748
16940 -0.9334089738 0.0000013498 6.707
16950 -0.9334076252 0.0000013486 6.737
16960 -0.9334062780 0.0000013473 6.738
16970 -0.9334049319 0.0000013460 6.804
16980 -0.9334035872 0.0000013448 6.734
16990 -0.9334022437 0.0000013435 6.772
17000 -0.9334009014 0.0000013422 6.733
17010 -0.9333995604 0.0000013410 6.724
17020 -0.9333982207 0.0000013397 6.750
17030 -0.9333968822 0.0000013385 6.736
17040 -0.9333955450 0.0000013372 6.748
17050 -0.9333942090 0.0000013360 6.719
17060 -0.9333928742 0.0000013347 6.731
17070 -0.9333915407 0.0000013335 6.747
17080 -0.9333902085 0.0000013323 6.751
17090 -0.9333888774 0.0000013310 6.795
17100 -0.9333875477 0.0000013298 6.727
17110 -0.9333862191 0.0000013285 6.715
17120 -0.9333848918 0.0000013273 6.731
17130 -0.9333835657 0.0000013261 6.752
17140 -0.9333822409 0.0000013249 6.734
17150 -0.9333809172 0.0000013236 6.784
17160 -0.9333795948 0.0000013224 6.747
17170 -0.9333782737 0.0000013212 6.756
17180 -0.9333769537 0.0000013200 6.762
17190 -0.9333756350 0.0000013187 6.725
17200 -0.9333743175 0.0000013175 6.761
17210 -0.9333730012 0.0000013163 6.728
17220 -0.9333716861 0.0000013151 6.747
17230 -0.9333703722 0.0000013139 6.733
17240 -0.9333690595 0.0000013127 6.741
17250 -0.9333677481 0.0000013115 6.757
17260 -0.9333664378 0.0000013102 6.742
17270 -0.9333651288 0.0000013090 6.755
17280 -0.9333638209 0.0000013078 6.728
17290 -0.9333625143 0.0000013066 6.763
17300 -0.9333612088 0.0000013054 6.726
17310 -0.9333599046 0.0000013043 6.750
17320 -0.9333586015 0.0000013031 6.777
17330 -0.9333572996 0.0000013019 6.738
17340 -0.9333559988 0.0000013008 6.731
17350 -0.9333546989 0.0000013000 6.748
17360 -0.9333533939 0.0000013049 6.746
17370 -0.9333518669 0.0000015271 6.726
17380 -0.9333505708 0.0000012960 6.730
17390 -0.9333492760 0.0000012948 6.742
17400 -0.9333479823 0.0000012937 6.738
17410 -0.9333466899 0.0000012925 6.747
17420 -0.9333453986 0.0000012913 6.744
17430 -0.9333441085 0.0000012901 6.786
17440 -0.9333428195 0.0000012889 6.745
17450 -0.9333415317 0.0000012878 6.717
17460 -0.9333402451 0.0000012866 6.792
17470 -0.9333389597 0.0000012854 6.750
17480 -0.9333376754 0.0000012843 6.727
17490 -0.9333363923 0.0000012831 6.750
17500 -0.9333351104 0.0000012819 6.732
17510 -0.9333338296 0.0000012808 6.756
17520 -0.9333325500 0.0000012796 6.749
17530 -0.9333312715 0.0000012785 6.738
17540 -0.9333299942 0.0000012773 6.774
17550 -0.9333287181 0.0000012762 6.771
17560 -0.9333274431 0.0000012750 6.745
17570 -0.9333261692 0.0000012739 6.798
17580 -0.9333248965 0.0000012727 6.751
17590 -0.9333236250 0.0000012716 6.757
17600 -0.9333223545 0.0000012704 6.774
17610 -0.9333210853 0.0000012693 6.706
17620 -0.9333198171 0.0000012682 6.730
17630 -0.9333185500 0.0000012671 6.741
17640 -0.9333172840 0.0000012660 6.743
17650 -0.9333160187 0.0000012653 6.731
17660 -0.9333147436 0.0000012750 6.739
17670 -0.9333132530 0.0000014907 6.761
17680 -0.9333117635 0.0000014895 6.793
17690 -0.9333105031 0.0000012604 6.730
17700 -0.9333092438 0.0000012592 6.756
17710 -0.9333079857 0.0000012581 6.736
17720 -0.9333067288 0.0000012570 6.753
17730 -0.9333054729 0.0000012558 6.753
17740 -0.9333042182 0.0000012547 6.742
17750 -0.9333029646 0.0000012536 6.736
17760 -0.9333017121 0.0000012525 6.741
17770 -0.9333004607 0.0000012514 6.743
17780 -0.9332992104 0.0000012503 6.760
17790 -0.9332979612 0.0000012492 6.726
17800 -0.9332967130 0.0000012482 6.769
17810 -0.9332954654 0.0000012476 6.750
17820 -0.9332941757 0.0000012898 6.754
17830 -0.9332927381 0.0000014375 6.742
17840 -0.9332914944 0.0000012437 6.739
17850 -0.9332902518 0.0000012426 6.760
17860 -0.9332890103 0.0000012415 6.750
17870 -0.9332877700 0.0000012404 6.740
17880 -0.9332865307 0.0000012393 6.727
17890 -0.9332852925 0.0000012382 6.735
17900 -0.9332840554 0.0000012371 6.760
17910 -0.9332828194 0.0000012360 6.751
17920 -0.9332815845 0.0000012349 6.738
17930 -0.9332803507 0.0000012338 6.754
17940 -0.9332791179 0.0000012327 6.759
17950 -0.9332778863 0.0000012316 6.768
17960 -0.9332766558 0.0000012305 6.740
17970 -0.9332754263 0.0000012295 6.729
17980 -0.9332741979 0.0000012284 6.726
17990 -0.9332729706 0.0000012273 6.756
18000 -0.9332717444 0.0000012262 6.733
18010 -0.9332705193 0.0000012251 6.803
18020 -0.9332692952 0.0000012241 6.730
18030 -0.9332680722 0.0000012230 6.755
18040 -0.9332668503 0.0000012219 6.755
18050 -0.9332656295 0.0000012208 6.715
18060 -0.9332644097 0.0000012198 6.767
18070 -0.9332631910 0.0000012187 6.792
18080 -0.9332619734 0.0000012176 6.736
18090 -0.9332607568 0.0000012166 6.751
18100 -0.9332595413 0.0000012155 6.732
18110 -0.9332583269 0.0000012144 6.756
18120 -0.9332571135 0.0000012134 6.746
18130 -0.9332559012 0.0000012123 6.797
18140 -0.9332546899 0.0000012113 6.758
18150 -0.9332534797 0.0000012102 6.738
18160 -0.9332522705 0.0000012091 6.731
18170 -0.9332510624 0.0000012081 6.723
18180 -0.9332498554 0.0000012070 6.767
18190 -0.9332486494 0.0000012060 6.728
18200 -0.9332474445 0.0000012049 6.727
18210 -0.9332462406 0.0000012039 6.779
18220 -0.9332450377 0.0000012029 6.760
18230 -0.9332438359 0.0000012018 6.763
18240 -0.9332426351 0.0000012008 6.788
18250 -0.9332414354 0.0000011997 6.729
18260 -0.9332402367 0.0000011987 6.748
18270 -0.9332390391 0.0000011976 6.734
18280 -0.9332378425 0.0000011966 6.713
18290 -0.9332366469 0.0000011956 6.773
18300 -0.9332354523 0.0000011945 6.733
18310 -0.9332342588 0.0000011935 6.750
18320 -0.9332330663 0.0000011925 6.717
18330 -0.9332318749 0.0000011915 6.724
18340 -0.9332306845 0.0000011904 6.761
18350 -0.9332294951 0.0000011894 6.748
18360 -0.9332283067 0.0000011884 6.744
18370 -0.9332271193 0.0000011874 6.721
18380 -0.9332259330 0.0000011863 6.752
18390 -0.9332247477 0.0000011853 6.741
18400 -0.9332235634 0.0000011843 6.728
18410 -0.9332223801 0.0000011833 6.751
18420 -0.9332211977 0.0000011823 6.745
18430 -0.9332200162 0.0000011815 6.729
18440 -0.9332188340 0.0000011822 6.797
18450 -0.9332174233 0.0000014108 6.774
18460 -0.9332162449 0.0000011783 6.770
18470 -0.9332150677 0.0000011773 6.753
18480 -0.9332138914 0.0000011763 6.730
18490 -0.9332127161 0.0000011753 6.725
18500 -0.9332115419 0.0000011743 6.743
18510 -0.9332103686 0.0000011733 6.741
18520 -0.9332091963 0.0000011723 6.740
18530 -0.9332080251 0.0000011713 6.762
18540 -0.9332068548 0.0000011703 6.747
18550 -0.9332056854 0.0000011694 6.783
18560 -0.9332045163 0.0000011691 6.731
18570 -0.9332031251 0.0000013912 6.794
18580 -0.9332019530 0.0000011721 6.770
18590 -0.9332007877 0.0000011653 6.751
18600 -0.9331996233 0.0000011643 6.737
18610 -0.9331984600 0.0000011633 6.723
18620 -0.9331972976 0.0000011624 6.758
18630 -0.9331961363 0.0000011614 6.731
18640 -0.9331949759 0.0000011604 6.743
18650 -0.9331938165 0.0000011594 6.778
18660 -0.9331926581 0.0000011584 6.772
18670 -0.9331915006 0.0000011574 6.722
18680 -0.9331903442 0.0000011565 6.787
18690 -0.9331891887 0.0000011555 6.734
18700 -0.9331880342 0.0000011545 6.745
18710 -0.9331868806 0.0000011535 6.736
18720 -0.9331857281 0.0000011526 6.744
18730 -0.9331845765 0.0000011516 6.753
18740 -0.9331834258 0.0000011506 6.743
18750 -0.9331822762 0.0000011497 6.741
18760 -0.9331811275 0.0000011487 6.705
18770 -0.9331799798 0.0000011477 6.730
18780 -0.9331788330 0.0000011468 6.759
18790 -0.9331776872 0.0000011458 6.731
18800 -0.9331765424 0.0000011448 6.741
18810 -0.9331753985 0.0000011439 6.770
18820 -0.9331742556 0.0000011429 6.747
18830 -0.9331731137 0.0000011420 6.758
18840 -0.9331719727 0.0000011410 6.741
18850 -0.9331708327 0.0000011400 6.745
18860 -0.9331696936 0.0000011391 6.744
18870 -0.9331685554 0.0000011381 6.728
18880 -0.9331674183 0.0000011372 6.734
18890 -0.9331662820 0.0000011362 6.757
18900 -0.9331651467 0.0000011353 6.778
18910 -0.9331640124 0.0000011343 6.726
18920 -0.9331628790 0.0000011334 6.722
18930 -0.9331617466 0.0000011324 6.715
18940 -0.9331606151 0.0000011315 6.763
18950 -0.9331594845 0.0000011306 6.723
18960 -0.9331583549 0.0000011296 6.807
18970 -0.9331572262 0.0000011287 6.743
18980 -0.9331560985 0.0000011277 6.736
18990 -0.9331549716 0.0000011268 6.774
19000 -0.9331538458 0.0000011259 6.755
19010 -0.9331527208 0.0000011249 6.728
19020 -0.9331515968 0.0000011240 6.743
19030 -0.9331504738 0.0000011231 6.730
19040 -0.9331493516 0.0000011221 6.734
19050 -0.9331482304 0.0000011212 6.735
19060 -0.9331471101 0.0000011203 6.752
19070 -0.9331459907 0.0000011194 6.754
19080 -0.9331448723 0.0000011184 6.768
19090 -0.9331437548 0.0000011175 6.724
19100 -0.9331426382 0.0000011166 6.731
19110 -0.9331415225 0.0000011157 6.752
19120 -0.9331404078 0.0000011148 6.747
19130 -0.9331392939 0.0000011138 6.724
19140 -0.9331381810 0.0000011129 6.736
19150 -0.9331370690 0.0000011120 6.804
19160 -0.9331359579 0.0000011111 6.754
19170 -0.9331348478 0.0000011102 6.731
19180 -0.9331337385 0.0000011093 6.743
19190 -0.9331326302 0.0000011084 6.816
19200 -0.9331315227 0.0000011074 6.740
19210 -0.9331304162 0.0000011065 6.755
19220 -0.9331293106 0.0000011056 6.789
19230 -0.9331282058 0.0000011047 6.756
19240 -0.9331271020 0.0000011038 6.729
19250 -0.9331259991 0.0000011029 6.767
19260 -0.9331248971 0.0000011020 6.726
19270 -0.9331237960 0.0000011011 6.724
19280 -0.9331226958 0.0000011002 6.746
19290 -0.9331215964 0.0000010993 6.787
19300 -0.9331204980 0.0000010984 6.751
19310 -0.9331194005 0.0000010975 6.742
19320 -0.9331183039 0.0000010966 6.760
19330 -0.9331172081 0.0000010957 6.753
19340 -0.9331161133 0.0000010948 6.723
19350 -0.9331150193 0.0000010940 6.745
19360 -0.9331139263 0.0000010931 6.716
19370 -0.9331128341 0.0000010922 6.775
19380 -0.9331117428 0.0000010913 6.756
19390 -0.9331106524 0.0000010904 6.759
19400 -0.9331095629 0.0000010895 6.747
19410 -0.9331084743 0.0000010886 6.716
19420 -0.9331073865 0.0000010878 6.791
19430 -0.9331062996 0.0000010869 6.742
19440 -0.9331052136 0.0000010860 6.753
19450 -0.9331041285 0.0000010851 6.744
19460 -0.9331030443 0.0000010842 6.756
19470 -0.9331019609 0.0000010834 6.737
19480 -0.9331008784 0.0000010825 6.771
19490 -0.9330997968 0.0000010816 6.737
19500 -0.9330987161 0.0000010807 6.733
19510 -0.9330976362 0.0000010799 6.741
19520 -0.9330965572 0.0000010790 6.742
19530 -0.9330954791 0.0000010781 6.738
19540 -0.9330944018 0.0000010773 6.747
19550 -0.9330933254 0.0000010764 6.750
19560 -0.9330922499 0.0000010755 6.753
19570 -0.9330911752 0.0000010747 6.766
19580 -0.9330901014 0.0000010738 6.741
19590 -0.9330890284 0.0000010730 6.754
19600 -0.9330879563 0.0000010721 6.729
19610 -0.9330868851 0.0000010712 6.763
19620 -0.9330858147 0.0000010704 6.730
19630 -0.9330847452 0.0000010695 6.751
19640 -0.9330836765 0.0000010687 6.748
19650 -0.9330826086 0.0000010679 6.749
19660 -0.9330815415 0.0000010671 6.752
19670 -0.9330804744 0.0000010671 6.772
19680 -0.9330792006 0.0000012738 6.753
19690 -0.9330781081 0.0000010925 6.744
19700 -0.9330770444 0.0000010637 6.777
19710 -0.9330759816 0.0000010628 6.720
19720 -0.9330749196 0.0000010620 6.754
19730 -0.9330738585 0.0000010611 6.748
19740 -0.9330727982 0.0000010603 6.754
19750 -0.9330717388 0.0000010594 6.723
19760 -0.9330706802 0.0000010586 6.792
19770 -0.9330696225 0.0000010578 6.714
19780 -0.9330685655 0.0000010569 6.749
19790 -0.9330675095 0.0000010561 6.749
19800 -0.9330664542 0.0000010553 6.755
19810 -0.9330653997 0.0000010545 6.757
19820 -0.9330643459 0.0000010538 6.807
19830 -0.9330632915 0.0000010544 6.740
19840 -0.9330620067 0.0000012849 6.745
19850 -0.9330609553 0.0000010513 6.764
19860 -0.9330599050 0.0000010503 6.762
19870 -0.9330588555 0.0000010495 6.737
19880 -0.9330578069 0.0000010487 6.766
19890 -0.9330567591 0.0000010478 6.747
19900 -0.9330557121 0.0000010470 6.750
19910 -0.9330546659 0.0000010462 6.757
19920 -0.9330536205 0.0000010454 6.740
19930 -0.9330525759 0.0000010446 6.733
19940 -0.9330515320 0.0000010439 6.788
19950 -0.9330504882 0.0000010438 6.734
19960 -0.9330492173 0.0000012709 6.743
19970 -0.9330481685 0.0000010488 6.743
19980 -0.9330471280 0.0000010405 6.759
19990 -0.9330460883 0.0000010397 6.778
20000 -0.9330450494 0.0000010389 6.758
20010 -0.9330440114 0.0000010381 6.752
20020 -0.9330429741 0.0000010372 6.764
20030 -0.9330419377 0.0000010364 6.738
20040 -0.9330409021 0.0000010356 6.771
20050 -0.9330398673 0.0000010348 6.794
20060 -0.9330388333 0.0000010340 6.713
20070 -0.9330378001 0.0000010332 6.750
20080 -0.9330367677 0.0000010324 6.747
20090 -0.9330357361 0.0000010316 6.750
20100 -0.9330347053 0.0000010308 6.741
20110 -0.9330336754 0.0000010300 6.778
20120 -0.9330326462 0.0000010292 6.751
20130 -0.9330316178 0.0000010284 6.735
20140 -0.9330305903 0.0000010276 6.731
20150 -0.9330295635 0.0000010268 6.715
20160 -0.9330285376 0.0000010260 6.722
20170 -0.9330275124 0.0000010252 6.723
20180 -0.9330264880 0.0000010244 6.735
20190 -0.9330254645 0.0000010236 6.736
20200 -0.9330244417 0.0000010228 6.761
20210 -0.9330234197 0.0000010220 6.774
20220 -0.9330223985 0.0000010212 6.711
20230 -0.9330213781 0.0000010204 6.743
20240 -0.9330203585 0.0000010196 6.734
20250 -0.9330193397 0.0000010188 6.760
20260 -0.9330183217 0.0000010180 6.745
20270 -0.9330173045 0.0000010172 6.771
20280 -0.9330162880 0.0000010165 6.726
20290 -0.9330152723 0.0000010157 6.708
20300 -0.9330142575 0.0000010149 6.742
20310 -0.9330132434 0.0000010141 6.776
20320 -0.9330122300 0.0000010133 6.769
20330 -0.9330112175 0.0000010125 6.748
20340 -0.9330102058 0.0000010118 6.713
20350 -0.9330091948 0.0000010110 6.751
20360 -0.9330081846 0.0000010102 6.738
20370 -0.9330071752 0.0000010094 6.753
20380 -0.9330061665 0.0000010086 6.737
20390 -0.9330051587 0.0000010079 6.752
20400 -0.9330041516 0.0000010071 6.729
20410 -0.9330031453 0.0000010063 6.738
20420 -0.9330021397 0.0000010055 6.755
20430 -0.9330011349 0.0000010048 6.763
20440 -0.9330001309 0.0000010040 6.745
20450 -0.9329991277 0.0000010032 6.749
20460 -0.9329981252 0.0000010025 6.751
20470 -0.9329971235 0.0000010017 6.736
20480 -0.9329961226 0.0000010009 6.716
20490 -0.9329951224 0.0000010002 6.739
20500 -0.9329941230 0.0000009994 6.723
Marginal Likelihood = -0.9329941230
Total time = 14146.7585 seconds
Total iterations = 20500 
