Marginal likelihood with initialization (1) = -0.9806756315
Marginal likelihood with initialization (2) = -1.0118662716
Marginal likelihood with initialization (3) = -0.9659715501
Marginal likelihood with initialization (4) = -0.9620841004
Marginal likelihood with initialization (5) = -0.9700285209
Iteration Marginal_Likelihood delta_Marginal_Likelihood Iteration_Time (secs)
0 -0.9620841004 -- 312.330
10 -0.9545565479 0.0075275525 19.398
20 -0.9407761996 0.0137803484 19.344
30 -0.9292139032 0.0115622964 19.655
40 -0.9191091142 0.0101047889 18.372
50 -0.9126497399 0.0064593744 18.140
60 -0.9093267815 0.0033229584 17.872
70 -0.9074420545 0.0018847270 17.894
80 -0.9061773604 0.0012646941 17.875
90 -0.9053031072 0.0008742532 16.878
100 -0.9046985648 0.0006045424 15.857
110 -0.9042770787 0.0004214861 15.594
120 -0.9039858462 0.0002912326 14.839
130 -0.9037777171 0.0002081290 15.105
140 -0.9036267851 0.0001509320 15.316
150 -0.9035196411 0.0001071440 14.857
160 -0.9034400686 0.0000795725 14.853
170 -0.9033788487 0.0000612199 14.886
180 -0.9033306210 0.0000482278 14.951
190 -0.9032902774 0.0000403435 14.848
200 -0.9032575538 0.0000327236 14.861
210 -0.9032301853 0.0000273684 14.865
220 -0.9032050316 0.0000251538 14.902
230 -0.9031837321 0.0000212995 14.863
240 -0.9031650139 0.0000187182 14.856
250 -0.9031482456 0.0000167683 14.895
260 -0.9031327695 0.0000154761 14.848
270 -0.9031186782 0.0000140913 14.884
280 -0.9031062021 0.0000124761 14.861
290 -0.9030933523 0.0000128498 14.870
300 -0.9030815753 0.0000117770 14.893
310 -0.9030712357 0.0000103396 14.886
320 -0.9030612265 0.0000100093 14.921
330 -0.9030516766 0.0000095498 14.921
340 -0.9030429072 0.0000087694 14.874
350 -0.9030347166 0.0000081906 14.857
360 -0.9030271132 0.0000076034 14.866
370 -0.9030195236 0.0000075896 14.941
380 -0.9030122277 0.0000072958 14.859
390 -0.9030057099 0.0000065179 14.854
400 -0.9029991074 0.0000066025 14.905
410 -0.9029930662 0.0000060412 14.890
420 -0.9029871545 0.0000059117 14.907
430 -0.9029815250 0.0000056295 14.899
440 -0.9029763411 0.0000051838 14.898
450 -0.9029713803 0.0000049609 14.853
460 -0.9029662967 0.0000050836 14.905
470 -0.9029641097 0.0000021869 14.904
480 -0.9029604593 0.0000036504 14.888
490 -0.9029559875 0.0000044719 14.914
500 -0.9029497303 0.0000062572 14.902
510 -0.9029462860 0.0000034442 14.891
520 -0.9029427104 0.0000035756 14.900
530 -0.9029393144 0.0000033960 14.875
540 -0.9029358272 0.0000034872 14.878
550 -0.9029323904 0.0000034368 14.886
560 -0.9029291388 0.0000032516 14.883
570 -0.9029260323 0.0000031065 14.921
580 -0.9029230320 0.0000030003 14.902
590 -0.9029205403 0.0000024917 14.932
600 -0.9029182609 0.0000022794 14.879
610 -0.9029157111 0.0000025497 14.925
620 -0.9029135950 0.0000021162 14.908
630 -0.9029117460 0.0000018490 14.899
640 -0.9029098592 0.0000018868 14.860
650 -0.9029080438 0.0000018154 14.918
660 -0.9029062847 0.0000017591 14.897
670 -0.9029047541 0.0000015306 14.904
680 -0.9029033372 0.0000014169 14.904
690 -0.9029012535 0.0000020837 14.878
700 -0.9029001300 0.0000011235 14.891
710 -0.9028983983 0.0000017317 14.925
720 -0.9028968983 0.0000015001 14.876
730 -0.9028957835 0.0000011148 14.900
740 -0.9028945802 0.0000012032 14.860
750 -0.9028933359 0.0000012443 14.883
760 -0.9028922746 0.0000010613 14.888
770 -0.9028912732 0.0000010014 14.893
780 -0.9028902768 0.0000009964 14.910
Marginal Likelihood = -0.9028902768
Total time = 1508.1487 seconds
Total iterations = 780 
