Marginal likelihood with initialization (1) = -1.0075072879
Marginal likelihood with initialization (2) = -1.0066729990
Marginal likelihood with initialization (3) = -1.0139167648
Marginal likelihood with initialization (4) = -1.0805170141
Marginal likelihood with initialization (5) = -1.0089732826
Iteration Marginal_Likelihood delta_Marginal_Likelihood Iteration_Time (secs)
0 -1.0066729990 -- 476.989
10 -0.9602149014 0.0464580976 21.002
20 -0.9281475054 0.0320673960 22.528
30 -0.9270219659 0.0011255395 19.310
40 -0.9267529795 0.0002689865 19.014
50 -0.9265442725 0.0002087070 18.771
60 -0.9263519339 0.0001923386 18.783
70 -0.9261672211 0.0001847128 18.441
80 -0.9259874189 0.0001798022 18.462
90 -0.9258116973 0.0001757216 18.435
100 -0.9256395304 0.0001721669 18.473
110 -0.9254712307 0.0001682997 18.488
120 -0.9252353727 0.0002358580 18.430
130 -0.9250474901 0.0001878826 18.444
140 -0.9248844010 0.0001630890 18.415
150 -0.9247261122 0.0001582889 18.406
160 -0.9245718158 0.0001542964 18.435
170 -0.9244195003 0.0001523155 18.429
180 -0.9242703252 0.0001491751 18.400
190 -0.9241244248 0.0001459004 18.443
200 -0.9239814479 0.0001429769 18.400
210 -0.9238392848 0.0001421632 18.444
220 -0.9236928249 0.0001464599 18.426
230 -0.9235369280 0.0001558969 18.403
240 -0.9234033777 0.0001335503 18.423
250 -0.9232721158 0.0001312619 18.435
260 -0.9231442519 0.0001278639 18.398
270 -0.9230151546 0.0001290973 18.371
280 -0.9228892857 0.0001258689 18.397
290 -0.9227655990 0.0001236867 18.407
300 -0.9226428594 0.0001227396 18.392
310 -0.9225224966 0.0001203628 18.379
320 -0.9224043023 0.0001181944 18.423
330 -0.9222866689 0.0001176334 18.373
340 -0.9221711812 0.0001154876 19.024
350 -0.9220574406 0.0001137406 18.378
360 -0.9219457041 0.0001117365 18.386
370 -0.9218353775 0.0001103266 18.359
380 -0.9217256630 0.0001097145 18.400
390 -0.9216178646 0.0001077984 18.366
400 -0.9215114642 0.0001064004 18.369
410 -0.9214064379 0.0001050262 18.371
420 -0.9213034433 0.0001029946 18.397
430 -0.9212003134 0.0001031299 18.354
440 -0.9210993762 0.0001009372 18.386
450 -0.9209993250 0.0001000512 18.388
460 -0.9209009308 0.0000983942 18.339
470 -0.9208034023 0.0000975285 18.341
480 -0.9207071586 0.0000962438 18.648
490 -0.9206122802 0.0000948784 18.348
500 -0.9205186338 0.0000936463 18.335
510 -0.9204262073 0.0000924266 18.337
520 -0.9203345544 0.0000916529 18.348
530 -0.9202441343 0.0000904201 18.364
540 -0.9201547343 0.0000894000 18.322
550 -0.9200664919 0.0000882424 18.320
560 -0.9199789399 0.0000875519 18.294
570 -0.9198927133 0.0000862266 18.302
580 -0.9198073671 0.0000853462 18.304
590 -0.9197271743 0.0000801928 18.306
600 -0.9196216137 0.0001055606 18.319
610 -0.9194893286 0.0001322850 18.354
620 -0.9192906526 0.0001986761 18.302
630 -0.9191961481 0.0000945045 18.329
640 -0.9191186919 0.0000774561 18.282
650 -0.9190427402 0.0000759517 18.306
660 -0.9189673063 0.0000754339 18.291
670 -0.9188929520 0.0000743543 18.278
680 -0.9188197958 0.0000731562 18.273
690 -0.9187470504 0.0000727454 18.233
700 -0.9186747180 0.0000723325 18.261
710 -0.9186033318 0.0000713861 18.220
720 -0.9185303710 0.0000729608 18.268
730 -0.9184239688 0.0001064022 18.226
740 -0.9183535911 0.0000703777 18.273
750 -0.9182848232 0.0000687679 18.296
760 -0.9182167131 0.0000681100 18.328
770 -0.9181420439 0.0000746693 18.309
780 -0.9179982225 0.0001438214 18.571
790 -0.9179305020 0.0000677205 18.282
800 -0.9178593589 0.0000711431 18.262
810 -0.9177939910 0.0000653679 18.235
820 -0.9177308734 0.0000631176 18.266
830 -0.9176684571 0.0000624163 18.271
840 -0.9176066896 0.0000617675 18.257
850 -0.9175452643 0.0000614253 18.264
860 -0.9174840878 0.0000611765 18.238
870 -0.9174240023 0.0000600855 18.265
880 -0.9173640772 0.0000599251 18.277
890 -0.9173048759 0.0000592013 18.247
900 -0.9172461448 0.0000587311 18.250
910 -0.9171880628 0.0000580820 18.223
920 -0.9171303351 0.0000577277 18.215
930 -0.9170730893 0.0000572458 18.196
940 -0.9170162919 0.0000567975 18.257
950 -0.9169600942 0.0000561977 18.249
960 -0.9169043157 0.0000557785 18.212
970 -0.9168487893 0.0000555265 18.213
980 -0.9167940167 0.0000547726 18.255
990 -0.9167392967 0.0000547200 18.219
1000 -0.9166853211 0.0000539755 18.227
1010 -0.9166318212 0.0000535000 18.238
1020 -0.9165785228 0.0000532984 18.217
1030 -0.9165256751 0.0000528477 18.197
1040 -0.9164731876 0.0000524875 18.213
1050 -0.9164212682 0.0000519194 18.162
1060 -0.9163692201 0.0000520481 18.175
1070 -0.9163181321 0.0000510881 18.158
1080 -0.9162671055 0.0000510265 18.198
1090 -0.9162165560 0.0000505496 18.173
1100 -0.9161663476 0.0000502084 18.186
1110 -0.9161166979 0.0000496497 18.197
1120 -0.9160674996 0.0000491983 18.171
1130 -0.9160185031 0.0000489965 18.162
1140 -0.9159699389 0.0000485641 18.151
1150 -0.9159217336 0.0000482053 18.134
1160 -0.9158739949 0.0000477387 18.163
1170 -0.9158265402 0.0000474547 18.147
1180 -0.9157789728 0.0000475674 18.133
1190 -0.9157317609 0.0000472119 18.165
1200 -0.9156848345 0.0000469264 18.171
1210 -0.9156387243 0.0000461102 18.111
1220 -0.9155929868 0.0000457375 18.140
1230 -0.9155473781 0.0000456087 18.218
1240 -0.9155021403 0.0000452378 18.110
1250 -0.9154569487 0.0000451916 18.149
1260 -0.9154119667 0.0000449819 18.132
1270 -0.9153674803 0.0000444864 18.167
1280 -0.9153232534 0.0000442269 18.106
1290 -0.9152789897 0.0000442636 18.110
1300 -0.9152352261 0.0000437636 18.160
1310 -0.9151920054 0.0000432207 18.125
1320 -0.9151485207 0.0000434847 18.094
1330 -0.9151060228 0.0000424979 18.118
1340 -0.9150637008 0.0000423220 18.088
1350 -0.9150192196 0.0000444811 18.149
1360 -0.9149322835 0.0000869362 18.133
1370 -0.9148801245 0.0000521589 18.107
1380 -0.9148380252 0.0000420993 18.143
1390 -0.9147541040 0.0000839212 18.429
1400 -0.9147057920 0.0000483121 18.091
1410 -0.9146661115 0.0000396804 18.072
1420 -0.9146260439 0.0000400677 18.077
1430 -0.9145867110 0.0000393328 18.071
1440 -0.9145477409 0.0000389701 18.116
1450 -0.9145089957 0.0000387452 18.089
1460 -0.9144708479 0.0000381478 18.125
1470 -0.9144329363 0.0000379115 18.080
1480 -0.9143950709 0.0000378654 18.084
1490 -0.9143577034 0.0000373675 18.103
1500 -0.9143200295 0.0000376739 18.132
1510 -0.9142830366 0.0000369929 18.108
1520 -0.9142458105 0.0000372261 18.089
1530 -0.9142090908 0.0000367197 18.063
1540 -0.9141725852 0.0000365056 18.062
1550 -0.9141363581 0.0000362271 18.125
1560 -0.9141001130 0.0000362451 18.076
1570 -0.9140643028 0.0000358103 18.060
1580 -0.9140284942 0.0000358085 18.031
1590 -0.9139928233 0.0000356709 18.096
1600 -0.9139573843 0.0000354390 18.067
1610 -0.9139221857 0.0000351986 18.061
1620 -0.9138867454 0.0000354403 18.073
1630 -0.9138518652 0.0000348802 18.086
1640 -0.9138170873 0.0000347779 18.098
1650 -0.9137826637 0.0000344236 18.067
1660 -0.9137483996 0.0000342641 18.066
1670 -0.9137140726 0.0000343270 18.068
1680 -0.9136802831 0.0000337895 18.076
1690 -0.9136463939 0.0000338892 18.048
1700 -0.9136127346 0.0000336593 18.022
1710 -0.9135789147 0.0000338199 18.110
1720 -0.9135454875 0.0000334272 18.047
1730 -0.9135121683 0.0000333192 18.020
1740 -0.9134792349 0.0000329335 18.043
1750 -0.9134461004 0.0000331345 18.077
1760 -0.9134136024 0.0000324979 18.058
1770 -0.9133813656 0.0000322368 18.048
1780 -0.9133486793 0.0000326864 18.049
1790 -0.9133166421 0.0000320371 18.040
1800 -0.9132847338 0.0000319083 18.027
1810 -0.9132528798 0.0000318540 18.007
1820 -0.9132213335 0.0000315464 18.044
1830 -0.9131898266 0.0000315069 18.033
1840 -0.9131583149 0.0000315117 18.086
1850 -0.9131269501 0.0000313648 18.083
1860 -0.9130959399 0.0000310103 18.017
1870 -0.9130650017 0.0000309381 18.015
1880 -0.9130340222 0.0000309795 18.039
1890 -0.9130030878 0.0000309344 18.004
1900 -0.9129723947 0.0000306931 18.032
1910 -0.9129420672 0.0000303275 18.033
1920 -0.9129119637 0.0000301035 18.027
1930 -0.9128820987 0.0000298650 17.999
1940 -0.9128520088 0.0000300899 18.029
1950 -0.9128223324 0.0000296764 18.030
1960 -0.9127924941 0.0000298383 18.015
1970 -0.9127630636 0.0000294305 18.001
1980 -0.9127332306 0.0000298330 17.986
1990 -0.9127041429 0.0000290877 18.011
2000 -0.9126751080 0.0000290348 17.982
2010 -0.9126463369 0.0000287712 18.023
2020 -0.9126174945 0.0000288424 17.994
2030 -0.9125883568 0.0000291377 18.002
2040 -0.9125598767 0.0000284801 17.992
2050 -0.9125312622 0.0000286145 18.004
2060 -0.9125030960 0.0000281662 18.006
2070 -0.9124747752 0.0000283209 18.017
2080 -0.9124466753 0.0000280998 18.293
2090 -0.9124184909 0.0000281844 17.977
2100 -0.9123907813 0.0000277096 17.987
2110 -0.9123630071 0.0000277742 17.995
2120 -0.9123351959 0.0000278112 17.997
2130 -0.9123077818 0.0000274141 17.959
2140 -0.9122802599 0.0000275219 17.965
2150 -0.9122531067 0.0000271532 18.028
2160 -0.9122259924 0.0000271142 18.032
2170 -0.9121990192 0.0000269732 18.001
2180 -0.9121721407 0.0000268786 17.978
2190 -0.9121451863 0.0000269544 17.999
2200 -0.9121183717 0.0000268146 17.997
2210 -0.9120919379 0.0000264338 18.007
2220 -0.9120652945 0.0000266434 17.975
2230 -0.9120389065 0.0000263880 17.974
2240 -0.9120126350 0.0000262715 17.939
2250 -0.9119865709 0.0000260641 17.974
2260 -0.9119604400 0.0000261309 17.959
2270 -0.9119346439 0.0000257961 17.973
2280 -0.9119085440 0.0000261000 17.976
2290 -0.9118825476 0.0000259963 18.647
2300 -0.9118568884 0.0000256592 17.954
2310 -0.9118315331 0.0000253554 17.983
2320 -0.9118057020 0.0000258311 17.931
2330 -0.9117802717 0.0000254303 17.968
2340 -0.9117548670 0.0000254048 17.952
2350 -0.9117298320 0.0000250350 17.974
2360 -0.9117046972 0.0000251348 17.945
2370 -0.9116797288 0.0000249684 17.933
2380 -0.9116544288 0.0000253000 17.975
2390 -0.9116295683 0.0000248605 18.004
2400 -0.9116044693 0.0000250990 17.946
2410 -0.9115796947 0.0000247746 17.978
2420 -0.9115552058 0.0000244888 17.950
2430 -0.9115306003 0.0000246056 17.959
2440 -0.9115058538 0.0000247464 17.965
2450 -0.9114811837 0.0000246702 17.958
2460 -0.9114564858 0.0000246979 17.943
2470 -0.9114319522 0.0000245335 17.954
2480 -0.9114079746 0.0000239776 17.928
2490 -0.9113838908 0.0000240839 17.935
2500 -0.9113599937 0.0000238971 17.918
2510 -0.9113360534 0.0000239403 17.987
2520 -0.9113119633 0.0000240901 17.961
2530 -0.9112883982 0.0000235651 17.882
2540 -0.9112645507 0.0000238475 17.948
2550 -0.9112408864 0.0000236643 17.929
2560 -0.9112172495 0.0000236369 17.914
2570 -0.9111935241 0.0000237254 17.921
2580 -0.9111698573 0.0000236667 17.964
2590 -0.9111467320 0.0000231254 17.921
2600 -0.9111232622 0.0000234698 17.929
2610 -0.9111003801 0.0000228821 17.966
2620 -0.9110774758 0.0000229043 17.909
2630 -0.9110544242 0.0000230516 17.908
2640 -0.9110316714 0.0000227528 17.933
2650 -0.9110088616 0.0000228098 17.981
2660 -0.9109862287 0.0000226329 17.944
2670 -0.9109632900 0.0000229387 17.932
2680 -0.9109407485 0.0000225415 17.960
2690 -0.9109182043 0.0000225442 17.946
2700 -0.9108956589 0.0000225454 17.941
2710 -0.9108731680 0.0000224909 17.931
2720 -0.9108507693 0.0000223987 17.929
2730 -0.9108285635 0.0000222058 17.952
2740 -0.9108062704 0.0000222931 17.885
2750 -0.9107839459 0.0000223245 17.906
2760 -0.9107618687 0.0000220772 17.934
2770 -0.9107396795 0.0000221893 17.908
2780 -0.9107173653 0.0000223142 17.933
2790 -0.9106956467 0.0000217186 17.929
2800 -0.9106736077 0.0000220390 17.894
2810 -0.9106517351 0.0000218727 17.935
2820 -0.9106299061 0.0000218290 17.887
2830 -0.9106081174 0.0000217887 17.916
2840 -0.9105859593 0.0000221581 17.936
2850 -0.9105643177 0.0000216416 17.907
2860 -0.9105424447 0.0000218730 17.930
2870 -0.9105210235 0.0000214212 17.916
2880 -0.9104993501 0.0000216734 17.909
2890 -0.9104778356 0.0000215145 17.927
2900 -0.9104562711 0.0000215645 17.896
2910 -0.9104351846 0.0000210865 17.886
2920 -0.9104141994 0.0000209852 17.925
2930 -0.9103929813 0.0000212182 17.934
2940 -0.9103717443 0.0000212370 17.918
2950 -0.9103506400 0.0000211042 17.938
2960 -0.9103288998 0.0000217402 17.887
2970 -0.9103080342 0.0000208657 17.924
2980 -0.9102869038 0.0000211304 17.924
2990 -0.9102657380 0.0000211658 17.905
3000 -0.9102448931 0.0000208448 17.880
3010 -0.9102241592 0.0000207340 17.883
3020 -0.9102033489 0.0000208103 17.891
3030 -0.9101828605 0.0000204883 17.882
3040 -0.9101621306 0.0000207299 17.956
3050 -0.9101410704 0.0000210602 17.873
3060 -0.9101208202 0.0000202502 17.891
3070 -0.9101004390 0.0000203812 17.932
3080 -0.9100796127 0.0000208263 17.907
3090 -0.9100591539 0.0000204588 17.886
3100 -0.9100382848 0.0000208691 17.898
3110 -0.9100179261 0.0000203586 17.899
3120 -0.9099974147 0.0000205115 17.882
3130 -0.9099765701 0.0000208446 17.922
3140 -0.9099565478 0.0000200223 17.901
3150 -0.9099360743 0.0000204734 17.864
3160 -0.9099161123 0.0000199621 17.903
3170 -0.9098956368 0.0000204754 17.886
3180 -0.9098753785 0.0000202584 17.888
3190 -0.9098550998 0.0000202787 17.913
3200 -0.9098351032 0.0000199966 17.890
3210 -0.9098150722 0.0000200310 17.895
3220 -0.9097953025 0.0000197697 17.908
3230 -0.9097753942 0.0000199083 17.931
3240 -0.9097557221 0.0000196721 17.946
3250 -0.9097356412 0.0000200810 17.878
3260 -0.9097159048 0.0000197364 17.888
3270 -0.9096957961 0.0000201087 17.921
3280 -0.9096754276 0.0000203685 17.879
3290 -0.9096556981 0.0000197295 17.905
3300 -0.9096361381 0.0000195600 17.901
3310 -0.9096162719 0.0000198662 17.900
3320 -0.9095966478 0.0000196242 17.846
3330 -0.9095774505 0.0000191972 17.903
3340 -0.9095575317 0.0000199188 17.881
3350 -0.9095384031 0.0000191286 17.875
3360 -0.9095187586 0.0000196445 17.854
3370 -0.9094995116 0.0000192470 17.878
3380 -0.9094804244 0.0000190872 17.887
3390 -0.9094610311 0.0000193933 17.846
3400 -0.9094418997 0.0000191314 17.901
3410 -0.9094227380 0.0000191617 17.885
3420 -0.9094036978 0.0000190401 17.859
3430 -0.9093848103 0.0000188875 17.888
3440 -0.9093655687 0.0000192416 17.982
3450 -0.9093466840 0.0000188847 17.891
3460 -0.9093272366 0.0000194473 17.884
3470 -0.9093081710 0.0000190656 17.856
3480 -0.9092892894 0.0000188816 17.879
3490 -0.9092706669 0.0000186225 17.863
3500 -0.9092519789 0.0000186880 17.832
3510 -0.9092325920 0.0000193870 17.869
3520 -0.9092137337 0.0000188583 17.884
3530 -0.9091954582 0.0000182755 17.860
3540 -0.9091767748 0.0000186834 17.833
3550 -0.9091581993 0.0000185755 17.902
3560 -0.9091401562 0.0000180431 17.853
3570 -0.9091215900 0.0000185662 17.846
3580 -0.9091035240 0.0000180660 17.866
3590 -0.9090852690 0.0000182550 17.848
3600 -0.9090669115 0.0000183576 17.856
3610 -0.9090487550 0.0000181564 17.895
3620 -0.9090308119 0.0000179432 17.864
3630 -0.9090125217 0.0000182902 17.839
3640 -0.9089948566 0.0000176650 17.846
3650 -0.9089771332 0.0000177235 17.892
3660 -0.9089590944 0.0000180388 17.848
3670 -0.9089407598 0.0000183347 17.826
3680 -0.9089230348 0.0000177249 17.882
3690 -0.9089054735 0.0000175613 17.872
3700 -0.9088870427 0.0000184308 17.846
3710 -0.9088689350 0.0000181077 17.837
3720 -0.9088508317 0.0000181033 17.834
3730 -0.9088328690 0.0000179627 17.812
3740 -0.9088149711 0.0000178979 17.854
3750 -0.9087971137 0.0000178574 17.851
3760 -0.9087797339 0.0000173799 17.859
3770 -0.9087620405 0.0000176934 17.831
3780 -0.9087440990 0.0000179415 17.862
3790 -0.9087265068 0.0000175922 17.813
3800 -0.9087083052 0.0000182015 17.832
3810 -0.9086903799 0.0000179253 17.831
3820 -0.9086724721 0.0000179078 17.879
3830 -0.9086548723 0.0000175998 17.857
3840 -0.9086365850 0.0000182873 17.841
3850 -0.9086187305 0.0000178544 17.824
3860 -0.9086013629 0.0000173676 17.853
3870 -0.9085840067 0.0000173562 17.852
3880 -0.9085668857 0.0000171210 17.869
3890 -0.9085497067 0.0000171790 17.850
3900 -0.9085325139 0.0000171928 17.880
3910 -0.9085150866 0.0000174273 17.844
3920 -0.9084977428 0.0000173438 17.840
3930 -0.9084805541 0.0000171887 17.857
3940 -0.9084629690 0.0000175851 17.815
3950 -0.9084459897 0.0000169794 17.852
3960 -0.9084293494 0.0000166403 17.863
3970 -0.9084124532 0.0000168962 17.833
3980 -0.9083953782 0.0000170750 17.823
3990 -0.9083783145 0.0000170637 17.828
4000 -0.9083611159 0.0000171986 17.826
4010 -0.9083444996 0.0000166163 17.843
4020 -0.9083273490 0.0000171505 17.823
4030 -0.9083106227 0.0000167263 17.815
4040 -0.9082936161 0.0000170067 17.801
4050 -0.9082767547 0.0000168614 17.817
4060 -0.9082602327 0.0000165220 17.829
4070 -0.9082435884 0.0000166443 17.844
4080 -0.9082265249 0.0000170635 17.809
4090 -0.9082096782 0.0000168467 17.829
4100 -0.9081935360 0.0000161422 17.845
4110 -0.9081765352 0.0000170008 17.792
4120 -0.9081596729 0.0000168622 17.836
4130 -0.9081435634 0.0000161095 17.810
4140 -0.9081271771 0.0000163863 17.834
4150 -0.9081104957 0.0000166814 17.838
4160 -0.9080943663 0.0000161295 17.825
4170 -0.9080784368 0.0000159295 17.831
4180 -0.9080621087 0.0000163280 17.805
4190 -0.9080455502 0.0000165586 17.803
4200 -0.9080290138 0.0000165364 17.813
4210 -0.9080130429 0.0000159709 17.902
4220 -0.9079965744 0.0000164685 18.392
4230 -0.9079804823 0.0000160921 17.784
4240 -0.9079643040 0.0000161784 17.821
4250 -0.9079481862 0.0000161177 17.804
4260 -0.9079323627 0.0000158235 17.801
4270 -0.9079160718 0.0000162910 17.788
4280 -0.9079003392 0.0000157326 17.802
4290 -0.9078846418 0.0000156974 17.824
4300 -0.9078682900 0.0000163518 17.808
4310 -0.9078522392 0.0000160508 17.787
4320 -0.9078367170 0.0000155222 17.801
4330 -0.9078203878 0.0000163292 17.786
4340 -0.9078043229 0.0000160649 17.832
4350 -0.9077878790 0.0000164439 17.783
4360 -0.9077719034 0.0000159756 17.815
4370 -0.9077560743 0.0000158291 17.787
4380 -0.9077399049 0.0000161694 17.812
4390 -0.9077242609 0.0000156439 17.798
4400 -0.9077084161 0.0000158448 17.791
4410 -0.9076928828 0.0000155333 17.782
4420 -0.9076776279 0.0000152549 17.801
4430 -0.9076621643 0.0000154636 17.786
4440 -0.9076464679 0.0000156964 17.809
4450 -0.9076313570 0.0000151109 17.813
4460 -0.9076158758 0.0000154812 17.773
4470 -0.9076006335 0.0000152423 17.795
4480 -0.9075852860 0.0000153475 17.816
4490 -0.9075702172 0.0000150688 17.794
4500 -0.9075550266 0.0000151906 17.815
4510 -0.9075394510 0.0000155756 17.784
4520 -0.9075237196 0.0000157314 17.789
4530 -0.9075091319 0.0000145876 17.774
4540 -0.9074941074 0.0000150245 17.772
4550 -0.9074788134 0.0000152940 17.787
4560 -0.9074641525 0.0000146609 17.805
4570 -0.9074490870 0.0000150654 17.861
4580 -0.9074339647 0.0000151223 17.781
4590 -0.9074190790 0.0000148857 17.851
4600 -0.9074042854 0.0000147936 17.777
4610 -0.9073894880 0.0000147975 17.790
4620 -0.9073746155 0.0000148725 17.764
4630 -0.9073597132 0.0000149022 17.787
4640 -0.9073451169 0.0000145963 17.783
4650 -0.9073302648 0.0000148521 17.775
4660 -0.9073160696 0.0000141952 17.774
4670 -0.9073008182 0.0000152514 17.757
4680 -0.9072864733 0.0000143449 17.762
4690 -0.9072714857 0.0000149875 17.768
4700 -0.9072568378 0.0000146479 17.789
4710 -0.9072425011 0.0000143367 17.773
4720 -0.9072279331 0.0000145680 17.754
4730 -0.9072134558 0.0000144772 17.763
4740 -0.9071992897 0.0000141662 17.762
4750 -0.9071848407 0.0000144490 17.751
4760 -0.9071707531 0.0000140876 17.774
4770 -0.9071557568 0.0000149964 17.799
4780 -0.9071416451 0.0000141116 17.787
4790 -0.9071279335 0.0000137116 17.776
4800 -0.9071133121 0.0000146214 17.733
4810 -0.9070989194 0.0000143926 17.765
4820 -0.9070848681 0.0000140514 17.771
4830 -0.9070710955 0.0000137725 17.779
4840 -0.9070572261 0.0000138695 17.746
4850 -0.9070430465 0.0000141796 17.734
4860 -0.9070291737 0.0000138728 17.788
4870 -0.9070148287 0.0000143450 17.759
4880 -0.9070008897 0.0000139389 17.737
4890 -0.9069869066 0.0000139832 17.762
4900 -0.9069724407 0.0000144658 17.777
4910 -0.9069584602 0.0000139805 17.782
4920 -0.9069447050 0.0000137552 17.757
4930 -0.9069311605 0.0000135446 17.727
4940 -0.9069169347 0.0000142258 17.769
4950 -0.9069031628 0.0000137719 17.703
4960 -0.9068897964 0.0000133664 17.734
4970 -0.9068759490 0.0000138474 17.738
4980 -0.9068622673 0.0000136817 17.751
4990 -0.9068487675 0.0000134998 17.760
5000 -0.9068352843 0.0000134832 17.726
5010 -0.9068214827 0.0000138015 17.767
5020 -0.9068078743 0.0000136084 17.745
5030 -0.9067945585 0.0000133158 17.767
5040 -0.9067815099 0.0000130486 17.732
5050 -0.9067680587 0.0000134512 17.743
5060 -0.9067545704 0.0000134882 17.745
5070 -0.9067409167 0.0000136538 17.755
5080 -0.9067271259 0.0000137908 17.716
5090 -0.9067135834 0.0000135425 17.736
5100 -0.9067002508 0.0000133326 17.725
5110 -0.9066870433 0.0000132075 17.795
5120 -0.9066740319 0.0000130114 17.718
5130 -0.9066606363 0.0000133956 17.718
5140 -0.9066474206 0.0000132157 17.696
5150 -0.9066341534 0.0000132673 17.725
5160 -0.9066209748 0.0000131786 17.707
5170 -0.9066082493 0.0000127255 17.739
5180 -0.9065951534 0.0000130959 17.728
5190 -0.9065820782 0.0000130752 17.734
5200 -0.9065689303 0.0000131479 17.720
5210 -0.9065556788 0.0000132514 17.746
5220 -0.9065427235 0.0000129553 17.750
5230 -0.9065297204 0.0000130031 17.717
5240 -0.9065165906 0.0000131298 17.748
5250 -0.9065036237 0.0000129669 17.700
5260 -0.9064910348 0.0000125889 17.729
5270 -0.9064780856 0.0000129492 17.697
5280 -0.9064654158 0.0000126698 17.726
5290 -0.9064529085 0.0000125073 17.757
5300 -0.9064402791 0.0000126294 17.695
5310 -0.9064277470 0.0000125321 17.736
5320 -0.9064147731 0.0000129739 17.764
5330 -0.9064022509 0.0000125222 17.702
5340 -0.9063897422 0.0000125087 17.686
5350 -0.9063771534 0.0000125888 17.710
5360 -0.9063646925 0.0000124609 17.681
5370 -0.9063523717 0.0000123208 17.718
5380 -0.9063397137 0.0000126580 17.717
5390 -0.9063271836 0.0000125301 17.680
5400 -0.9063148387 0.0000123448 17.700
5410 -0.9063024124 0.0000124263 17.724
5420 -0.9062901059 0.0000123065 17.703
5430 -0.9062774719 0.0000126341 17.681
5440 -0.9062651043 0.0000123676 17.670
5450 -0.9062527030 0.0000124012 17.680
5460 -0.9062404993 0.0000122038 17.691
5470 -0.9062280921 0.0000124072 17.686
5480 -0.9062159037 0.0000121884 17.656
5490 -0.9062033880 0.0000125157 17.668
5500 -0.9061912778 0.0000121101 17.724
5510 -0.9061788283 0.0000124496 17.701
5520 -0.9061665830 0.0000122453 17.702
5530 -0.9061540394 0.0000125436 17.713
5540 -0.9061417846 0.0000122548 17.683
5550 -0.9061299151 0.0000118694 17.660
5560 -0.9061178183 0.0000120968 17.662
5570 -0.9061056195 0.0000121988 17.697
5580 -0.9060938518 0.0000117678 17.661
5590 -0.9060817162 0.0000121356 17.648
5600 -0.9060700591 0.0000116570 17.661
5610 -0.9060584560 0.0000116032 17.647
5620 -0.9060465185 0.0000119375 17.657
5630 -0.9060345805 0.0000119380 17.708
5640 -0.9060228677 0.0000117128 17.728
5650 -0.9060109547 0.0000119129 17.701
5660 -0.9059740856 0.0000368691 17.668
5670 -0.9059613968 0.0000126888 17.691
5680 -0.9059497112 0.0000116856 17.670
5690 -0.9059380245 0.0000116867 17.694
5700 -0.9059264465 0.0000115780 17.721
5710 -0.9059144163 0.0000120302 17.737
5720 -0.9059027088 0.0000117075 17.643
5730 -0.9058912848 0.0000114240 17.658
5740 -0.9058797174 0.0000115674 17.694
5750 -0.9058683783 0.0000113391 17.679
5760 -0.9058571577 0.0000112206 17.657
5770 -0.9058458529 0.0000113048 17.704
5780 -0.9058339728 0.0000118801 17.682
5790 -0.9058223587 0.0000116142 17.675
5800 -0.9058108614 0.0000114973 17.682
5810 -0.9057997888 0.0000110726 17.662
5820 -0.9057882894 0.0000114993 17.652
5830 -0.9057765415 0.0000117479 17.670
5840 -0.9057653833 0.0000111583 17.668
5850 -0.9057537811 0.0000116022 17.681
5860 -0.9057425727 0.0000112084 17.644
5870 -0.9057312303 0.0000113425 17.662
5880 -0.9057204223 0.0000108080 17.666
5890 -0.9057092677 0.0000111546 17.655
5900 -0.9056981724 0.0000110953 17.662
5910 -0.9056873811 0.0000107913 17.667
5920 -0.9056758630 0.0000115181 17.650
5930 -0.9056646490 0.0000112140 17.681
5940 -0.9056534675 0.0000111815 17.638
5950 -0.9056425900 0.0000108775 17.634
5960 -0.9056314808 0.0000111092 17.676
5970 -0.9056207337 0.0000107471 17.670
5980 -0.9056096661 0.0000110677 17.722
5990 -0.9055986327 0.0000110334 17.678
6000 -0.9055879810 0.0000106516 17.650
6010 -0.9055769587 0.0000110223 17.641
6020 -0.9055664407 0.0000105181 17.638
6030 -0.9055553836 0.0000110571 17.627
6040 -0.9055446179 0.0000107657 17.674
6050 -0.9055337558 0.0000108620 17.648
6060 -0.9055231794 0.0000105765 17.617
6070 -0.9055122306 0.0000109487 17.643
6080 -0.9055015792 0.0000106514 17.662
6090 -0.9054909083 0.0000106709 17.695
6100 -0.9054803805 0.0000105278 17.651
6110 -0.9054698303 0.0000105503 17.667
6120 -0.9054591517 0.0000106786 17.667
6130 -0.9054485209 0.0000106308 17.656
6140 -0.9054381237 0.0000103972 17.654
6150 -0.9054276891 0.0000104346 17.622
6160 -0.9054165985 0.0000110906 17.629
6170 -0.9054060435 0.0000105550 17.627
6180 -0.9053951024 0.0000109411 17.669
6190 -0.9053847043 0.0000103981 17.660
6200 -0.9053741214 0.0000105830 17.664
6210 -0.9053636091 0.0000105123 17.663
6220 -0.9053527941 0.0000108150 17.629
6230 -0.9053425888 0.0000102053 17.623
6240 -0.9053321017 0.0000104871 17.662
6250 -0.9053219268 0.0000101749 17.695
6260 -0.9053115553 0.0000103714 17.630
6270 -0.9053008397 0.0000107156 17.655
6280 -0.9052904830 0.0000103566 17.619
6290 -0.9052799032 0.0000105799 17.624
6300 -0.9052691103 0.0000107928 17.661
6310 -0.9052590735 0.0000100368 17.631
6320 -0.9052489007 0.0000101728 17.590
6330 -0.9052384458 0.0000104549 17.605
6340 -0.9052284986 0.0000099472 17.647
6350 -0.9052184669 0.0000100317 17.622
6360 -0.9052081013 0.0000103656 17.637
6370 -0.9051978068 0.0000102945 17.646
6380 -0.9051877959 0.0000100109 17.642
6390 -0.9051781893 0.0000096066 17.640
6400 -0.9051678278 0.0000103615 17.650
6410 -0.9051576420 0.0000101859 17.616
6420 -0.9051475479 0.0000100941 17.622
6430 -0.9051377641 0.0000097838 17.627
6440 -0.9051278988 0.0000098653 17.609
6450 -0.9051179410 0.0000099578 17.606
6460 -0.9051079188 0.0000100222 17.626
6470 -0.9050980053 0.0000099135 17.637
6480 -0.9050882220 0.0000097833 17.653
6490 -0.9050783517 0.0000098704 17.637
6500 -0.9050686398 0.0000097118 17.612
6510 -0.9050590664 0.0000095734 17.626
6520 -0.9050490014 0.0000100650 17.646
6530 -0.9050392649 0.0000097365 17.604
6540 -0.9050292446 0.0000100203 17.602
6550 -0.9050192015 0.0000100431 17.625
6560 -0.9050093709 0.0000098306 17.620
6570 -0.9049999700 0.0000094009 17.613
6580 -0.9049901003 0.0000098696 17.593
6590 -0.9049800967 0.0000100037 17.638
6600 -0.9049701080 0.0000099887 17.583
6610 -0.9049602254 0.0000098826 17.607
6620 -0.9049505447 0.0000096807 17.600
6630 -0.9049408475 0.0000096972 17.606
6640 -0.9049313779 0.0000094696 17.654
6650 -0.9049216379 0.0000097400 17.669
6660 -0.9049118809 0.0000097570 17.598
6670 -0.9049021480 0.0000097328 17.605
6680 -0.9048925733 0.0000095747 17.648
6690 -0.9048839847 0.0000085886 17.616
6700 -0.9048734401 0.0000105446 17.615
6710 -0.9048640234 0.0000094167 17.595
6720 -0.9048547390 0.0000092844 17.638
6730 -0.9048452345 0.0000095045 17.602
6740 -0.9048357613 0.0000094732 17.615
6750 -0.9048261236 0.0000096377 17.639
6760 -0.9048170014 0.0000091221 17.628
6770 -0.9048077618 0.0000092396 17.628
6780 -0.9047984573 0.0000093045 17.641
6790 -0.9047892911 0.0000091662 17.616
6800 -0.9047801243 0.0000091669 17.695
6810 -0.9047708608 0.0000092635 17.602
6820 -0.9047619098 0.0000089510 17.591
6830 -0.9047523117 0.0000095981 17.613
6840 -0.9047432119 0.0000090998 17.571
6850 -0.9047340004 0.0000092115 17.603
6860 -0.9047246111 0.0000093893 17.612
6870 -0.9047153256 0.0000092855 17.621
6880 -0.9047060346 0.0000092910 17.601
6890 -0.9046970296 0.0000090050 17.597
6900 -0.9046878824 0.0000091472 17.591
6910 -0.9046785106 0.0000093718 17.640
6920 -0.9046693541 0.0000091565 17.588
6930 -0.9046603187 0.0000090353 17.588
6940 -0.9046515827 0.0000087360 17.579
6950 -0.9046421644 0.0000094183 17.609
6960 -0.9046327534 0.0000094110 17.614
6970 -0.9046237360 0.0000090174 17.608
6980 -0.9046168609 0.0000068751 17.567
6990 -0.9046055304 0.0000113305 17.557
7000 -0.9045965902 0.0000089402 17.593
7010 -0.9045875522 0.0000090380 17.617
7020 -0.9045788496 0.0000087026 17.578
7030 -0.9045701286 0.0000087209 17.617
7040 -0.9045610115 0.0000091172 17.613
7050 -0.9045520561 0.0000089554 17.591
7060 -0.9045432073 0.0000088488 17.579
7070 -0.9045342885 0.0000089188 17.590
7080 -0.9045255798 0.0000087087 17.588
7090 -0.9045164526 0.0000091272 17.563
7100 -0.9045077347 0.0000087179 17.579
7110 -0.9044991608 0.0000085739 17.579
7120 -0.9044902512 0.0000089096 17.577
7130 -0.9044814596 0.0000087915 17.626
7140 -0.9044729271 0.0000085326 17.595
7150 -0.9044643324 0.0000085947 17.599
7160 -0.9044554118 0.0000089206 17.675
7170 -0.9044467323 0.0000086795 17.611
7180 -0.9044379301 0.0000088022 17.562
7190 -0.9044290750 0.0000088551 17.585
7200 -0.9044203521 0.0000087229 17.570
7210 -0.9044116576 0.0000086945 17.604
7220 -0.9044030729 0.0000085847 17.574
7230 -0.9043959382 0.0000071347 17.549
7240 -0.9043861784 0.0000097598 17.562
7250 -0.9043772850 0.0000088934 17.597
7260 -0.9043690030 0.0000082820 17.586
7270 -0.9043606434 0.0000083596 17.576
7280 -0.9043522657 0.0000083776 17.551
7290 -0.9043437640 0.0000085017 17.569
7300 -0.9043352895 0.0000084746 17.590
7310 -0.9043265234 0.0000087660 17.573
7320 -0.9043183074 0.0000082160 17.586
7330 -0.9043096085 0.0000086989 17.559
7340 -0.9043013255 0.0000082830 17.559
7350 -0.9042931803 0.0000081452 17.565
7360 -0.9042848994 0.0000082809 17.552
7370 -0.9042765589 0.0000083405 17.554
7380 -0.9042681951 0.0000083638 17.601
7390 -0.9042595853 0.0000086098 17.556
7400 -0.9042514719 0.0000081133 17.566
7410 -0.9042429995 0.0000084725 17.550
7420 -0.9042347855 0.0000082140 17.555
7430 -0.9042264090 0.0000083764 17.580
7440 -0.9042181663 0.0000082427 17.577
7450 -0.9042099441 0.0000082222 17.552
7460 -0.9042014923 0.0000084519 17.586
7470 -0.9041933763 0.0000081159 17.593
7480 -0.9041851751 0.0000082013 17.563
7490 -0.9041774714 0.0000077036 17.557
7500 -0.9041690390 0.0000084324 17.547
7510 -0.9041606386 0.0000084004 17.556
7520 -0.9041526936 0.0000079451 17.591
7530 -0.9041446031 0.0000080905 17.555
7540 -0.9041367972 0.0000078059 17.532
7550 -0.9041284296 0.0000083676 17.585
7560 -0.9041203829 0.0000080467 17.577
7570 -0.9041126141 0.0000077688 17.534
7580 -0.9041043284 0.0000082857 17.587
7590 -0.9040964480 0.0000078804 17.582
7600 -0.9040886889 0.0000077591 17.610
7610 -0.9040803422 0.0000083467 17.581
7620 -0.9040723749 0.0000079673 17.528
7630 -0.9040643668 0.0000080081 17.550
7640 -0.9040564729 0.0000078939 17.536
7650 -0.9040482907 0.0000081822 17.586
7660 -0.9040402648 0.0000080259 17.608
7670 -0.9040325603 0.0000077044 17.547
7680 -0.9040241743 0.0000083861 17.591
7690 -0.9040161042 0.0000080701 17.574
7700 -0.9040083798 0.0000077244 17.584
7710 -0.9040005198 0.0000078600 17.561
7720 -0.9039927154 0.0000078044 17.589
7730 -0.9039848487 0.0000078668 17.622
7740 -0.9039769809 0.0000078678 17.565
7750 -0.9039690750 0.0000079059 17.559
7760 -0.9039612406 0.0000078343 17.554
7770 -0.9039533151 0.0000079255 17.553
7780 -0.9039453929 0.0000079222 17.571
7790 -0.9039371412 0.0000082517 17.574
7800 -0.9039294064 0.0000077348 17.565
7810 -0.9039217767 0.0000076297 17.556
7820 -0.9039142717 0.0000075050 17.601
7830 -0.9039065716 0.0000077001 17.622
7840 -0.9038987958 0.0000077759 17.516
7850 -0.9038912294 0.0000075663 17.552
7860 -0.9038833735 0.0000078559 17.594
7870 -0.9038757567 0.0000076168 17.533
7880 -0.9038681233 0.0000076334 17.544
7890 -0.9038606480 0.0000074753 17.566
7900 -0.9038531818 0.0000074662 17.587
7910 -0.9038454624 0.0000077194 17.541
7920 -0.9038377547 0.0000077076 17.574
7930 -0.9038304226 0.0000073321 17.526
7940 -0.9038227013 0.0000077213 17.558
7950 -0.9038150691 0.0000076322 17.570
7960 -0.9038077688 0.0000073002 17.529
7970 -0.9037998981 0.0000078708 17.533
7980 -0.9037925334 0.0000073647 17.517
7990 -0.9037849692 0.0000075642 17.538
8000 -0.9037773588 0.0000076104 17.570
8010 -0.9037702389 0.0000071199 17.556
8020 -0.9037625964 0.0000076426 17.537
8030 -0.9037553092 0.0000072872 17.577
8040 -0.9037478967 0.0000074125 17.550
8050 -0.9037405794 0.0000073172 17.528
8060 -0.9037329680 0.0000076115 17.533
8070 -0.9037256744 0.0000072936 17.542
8080 -0.9037182229 0.0000074515 17.569
8090 -0.9037107315 0.0000074914 17.547
8100 -0.9037032004 0.0000075311 17.565
8110 -0.9036958672 0.0000073333 17.562
8120 -0.9036880827 0.0000077844 17.537
8130 -0.9036809239 0.0000071589 17.546
8140 -0.9036726372 0.0000082867 17.562
8150 -0.9036454936 0.0000271435 17.549
8160 -0.9036363161 0.0000091775 17.537
8170 -0.9036276697 0.0000086464 17.540
8180 -0.9036202603 0.0000074094 17.506
8190 -0.9036134250 0.0000068354 17.532
8200 -0.9036061180 0.0000073069 17.552
8210 -0.9035991531 0.0000069649 17.517
8220 -0.9035921639 0.0000069892 17.520
8230 -0.9035852723 0.0000068917 17.558
8240 -0.9035779226 0.0000073496 17.571
8250 -0.9035707873 0.0000071353 17.541
8260 -0.9035639225 0.0000068649 17.544
8270 -0.9035570446 0.0000068779 17.601
8280 -0.9035501186 0.0000069259 17.557
8290 -0.9035430142 0.0000071044 17.536
8300 -0.9035320824 0.0000109318 17.535
8310 -0.9035236987 0.0000083837 17.524
8320 -0.9035155474 0.0000081512 17.529
8330 -0.9035082153 0.0000073321 17.503
8340 -0.9035003021 0.0000079132 17.526
8350 -0.9034934590 0.0000068431 17.543
8360 -0.9034864059 0.0000070532 17.518
8370 -0.9034795223 0.0000068835 17.571
8380 -0.9034726510 0.0000068713 17.541
8390 -0.9034659092 0.0000067419 17.518
8400 -0.9034590972 0.0000068120 17.547
8410 -0.9034522366 0.0000068606 17.530
8420 -0.9034455310 0.0000067056 17.520
8430 -0.9034387173 0.0000068137 17.506
8440 -0.9034316267 0.0000070906 17.519
8450 -0.9034248985 0.0000067282 17.513
8460 -0.9034179018 0.0000069968 17.513
8470 -0.9034113035 0.0000065983 17.521
8480 -0.9034047343 0.0000065692 17.546
8490 -0.9033970125 0.0000077218 17.513
8500 -0.9033899032 0.0000071092 17.513
8510 -0.9033830222 0.0000068810 17.510
8520 -0.9033762767 0.0000067455 17.558
8530 -0.9033695598 0.0000067170 17.550
8540 -0.9033627053 0.0000068545 17.551
8550 -0.9033559486 0.0000067567 17.502
8560 -0.9033491911 0.0000067575 17.572
8570 -0.9033424255 0.0000067657 17.524
8580 -0.9033358071 0.0000066184 17.510
8590 -0.9033292609 0.0000065461 17.513
8600 -0.9033226037 0.0000066573 17.514
8610 -0.9033145246 0.0000080791 17.490
8620 -0.9033079480 0.0000065765 17.531
8630 -0.9033012914 0.0000066567 17.513
8640 -0.9032943786 0.0000069128 17.521
8650 -0.9032868718 0.0000075068 17.512
8660 -0.9032771528 0.0000097190 17.516
8670 -0.9032605149 0.0000166379 17.513
8680 -0.9032503918 0.0000101231 17.497
8690 -0.9032419683 0.0000084235 17.518
8700 -0.9032348699 0.0000070985 17.492
8710 -0.9032268286 0.0000080412 17.542
8720 -0.9032190026 0.0000078261 17.505
8730 -0.9032117963 0.0000072062 17.559
8740 -0.9032055184 0.0000062779 17.501
8750 -0.9031982910 0.0000072274 17.514
8760 -0.9031919779 0.0000063131 17.560
8770 -0.9031858408 0.0000061371 17.506
8780 -0.9031791445 0.0000066962 17.541
8790 -0.9031687426 0.0000104019 17.512
8800 -0.9031567396 0.0000120030 17.495
8810 -0.9031482348 0.0000085048 17.479
8820 -0.9031417961 0.0000064386 17.512
8830 -0.9031355361 0.0000062600 17.522
8840 -0.9031294923 0.0000060438 17.520
8850 -0.9031233243 0.0000061680 17.510
8860 -0.9031168308 0.0000064935 17.504
8870 -0.9031107111 0.0000061197 17.496
8880 -0.9031045737 0.0000061374 17.498
8890 -0.9030980599 0.0000065137 17.500
8900 -0.9030918787 0.0000061812 17.484
8910 -0.9030856884 0.0000061903 17.497
8920 -0.9030797389 0.0000059495 17.500
8930 -0.9030733966 0.0000063423 17.487
8940 -0.9030672643 0.0000061323 17.516
8950 -0.9030610947 0.0000061696 17.522
8960 -0.9030551203 0.0000059743 17.511
8970 -0.9030488067 0.0000063136 17.510
8980 -0.9030428956 0.0000059111 17.495
8990 -0.9030367270 0.0000061686 17.536
9000 -0.9030306968 0.0000060302 17.494
9010 -0.9030251424 0.0000055544 17.486
9020 -0.9030185424 0.0000065999 17.506
9030 -0.9030123067 0.0000062357 17.492
9040 -0.9030063132 0.0000059935 17.514
9050 -0.9030003881 0.0000059251 17.477
9060 -0.9029944634 0.0000059247 17.537
9070 -0.9029884710 0.0000059924 17.499
9080 -0.9029824488 0.0000060222 17.528
9090 -0.9029764808 0.0000059680 17.522
9100 -0.9029704651 0.0000060156 17.522
9110 -0.9029645092 0.0000059559 17.501
9120 -0.9029584492 0.0000060600 17.470
9130 -0.9029525652 0.0000058839 17.490
9140 -0.9029464580 0.0000061072 17.492
9150 -0.9029404728 0.0000059852 17.513
9160 -0.9029346968 0.0000057760 17.526
9170 -0.9029247705 0.0000099263 17.502
9180 -0.9029171716 0.0000075989 17.482
9190 -0.9029122985 0.0000048731 17.470
9200 -0.9029027380 0.0000095605 17.496
9210 -0.9028964295 0.0000063085 17.538
9220 -0.9028905320 0.0000058975 17.510
9230 -0.9028849245 0.0000056075 17.552
9240 -0.9028787987 0.0000061258 17.475
9250 -0.9028730360 0.0000057627 17.499
9260 -0.9028672379 0.0000057980 17.514
9270 -0.9028614716 0.0000057663 17.449
9280 -0.9028556207 0.0000058510 17.506
9290 -0.9028498228 0.0000057979 17.510
9300 -0.9028438543 0.0000059685 17.487
9310 -0.9028381264 0.0000057279 17.475
9320 -0.9028325562 0.0000055702 17.478
9330 -0.9028269073 0.0000056489 17.479
9340 -0.9028212944 0.0000056129 17.470
9350 -0.9028152678 0.0000060266 17.494
9360 -0.9028094672 0.0000058006 17.497
9370 -0.9028037003 0.0000057669 17.487
9380 -0.9027980370 0.0000056633 17.480
9390 -0.9027922596 0.0000057774 17.528
9400 -0.9027866170 0.0000056426 17.495
9410 -0.9027805917 0.0000060253 17.504
9420 -0.9027747771 0.0000058146 17.466
9430 -0.9027690163 0.0000057608 17.481
9440 -0.9027635512 0.0000054651 17.475
9450 -0.9027577826 0.0000057685 17.484
9460 -0.9027521575 0.0000056251 17.507
9470 -0.9027465989 0.0000055586 17.487
9480 -0.9027410379 0.0000055610 17.467
9490 -0.9027354359 0.0000056021 17.511
9500 -0.9027269917 0.0000084442 17.518
9510 -0.9027169116 0.0000100801 17.465
9520 -0.9027093606 0.0000075510 17.462
9530 -0.9027011807 0.0000081799 17.496
9540 -0.9026942368 0.0000069438 17.528
9550 -0.9026879538 0.0000062831 17.469
9560 -0.9026820817 0.0000058720 17.460
9570 -0.9026764635 0.0000056182 17.468
9580 -0.9026711030 0.0000053605 17.529
9590 -0.9026653348 0.0000057682 17.470
9600 -0.9026597653 0.0000055695 17.499
9610 -0.9026543530 0.0000054123 17.467
9620 -0.9026459413 0.0000084117 17.527
9630 -0.9026395999 0.0000063414 17.501
9640 -0.9026338208 0.0000057792 17.464
9650 -0.9026282303 0.0000055905 17.463
9660 -0.9026227141 0.0000055162 17.464
9670 -0.9026173740 0.0000053401 17.522
9680 -0.9026119120 0.0000054620 17.508
9690 -0.9026065181 0.0000053939 17.464
9700 -0.9026010182 0.0000055000 17.516
9710 -0.9025956486 0.0000053696 17.480
9720 -0.9025902879 0.0000053607 17.482
9730 -0.9025849362 0.0000053517 17.490
9740 -0.9025797927 0.0000051435 17.485
9750 -0.9025721015 0.0000076912 17.493
9760 -0.9025645481 0.0000075535 17.462
9770 -0.9025590341 0.0000055139 17.489
9780 -0.9025542445 0.0000047896 17.472
9790 -0.9025482563 0.0000059882 17.467
9800 -0.9025430132 0.0000052431 17.508
9810 -0.9025375989 0.0000054143 17.489
9820 -0.9025331003 0.0000044986 17.471
9830 -0.9025269358 0.0000061645 17.472
9840 -0.9025216768 0.0000052589 17.464
9850 -0.9025163618 0.0000053150 17.500
9860 -0.9025111556 0.0000052062 17.477
9870 -0.9025058297 0.0000053259 17.479
9880 -0.9025005988 0.0000052309 17.454
9890 -0.9024952758 0.0000053230 17.460
9900 -0.9024901966 0.0000050792 17.479
9910 -0.9024846280 0.0000055686 17.478
9920 -0.9024794455 0.0000051825 17.491
9930 -0.9024742794 0.0000051661 17.507
9940 -0.9024690697 0.0000052097 17.476
9950 -0.9024637908 0.0000052789 17.472
9960 -0.9024589908 0.0000048000 17.465
9970 -0.9024536408 0.0000053499 17.458
9980 -0.9024483490 0.0000052918 17.453
9990 -0.9024432355 0.0000051135 17.462
10000 -0.9024381719 0.0000050636 17.487
10010 -0.9024329994 0.0000051725 17.497
10020 -0.9024279389 0.0000050605 17.472
10030 -0.9024228539 0.0000050850 17.466
10040 -0.9024175578 0.0000052961 17.478
10050 -0.9024123648 0.0000051930 17.482
10060 -0.9024071662 0.0000051985 17.468
10070 -0.9024022620 0.0000049043 17.539
10080 -0.9023971838 0.0000050782 17.494
10090 -0.9023918701 0.0000053138 17.451
10100 -0.9023869404 0.0000049297 17.442
10110 -0.9023817772 0.0000051631 17.469
10120 -0.9023767480 0.0000050292 17.482
10130 -0.9023713253 0.0000054227 17.496
10140 -0.9023662573 0.0000050680 17.481
10150 -0.9023614137 0.0000048436 17.457
10160 -0.9023562908 0.0000051229 17.459
10170 -0.9023513617 0.0000049291 17.487
10180 -0.9023464632 0.0000048986 17.483
10190 -0.9023413660 0.0000050972 17.493
10200 -0.9023360894 0.0000052766 17.477
10210 -0.9023311416 0.0000049478 17.453
10220 -0.9023260844 0.0000050572 17.465
10230 -0.9023211261 0.0000049582 17.474
10240 -0.9023162408 0.0000048854 17.468
10250 -0.9023110612 0.0000051796 17.524
10260 -0.9023062586 0.0000048025 17.497
10270 -0.9023011167 0.0000051420 17.451
10280 -0.9022961380 0.0000049786 17.483
10290 -0.9022913138 0.0000048242 17.463
10300 -0.9022857322 0.0000055815 17.500
10310 -0.9022794089 0.0000063234 17.473
10320 -0.9022743011 0.0000051077 17.430
10330 -0.9022694296 0.0000048715 17.483
10340 -0.9022644548 0.0000049749 17.442
10350 -0.9022598525 0.0000046022 17.496
10360 -0.9022547682 0.0000050843 17.451
10370 -0.9022499335 0.0000048346 17.468
10380 -0.9022450182 0.0000049153 17.475
10390 -0.9022402035 0.0000048147 17.497
10400 -0.9022352330 0.0000049705 17.450
10410 -0.9022306258 0.0000046072 17.489
10420 -0.9022255122 0.0000051136 17.468
10430 -0.9022208362 0.0000046760 17.458
10440 -0.9022160299 0.0000048063 17.503
10450 -0.9022111785 0.0000048514 17.448
10460 -0.9022065618 0.0000046167 17.456
10470 -0.9022018015 0.0000047602 17.494
10480 -0.9021969228 0.0000048788 17.453
10490 -0.9021920420 0.0000048808 17.457
10500 -0.9021872178 0.0000048242 17.448
10510 -0.9021821959 0.0000050219 17.490
10520 -0.9021774177 0.0000047781 17.496
10530 -0.9021726208 0.0000047969 17.483
10540 -0.9021675620 0.0000050588 17.475
10550 -0.9021629775 0.0000045845 17.453
10560 -0.9021584759 0.0000045017 17.480
10570 -0.9021537890 0.0000046868 17.454
10580 -0.9021486852 0.0000051038 17.453
10590 -0.9021436719 0.0000050132 17.480
10600 -0.9021389789 0.0000046930 17.493
10610 -0.9021343747 0.0000046042 17.467
10620 -0.9021295502 0.0000048245 17.454
10630 -0.9021250211 0.0000045291 17.495
10640 -0.9021203011 0.0000047200 17.506
10650 -0.9021156398 0.0000046613 17.500
10660 -0.9021097350 0.0000059048 17.448
10670 -0.9021020843 0.0000076508 17.476
10680 -0.9020968697 0.0000052145 17.458
10690 -0.9020922879 0.0000045818 17.483
10700 -0.9020875006 0.0000047873 17.438
10710 -0.9020829995 0.0000045011 17.482
10720 -0.9020783825 0.0000046169 17.448
10730 -0.9020737138 0.0000046687 17.458
10740 -0.9020694142 0.0000042996 17.469
10750 -0.9020646729 0.0000047413 17.501
10760 -0.9020600203 0.0000046526 17.467
10770 -0.9020554798 0.0000045406 17.485
10780 -0.9020509842 0.0000044956 17.494
10790 -0.9020463296 0.0000046546 17.511
10800 -0.9020417779 0.0000045517 17.481
10810 -0.9020372661 0.0000045118 17.461
10820 -0.9020328082 0.0000044578 17.485
10830 -0.9020283426 0.0000044656 17.465
10840 -0.9020238439 0.0000044988 17.446
10850 -0.9020194525 0.0000043913 17.461
10860 -0.9020148704 0.0000045822 17.453
10870 -0.9020102191 0.0000046513 17.473
10880 -0.9020057612 0.0000044579 17.445
10890 -0.9020014157 0.0000043455 17.447
10900 -0.9019968553 0.0000045604 17.456
10910 -0.9019923168 0.0000045385 17.451
10920 -0.9019874742 0.0000048426 17.513
10930 -0.9019829176 0.0000045566 17.461
10940 -0.9019786023 0.0000043153 17.480
10950 -0.9019739950 0.0000046073 17.457
10960 -0.9019695485 0.0000044465 17.452
10970 -0.9019651464 0.0000044021 17.480
10980 -0.9019608288 0.0000043176 17.447
10990 -0.9019563618 0.0000044670 17.460
11000 -0.9019519782 0.0000043837 17.430
11010 -0.9019476887 0.0000042895 17.493
11020 -0.9019431099 0.0000045787 17.484
11030 -0.9019387692 0.0000043407 17.457
11040 -0.9019342898 0.0000044794 17.478
11050 -0.9019298012 0.0000044886 17.460
11060 -0.9019254540 0.0000043472 17.478
11070 -0.9019209875 0.0000044665 17.468
11080 -0.9019164035 0.0000045840 17.470
11090 -0.9019119306 0.0000044729 17.494
11100 -0.9019077564 0.0000041742 17.483
11110 -0.9018996443 0.0000081121 17.462
11120 -0.9018937071 0.0000059372 17.457
11130 -0.9018891580 0.0000045491 17.468
11140 -0.9018847632 0.0000043948 17.476
11150 -0.9018806310 0.0000041322 17.450
11160 -0.9018761752 0.0000044558 17.456
11170 -0.9018718849 0.0000042902 17.486
11180 -0.9018674817 0.0000044032 17.459
11190 -0.9018632774 0.0000042043 17.461
11200 -0.9018594477 0.0000038297 17.471
11210 -0.9018546339 0.0000048138 17.445
11220 -0.9018504525 0.0000041814 17.479
11230 -0.9018461010 0.0000043515 17.457
11240 -0.9018418499 0.0000042511 17.476
11250 -0.9018374925 0.0000043573 17.445
11260 -0.9018336077 0.0000038849 17.479
11270 -0.9018294963 0.0000041114 17.461
11280 -0.9018250052 0.0000044911 17.472
11290 -0.9018204718 0.0000045334 17.488
11300 -0.9018161132 0.0000043586 17.492
11310 -0.9018119376 0.0000041756 17.450
11320 -0.9018077579 0.0000041796 17.474
11330 -0.9018036723 0.0000040856 17.471
11340 -0.9017993744 0.0000042980 17.435
11350 -0.9017953053 0.0000040690 17.465
11360 -0.9017911300 0.0000041753 17.455
11370 -0.9017868758 0.0000042542 17.493
11380 -0.9017774910 0.0000093848 17.434
11390 -0.9017725094 0.0000049815 17.450
11400 -0.9017695182 0.0000029912 17.463
11410 -0.9017545755 0.0000149427 17.426
11420 -0.9017490472 0.0000055283 17.488
11430 -0.9017417973 0.0000072500 17.471
11440 -0.9017351823 0.0000066150 17.465
11450 -0.9017282496 0.0000069327 17.446
11460 -0.9017260927 0.0000021570 17.433
11470 -0.9017196339 0.0000064588 17.424
11480 -0.9017154023 0.0000042316 17.450
11490 -0.9017087025 0.0000066998 17.451
11500 -0.9017040980 0.0000046045 17.458
11510 -0.9016998540 0.0000042440 17.486
11520 -0.9016959621 0.0000038919 17.490
11530 -0.9016918706 0.0000040915 17.446
11540 -0.9016793044 0.0000125662 17.496
11550 -0.9016735812 0.0000057232 17.467
11560 -0.9016685948 0.0000049864 17.494
11570 -0.9016651282 0.0000034666 17.429
11580 -0.9016602841 0.0000048441 17.482
11590 -0.9016563781 0.0000039060 17.442
11600 -0.9016523737 0.0000040044 17.430
11610 -0.9016485779 0.0000037958 17.437
11620 -0.9016443823 0.0000041956 17.435
11630 -0.9016404668 0.0000039155 17.469
11640 -0.9016363052 0.0000041616 17.463
11650 -0.9016317902 0.0000045150 17.459
11660 -0.9016268215 0.0000049687 17.475
11670 -0.9016228706 0.0000039509 17.475
11680 -0.9016191031 0.0000037675 17.458
11690 -0.9016150217 0.0000040813 17.471
11700 -0.9016111422 0.0000038795 17.511
11710 -0.9016072642 0.0000038781 17.452
11720 -0.9016023467 0.0000049175 17.427
11730 -0.9015953948 0.0000069519 17.450
11740 -0.9015906397 0.0000047551 17.448
11750 -0.9015865385 0.0000041012 17.468
11760 -0.9015920679 -0.0000055294 17.435
11770 -0.9015787178 0.0000133501 17.494
11780 -0.9015748644 0.0000038534 17.475
11790 -0.9015710428 0.0000038216 17.415
11800 -0.9015673304 0.0000037123 17.452
11810 -0.9015634171 0.0000039133 17.459
11820 -0.9015597959 0.0000036212 17.469
11830 -0.9015558143 0.0000039816 17.445
11840 -0.9015520221 0.0000037922 17.478
11850 -0.9015483620 0.0000036601 17.461
11860 -0.9015440871 0.0000042749 17.434
11870 -0.9015380833 0.0000060037 17.414
11880 -0.9015338158 0.0000042675 17.476
11890 -0.9015300272 0.0000037886 17.454
11900 -0.9015261563 0.0000038709 17.442
11910 -0.9015225000 0.0000036563 17.454
11920 -0.9015186305 0.0000038694 17.420
11930 -0.9015148736 0.0000037569 17.472
11940 -0.9015111517 0.0000037219 17.439
11950 -0.9015075933 0.0000035583 17.483
11960 -0.9015036872 0.0000039061 17.447
11970 -0.9015000847 0.0000036025 17.498
11980 -0.9014962579 0.0000038268 17.450
11990 -0.9014926519 0.0000036060 17.462
12000 -0.9014887806 0.0000038713 17.426
12010 -0.9014850338 0.0000037468 17.433
12020 -0.9014813525 0.0000036813 17.452
12030 -0.9014776613 0.0000036912 17.433
12040 -0.9014738768 0.0000037846 17.431
12050 -0.9014700678 0.0000038090 17.425
12060 -0.9014661526 0.0000039151 17.481
12070 -0.9014628662 0.0000032864 17.470
12080 -0.9014589677 0.0000038985 17.484
12090 -0.9014550618 0.0000039059 17.479
12100 -0.9014515273 0.0000035345 17.460
12110 -0.9014479109 0.0000036164 17.479
12120 -0.9014440113 0.0000038997 17.435
12130 -0.9014403815 0.0000036298 17.432
12140 -0.9014367620 0.0000036194 17.440
12150 -0.9014331341 0.0000036279 17.449
12160 -0.9014296791 0.0000034550 17.461
12170 -0.9014259525 0.0000037266 17.453
12180 -0.9014224052 0.0000035473 17.443
12190 -0.9014185110 0.0000038942 17.468
12200 -0.9014149525 0.0000035585 17.450
12210 -0.9014114110 0.0000035415 17.467
12220 -0.9014076967 0.0000037143 17.446
12230 -0.9014039933 0.0000037033 17.446
12240 -0.9014004592 0.0000035341 17.440
12250 -0.9013967327 0.0000037265 17.450
12260 -0.9013932060 0.0000035267 17.444
12270 -0.9013898784 0.0000033276 17.432
12280 -0.9013861769 0.0000037015 17.493
12290 -0.9013825379 0.0000036391 17.424
12300 -0.9013788869 0.0000036510 17.432
12310 -0.9013755342 0.0000033526 17.441
12320 -0.9013718880 0.0000036463 17.443
12330 -0.9013682559 0.0000036320 17.491
12340 -0.9013647414 0.0000035145 17.467
12350 -0.9013612205 0.0000035209 17.423
12360 -0.9013578395 0.0000033811 17.446
12370 -0.9013542382 0.0000036013 17.456
12380 -0.9013505812 0.0000036570 17.453
12390 -0.9013472486 0.0000033326 17.424
12400 -0.9013437104 0.0000035382 17.440
12410 -0.9013400035 0.0000037069 17.471
12420 -0.9013365090 0.0000034944 17.415
12430 -0.9013332128 0.0000032962 17.440
12440 -0.9013294361 0.0000037767 17.437
12450 -0.9013259816 0.0000034545 17.443
12460 -0.9013224016 0.0000035800 17.440
12470 -0.9013189806 0.0000034209 17.455
12480 -0.9013156106 0.0000033700 17.436
12490 -0.9013120406 0.0000035701 17.466
12500 -0.9013087087 0.0000033319 17.438
12510 -0.9013051674 0.0000035413 17.460
12520 -0.9013021314 0.0000030361 17.462
12530 -0.9012983488 0.0000037826 17.421
12540 -0.9012948953 0.0000034535 17.426
12550 -0.9012915100 0.0000033853 17.452
12560 -0.9012879532 0.0000035568 17.457
12570 -0.9012844288 0.0000035244 17.446
12580 -0.9012810287 0.0000034001 17.438
12590 -0.9012776712 0.0000033575 17.440
12600 -0.9012743287 0.0000033425 17.516
12610 -0.9012707608 0.0000035678 17.442
12620 -0.9012673552 0.0000034056 17.480
12630 -0.9012640852 0.0000032700 17.452
12640 -0.9012605235 0.0000035617 17.446
12650 -0.9012570158 0.0000035077 17.439
12660 -0.9012536588 0.0000033570 17.470
12670 -0.9012503564 0.0000033024 17.461
12680 -0.9012469474 0.0000034089 17.459
12690 -0.9012437654 0.0000031820 17.447
12700 -0.9012401254 0.0000036400 17.429
12710 -0.9012367582 0.0000033672 17.441
12720 -0.9012335143 0.0000032439 17.486
12730 -0.9012301373 0.0000033770 17.493
12740 -0.9012267119 0.0000034254 17.454
12750 -0.9012232620 0.0000034499 17.473
12760 -0.9012199498 0.0000033122 17.440
12770 -0.9012166353 0.0000033145 17.449
12780 -0.9012133137 0.0000033217 17.478
12790 -0.9012100946 0.0000032190 17.445
12800 -0.9012066239 0.0000034707 17.441
12810 -0.9012033348 0.0000032891 17.419
12820 -0.9012002478 0.0000030870 17.466
12830 -0.9011968028 0.0000034450 17.428
12840 -0.9011936218 0.0000031810 17.429
12850 -0.9011902284 0.0000033935 17.459
12860 -0.9011869593 0.0000032690 17.490
12870 -0.9011837917 0.0000031677 17.460
12880 -0.9011804538 0.0000033379 17.485
12890 -0.9011770682 0.0000033855 17.439
12900 -0.9011739452 0.0000031230 17.426
12910 -0.9011705779 0.0000033673 17.416
12920 -0.9011674433 0.0000031346 17.416
12930 -0.9011641394 0.0000033040 17.462
12940 -0.9011607147 0.0000034247 17.434
12950 -0.9011575713 0.0000031434 17.436
12960 -0.9011541924 0.0000033789 17.459
12970 -0.9011511582 0.0000030342 17.432
12980 -0.9011477670 0.0000033912 17.467
12990 -0.9011447471 0.0000030200 17.464
13000 -0.9011412453 0.0000035018 17.448
13010 -0.9011380474 0.0000031979 17.502
13020 -0.9011348703 0.0000031771 17.440
13030 -0.9011317928 0.0000030775 17.452
13040 -0.9011284840 0.0000033088 17.426
13050 -0.9011251883 0.0000032957 17.425
13060 -0.9011220124 0.0000031759 17.470
13070 -0.9011187236 0.0000032888 17.431
13080 -0.9011156976 0.0000030260 17.437
13090 -0.9011123973 0.0000033003 17.452
13100 -0.9011092407 0.0000031565 17.419
13110 -0.9011062845 0.0000029562 17.445
13120 -0.9011028238 0.0000034607 17.463
13130 -0.9010995613 0.0000032625 17.449
13140 -0.9010964457 0.0000031155 17.480
13150 -0.9010931678 0.0000032779 17.473
13160 -0.9010903168 0.0000028510 17.438
13170 -0.9010869105 0.0000034063 17.421
13180 -0.9010837890 0.0000031215 17.420
13190 -0.9010806721 0.0000031169 17.429
13200 -0.9010776636 0.0000030086 17.408
13210 -0.9010744512 0.0000032124 17.426
13220 -0.9010713575 0.0000030936 17.426
13230 -0.9010682775 0.0000030800 17.428
13240 -0.9010652262 0.0000030514 17.431
13250 -0.9010622052 0.0000030210 17.480
13260 -0.9010588550 0.0000033502 17.472
13270 -0.9010557700 0.0000030850 17.460
13280 -0.9010526877 0.0000030823 17.444
13290 -0.9010494933 0.0000031944 17.422
13300 -0.9010464220 0.0000030713 17.486
13310 -0.9010432420 0.0000031799 17.424
13320 -0.9010404100 0.0000028321 17.434
13330 -0.9010371165 0.0000032935 17.426
13340 -0.9010339506 0.0000031659 17.440
13350 -0.9010309057 0.0000030449 17.434
13360 -0.9010280360 0.0000028697 17.435
13370 -0.9010250975 0.0000029384 17.460
13380 -0.9010220598 0.0000030377 17.462
13390 -0.9010187997 0.0000032602 17.427
13400 -0.9010155478 0.0000032519 17.462
13410 -0.9010122873 0.0000032604 17.431
13420 -0.9010090632 0.0000032241 17.476
13430 -0.9010066437 0.0000024195 17.445
13440 -0.9010030700 0.0000035737 17.419
13450 -0.9010001382 0.0000029318 17.436
13460 -0.9009972578 0.0000028804 17.426
13470 -0.9009939083 0.0000033496 17.430
13480 -0.9009912017 0.0000027066 17.448
13490 -0.9009880321 0.0000031695 17.453
13500 -0.9009850478 0.0000029844 17.437
13510 -0.9009819718 0.0000030760 17.462
13520 -0.9009790280 0.0000029438 17.455
13530 -0.9009760087 0.0000030193 17.522
13540 -0.9009729167 0.0000030920 17.442
13550 -0.9009699529 0.0000029638 17.430
13560 -0.9009669963 0.0000029566 17.461
13570 -0.9009642624 0.0000027339 17.445
13580 -0.9009610840 0.0000031783 17.442
13590 -0.9009581361 0.0000029479 17.488
13600 -0.9009552042 0.0000029318 17.445
13610 -0.9009523516 0.0000028527 17.458
13620 -0.9009491259 0.0000032257 17.430
13630 -0.9009461851 0.0000029408 17.452
13640 -0.9009432657 0.0000029194 17.450
13650 -0.9009401770 0.0000030887 17.464
13660 -0.9009372579 0.0000029191 17.430
13670 -0.9009343852 0.0000028727 17.440
13680 -0.9009314778 0.0000029074 17.454
13690 -0.9009286922 0.0000027856 17.458
13700 -0.9009256179 0.0000030742 17.454
13710 -0.9009227443 0.0000028736 17.419
13720 -0.9009198263 0.0000029181 17.426
13730 -0.9009169310 0.0000028953 17.421
13740 -0.9009140435 0.0000028875 17.415
13750 -0.9009111606 0.0000028829 17.419
13760 -0.9009082808 0.0000028798 17.439
13770 -0.9009056711 0.0000026096 17.434
13780 -0.9009025338 0.0000031373 17.433
13790 -0.9008996662 0.0000028677 17.449
13800 -0.9008969836 0.0000026826 17.445
13810 -0.9008939423 0.0000030412 17.441
13820 -0.9008911647 0.0000027776 17.416
13830 -0.9008882348 0.0000029299 17.429
13840 -0.9008854672 0.0000027676 17.408
13850 -0.9008826983 0.0000027689 17.430
13860 -0.9008799130 0.0000027853 17.445
13870 -0.9008768657 0.0000030473 17.434
13880 -0.9008740331 0.0000028326 17.468
13890 -0.9008712042 0.0000028289 17.441
13900 -0.9008684997 0.0000027045 17.447
13910 -0.9008655566 0.0000029431 17.418
13920 -0.9008630531 0.0000025035 17.433
13930 -0.9008599228 0.0000031303 17.410
13940 -0.9008572250 0.0000026977 17.453
13950 -0.9008542975 0.0000029276 17.424
13960 -0.9008515418 0.0000027556 17.413
13970 -0.9008486655 0.0000028763 17.424
13980 -0.9008456879 0.0000029775 17.421
13990 -0.9008429723 0.0000027157 17.409
14000 -0.9008400847 0.0000028876 17.452
14010 -0.9008374294 0.0000026553 17.461
14020 -0.9008347250 0.0000027044 17.417
14030 -0.9008317521 0.0000029729 17.438
14040 -0.9008289817 0.0000027704 17.440
14050 -0.9008261164 0.0000028653 17.445
14060 -0.9008235080 0.0000026083 17.443
14070 -0.9008205825 0.0000029256 17.414
14080 -0.9008181119 0.0000024706 17.443
14090 -0.9008151918 0.0000029200 17.399
14100 -0.9008123924 0.0000027995 17.418
14110 -0.9008096383 0.0000027541 17.421
14120 -0.9008068452 0.0000027931 17.451
14130 -0.9008041109 0.0000027343 17.462
14140 -0.9008013774 0.0000027336 17.436
14150 -0.9007986484 0.0000027290 17.410
14160 -0.9007961761 0.0000024723 17.417
14170 -0.9007932028 0.0000029732 17.443
14180 -0.9007905123 0.0000026905 17.424
14190 -0.9007878617 0.0000026506 17.417
14200 -0.9007851337 0.0000027280 17.457
14210 -0.9007824945 0.0000026392 17.442
14220 -0.9007796516 0.0000028428 17.408
14230 -0.9007768366 0.0000028151 17.441
14240 -0.9007741367 0.0000026999 17.414
14250 -0.9007715878 0.0000025489 17.411
14260 -0.9007688414 0.0000027464 17.450
14270 -0.9007662081 0.0000026334 17.437
14280 -0.9007637867 0.0000024214 17.464
14290 -0.9007607125 0.0000030742 17.432
14300 -0.9007581835 0.0000025290 17.425
14310 -0.9007555641 0.0000026194 17.435
14320 -0.9007527824 0.0000027817 17.469
14330 -0.9007500734 0.0000027090 17.461
14340 -0.9007473756 0.0000026978 17.450
14350 -0.9007446257 0.0000027499 17.443
14360 -0.9007420169 0.0000026088 17.423
14370 -0.9007393010 0.0000027159 17.450
14380 -0.9007367762 0.0000025248 17.453
14390 -0.9007340646 0.0000027116 17.461
14400 -0.9007313740 0.0000026906 17.426
14410 -0.9007288762 0.0000024978 17.432
14420 -0.9007262364 0.0000026398 17.418
14430 -0.9007234737 0.0000027627 17.453
14440 -0.9007210173 0.0000024565 17.436
14450 -0.9007184330 0.0000025843 17.433
14460 -0.9007156412 0.0000027918 17.463
14470 -0.9007131798 0.0000024614 17.432
14480 -0.9007104288 0.0000027510 17.432
14490 -0.9007078942 0.0000025346 17.427
14500 -0.9007051437 0.0000027504 17.423
14510 -0.9007026554 0.0000024884 17.427
14520 -0.9007000559 0.0000025994 17.427
14530 -0.9006971450 0.0000029110 17.447
14540 -0.9006942238 0.0000029212 17.420
14550 -0.9006918021 0.0000024217 17.456
14560 -0.9006888351 0.0000029670 17.426
14570 -0.9006864520 0.0000023830 17.427
14580 -0.9006838712 0.0000025808 17.436
14590 -0.9006812858 0.0000025854 17.423
14600 -0.9006786540 0.0000026319 17.419
14610 -0.9006760618 0.0000025922 17.442
14620 -0.9006734549 0.0000026069 17.429
14630 -0.9006706948 0.0000027600 17.445
14640 -0.9006680862 0.0000026086 17.451
14650 -0.9006654923 0.0000025939 17.422
14660 -0.9006632188 0.0000022735 17.444
14670 -0.9006605141 0.0000027047 17.448
14680 -0.9006578574 0.0000026567 17.437
14690 -0.9006553185 0.0000025388 17.439
14700 -0.9006530620 0.0000022566 17.454
14710 -0.9006502475 0.0000028145 17.423
14720 -0.9006478713 0.0000023761 17.413
14730 -0.9006452769 0.0000025945 17.430
14740 -0.9006427713 0.0000025055 17.444
14750 -0.9006399049 0.0000028664 17.436
14760 -0.9006371699 0.0000027350 17.451
14770 -0.9006347626 0.0000024072 17.425
14780 -0.9006322177 0.0000025449 17.429
14790 -0.9006299717 0.0000022460 17.418
14800 -0.9006270801 0.0000028915 17.427
14810 -0.9006245492 0.0000025309 17.432
14820 -0.9006220525 0.0000024967 17.424
14830 -0.9006195474 0.0000025050 17.419
14840 -0.9006173438 0.0000022036 17.415
14850 -0.9006145772 0.0000027667 17.433
14860 -0.9006127738 0.0000018034 17.466
14870 -0.9006097451 0.0000030286 17.442
14880 -0.9006071785 0.0000025666 17.457
14890 -0.9006046877 0.0000024908 17.420
14900 -0.9006021360 0.0000025517 17.434
14910 -0.9005996257 0.0000025103 17.463
14920 -0.9005971537 0.0000024720 17.431
14930 -0.9005943553 0.0000027984 17.443
14940 -0.9005917858 0.0000025696 17.448
14950 -0.9005893278 0.0000024580 17.456
14960 -0.9005868605 0.0000024672 17.477
14970 -0.9005843080 0.0000025525 17.437
14980 -0.9005817760 0.0000025320 17.427
14990 -0.9005794342 0.0000023417 17.437
15000 -0.9005768421 0.0000025921 17.469
15010 -0.9005742223 0.0000026199 17.434
15020 -0.9005717811 0.0000024411 17.484
15030 -0.9005692353 0.0000025459 17.425
15040 -0.9005668112 0.0000024241 17.498
15050 -0.9005644360 0.0000023752 17.436
15060 -0.9005620130 0.0000024230 17.455
15070 -0.9005595562 0.0000024568 17.437
15080 -0.9005573094 0.0000022469 17.440
15090 -0.9005547303 0.0000025791 17.491
15100 -0.9005523535 0.0000023768 17.447
15110 -0.9005500877 0.0000022658 17.450
15120 -0.9005475061 0.0000025817 17.441
15130 -0.9005450672 0.0000024389 17.430
15140 -0.9005425182 0.0000025491 17.507
15150 -0.9005400667 0.0000024514 17.432
15160 -0.9005375987 0.0000024680 17.435
15170 -0.9005351743 0.0000024244 17.458
15180 -0.9005327311 0.0000024432 17.421
15190 -0.9005303557 0.0000023755 17.433
15200 -0.9005279835 0.0000023722 17.438
15210 -0.9005258056 0.0000021779 17.442
15220 -0.9005234613 0.0000023443 17.432
15230 -0.9005208820 0.0000025792 17.471
15240 -0.9005188029 0.0000020791 17.428
15250 -0.9005162739 0.0000025290 17.426
15260 -0.9005138744 0.0000023995 17.441
15270 -0.9005114465 0.0000024279 17.440
15280 -0.9005092552 0.0000021913 17.443
15290 -0.9005068308 0.0000024244 17.480
15300 -0.9005042904 0.0000025404 17.444
15310 -0.9005018454 0.0000024451 17.406
15320 -0.9004995120 0.0000023333 17.459
15330 -0.9004972101 0.0000023019 17.432
15340 -0.9004949482 0.0000022620 17.454
15350 -0.9004926000 0.0000023482 17.463
15360 -0.9004902100 0.0000023900 17.459
15370 -0.9004878934 0.0000023166 17.415
15380 -0.9004856633 0.0000022301 17.453
15390 -0.9004832825 0.0000023808 17.436
15400 -0.9004811298 0.0000021527 17.460
15410 -0.9004786532 0.0000024766 17.449
15420 -0.9004764363 0.0000022169 17.464
15430 -0.9004741505 0.0000022858 17.434
15440 -0.9004718790 0.0000022715 17.450
15450 -0.9004694601 0.0000024189 17.423
15460 -0.9004670543 0.0000024058 17.428
15470 -0.9004648426 0.0000022117 17.449
15480 -0.9004624893 0.0000023532 17.409
15490 -0.9004602018 0.0000022876 17.434
15500 -0.9004579238 0.0000022780 17.427
15510 -0.9004558908 0.0000020330 17.417
15520 -0.9004522810 0.0000036097 17.450
15530 -0.9004496462 0.0000026349 17.440
15540 -0.9004468958 0.0000027504 17.490
15550 -0.9004447296 0.0000021661 17.427
15560 -0.9004423209 0.0000024087 17.444
15570 -0.9004420038 0.0000003171 17.409
Marginal Likelihood = -0.9004420038
Total time = 28006.5429 seconds
Total iterations = 15570 
